[2022-12-04T00:59:01.182+0000] {taskinstance.py:1165} INFO - Dependencies all met for <TaskInstance: extract_dag.extract_func manual__2022-12-04T00:58:59.230940+00:00 [queued]>
[2022-12-04T00:59:01.195+0000] {taskinstance.py:1165} INFO - Dependencies all met for <TaskInstance: extract_dag.extract_func manual__2022-12-04T00:58:59.230940+00:00 [queued]>
[2022-12-04T00:59:01.196+0000] {taskinstance.py:1362} INFO - 
--------------------------------------------------------------------------------
[2022-12-04T00:59:01.197+0000] {taskinstance.py:1363} INFO - Starting attempt 1 of 1
[2022-12-04T00:59:01.198+0000] {taskinstance.py:1364} INFO - 
--------------------------------------------------------------------------------
[2022-12-04T00:59:01.211+0000] {taskinstance.py:1383} INFO - Executing <Task(_PythonDecoratedOperator): extract_func> on 2022-12-04 00:58:59.230940+00:00
[2022-12-04T00:59:01.223+0000] {standard_task_runner.py:55} INFO - Started process 1050 to run task
[2022-12-04T00:59:01.229+0000] {standard_task_runner.py:82} INFO - Running: ['***', 'tasks', 'run', 'extract_dag', 'extract_func', 'manual__2022-12-04T00:58:59.230940+00:00', '--job-id', '12', '--raw', '--subdir', 'DAGS_FOLDER/extract_dag.py', '--cfg-path', '/tmp/tmpbzmyjyer']
[2022-12-04T00:59:01.232+0000] {standard_task_runner.py:83} INFO - Job 12: Subtask extract_func
[2022-12-04T00:59:01.352+0000] {task_command.py:376} INFO - Running <TaskInstance: extract_dag.extract_func manual__2022-12-04T00:58:59.230940+00:00 [running]> on host 65ab33c03c57
[2022-12-04T00:59:01.445+0000] {taskinstance.py:1592} INFO - Exporting the following env vars:
AIRFLOW_CTX_DAG_EMAIL=***@***.com
AIRFLOW_CTX_DAG_OWNER=***
AIRFLOW_CTX_DAG_ID=extract_dag
AIRFLOW_CTX_TASK_ID=extract_func
AIRFLOW_CTX_EXECUTION_DATE=2022-12-04T00:58:59.230940+00:00
AIRFLOW_CTX_TRY_NUMBER=1
AIRFLOW_CTX_DAG_RUN_ID=manual__2022-12-04T00:58:59.230940+00:00
[2022-12-04T00:59:01.860+0000] {python.py:177} INFO - Done. Returned value was: None
[2022-12-04T00:59:01.911+0000] {taskinstance.py:1406} INFO - Marking task as SUCCESS. dag_id=extract_dag, task_id=extract_func, execution_date=20221204T005859, start_date=20221204T005901, end_date=20221204T005901
[2022-12-04T00:59:02.097+0000] {local_task_job.py:164} INFO - Task exited with return code 0
[2022-12-04T00:59:02.202+0000] {local_task_job.py:273} INFO - 0 downstream tasks scheduled from follow-on schedule check
