[2022-12-04T01:14:30.318+0000] {taskinstance.py:1165} INFO - Dependencies all met for <TaskInstance: fintechexplained.custom_get_contents_then_save_task manual__2022-12-04T01:14:28.254803+00:00 [queued]>
[2022-12-04T01:14:30.329+0000] {taskinstance.py:1165} INFO - Dependencies all met for <TaskInstance: fintechexplained.custom_get_contents_then_save_task manual__2022-12-04T01:14:28.254803+00:00 [queued]>
[2022-12-04T01:14:30.330+0000] {taskinstance.py:1362} INFO - 
--------------------------------------------------------------------------------
[2022-12-04T01:14:30.330+0000] {taskinstance.py:1363} INFO - Starting attempt 1 of 1
[2022-12-04T01:14:30.331+0000] {taskinstance.py:1364} INFO - 
--------------------------------------------------------------------------------
[2022-12-04T01:14:30.343+0000] {taskinstance.py:1383} INFO - Executing <Task(_PythonDecoratedOperator): custom_get_contents_then_save_task> on 2022-12-04 01:14:28.254803+00:00
[2022-12-04T01:14:30.352+0000] {standard_task_runner.py:55} INFO - Started process 1839 to run task
[2022-12-04T01:14:30.358+0000] {standard_task_runner.py:82} INFO - Running: ['***', 'tasks', 'run', 'fintechexplained', 'custom_get_contents_then_save_task', 'manual__2022-12-04T01:14:28.254803+00:00', '--job-id', '18', '--raw', '--subdir', 'DAGS_FOLDER/fintechexplained.py', '--cfg-path', '/tmp/tmpbzrfkxc3']
[2022-12-04T01:14:30.360+0000] {standard_task_runner.py:83} INFO - Job 18: Subtask custom_get_contents_then_save_task
[2022-12-04T01:14:30.509+0000] {task_command.py:376} INFO - Running <TaskInstance: fintechexplained.custom_get_contents_then_save_task manual__2022-12-04T01:14:28.254803+00:00 [running]> on host 65ab33c03c57
[2022-12-04T01:14:30.602+0000] {taskinstance.py:1592} INFO - Exporting the following env vars:
AIRFLOW_CTX_DAG_OWNER=***
AIRFLOW_CTX_DAG_ID=fintechexplained
AIRFLOW_CTX_TASK_ID=custom_get_contents_then_save_task
AIRFLOW_CTX_EXECUTION_DATE=2022-12-04T01:14:28.254803+00:00
AIRFLOW_CTX_TRY_NUMBER=1
AIRFLOW_CTX_DAG_RUN_ID=manual__2022-12-04T01:14:28.254803+00:00
[2022-12-04T01:14:30.605+0000] {fintechexplained.py:18} INFO - Write Dir
[2022-12-04T01:14:30.606+0000] {fintechexplained.py:20} INFO - File=/opt/***/dags/data2022-12-04 01:14:30.605380.csv
[2022-12-04T01:14:30.963+0000] {fintechexplained.py:29} INFO - Data written to File=/opt/***/dags/data2022-12-04 01:14:30.605380.csv
[2022-12-04T01:14:30.964+0000] {python.py:177} INFO - Done. Returned value was: None
[2022-12-04T01:14:30.973+0000] {taskinstance.py:1406} INFO - Marking task as SUCCESS. dag_id=fintechexplained, task_id=custom_get_contents_then_save_task, execution_date=20221204T011428, start_date=20221204T011430, end_date=20221204T011430
[2022-12-04T01:14:31.023+0000] {local_task_job.py:164} INFO - Task exited with return code 0
[2022-12-04T01:14:31.039+0000] {local_task_job.py:273} INFO - 0 downstream tasks scheduled from follow-on schedule check
