[2022-12-04T01:23:47.220+0000] {taskinstance.py:1165} INFO - Dependencies all met for <TaskInstance: extract_dag.extract_func manual__2022-12-04T01:23:44.965625+00:00 [queued]>
[2022-12-04T01:23:47.226+0000] {taskinstance.py:1165} INFO - Dependencies all met for <TaskInstance: extract_dag.extract_func manual__2022-12-04T01:23:44.965625+00:00 [queued]>
[2022-12-04T01:23:47.227+0000] {taskinstance.py:1362} INFO - 
--------------------------------------------------------------------------------
[2022-12-04T01:23:47.228+0000] {taskinstance.py:1363} INFO - Starting attempt 1 of 1
[2022-12-04T01:23:47.230+0000] {taskinstance.py:1364} INFO - 
--------------------------------------------------------------------------------
[2022-12-04T01:23:47.238+0000] {taskinstance.py:1383} INFO - Executing <Task(_PythonDecoratedOperator): extract_func> on 2022-12-04 01:23:44.965625+00:00
[2022-12-04T01:23:47.245+0000] {standard_task_runner.py:55} INFO - Started process 2311 to run task
[2022-12-04T01:23:47.248+0000] {standard_task_runner.py:82} INFO - Running: ['***', 'tasks', 'run', 'extract_dag', 'extract_func', 'manual__2022-12-04T01:23:44.965625+00:00', '--job-id', '22', '--raw', '--subdir', 'DAGS_FOLDER/extract_dag.py', '--cfg-path', '/tmp/tmpiy8i0erm']
[2022-12-04T01:23:47.251+0000] {standard_task_runner.py:83} INFO - Job 22: Subtask extract_func
[2022-12-04T01:23:47.303+0000] {task_command.py:376} INFO - Running <TaskInstance: extract_dag.extract_func manual__2022-12-04T01:23:44.965625+00:00 [running]> on host 65ab33c03c57
[2022-12-04T01:23:47.368+0000] {taskinstance.py:1592} INFO - Exporting the following env vars:
AIRFLOW_CTX_DAG_EMAIL=***@***.com
AIRFLOW_CTX_DAG_OWNER=***
AIRFLOW_CTX_DAG_ID=extract_dag
AIRFLOW_CTX_TASK_ID=extract_func
AIRFLOW_CTX_EXECUTION_DATE=2022-12-04T01:23:44.965625+00:00
AIRFLOW_CTX_TRY_NUMBER=1
AIRFLOW_CTX_DAG_RUN_ID=manual__2022-12-04T01:23:44.965625+00:00
[2022-12-04T01:23:47.652+0000] {extract_dag.py:46} INFO - Weather CSV created succesfully.
[2022-12-04T01:23:47.756+0000] {python.py:177} INFO - Done. Returned value was: None
[2022-12-04T01:23:47.776+0000] {taskinstance.py:1406} INFO - Marking task as SUCCESS. dag_id=extract_dag, task_id=extract_func, execution_date=20221204T012344, start_date=20221204T012347, end_date=20221204T012347
[2022-12-04T01:23:47.837+0000] {local_task_job.py:164} INFO - Task exited with return code 0
[2022-12-04T01:23:47.861+0000] {local_task_job.py:273} INFO - 0 downstream tasks scheduled from follow-on schedule check
