[2022-12-04T00:59:17.682+0000] {taskinstance.py:1165} INFO - Dependencies all met for <TaskInstance: fintechexplained.custom_get_contents_then_save_task manual__2022-12-04T00:59:15.833124+00:00 [queued]>
[2022-12-04T00:59:17.698+0000] {taskinstance.py:1165} INFO - Dependencies all met for <TaskInstance: fintechexplained.custom_get_contents_then_save_task manual__2022-12-04T00:59:15.833124+00:00 [queued]>
[2022-12-04T00:59:17.700+0000] {taskinstance.py:1362} INFO - 
--------------------------------------------------------------------------------
[2022-12-04T00:59:17.701+0000] {taskinstance.py:1363} INFO - Starting attempt 1 of 1
[2022-12-04T00:59:17.702+0000] {taskinstance.py:1364} INFO - 
--------------------------------------------------------------------------------
[2022-12-04T00:59:17.712+0000] {taskinstance.py:1383} INFO - Executing <Task(_PythonDecoratedOperator): custom_get_contents_then_save_task> on 2022-12-04 00:59:15.833124+00:00
[2022-12-04T00:59:17.720+0000] {standard_task_runner.py:55} INFO - Started process 1066 to run task
[2022-12-04T00:59:17.724+0000] {standard_task_runner.py:82} INFO - Running: ['***', 'tasks', 'run', 'fintechexplained', 'custom_get_contents_then_save_task', 'manual__2022-12-04T00:59:15.833124+00:00', '--job-id', '15', '--raw', '--subdir', 'DAGS_FOLDER/fintechexplained.py', '--cfg-path', '/tmp/tmp8fgu4acg']
[2022-12-04T00:59:17.726+0000] {standard_task_runner.py:83} INFO - Job 15: Subtask custom_get_contents_then_save_task
[2022-12-04T00:59:17.801+0000] {task_command.py:376} INFO - Running <TaskInstance: fintechexplained.custom_get_contents_then_save_task manual__2022-12-04T00:59:15.833124+00:00 [running]> on host 65ab33c03c57
[2022-12-04T00:59:17.888+0000] {taskinstance.py:1592} INFO - Exporting the following env vars:
AIRFLOW_CTX_DAG_OWNER=***
AIRFLOW_CTX_DAG_ID=fintechexplained
AIRFLOW_CTX_TASK_ID=custom_get_contents_then_save_task
AIRFLOW_CTX_EXECUTION_DATE=2022-12-04T00:59:15.833124+00:00
AIRFLOW_CTX_TRY_NUMBER=1
AIRFLOW_CTX_DAG_RUN_ID=manual__2022-12-04T00:59:15.833124+00:00
[2022-12-04T00:59:17.891+0000] {fintechexplained.py:18} INFO - Write Dir
[2022-12-04T00:59:17.892+0000] {fintechexplained.py:20} INFO - File=/opt/***/dags/data2022-12-04 00:59:17.891444.csv
[2022-12-04T00:59:18.271+0000] {fintechexplained.py:29} INFO - Data written to File=/opt/***/dags/data2022-12-04 00:59:17.891444.csv
[2022-12-04T00:59:18.273+0000] {python.py:177} INFO - Done. Returned value was: None
[2022-12-04T00:59:18.312+0000] {taskinstance.py:1406} INFO - Marking task as SUCCESS. dag_id=fintechexplained, task_id=custom_get_contents_then_save_task, execution_date=20221204T005915, start_date=20221204T005917, end_date=20221204T005918
[2022-12-04T00:59:18.396+0000] {local_task_job.py:164} INFO - Task exited with return code 0
[2022-12-04T00:59:18.492+0000] {local_task_job.py:273} INFO - 0 downstream tasks scheduled from follow-on schedule check
