[2022-12-02T16:17:58.768+0000] {processor.py:154} INFO - Started process (PID=59) to work on /home/airflow/.local/lib/python3.7/site-packages/airflow/example_dags/tutorial.py
[2022-12-02T16:17:58.773+0000] {processor.py:756} INFO - Processing file /home/airflow/.local/lib/python3.7/site-packages/airflow/example_dags/tutorial.py for tasks to queue
[2022-12-02T16:17:58.776+0000] {logging_mixin.py:120} INFO - [2022-12-02T16:17:58.776+0000] {dagbag.py:537} INFO - Filling up the DagBag from /home/airflow/.local/lib/python3.7/site-packages/airflow/example_dags/tutorial.py
[2022-12-02T16:17:58.812+0000] {processor.py:766} INFO - DAG(s) dict_keys(['tutorial']) retrieved from /home/airflow/.local/lib/python3.7/site-packages/airflow/example_dags/tutorial.py
[2022-12-02T16:17:59.040+0000] {logging_mixin.py:120} INFO - [2022-12-02T16:17:59.040+0000] {manager.py:507} INFO - Created Permission View: can delete on DAG:tutorial
[2022-12-02T16:17:59.054+0000] {logging_mixin.py:120} INFO - [2022-12-02T16:17:59.054+0000] {manager.py:507} INFO - Created Permission View: can edit on DAG:tutorial
[2022-12-02T16:17:59.060+0000] {logging_mixin.py:120} INFO - [2022-12-02T16:17:59.060+0000] {manager.py:507} INFO - Created Permission View: can read on DAG:tutorial
[2022-12-02T16:17:59.067+0000] {logging_mixin.py:120} INFO - [2022-12-02T16:17:59.066+0000] {dag.py:2585} INFO - Sync 1 DAGs
[2022-12-02T16:17:59.129+0000] {logging_mixin.py:120} INFO - [2022-12-02T16:17:59.128+0000] {dag.py:2606} INFO - Creating ORM DAG for tutorial
[2022-12-02T16:17:59.170+0000] {logging_mixin.py:120} INFO - [2022-12-02T16:17:59.170+0000] {dag.py:3340} INFO - Setting next_dagrun for tutorial to 2022-12-01T16:17:59.168931+00:00, run_after=2022-12-02T16:17:59.168931+00:00
[2022-12-02T16:17:59.260+0000] {processor.py:176} INFO - Processing /home/airflow/.local/lib/python3.7/site-packages/airflow/example_dags/tutorial.py took 0.497 seconds
[2022-12-02T16:18:29.784+0000] {processor.py:154} INFO - Started process (PID=120) to work on /home/airflow/.local/lib/python3.7/site-packages/airflow/example_dags/tutorial.py
[2022-12-02T16:18:29.785+0000] {processor.py:756} INFO - Processing file /home/airflow/.local/lib/python3.7/site-packages/airflow/example_dags/tutorial.py for tasks to queue
[2022-12-02T16:18:29.786+0000] {logging_mixin.py:120} INFO - [2022-12-02T16:18:29.786+0000] {dagbag.py:537} INFO - Filling up the DagBag from /home/airflow/.local/lib/python3.7/site-packages/airflow/example_dags/tutorial.py
[2022-12-02T16:18:29.797+0000] {processor.py:766} INFO - DAG(s) dict_keys(['tutorial']) retrieved from /home/airflow/.local/lib/python3.7/site-packages/airflow/example_dags/tutorial.py
[2022-12-02T16:18:29.820+0000] {logging_mixin.py:120} INFO - [2022-12-02T16:18:29.820+0000] {dag.py:2585} INFO - Sync 1 DAGs
[2022-12-02T16:18:29.838+0000] {logging_mixin.py:120} INFO - [2022-12-02T16:18:29.837+0000] {dag.py:3340} INFO - Setting next_dagrun for tutorial to 2022-12-01T16:18:29.837805+00:00, run_after=2022-12-02T16:18:29.837805+00:00
[2022-12-02T16:18:29.848+0000] {processor.py:176} INFO - Processing /home/airflow/.local/lib/python3.7/site-packages/airflow/example_dags/tutorial.py took 0.066 seconds
[2022-12-02T16:19:00.047+0000] {processor.py:154} INFO - Started process (PID=177) to work on /home/airflow/.local/lib/python3.7/site-packages/airflow/example_dags/tutorial.py
[2022-12-02T16:19:00.049+0000] {processor.py:756} INFO - Processing file /home/airflow/.local/lib/python3.7/site-packages/airflow/example_dags/tutorial.py for tasks to queue
[2022-12-02T16:19:00.050+0000] {logging_mixin.py:120} INFO - [2022-12-02T16:19:00.050+0000] {dagbag.py:537} INFO - Filling up the DagBag from /home/airflow/.local/lib/python3.7/site-packages/airflow/example_dags/tutorial.py
[2022-12-02T16:19:00.069+0000] {processor.py:766} INFO - DAG(s) dict_keys(['tutorial']) retrieved from /home/airflow/.local/lib/python3.7/site-packages/airflow/example_dags/tutorial.py
[2022-12-02T16:19:00.100+0000] {logging_mixin.py:120} INFO - [2022-12-02T16:19:00.100+0000] {dag.py:2585} INFO - Sync 1 DAGs
[2022-12-02T16:19:00.114+0000] {logging_mixin.py:120} INFO - [2022-12-02T16:19:00.114+0000] {dag.py:3340} INFO - Setting next_dagrun for tutorial to 2022-12-01T16:19:00.114547+00:00, run_after=2022-12-02T16:19:00.114547+00:00
[2022-12-02T16:19:00.125+0000] {processor.py:176} INFO - Processing /home/airflow/.local/lib/python3.7/site-packages/airflow/example_dags/tutorial.py took 0.082 seconds
[2022-12-02T16:19:30.401+0000] {processor.py:154} INFO - Started process (PID=240) to work on /home/airflow/.local/lib/python3.7/site-packages/airflow/example_dags/tutorial.py
[2022-12-02T16:19:30.403+0000] {processor.py:756} INFO - Processing file /home/airflow/.local/lib/python3.7/site-packages/airflow/example_dags/tutorial.py for tasks to queue
[2022-12-02T16:19:30.404+0000] {logging_mixin.py:120} INFO - [2022-12-02T16:19:30.404+0000] {dagbag.py:537} INFO - Filling up the DagBag from /home/airflow/.local/lib/python3.7/site-packages/airflow/example_dags/tutorial.py
[2022-12-02T16:19:30.415+0000] {processor.py:766} INFO - DAG(s) dict_keys(['tutorial']) retrieved from /home/airflow/.local/lib/python3.7/site-packages/airflow/example_dags/tutorial.py
[2022-12-02T16:19:30.439+0000] {logging_mixin.py:120} INFO - [2022-12-02T16:19:30.439+0000] {dag.py:2585} INFO - Sync 1 DAGs
[2022-12-02T16:19:30.453+0000] {logging_mixin.py:120} INFO - [2022-12-02T16:19:30.453+0000] {dag.py:3340} INFO - Setting next_dagrun for tutorial to 2022-12-01T16:19:30.453000+00:00, run_after=2022-12-02T16:19:30.453000+00:00
[2022-12-02T16:19:30.462+0000] {processor.py:176} INFO - Processing /home/airflow/.local/lib/python3.7/site-packages/airflow/example_dags/tutorial.py took 0.064 seconds
[2022-12-02T16:20:00.548+0000] {processor.py:154} INFO - Started process (PID=303) to work on /home/airflow/.local/lib/python3.7/site-packages/airflow/example_dags/tutorial.py
[2022-12-02T16:20:00.550+0000] {processor.py:756} INFO - Processing file /home/airflow/.local/lib/python3.7/site-packages/airflow/example_dags/tutorial.py for tasks to queue
[2022-12-02T16:20:00.551+0000] {logging_mixin.py:120} INFO - [2022-12-02T16:20:00.551+0000] {dagbag.py:537} INFO - Filling up the DagBag from /home/airflow/.local/lib/python3.7/site-packages/airflow/example_dags/tutorial.py
[2022-12-02T16:20:00.564+0000] {processor.py:766} INFO - DAG(s) dict_keys(['tutorial']) retrieved from /home/airflow/.local/lib/python3.7/site-packages/airflow/example_dags/tutorial.py
[2022-12-02T16:20:00.600+0000] {logging_mixin.py:120} INFO - [2022-12-02T16:20:00.600+0000] {dag.py:2585} INFO - Sync 1 DAGs
[2022-12-02T16:20:00.618+0000] {logging_mixin.py:120} INFO - [2022-12-02T16:20:00.618+0000] {dag.py:3340} INFO - Setting next_dagrun for tutorial to 2022-12-01T16:20:00.618087+00:00, run_after=2022-12-02T16:20:00.618087+00:00
[2022-12-02T16:20:00.629+0000] {processor.py:176} INFO - Processing /home/airflow/.local/lib/python3.7/site-packages/airflow/example_dags/tutorial.py took 0.083 seconds
[2022-12-02T16:20:30.826+0000] {processor.py:154} INFO - Started process (PID=366) to work on /home/airflow/.local/lib/python3.7/site-packages/airflow/example_dags/tutorial.py
[2022-12-02T16:20:30.828+0000] {processor.py:756} INFO - Processing file /home/airflow/.local/lib/python3.7/site-packages/airflow/example_dags/tutorial.py for tasks to queue
[2022-12-02T16:20:30.832+0000] {logging_mixin.py:120} INFO - [2022-12-02T16:20:30.832+0000] {dagbag.py:537} INFO - Filling up the DagBag from /home/airflow/.local/lib/python3.7/site-packages/airflow/example_dags/tutorial.py
[2022-12-02T16:20:30.842+0000] {processor.py:766} INFO - DAG(s) dict_keys(['tutorial']) retrieved from /home/airflow/.local/lib/python3.7/site-packages/airflow/example_dags/tutorial.py
[2022-12-02T16:20:30.861+0000] {logging_mixin.py:120} INFO - [2022-12-02T16:20:30.861+0000] {dag.py:2585} INFO - Sync 1 DAGs
[2022-12-02T16:20:30.874+0000] {logging_mixin.py:120} INFO - [2022-12-02T16:20:30.874+0000] {dag.py:3340} INFO - Setting next_dagrun for tutorial to 2022-12-01T16:20:30.874754+00:00, run_after=2022-12-02T16:20:30.874754+00:00
[2022-12-02T16:20:30.884+0000] {processor.py:176} INFO - Processing /home/airflow/.local/lib/python3.7/site-packages/airflow/example_dags/tutorial.py took 0.059 seconds
[2022-12-02T16:21:01.089+0000] {processor.py:154} INFO - Started process (PID=429) to work on /home/airflow/.local/lib/python3.7/site-packages/airflow/example_dags/tutorial.py
[2022-12-02T16:21:01.090+0000] {processor.py:756} INFO - Processing file /home/airflow/.local/lib/python3.7/site-packages/airflow/example_dags/tutorial.py for tasks to queue
[2022-12-02T16:21:01.092+0000] {logging_mixin.py:120} INFO - [2022-12-02T16:21:01.092+0000] {dagbag.py:537} INFO - Filling up the DagBag from /home/airflow/.local/lib/python3.7/site-packages/airflow/example_dags/tutorial.py
[2022-12-02T16:21:01.106+0000] {processor.py:766} INFO - DAG(s) dict_keys(['tutorial']) retrieved from /home/airflow/.local/lib/python3.7/site-packages/airflow/example_dags/tutorial.py
[2022-12-02T16:21:01.133+0000] {logging_mixin.py:120} INFO - [2022-12-02T16:21:01.133+0000] {dag.py:2585} INFO - Sync 1 DAGs
[2022-12-02T16:21:01.148+0000] {logging_mixin.py:120} INFO - [2022-12-02T16:21:01.148+0000] {dag.py:3340} INFO - Setting next_dagrun for tutorial to 2022-12-01T16:21:01.147852+00:00, run_after=2022-12-02T16:21:01.147852+00:00
[2022-12-02T16:21:01.158+0000] {processor.py:176} INFO - Processing /home/airflow/.local/lib/python3.7/site-packages/airflow/example_dags/tutorial.py took 0.072 seconds
[2022-12-02T16:21:31.281+0000] {processor.py:154} INFO - Started process (PID=492) to work on /home/airflow/.local/lib/python3.7/site-packages/airflow/example_dags/tutorial.py
[2022-12-02T16:21:31.282+0000] {processor.py:756} INFO - Processing file /home/airflow/.local/lib/python3.7/site-packages/airflow/example_dags/tutorial.py for tasks to queue
[2022-12-02T16:21:31.283+0000] {logging_mixin.py:120} INFO - [2022-12-02T16:21:31.283+0000] {dagbag.py:537} INFO - Filling up the DagBag from /home/airflow/.local/lib/python3.7/site-packages/airflow/example_dags/tutorial.py
[2022-12-02T16:21:31.292+0000] {processor.py:766} INFO - DAG(s) dict_keys(['tutorial']) retrieved from /home/airflow/.local/lib/python3.7/site-packages/airflow/example_dags/tutorial.py
[2022-12-02T16:21:31.316+0000] {logging_mixin.py:120} INFO - [2022-12-02T16:21:31.316+0000] {dag.py:2585} INFO - Sync 1 DAGs
[2022-12-02T16:21:31.330+0000] {logging_mixin.py:120} INFO - [2022-12-02T16:21:31.330+0000] {dag.py:3340} INFO - Setting next_dagrun for tutorial to 2022-12-01T16:21:31.330263+00:00, run_after=2022-12-02T16:21:31.330263+00:00
[2022-12-02T16:21:31.340+0000] {processor.py:176} INFO - Processing /home/airflow/.local/lib/python3.7/site-packages/airflow/example_dags/tutorial.py took 0.061 seconds
[2022-12-02T16:22:01.362+0000] {processor.py:154} INFO - Started process (PID=546) to work on /home/airflow/.local/lib/python3.7/site-packages/airflow/example_dags/tutorial.py
[2022-12-02T16:22:01.363+0000] {processor.py:756} INFO - Processing file /home/airflow/.local/lib/python3.7/site-packages/airflow/example_dags/tutorial.py for tasks to queue
[2022-12-02T16:22:01.364+0000] {logging_mixin.py:120} INFO - [2022-12-02T16:22:01.364+0000] {dagbag.py:537} INFO - Filling up the DagBag from /home/airflow/.local/lib/python3.7/site-packages/airflow/example_dags/tutorial.py
[2022-12-02T16:22:01.372+0000] {processor.py:766} INFO - DAG(s) dict_keys(['tutorial']) retrieved from /home/airflow/.local/lib/python3.7/site-packages/airflow/example_dags/tutorial.py
[2022-12-02T16:22:01.393+0000] {logging_mixin.py:120} INFO - [2022-12-02T16:22:01.393+0000] {dag.py:2585} INFO - Sync 1 DAGs
[2022-12-02T16:22:01.406+0000] {logging_mixin.py:120} INFO - [2022-12-02T16:22:01.406+0000] {dag.py:3340} INFO - Setting next_dagrun for tutorial to 2022-12-01T16:22:01.405992+00:00, run_after=2022-12-02T16:22:01.405992+00:00
[2022-12-02T16:22:01.415+0000] {processor.py:176} INFO - Processing /home/airflow/.local/lib/python3.7/site-packages/airflow/example_dags/tutorial.py took 0.056 seconds
[2022-12-02T16:22:31.723+0000] {processor.py:154} INFO - Started process (PID=608) to work on /home/airflow/.local/lib/python3.7/site-packages/airflow/example_dags/tutorial.py
[2022-12-02T16:22:31.725+0000] {processor.py:756} INFO - Processing file /home/airflow/.local/lib/python3.7/site-packages/airflow/example_dags/tutorial.py for tasks to queue
[2022-12-02T16:22:31.727+0000] {logging_mixin.py:120} INFO - [2022-12-02T16:22:31.727+0000] {dagbag.py:537} INFO - Filling up the DagBag from /home/airflow/.local/lib/python3.7/site-packages/airflow/example_dags/tutorial.py
[2022-12-02T16:22:31.735+0000] {processor.py:766} INFO - DAG(s) dict_keys(['tutorial']) retrieved from /home/airflow/.local/lib/python3.7/site-packages/airflow/example_dags/tutorial.py
[2022-12-02T16:22:31.757+0000] {logging_mixin.py:120} INFO - [2022-12-02T16:22:31.756+0000] {dag.py:2585} INFO - Sync 1 DAGs
[2022-12-02T16:22:31.769+0000] {logging_mixin.py:120} INFO - [2022-12-02T16:22:31.769+0000] {dag.py:3340} INFO - Setting next_dagrun for tutorial to 2022-12-01T16:22:31.769193+00:00, run_after=2022-12-02T16:22:31.769193+00:00
[2022-12-02T16:22:31.778+0000] {processor.py:176} INFO - Processing /home/airflow/.local/lib/python3.7/site-packages/airflow/example_dags/tutorial.py took 0.056 seconds
[2022-12-02T16:23:02.307+0000] {processor.py:154} INFO - Started process (PID=671) to work on /home/airflow/.local/lib/python3.7/site-packages/airflow/example_dags/tutorial.py
[2022-12-02T16:23:02.309+0000] {processor.py:756} INFO - Processing file /home/airflow/.local/lib/python3.7/site-packages/airflow/example_dags/tutorial.py for tasks to queue
[2022-12-02T16:23:02.311+0000] {logging_mixin.py:120} INFO - [2022-12-02T16:23:02.311+0000] {dagbag.py:537} INFO - Filling up the DagBag from /home/airflow/.local/lib/python3.7/site-packages/airflow/example_dags/tutorial.py
[2022-12-02T16:23:02.322+0000] {processor.py:766} INFO - DAG(s) dict_keys(['tutorial']) retrieved from /home/airflow/.local/lib/python3.7/site-packages/airflow/example_dags/tutorial.py
[2022-12-02T16:23:02.347+0000] {logging_mixin.py:120} INFO - [2022-12-02T16:23:02.347+0000] {dag.py:2585} INFO - Sync 1 DAGs
[2022-12-02T16:23:02.362+0000] {logging_mixin.py:120} INFO - [2022-12-02T16:23:02.362+0000] {dag.py:3340} INFO - Setting next_dagrun for tutorial to 2022-12-01T16:23:02.362365+00:00, run_after=2022-12-02T16:23:02.362365+00:00
[2022-12-02T16:23:02.373+0000] {processor.py:176} INFO - Processing /home/airflow/.local/lib/python3.7/site-packages/airflow/example_dags/tutorial.py took 0.071 seconds
[2022-12-02T16:23:32.678+0000] {processor.py:154} INFO - Started process (PID=734) to work on /home/airflow/.local/lib/python3.7/site-packages/airflow/example_dags/tutorial.py
[2022-12-02T16:23:32.679+0000] {processor.py:756} INFO - Processing file /home/airflow/.local/lib/python3.7/site-packages/airflow/example_dags/tutorial.py for tasks to queue
[2022-12-02T16:23:32.680+0000] {logging_mixin.py:120} INFO - [2022-12-02T16:23:32.680+0000] {dagbag.py:537} INFO - Filling up the DagBag from /home/airflow/.local/lib/python3.7/site-packages/airflow/example_dags/tutorial.py
[2022-12-02T16:23:32.689+0000] {processor.py:766} INFO - DAG(s) dict_keys(['tutorial']) retrieved from /home/airflow/.local/lib/python3.7/site-packages/airflow/example_dags/tutorial.py
[2022-12-02T16:23:32.711+0000] {logging_mixin.py:120} INFO - [2022-12-02T16:23:32.711+0000] {dag.py:2585} INFO - Sync 1 DAGs
[2022-12-02T16:23:32.724+0000] {logging_mixin.py:120} INFO - [2022-12-02T16:23:32.724+0000] {dag.py:3340} INFO - Setting next_dagrun for tutorial to 2022-12-01T16:23:32.724420+00:00, run_after=2022-12-02T16:23:32.724420+00:00
[2022-12-02T16:23:32.734+0000] {processor.py:176} INFO - Processing /home/airflow/.local/lib/python3.7/site-packages/airflow/example_dags/tutorial.py took 0.058 seconds
[2022-12-02T16:24:02.998+0000] {processor.py:154} INFO - Started process (PID=795) to work on /home/airflow/.local/lib/python3.7/site-packages/airflow/example_dags/tutorial.py
[2022-12-02T16:24:02.999+0000] {processor.py:756} INFO - Processing file /home/airflow/.local/lib/python3.7/site-packages/airflow/example_dags/tutorial.py for tasks to queue
[2022-12-02T16:24:03.001+0000] {logging_mixin.py:120} INFO - [2022-12-02T16:24:03.001+0000] {dagbag.py:537} INFO - Filling up the DagBag from /home/airflow/.local/lib/python3.7/site-packages/airflow/example_dags/tutorial.py
[2022-12-02T16:24:03.010+0000] {processor.py:766} INFO - DAG(s) dict_keys(['tutorial']) retrieved from /home/airflow/.local/lib/python3.7/site-packages/airflow/example_dags/tutorial.py
[2022-12-02T16:24:03.033+0000] {logging_mixin.py:120} INFO - [2022-12-02T16:24:03.032+0000] {dag.py:2585} INFO - Sync 1 DAGs
[2022-12-02T16:24:03.045+0000] {logging_mixin.py:120} INFO - [2022-12-02T16:24:03.045+0000] {dag.py:3340} INFO - Setting next_dagrun for tutorial to 2022-12-01T16:24:03.045519+00:00, run_after=2022-12-02T16:24:03.045519+00:00
[2022-12-02T16:24:03.055+0000] {processor.py:176} INFO - Processing /home/airflow/.local/lib/python3.7/site-packages/airflow/example_dags/tutorial.py took 0.060 seconds
[2022-12-02T16:24:33.201+0000] {processor.py:154} INFO - Started process (PID=849) to work on /home/airflow/.local/lib/python3.7/site-packages/airflow/example_dags/tutorial.py
[2022-12-02T16:24:33.202+0000] {processor.py:756} INFO - Processing file /home/airflow/.local/lib/python3.7/site-packages/airflow/example_dags/tutorial.py for tasks to queue
[2022-12-02T16:24:33.203+0000] {logging_mixin.py:120} INFO - [2022-12-02T16:24:33.203+0000] {dagbag.py:537} INFO - Filling up the DagBag from /home/airflow/.local/lib/python3.7/site-packages/airflow/example_dags/tutorial.py
[2022-12-02T16:24:33.211+0000] {processor.py:766} INFO - DAG(s) dict_keys(['tutorial']) retrieved from /home/airflow/.local/lib/python3.7/site-packages/airflow/example_dags/tutorial.py
[2022-12-02T16:24:33.232+0000] {logging_mixin.py:120} INFO - [2022-12-02T16:24:33.232+0000] {dag.py:2585} INFO - Sync 1 DAGs
[2022-12-02T16:24:33.245+0000] {logging_mixin.py:120} INFO - [2022-12-02T16:24:33.245+0000] {dag.py:3340} INFO - Setting next_dagrun for tutorial to 2022-12-01T16:24:33.245073+00:00, run_after=2022-12-02T16:24:33.245073+00:00
[2022-12-02T16:24:33.254+0000] {processor.py:176} INFO - Processing /home/airflow/.local/lib/python3.7/site-packages/airflow/example_dags/tutorial.py took 0.055 seconds
[2022-12-02T16:25:04.173+0000] {processor.py:154} INFO - Started process (PID=912) to work on /home/airflow/.local/lib/python3.7/site-packages/airflow/example_dags/tutorial.py
[2022-12-02T16:25:04.174+0000] {processor.py:756} INFO - Processing file /home/airflow/.local/lib/python3.7/site-packages/airflow/example_dags/tutorial.py for tasks to queue
[2022-12-02T16:25:04.175+0000] {logging_mixin.py:120} INFO - [2022-12-02T16:25:04.175+0000] {dagbag.py:537} INFO - Filling up the DagBag from /home/airflow/.local/lib/python3.7/site-packages/airflow/example_dags/tutorial.py
[2022-12-02T16:25:04.183+0000] {processor.py:766} INFO - DAG(s) dict_keys(['tutorial']) retrieved from /home/airflow/.local/lib/python3.7/site-packages/airflow/example_dags/tutorial.py
[2022-12-02T16:25:04.203+0000] {logging_mixin.py:120} INFO - [2022-12-02T16:25:04.203+0000] {dag.py:2585} INFO - Sync 1 DAGs
[2022-12-02T16:25:04.215+0000] {logging_mixin.py:120} INFO - [2022-12-02T16:25:04.215+0000] {dag.py:3340} INFO - Setting next_dagrun for tutorial to 2022-12-01T16:25:04.215356+00:00, run_after=2022-12-02T16:25:04.215356+00:00
[2022-12-02T16:25:04.224+0000] {processor.py:176} INFO - Processing /home/airflow/.local/lib/python3.7/site-packages/airflow/example_dags/tutorial.py took 0.054 seconds
[2022-12-02T16:25:35.334+0000] {processor.py:154} INFO - Started process (PID=975) to work on /home/airflow/.local/lib/python3.7/site-packages/airflow/example_dags/tutorial.py
[2022-12-02T16:25:35.336+0000] {processor.py:756} INFO - Processing file /home/airflow/.local/lib/python3.7/site-packages/airflow/example_dags/tutorial.py for tasks to queue
[2022-12-02T16:25:35.337+0000] {logging_mixin.py:120} INFO - [2022-12-02T16:25:35.337+0000] {dagbag.py:537} INFO - Filling up the DagBag from /home/airflow/.local/lib/python3.7/site-packages/airflow/example_dags/tutorial.py
[2022-12-02T16:25:35.348+0000] {processor.py:766} INFO - DAG(s) dict_keys(['tutorial']) retrieved from /home/airflow/.local/lib/python3.7/site-packages/airflow/example_dags/tutorial.py
[2022-12-02T16:25:35.394+0000] {logging_mixin.py:120} INFO - [2022-12-02T16:25:35.394+0000] {dag.py:2585} INFO - Sync 1 DAGs
[2022-12-02T16:25:35.418+0000] {logging_mixin.py:120} INFO - [2022-12-02T16:25:35.418+0000] {dag.py:3340} INFO - Setting next_dagrun for tutorial to 2022-12-01T16:25:35.418271+00:00, run_after=2022-12-02T16:25:35.418271+00:00
[2022-12-02T16:25:35.431+0000] {processor.py:176} INFO - Processing /home/airflow/.local/lib/python3.7/site-packages/airflow/example_dags/tutorial.py took 0.099 seconds
[2022-12-02T16:26:06.078+0000] {processor.py:154} INFO - Started process (PID=1037) to work on /home/airflow/.local/lib/python3.7/site-packages/airflow/example_dags/tutorial.py
[2022-12-02T16:26:06.079+0000] {processor.py:756} INFO - Processing file /home/airflow/.local/lib/python3.7/site-packages/airflow/example_dags/tutorial.py for tasks to queue
[2022-12-02T16:26:06.080+0000] {logging_mixin.py:120} INFO - [2022-12-02T16:26:06.080+0000] {dagbag.py:537} INFO - Filling up the DagBag from /home/airflow/.local/lib/python3.7/site-packages/airflow/example_dags/tutorial.py
[2022-12-02T16:26:06.089+0000] {processor.py:766} INFO - DAG(s) dict_keys(['tutorial']) retrieved from /home/airflow/.local/lib/python3.7/site-packages/airflow/example_dags/tutorial.py
[2022-12-02T16:26:06.112+0000] {logging_mixin.py:120} INFO - [2022-12-02T16:26:06.112+0000] {dag.py:2585} INFO - Sync 1 DAGs
[2022-12-02T16:26:06.131+0000] {logging_mixin.py:120} INFO - [2022-12-02T16:26:06.131+0000] {dag.py:3340} INFO - Setting next_dagrun for tutorial to 2022-12-01T16:26:06.130864+00:00, run_after=2022-12-02T16:26:06.130864+00:00
[2022-12-02T16:26:06.143+0000] {processor.py:176} INFO - Processing /home/airflow/.local/lib/python3.7/site-packages/airflow/example_dags/tutorial.py took 0.067 seconds
[2022-12-02T16:26:36.414+0000] {processor.py:154} INFO - Started process (PID=1101) to work on /home/airflow/.local/lib/python3.7/site-packages/airflow/example_dags/tutorial.py
[2022-12-02T16:26:36.415+0000] {processor.py:756} INFO - Processing file /home/airflow/.local/lib/python3.7/site-packages/airflow/example_dags/tutorial.py for tasks to queue
[2022-12-02T16:26:36.416+0000] {logging_mixin.py:120} INFO - [2022-12-02T16:26:36.416+0000] {dagbag.py:537} INFO - Filling up the DagBag from /home/airflow/.local/lib/python3.7/site-packages/airflow/example_dags/tutorial.py
[2022-12-02T16:26:36.424+0000] {processor.py:766} INFO - DAG(s) dict_keys(['tutorial']) retrieved from /home/airflow/.local/lib/python3.7/site-packages/airflow/example_dags/tutorial.py
[2022-12-02T16:26:36.446+0000] {logging_mixin.py:120} INFO - [2022-12-02T16:26:36.446+0000] {dag.py:2585} INFO - Sync 1 DAGs
[2022-12-02T16:26:36.457+0000] {logging_mixin.py:120} INFO - [2022-12-02T16:26:36.457+0000] {dag.py:3340} INFO - Setting next_dagrun for tutorial to 2022-12-01T16:26:36.457752+00:00, run_after=2022-12-02T16:26:36.457752+00:00
[2022-12-02T16:26:36.467+0000] {processor.py:176} INFO - Processing /home/airflow/.local/lib/python3.7/site-packages/airflow/example_dags/tutorial.py took 0.054 seconds
[2022-12-02T16:27:06.660+0000] {processor.py:154} INFO - Started process (PID=1164) to work on /home/airflow/.local/lib/python3.7/site-packages/airflow/example_dags/tutorial.py
[2022-12-02T16:27:06.662+0000] {processor.py:756} INFO - Processing file /home/airflow/.local/lib/python3.7/site-packages/airflow/example_dags/tutorial.py for tasks to queue
[2022-12-02T16:27:06.663+0000] {logging_mixin.py:120} INFO - [2022-12-02T16:27:06.663+0000] {dagbag.py:537} INFO - Filling up the DagBag from /home/airflow/.local/lib/python3.7/site-packages/airflow/example_dags/tutorial.py
[2022-12-02T16:27:06.673+0000] {processor.py:766} INFO - DAG(s) dict_keys(['tutorial']) retrieved from /home/airflow/.local/lib/python3.7/site-packages/airflow/example_dags/tutorial.py
[2022-12-02T16:27:06.697+0000] {logging_mixin.py:120} INFO - [2022-12-02T16:27:06.696+0000] {dag.py:2585} INFO - Sync 1 DAGs
[2022-12-02T16:27:06.711+0000] {logging_mixin.py:120} INFO - [2022-12-02T16:27:06.711+0000] {dag.py:3340} INFO - Setting next_dagrun for tutorial to 2022-12-01T16:27:06.711436+00:00, run_after=2022-12-02T16:27:06.711436+00:00
[2022-12-02T16:27:06.721+0000] {processor.py:176} INFO - Processing /home/airflow/.local/lib/python3.7/site-packages/airflow/example_dags/tutorial.py took 0.063 seconds
[2022-12-02T16:27:36.909+0000] {processor.py:154} INFO - Started process (PID=1219) to work on /home/airflow/.local/lib/python3.7/site-packages/airflow/example_dags/tutorial.py
[2022-12-02T16:27:36.910+0000] {processor.py:756} INFO - Processing file /home/airflow/.local/lib/python3.7/site-packages/airflow/example_dags/tutorial.py for tasks to queue
[2022-12-02T16:27:36.911+0000] {logging_mixin.py:120} INFO - [2022-12-02T16:27:36.911+0000] {dagbag.py:537} INFO - Filling up the DagBag from /home/airflow/.local/lib/python3.7/site-packages/airflow/example_dags/tutorial.py
[2022-12-02T16:27:36.922+0000] {processor.py:766} INFO - DAG(s) dict_keys(['tutorial']) retrieved from /home/airflow/.local/lib/python3.7/site-packages/airflow/example_dags/tutorial.py
[2022-12-02T16:27:36.950+0000] {logging_mixin.py:120} INFO - [2022-12-02T16:27:36.950+0000] {dag.py:2585} INFO - Sync 1 DAGs
[2022-12-02T16:27:36.962+0000] {logging_mixin.py:120} INFO - [2022-12-02T16:27:36.962+0000] {dag.py:3340} INFO - Setting next_dagrun for tutorial to 2022-12-01T16:27:36.962704+00:00, run_after=2022-12-02T16:27:36.962704+00:00
[2022-12-02T16:27:36.973+0000] {processor.py:176} INFO - Processing /home/airflow/.local/lib/python3.7/site-packages/airflow/example_dags/tutorial.py took 0.067 seconds
[2022-12-02T16:28:07.491+0000] {processor.py:154} INFO - Started process (PID=1282) to work on /home/airflow/.local/lib/python3.7/site-packages/airflow/example_dags/tutorial.py
[2022-12-02T16:28:07.492+0000] {processor.py:756} INFO - Processing file /home/airflow/.local/lib/python3.7/site-packages/airflow/example_dags/tutorial.py for tasks to queue
[2022-12-02T16:28:07.493+0000] {logging_mixin.py:120} INFO - [2022-12-02T16:28:07.493+0000] {dagbag.py:537} INFO - Filling up the DagBag from /home/airflow/.local/lib/python3.7/site-packages/airflow/example_dags/tutorial.py
[2022-12-02T16:28:07.501+0000] {processor.py:766} INFO - DAG(s) dict_keys(['tutorial']) retrieved from /home/airflow/.local/lib/python3.7/site-packages/airflow/example_dags/tutorial.py
[2022-12-02T16:28:07.523+0000] {logging_mixin.py:120} INFO - [2022-12-02T16:28:07.522+0000] {dag.py:2585} INFO - Sync 1 DAGs
[2022-12-02T16:28:07.534+0000] {logging_mixin.py:120} INFO - [2022-12-02T16:28:07.534+0000] {dag.py:3340} INFO - Setting next_dagrun for tutorial to 2022-12-01T16:28:07.534580+00:00, run_after=2022-12-02T16:28:07.534580+00:00
[2022-12-02T16:28:07.543+0000] {processor.py:176} INFO - Processing /home/airflow/.local/lib/python3.7/site-packages/airflow/example_dags/tutorial.py took 0.054 seconds
[2022-12-02T16:28:37.695+0000] {processor.py:154} INFO - Started process (PID=1345) to work on /home/airflow/.local/lib/python3.7/site-packages/airflow/example_dags/tutorial.py
[2022-12-02T16:28:37.697+0000] {processor.py:756} INFO - Processing file /home/airflow/.local/lib/python3.7/site-packages/airflow/example_dags/tutorial.py for tasks to queue
[2022-12-02T16:28:37.697+0000] {logging_mixin.py:120} INFO - [2022-12-02T16:28:37.697+0000] {dagbag.py:537} INFO - Filling up the DagBag from /home/airflow/.local/lib/python3.7/site-packages/airflow/example_dags/tutorial.py
[2022-12-02T16:28:37.706+0000] {processor.py:766} INFO - DAG(s) dict_keys(['tutorial']) retrieved from /home/airflow/.local/lib/python3.7/site-packages/airflow/example_dags/tutorial.py
[2022-12-02T16:28:37.729+0000] {logging_mixin.py:120} INFO - [2022-12-02T16:28:37.729+0000] {dag.py:2585} INFO - Sync 1 DAGs
[2022-12-02T16:28:37.741+0000] {logging_mixin.py:120} INFO - [2022-12-02T16:28:37.741+0000] {dag.py:3340} INFO - Setting next_dagrun for tutorial to 2022-12-01T16:28:37.741340+00:00, run_after=2022-12-02T16:28:37.741340+00:00
[2022-12-02T16:28:37.751+0000] {processor.py:176} INFO - Processing /home/airflow/.local/lib/python3.7/site-packages/airflow/example_dags/tutorial.py took 0.058 seconds
[2022-12-02T16:29:07.783+0000] {processor.py:154} INFO - Started process (PID=1406) to work on /home/airflow/.local/lib/python3.7/site-packages/airflow/example_dags/tutorial.py
[2022-12-02T16:29:07.784+0000] {processor.py:756} INFO - Processing file /home/airflow/.local/lib/python3.7/site-packages/airflow/example_dags/tutorial.py for tasks to queue
[2022-12-02T16:29:07.785+0000] {logging_mixin.py:120} INFO - [2022-12-02T16:29:07.785+0000] {dagbag.py:537} INFO - Filling up the DagBag from /home/airflow/.local/lib/python3.7/site-packages/airflow/example_dags/tutorial.py
[2022-12-02T16:29:07.792+0000] {processor.py:766} INFO - DAG(s) dict_keys(['tutorial']) retrieved from /home/airflow/.local/lib/python3.7/site-packages/airflow/example_dags/tutorial.py
[2022-12-02T16:29:07.815+0000] {logging_mixin.py:120} INFO - [2022-12-02T16:29:07.815+0000] {dag.py:2585} INFO - Sync 1 DAGs
[2022-12-02T16:29:07.828+0000] {logging_mixin.py:120} INFO - [2022-12-02T16:29:07.828+0000] {dag.py:3340} INFO - Setting next_dagrun for tutorial to 2022-12-01T16:29:07.828363+00:00, run_after=2022-12-02T16:29:07.828363+00:00
[2022-12-02T16:29:07.837+0000] {processor.py:176} INFO - Processing /home/airflow/.local/lib/python3.7/site-packages/airflow/example_dags/tutorial.py took 0.056 seconds
[2022-12-02T16:29:37.979+0000] {processor.py:154} INFO - Started process (PID=1468) to work on /home/airflow/.local/lib/python3.7/site-packages/airflow/example_dags/tutorial.py
[2022-12-02T16:29:37.980+0000] {processor.py:756} INFO - Processing file /home/airflow/.local/lib/python3.7/site-packages/airflow/example_dags/tutorial.py for tasks to queue
[2022-12-02T16:29:37.981+0000] {logging_mixin.py:120} INFO - [2022-12-02T16:29:37.981+0000] {dagbag.py:537} INFO - Filling up the DagBag from /home/airflow/.local/lib/python3.7/site-packages/airflow/example_dags/tutorial.py
[2022-12-02T16:29:37.990+0000] {processor.py:766} INFO - DAG(s) dict_keys(['tutorial']) retrieved from /home/airflow/.local/lib/python3.7/site-packages/airflow/example_dags/tutorial.py
[2022-12-02T16:29:38.015+0000] {logging_mixin.py:120} INFO - [2022-12-02T16:29:38.015+0000] {dag.py:2585} INFO - Sync 1 DAGs
[2022-12-02T16:29:38.028+0000] {logging_mixin.py:120} INFO - [2022-12-02T16:29:38.028+0000] {dag.py:3340} INFO - Setting next_dagrun for tutorial to 2022-12-01T16:29:38.028580+00:00, run_after=2022-12-02T16:29:38.028580+00:00
[2022-12-02T16:29:38.038+0000] {processor.py:176} INFO - Processing /home/airflow/.local/lib/python3.7/site-packages/airflow/example_dags/tutorial.py took 0.062 seconds
[2022-12-02T16:30:08.502+0000] {processor.py:154} INFO - Started process (PID=1531) to work on /home/airflow/.local/lib/python3.7/site-packages/airflow/example_dags/tutorial.py
[2022-12-02T16:30:08.503+0000] {processor.py:756} INFO - Processing file /home/airflow/.local/lib/python3.7/site-packages/airflow/example_dags/tutorial.py for tasks to queue
[2022-12-02T16:30:08.504+0000] {logging_mixin.py:120} INFO - [2022-12-02T16:30:08.504+0000] {dagbag.py:537} INFO - Filling up the DagBag from /home/airflow/.local/lib/python3.7/site-packages/airflow/example_dags/tutorial.py
[2022-12-02T16:30:08.512+0000] {processor.py:766} INFO - DAG(s) dict_keys(['tutorial']) retrieved from /home/airflow/.local/lib/python3.7/site-packages/airflow/example_dags/tutorial.py
[2022-12-02T16:30:08.533+0000] {logging_mixin.py:120} INFO - [2022-12-02T16:30:08.533+0000] {dag.py:2585} INFO - Sync 1 DAGs
[2022-12-02T16:30:08.546+0000] {logging_mixin.py:120} INFO - [2022-12-02T16:30:08.546+0000] {dag.py:3340} INFO - Setting next_dagrun for tutorial to 2022-12-01T16:30:08.546071+00:00, run_after=2022-12-02T16:30:08.546071+00:00
[2022-12-02T16:30:08.555+0000] {processor.py:176} INFO - Processing /home/airflow/.local/lib/python3.7/site-packages/airflow/example_dags/tutorial.py took 0.054 seconds
[2022-12-02T16:30:39.521+0000] {processor.py:154} INFO - Started process (PID=1595) to work on /home/airflow/.local/lib/python3.7/site-packages/airflow/example_dags/tutorial.py
[2022-12-02T16:30:39.523+0000] {processor.py:756} INFO - Processing file /home/airflow/.local/lib/python3.7/site-packages/airflow/example_dags/tutorial.py for tasks to queue
[2022-12-02T16:30:39.524+0000] {logging_mixin.py:120} INFO - [2022-12-02T16:30:39.524+0000] {dagbag.py:537} INFO - Filling up the DagBag from /home/airflow/.local/lib/python3.7/site-packages/airflow/example_dags/tutorial.py
[2022-12-02T16:30:39.533+0000] {processor.py:766} INFO - DAG(s) dict_keys(['tutorial']) retrieved from /home/airflow/.local/lib/python3.7/site-packages/airflow/example_dags/tutorial.py
[2022-12-02T16:30:39.557+0000] {logging_mixin.py:120} INFO - [2022-12-02T16:30:39.557+0000] {dag.py:2585} INFO - Sync 1 DAGs
[2022-12-02T16:30:39.570+0000] {logging_mixin.py:120} INFO - [2022-12-02T16:30:39.570+0000] {dag.py:3340} INFO - Setting next_dagrun for tutorial to 2022-12-01T16:30:39.570706+00:00, run_after=2022-12-02T16:30:39.570706+00:00
[2022-12-02T16:30:39.582+0000] {processor.py:176} INFO - Processing /home/airflow/.local/lib/python3.7/site-packages/airflow/example_dags/tutorial.py took 0.063 seconds
[2022-12-02T16:31:09.744+0000] {processor.py:154} INFO - Started process (PID=1649) to work on /home/airflow/.local/lib/python3.7/site-packages/airflow/example_dags/tutorial.py
[2022-12-02T16:31:09.745+0000] {processor.py:756} INFO - Processing file /home/airflow/.local/lib/python3.7/site-packages/airflow/example_dags/tutorial.py for tasks to queue
[2022-12-02T16:31:09.747+0000] {logging_mixin.py:120} INFO - [2022-12-02T16:31:09.747+0000] {dagbag.py:537} INFO - Filling up the DagBag from /home/airflow/.local/lib/python3.7/site-packages/airflow/example_dags/tutorial.py
[2022-12-02T16:31:09.758+0000] {processor.py:766} INFO - DAG(s) dict_keys(['tutorial']) retrieved from /home/airflow/.local/lib/python3.7/site-packages/airflow/example_dags/tutorial.py
[2022-12-02T16:31:09.784+0000] {logging_mixin.py:120} INFO - [2022-12-02T16:31:09.784+0000] {dag.py:2585} INFO - Sync 1 DAGs
[2022-12-02T16:31:09.800+0000] {logging_mixin.py:120} INFO - [2022-12-02T16:31:09.800+0000] {dag.py:3340} INFO - Setting next_dagrun for tutorial to 2022-12-01T16:31:09.800721+00:00, run_after=2022-12-02T16:31:09.800721+00:00
[2022-12-02T16:31:09.813+0000] {processor.py:176} INFO - Processing /home/airflow/.local/lib/python3.7/site-packages/airflow/example_dags/tutorial.py took 0.072 seconds
[2022-12-02T16:31:39.942+0000] {processor.py:154} INFO - Started process (PID=1712) to work on /home/airflow/.local/lib/python3.7/site-packages/airflow/example_dags/tutorial.py
[2022-12-02T16:31:39.943+0000] {processor.py:756} INFO - Processing file /home/airflow/.local/lib/python3.7/site-packages/airflow/example_dags/tutorial.py for tasks to queue
[2022-12-02T16:31:39.944+0000] {logging_mixin.py:120} INFO - [2022-12-02T16:31:39.944+0000] {dagbag.py:537} INFO - Filling up the DagBag from /home/airflow/.local/lib/python3.7/site-packages/airflow/example_dags/tutorial.py
[2022-12-02T16:31:39.952+0000] {processor.py:766} INFO - DAG(s) dict_keys(['tutorial']) retrieved from /home/airflow/.local/lib/python3.7/site-packages/airflow/example_dags/tutorial.py
[2022-12-02T16:31:39.977+0000] {logging_mixin.py:120} INFO - [2022-12-02T16:31:39.977+0000] {dag.py:2585} INFO - Sync 1 DAGs
[2022-12-02T16:31:39.991+0000] {logging_mixin.py:120} INFO - [2022-12-02T16:31:39.991+0000] {dag.py:3340} INFO - Setting next_dagrun for tutorial to 2022-12-01T16:31:39.990933+00:00, run_after=2022-12-02T16:31:39.990933+00:00
[2022-12-02T16:31:40.000+0000] {processor.py:176} INFO - Processing /home/airflow/.local/lib/python3.7/site-packages/airflow/example_dags/tutorial.py took 0.060 seconds
[2022-12-02T16:32:10.372+0000] {processor.py:154} INFO - Started process (PID=1775) to work on /home/airflow/.local/lib/python3.7/site-packages/airflow/example_dags/tutorial.py
[2022-12-02T16:32:10.373+0000] {processor.py:756} INFO - Processing file /home/airflow/.local/lib/python3.7/site-packages/airflow/example_dags/tutorial.py for tasks to queue
[2022-12-02T16:32:10.375+0000] {logging_mixin.py:120} INFO - [2022-12-02T16:32:10.374+0000] {dagbag.py:537} INFO - Filling up the DagBag from /home/airflow/.local/lib/python3.7/site-packages/airflow/example_dags/tutorial.py
[2022-12-02T16:32:10.384+0000] {processor.py:766} INFO - DAG(s) dict_keys(['tutorial']) retrieved from /home/airflow/.local/lib/python3.7/site-packages/airflow/example_dags/tutorial.py
[2022-12-02T16:32:10.409+0000] {logging_mixin.py:120} INFO - [2022-12-02T16:32:10.409+0000] {dag.py:2585} INFO - Sync 1 DAGs
[2022-12-02T16:32:10.422+0000] {logging_mixin.py:120} INFO - [2022-12-02T16:32:10.422+0000] {dag.py:3340} INFO - Setting next_dagrun for tutorial to 2022-12-01T16:32:10.421943+00:00, run_after=2022-12-02T16:32:10.421943+00:00
[2022-12-02T16:32:10.431+0000] {processor.py:176} INFO - Processing /home/airflow/.local/lib/python3.7/site-packages/airflow/example_dags/tutorial.py took 0.061 seconds
[2022-12-02T16:32:40.571+0000] {processor.py:154} INFO - Started process (PID=1839) to work on /home/airflow/.local/lib/python3.7/site-packages/airflow/example_dags/tutorial.py
[2022-12-02T16:32:40.572+0000] {processor.py:756} INFO - Processing file /home/airflow/.local/lib/python3.7/site-packages/airflow/example_dags/tutorial.py for tasks to queue
[2022-12-02T16:32:40.573+0000] {logging_mixin.py:120} INFO - [2022-12-02T16:32:40.573+0000] {dagbag.py:537} INFO - Filling up the DagBag from /home/airflow/.local/lib/python3.7/site-packages/airflow/example_dags/tutorial.py
[2022-12-02T16:32:40.585+0000] {processor.py:766} INFO - DAG(s) dict_keys(['tutorial']) retrieved from /home/airflow/.local/lib/python3.7/site-packages/airflow/example_dags/tutorial.py
[2022-12-02T16:32:40.612+0000] {logging_mixin.py:120} INFO - [2022-12-02T16:32:40.612+0000] {dag.py:2585} INFO - Sync 1 DAGs
[2022-12-02T16:32:40.625+0000] {logging_mixin.py:120} INFO - [2022-12-02T16:32:40.625+0000] {dag.py:3340} INFO - Setting next_dagrun for tutorial to 2022-12-01T16:32:40.625005+00:00, run_after=2022-12-02T16:32:40.625005+00:00
[2022-12-02T16:32:40.634+0000] {processor.py:176} INFO - Processing /home/airflow/.local/lib/python3.7/site-packages/airflow/example_dags/tutorial.py took 0.066 seconds
[2022-12-02T16:33:10.918+0000] {processor.py:154} INFO - Started process (PID=1903) to work on /home/airflow/.local/lib/python3.7/site-packages/airflow/example_dags/tutorial.py
[2022-12-02T16:33:10.919+0000] {processor.py:756} INFO - Processing file /home/airflow/.local/lib/python3.7/site-packages/airflow/example_dags/tutorial.py for tasks to queue
[2022-12-02T16:33:10.921+0000] {logging_mixin.py:120} INFO - [2022-12-02T16:33:10.921+0000] {dagbag.py:537} INFO - Filling up the DagBag from /home/airflow/.local/lib/python3.7/site-packages/airflow/example_dags/tutorial.py
[2022-12-02T16:33:10.930+0000] {processor.py:766} INFO - DAG(s) dict_keys(['tutorial']) retrieved from /home/airflow/.local/lib/python3.7/site-packages/airflow/example_dags/tutorial.py
[2022-12-02T16:33:10.951+0000] {logging_mixin.py:120} INFO - [2022-12-02T16:33:10.951+0000] {dag.py:2585} INFO - Sync 1 DAGs
[2022-12-02T16:33:10.965+0000] {logging_mixin.py:120} INFO - [2022-12-02T16:33:10.965+0000] {dag.py:3340} INFO - Setting next_dagrun for tutorial to 2022-12-01T16:33:10.964877+00:00, run_after=2022-12-02T16:33:10.964877+00:00
[2022-12-02T16:33:10.974+0000] {processor.py:176} INFO - Processing /home/airflow/.local/lib/python3.7/site-packages/airflow/example_dags/tutorial.py took 0.058 seconds
[2022-12-02T16:33:41.844+0000] {processor.py:154} INFO - Started process (PID=1967) to work on /home/airflow/.local/lib/python3.7/site-packages/airflow/example_dags/tutorial.py
[2022-12-02T16:33:41.846+0000] {processor.py:756} INFO - Processing file /home/airflow/.local/lib/python3.7/site-packages/airflow/example_dags/tutorial.py for tasks to queue
[2022-12-02T16:33:41.847+0000] {logging_mixin.py:120} INFO - [2022-12-02T16:33:41.846+0000] {dagbag.py:537} INFO - Filling up the DagBag from /home/airflow/.local/lib/python3.7/site-packages/airflow/example_dags/tutorial.py
[2022-12-02T16:33:41.854+0000] {processor.py:766} INFO - DAG(s) dict_keys(['tutorial']) retrieved from /home/airflow/.local/lib/python3.7/site-packages/airflow/example_dags/tutorial.py
[2022-12-02T16:33:41.875+0000] {logging_mixin.py:120} INFO - [2022-12-02T16:33:41.875+0000] {dag.py:2585} INFO - Sync 1 DAGs
[2022-12-02T16:33:41.888+0000] {logging_mixin.py:120} INFO - [2022-12-02T16:33:41.888+0000] {dag.py:3340} INFO - Setting next_dagrun for tutorial to 2022-12-01T16:33:41.887958+00:00, run_after=2022-12-02T16:33:41.887958+00:00
[2022-12-02T16:33:41.898+0000] {processor.py:176} INFO - Processing /home/airflow/.local/lib/python3.7/site-packages/airflow/example_dags/tutorial.py took 0.057 seconds
[2022-12-02T16:34:12.187+0000] {processor.py:154} INFO - Started process (PID=2023) to work on /home/airflow/.local/lib/python3.7/site-packages/airflow/example_dags/tutorial.py
[2022-12-02T16:34:12.188+0000] {processor.py:756} INFO - Processing file /home/airflow/.local/lib/python3.7/site-packages/airflow/example_dags/tutorial.py for tasks to queue
[2022-12-02T16:34:12.189+0000] {logging_mixin.py:120} INFO - [2022-12-02T16:34:12.189+0000] {dagbag.py:537} INFO - Filling up the DagBag from /home/airflow/.local/lib/python3.7/site-packages/airflow/example_dags/tutorial.py
[2022-12-02T16:34:12.197+0000] {processor.py:766} INFO - DAG(s) dict_keys(['tutorial']) retrieved from /home/airflow/.local/lib/python3.7/site-packages/airflow/example_dags/tutorial.py
[2022-12-02T16:34:12.220+0000] {logging_mixin.py:120} INFO - [2022-12-02T16:34:12.219+0000] {dag.py:2585} INFO - Sync 1 DAGs
[2022-12-02T16:34:12.236+0000] {logging_mixin.py:120} INFO - [2022-12-02T16:34:12.236+0000] {dag.py:3340} INFO - Setting next_dagrun for tutorial to 2022-12-01T16:34:12.235870+00:00, run_after=2022-12-02T16:34:12.235870+00:00
[2022-12-02T16:34:12.248+0000] {processor.py:176} INFO - Processing /home/airflow/.local/lib/python3.7/site-packages/airflow/example_dags/tutorial.py took 0.063 seconds
[2022-12-02T16:34:42.412+0000] {processor.py:154} INFO - Started process (PID=2087) to work on /home/airflow/.local/lib/python3.7/site-packages/airflow/example_dags/tutorial.py
[2022-12-02T16:34:42.413+0000] {processor.py:756} INFO - Processing file /home/airflow/.local/lib/python3.7/site-packages/airflow/example_dags/tutorial.py for tasks to queue
[2022-12-02T16:34:42.413+0000] {logging_mixin.py:120} INFO - [2022-12-02T16:34:42.413+0000] {dagbag.py:537} INFO - Filling up the DagBag from /home/airflow/.local/lib/python3.7/site-packages/airflow/example_dags/tutorial.py
[2022-12-02T16:34:42.421+0000] {processor.py:766} INFO - DAG(s) dict_keys(['tutorial']) retrieved from /home/airflow/.local/lib/python3.7/site-packages/airflow/example_dags/tutorial.py
[2022-12-02T16:34:42.440+0000] {logging_mixin.py:120} INFO - [2022-12-02T16:34:42.440+0000] {dag.py:2585} INFO - Sync 1 DAGs
[2022-12-02T16:34:42.452+0000] {logging_mixin.py:120} INFO - [2022-12-02T16:34:42.452+0000] {dag.py:3340} INFO - Setting next_dagrun for tutorial to 2022-12-01T16:34:42.452535+00:00, run_after=2022-12-02T16:34:42.452535+00:00
[2022-12-02T16:34:42.462+0000] {processor.py:176} INFO - Processing /home/airflow/.local/lib/python3.7/site-packages/airflow/example_dags/tutorial.py took 0.052 seconds
[2022-12-02T16:35:13.373+0000] {processor.py:154} INFO - Started process (PID=2151) to work on /home/airflow/.local/lib/python3.7/site-packages/airflow/example_dags/tutorial.py
[2022-12-02T16:35:13.374+0000] {processor.py:756} INFO - Processing file /home/airflow/.local/lib/python3.7/site-packages/airflow/example_dags/tutorial.py for tasks to queue
[2022-12-02T16:35:13.375+0000] {logging_mixin.py:120} INFO - [2022-12-02T16:35:13.375+0000] {dagbag.py:537} INFO - Filling up the DagBag from /home/airflow/.local/lib/python3.7/site-packages/airflow/example_dags/tutorial.py
[2022-12-02T16:35:13.383+0000] {processor.py:766} INFO - DAG(s) dict_keys(['tutorial']) retrieved from /home/airflow/.local/lib/python3.7/site-packages/airflow/example_dags/tutorial.py
[2022-12-02T16:35:13.407+0000] {logging_mixin.py:120} INFO - [2022-12-02T16:35:13.407+0000] {dag.py:2585} INFO - Sync 1 DAGs
[2022-12-02T16:35:13.420+0000] {logging_mixin.py:120} INFO - [2022-12-02T16:35:13.420+0000] {dag.py:3340} INFO - Setting next_dagrun for tutorial to 2022-12-01T16:35:13.420403+00:00, run_after=2022-12-02T16:35:13.420403+00:00
[2022-12-02T16:35:13.431+0000] {processor.py:176} INFO - Processing /home/airflow/.local/lib/python3.7/site-packages/airflow/example_dags/tutorial.py took 0.060 seconds
[2022-12-02T16:35:43.532+0000] {processor.py:154} INFO - Started process (PID=2216) to work on /home/airflow/.local/lib/python3.7/site-packages/airflow/example_dags/tutorial.py
[2022-12-02T16:35:43.534+0000] {processor.py:756} INFO - Processing file /home/airflow/.local/lib/python3.7/site-packages/airflow/example_dags/tutorial.py for tasks to queue
[2022-12-02T16:35:43.535+0000] {logging_mixin.py:120} INFO - [2022-12-02T16:35:43.534+0000] {dagbag.py:537} INFO - Filling up the DagBag from /home/airflow/.local/lib/python3.7/site-packages/airflow/example_dags/tutorial.py
[2022-12-02T16:35:43.543+0000] {processor.py:766} INFO - DAG(s) dict_keys(['tutorial']) retrieved from /home/airflow/.local/lib/python3.7/site-packages/airflow/example_dags/tutorial.py
[2022-12-02T16:35:43.566+0000] {logging_mixin.py:120} INFO - [2022-12-02T16:35:43.566+0000] {dag.py:2585} INFO - Sync 1 DAGs
[2022-12-02T16:35:43.579+0000] {logging_mixin.py:120} INFO - [2022-12-02T16:35:43.579+0000] {dag.py:3340} INFO - Setting next_dagrun for tutorial to 2022-12-01T16:35:43.579310+00:00, run_after=2022-12-02T16:35:43.579310+00:00
[2022-12-02T16:35:43.589+0000] {processor.py:176} INFO - Processing /home/airflow/.local/lib/python3.7/site-packages/airflow/example_dags/tutorial.py took 0.058 seconds
[2022-12-02T16:36:14.469+0000] {processor.py:154} INFO - Started process (PID=2280) to work on /home/airflow/.local/lib/python3.7/site-packages/airflow/example_dags/tutorial.py
[2022-12-02T16:36:14.470+0000] {processor.py:756} INFO - Processing file /home/airflow/.local/lib/python3.7/site-packages/airflow/example_dags/tutorial.py for tasks to queue
[2022-12-02T16:36:14.471+0000] {logging_mixin.py:120} INFO - [2022-12-02T16:36:14.471+0000] {dagbag.py:537} INFO - Filling up the DagBag from /home/airflow/.local/lib/python3.7/site-packages/airflow/example_dags/tutorial.py
[2022-12-02T16:36:14.480+0000] {processor.py:766} INFO - DAG(s) dict_keys(['tutorial']) retrieved from /home/airflow/.local/lib/python3.7/site-packages/airflow/example_dags/tutorial.py
[2022-12-02T16:36:14.504+0000] {logging_mixin.py:120} INFO - [2022-12-02T16:36:14.504+0000] {dag.py:2585} INFO - Sync 1 DAGs
[2022-12-02T16:36:14.517+0000] {logging_mixin.py:120} INFO - [2022-12-02T16:36:14.517+0000] {dag.py:3340} INFO - Setting next_dagrun for tutorial to 2022-12-01T16:36:14.517698+00:00, run_after=2022-12-02T16:36:14.517698+00:00
[2022-12-02T16:36:14.527+0000] {processor.py:176} INFO - Processing /home/airflow/.local/lib/python3.7/site-packages/airflow/example_dags/tutorial.py took 0.060 seconds
[2022-12-02T16:36:45.516+0000] {processor.py:154} INFO - Started process (PID=2344) to work on /home/airflow/.local/lib/python3.7/site-packages/airflow/example_dags/tutorial.py
[2022-12-02T16:36:45.518+0000] {processor.py:756} INFO - Processing file /home/airflow/.local/lib/python3.7/site-packages/airflow/example_dags/tutorial.py for tasks to queue
[2022-12-02T16:36:45.518+0000] {logging_mixin.py:120} INFO - [2022-12-02T16:36:45.518+0000] {dagbag.py:537} INFO - Filling up the DagBag from /home/airflow/.local/lib/python3.7/site-packages/airflow/example_dags/tutorial.py
[2022-12-02T16:36:45.527+0000] {processor.py:766} INFO - DAG(s) dict_keys(['tutorial']) retrieved from /home/airflow/.local/lib/python3.7/site-packages/airflow/example_dags/tutorial.py
[2022-12-02T16:36:45.553+0000] {logging_mixin.py:120} INFO - [2022-12-02T16:36:45.552+0000] {dag.py:2585} INFO - Sync 1 DAGs
[2022-12-02T16:36:45.565+0000] {logging_mixin.py:120} INFO - [2022-12-02T16:36:45.565+0000] {dag.py:3340} INFO - Setting next_dagrun for tutorial to 2022-12-01T16:36:45.565414+00:00, run_after=2022-12-02T16:36:45.565414+00:00
[2022-12-02T16:36:45.576+0000] {processor.py:176} INFO - Processing /home/airflow/.local/lib/python3.7/site-packages/airflow/example_dags/tutorial.py took 0.062 seconds
[2022-12-02T16:37:15.756+0000] {processor.py:154} INFO - Started process (PID=2408) to work on /home/airflow/.local/lib/python3.7/site-packages/airflow/example_dags/tutorial.py
[2022-12-02T16:37:15.758+0000] {processor.py:756} INFO - Processing file /home/airflow/.local/lib/python3.7/site-packages/airflow/example_dags/tutorial.py for tasks to queue
[2022-12-02T16:37:15.759+0000] {logging_mixin.py:120} INFO - [2022-12-02T16:37:15.759+0000] {dagbag.py:537} INFO - Filling up the DagBag from /home/airflow/.local/lib/python3.7/site-packages/airflow/example_dags/tutorial.py
[2022-12-02T16:37:15.768+0000] {processor.py:766} INFO - DAG(s) dict_keys(['tutorial']) retrieved from /home/airflow/.local/lib/python3.7/site-packages/airflow/example_dags/tutorial.py
[2022-12-02T16:37:15.795+0000] {logging_mixin.py:120} INFO - [2022-12-02T16:37:15.795+0000] {dag.py:2585} INFO - Sync 1 DAGs
[2022-12-02T16:37:15.809+0000] {logging_mixin.py:120} INFO - [2022-12-02T16:37:15.809+0000] {dag.py:3340} INFO - Setting next_dagrun for tutorial to 2022-12-01T16:37:15.809124+00:00, run_after=2022-12-02T16:37:15.809124+00:00
[2022-12-02T16:37:15.819+0000] {processor.py:176} INFO - Processing /home/airflow/.local/lib/python3.7/site-packages/airflow/example_dags/tutorial.py took 0.064 seconds
[2022-12-02T16:37:46.823+0000] {processor.py:154} INFO - Started process (PID=2464) to work on /home/airflow/.local/lib/python3.7/site-packages/airflow/example_dags/tutorial.py
[2022-12-02T16:37:46.824+0000] {processor.py:756} INFO - Processing file /home/airflow/.local/lib/python3.7/site-packages/airflow/example_dags/tutorial.py for tasks to queue
[2022-12-02T16:37:46.825+0000] {logging_mixin.py:120} INFO - [2022-12-02T16:37:46.825+0000] {dagbag.py:537} INFO - Filling up the DagBag from /home/airflow/.local/lib/python3.7/site-packages/airflow/example_dags/tutorial.py
[2022-12-02T16:37:46.834+0000] {processor.py:766} INFO - DAG(s) dict_keys(['tutorial']) retrieved from /home/airflow/.local/lib/python3.7/site-packages/airflow/example_dags/tutorial.py
[2022-12-02T16:37:46.865+0000] {logging_mixin.py:120} INFO - [2022-12-02T16:37:46.865+0000] {dag.py:2585} INFO - Sync 1 DAGs
[2022-12-02T16:37:46.880+0000] {logging_mixin.py:120} INFO - [2022-12-02T16:37:46.880+0000] {dag.py:3340} INFO - Setting next_dagrun for tutorial to 2022-12-01T16:37:46.880005+00:00, run_after=2022-12-02T16:37:46.880005+00:00
[2022-12-02T16:37:46.892+0000] {processor.py:176} INFO - Processing /home/airflow/.local/lib/python3.7/site-packages/airflow/example_dags/tutorial.py took 0.070 seconds
[2022-12-02T16:38:17.227+0000] {processor.py:154} INFO - Started process (PID=2529) to work on /home/airflow/.local/lib/python3.7/site-packages/airflow/example_dags/tutorial.py
[2022-12-02T16:38:17.228+0000] {processor.py:756} INFO - Processing file /home/airflow/.local/lib/python3.7/site-packages/airflow/example_dags/tutorial.py for tasks to queue
[2022-12-02T16:38:17.230+0000] {logging_mixin.py:120} INFO - [2022-12-02T16:38:17.230+0000] {dagbag.py:537} INFO - Filling up the DagBag from /home/airflow/.local/lib/python3.7/site-packages/airflow/example_dags/tutorial.py
[2022-12-02T16:38:17.244+0000] {processor.py:766} INFO - DAG(s) dict_keys(['tutorial']) retrieved from /home/airflow/.local/lib/python3.7/site-packages/airflow/example_dags/tutorial.py
[2022-12-02T16:38:17.278+0000] {logging_mixin.py:120} INFO - [2022-12-02T16:38:17.278+0000] {dag.py:2585} INFO - Sync 1 DAGs
[2022-12-02T16:38:17.292+0000] {logging_mixin.py:120} INFO - [2022-12-02T16:38:17.292+0000] {dag.py:3340} INFO - Setting next_dagrun for tutorial to 2022-12-01T16:38:17.292050+00:00, run_after=2022-12-02T16:38:17.292050+00:00
[2022-12-02T16:38:17.302+0000] {processor.py:176} INFO - Processing /home/airflow/.local/lib/python3.7/site-packages/airflow/example_dags/tutorial.py took 0.077 seconds
[2022-12-02T16:38:47.431+0000] {processor.py:154} INFO - Started process (PID=2593) to work on /home/airflow/.local/lib/python3.7/site-packages/airflow/example_dags/tutorial.py
[2022-12-02T16:38:47.433+0000] {processor.py:756} INFO - Processing file /home/airflow/.local/lib/python3.7/site-packages/airflow/example_dags/tutorial.py for tasks to queue
[2022-12-02T16:38:47.434+0000] {logging_mixin.py:120} INFO - [2022-12-02T16:38:47.434+0000] {dagbag.py:537} INFO - Filling up the DagBag from /home/airflow/.local/lib/python3.7/site-packages/airflow/example_dags/tutorial.py
[2022-12-02T16:38:47.442+0000] {processor.py:766} INFO - DAG(s) dict_keys(['tutorial']) retrieved from /home/airflow/.local/lib/python3.7/site-packages/airflow/example_dags/tutorial.py
[2022-12-02T16:38:47.464+0000] {logging_mixin.py:120} INFO - [2022-12-02T16:38:47.464+0000] {dag.py:2585} INFO - Sync 1 DAGs
[2022-12-02T16:38:47.478+0000] {logging_mixin.py:120} INFO - [2022-12-02T16:38:47.477+0000] {dag.py:3340} INFO - Setting next_dagrun for tutorial to 2022-12-01T16:38:47.477838+00:00, run_after=2022-12-02T16:38:47.477838+00:00
[2022-12-02T16:38:47.488+0000] {processor.py:176} INFO - Processing /home/airflow/.local/lib/python3.7/site-packages/airflow/example_dags/tutorial.py took 0.059 seconds
[2022-12-02T16:39:17.553+0000] {processor.py:154} INFO - Started process (PID=2658) to work on /home/airflow/.local/lib/python3.7/site-packages/airflow/example_dags/tutorial.py
[2022-12-02T16:39:17.554+0000] {processor.py:756} INFO - Processing file /home/airflow/.local/lib/python3.7/site-packages/airflow/example_dags/tutorial.py for tasks to queue
[2022-12-02T16:39:17.555+0000] {logging_mixin.py:120} INFO - [2022-12-02T16:39:17.555+0000] {dagbag.py:537} INFO - Filling up the DagBag from /home/airflow/.local/lib/python3.7/site-packages/airflow/example_dags/tutorial.py
[2022-12-02T16:39:17.563+0000] {processor.py:766} INFO - DAG(s) dict_keys(['tutorial']) retrieved from /home/airflow/.local/lib/python3.7/site-packages/airflow/example_dags/tutorial.py
[2022-12-02T16:39:17.584+0000] {logging_mixin.py:120} INFO - [2022-12-02T16:39:17.584+0000] {dag.py:2585} INFO - Sync 1 DAGs
[2022-12-02T16:39:17.597+0000] {logging_mixin.py:120} INFO - [2022-12-02T16:39:17.597+0000] {dag.py:3340} INFO - Setting next_dagrun for tutorial to 2022-12-01T16:39:17.597394+00:00, run_after=2022-12-02T16:39:17.597394+00:00
[2022-12-02T16:39:17.606+0000] {processor.py:176} INFO - Processing /home/airflow/.local/lib/python3.7/site-packages/airflow/example_dags/tutorial.py took 0.055 seconds
[2022-12-02T16:39:49.134+0000] {processor.py:154} INFO - Started process (PID=2721) to work on /home/airflow/.local/lib/python3.7/site-packages/airflow/example_dags/tutorial.py
[2022-12-02T16:39:49.138+0000] {processor.py:756} INFO - Processing file /home/airflow/.local/lib/python3.7/site-packages/airflow/example_dags/tutorial.py for tasks to queue
[2022-12-02T16:39:49.139+0000] {logging_mixin.py:120} INFO - [2022-12-02T16:39:49.139+0000] {dagbag.py:537} INFO - Filling up the DagBag from /home/airflow/.local/lib/python3.7/site-packages/airflow/example_dags/tutorial.py
[2022-12-02T16:39:49.150+0000] {processor.py:766} INFO - DAG(s) dict_keys(['tutorial']) retrieved from /home/airflow/.local/lib/python3.7/site-packages/airflow/example_dags/tutorial.py
[2022-12-02T16:39:49.189+0000] {logging_mixin.py:120} INFO - [2022-12-02T16:39:49.189+0000] {dag.py:2585} INFO - Sync 1 DAGs
[2022-12-02T16:39:49.217+0000] {logging_mixin.py:120} INFO - [2022-12-02T16:39:49.217+0000] {dag.py:3340} INFO - Setting next_dagrun for tutorial to 2022-12-01T16:39:49.216812+00:00, run_after=2022-12-02T16:39:49.216812+00:00
[2022-12-02T16:39:49.233+0000] {processor.py:176} INFO - Processing /home/airflow/.local/lib/python3.7/site-packages/airflow/example_dags/tutorial.py took 0.102 seconds
[2022-12-02T16:40:19.684+0000] {processor.py:154} INFO - Started process (PID=2783) to work on /home/airflow/.local/lib/python3.7/site-packages/airflow/example_dags/tutorial.py
[2022-12-02T16:40:19.685+0000] {processor.py:756} INFO - Processing file /home/airflow/.local/lib/python3.7/site-packages/airflow/example_dags/tutorial.py for tasks to queue
[2022-12-02T16:40:19.686+0000] {logging_mixin.py:120} INFO - [2022-12-02T16:40:19.686+0000] {dagbag.py:537} INFO - Filling up the DagBag from /home/airflow/.local/lib/python3.7/site-packages/airflow/example_dags/tutorial.py
[2022-12-02T16:40:19.698+0000] {processor.py:766} INFO - DAG(s) dict_keys(['tutorial']) retrieved from /home/airflow/.local/lib/python3.7/site-packages/airflow/example_dags/tutorial.py
[2022-12-02T16:40:19.731+0000] {logging_mixin.py:120} INFO - [2022-12-02T16:40:19.731+0000] {dag.py:2585} INFO - Sync 1 DAGs
[2022-12-02T16:40:19.750+0000] {logging_mixin.py:120} INFO - [2022-12-02T16:40:19.750+0000] {dag.py:3340} INFO - Setting next_dagrun for tutorial to 2022-12-01T16:40:19.750121+00:00, run_after=2022-12-02T16:40:19.750121+00:00
[2022-12-02T16:40:19.762+0000] {processor.py:176} INFO - Processing /home/airflow/.local/lib/python3.7/site-packages/airflow/example_dags/tutorial.py took 0.080 seconds
[2022-12-02T16:40:50.047+0000] {processor.py:154} INFO - Started process (PID=2848) to work on /home/airflow/.local/lib/python3.7/site-packages/airflow/example_dags/tutorial.py
[2022-12-02T16:40:50.054+0000] {processor.py:756} INFO - Processing file /home/airflow/.local/lib/python3.7/site-packages/airflow/example_dags/tutorial.py for tasks to queue
[2022-12-02T16:40:50.056+0000] {logging_mixin.py:120} INFO - [2022-12-02T16:40:50.056+0000] {dagbag.py:537} INFO - Filling up the DagBag from /home/airflow/.local/lib/python3.7/site-packages/airflow/example_dags/tutorial.py
[2022-12-02T16:40:50.070+0000] {processor.py:766} INFO - DAG(s) dict_keys(['tutorial']) retrieved from /home/airflow/.local/lib/python3.7/site-packages/airflow/example_dags/tutorial.py
[2022-12-02T16:40:50.116+0000] {logging_mixin.py:120} INFO - [2022-12-02T16:40:50.116+0000] {dag.py:2585} INFO - Sync 1 DAGs
[2022-12-02T16:40:50.146+0000] {logging_mixin.py:120} INFO - [2022-12-02T16:40:50.146+0000] {dag.py:3340} INFO - Setting next_dagrun for tutorial to 2022-12-01T16:40:50.146521+00:00, run_after=2022-12-02T16:40:50.146521+00:00
[2022-12-02T16:40:50.159+0000] {processor.py:176} INFO - Processing /home/airflow/.local/lib/python3.7/site-packages/airflow/example_dags/tutorial.py took 0.115 seconds
[2022-12-02T16:41:20.623+0000] {processor.py:154} INFO - Started process (PID=2903) to work on /home/airflow/.local/lib/python3.7/site-packages/airflow/example_dags/tutorial.py
[2022-12-02T16:41:20.625+0000] {processor.py:756} INFO - Processing file /home/airflow/.local/lib/python3.7/site-packages/airflow/example_dags/tutorial.py for tasks to queue
[2022-12-02T16:41:20.626+0000] {logging_mixin.py:120} INFO - [2022-12-02T16:41:20.626+0000] {dagbag.py:537} INFO - Filling up the DagBag from /home/airflow/.local/lib/python3.7/site-packages/airflow/example_dags/tutorial.py
[2022-12-02T16:41:20.637+0000] {processor.py:766} INFO - DAG(s) dict_keys(['tutorial']) retrieved from /home/airflow/.local/lib/python3.7/site-packages/airflow/example_dags/tutorial.py
[2022-12-02T16:41:20.651+0000] {logging_mixin.py:120} INFO - [2022-12-02T16:41:20.651+0000] {dag.py:2585} INFO - Sync 1 DAGs
[2022-12-02T16:41:20.665+0000] {logging_mixin.py:120} INFO - [2022-12-02T16:41:20.665+0000] {dag.py:3340} INFO - Setting next_dagrun for tutorial to 2022-12-01T16:41:20.665183+00:00, run_after=2022-12-02T16:41:20.665183+00:00
[2022-12-02T16:41:20.675+0000] {processor.py:176} INFO - Processing /home/airflow/.local/lib/python3.7/site-packages/airflow/example_dags/tutorial.py took 0.053 seconds
[2022-12-02T16:41:51.659+0000] {processor.py:154} INFO - Started process (PID=2969) to work on /home/airflow/.local/lib/python3.7/site-packages/airflow/example_dags/tutorial.py
[2022-12-02T16:41:51.660+0000] {processor.py:756} INFO - Processing file /home/airflow/.local/lib/python3.7/site-packages/airflow/example_dags/tutorial.py for tasks to queue
[2022-12-02T16:41:51.661+0000] {logging_mixin.py:120} INFO - [2022-12-02T16:41:51.661+0000] {dagbag.py:537} INFO - Filling up the DagBag from /home/airflow/.local/lib/python3.7/site-packages/airflow/example_dags/tutorial.py
[2022-12-02T16:41:51.675+0000] {processor.py:766} INFO - DAG(s) dict_keys(['tutorial']) retrieved from /home/airflow/.local/lib/python3.7/site-packages/airflow/example_dags/tutorial.py
[2022-12-02T16:41:51.709+0000] {logging_mixin.py:120} INFO - [2022-12-02T16:41:51.709+0000] {dag.py:2585} INFO - Sync 1 DAGs
[2022-12-02T16:41:51.726+0000] {logging_mixin.py:120} INFO - [2022-12-02T16:41:51.726+0000] {dag.py:3340} INFO - Setting next_dagrun for tutorial to 2022-12-01T16:41:51.726027+00:00, run_after=2022-12-02T16:41:51.726027+00:00
[2022-12-02T16:41:51.741+0000] {processor.py:176} INFO - Processing /home/airflow/.local/lib/python3.7/site-packages/airflow/example_dags/tutorial.py took 0.085 seconds
[2022-12-02T16:42:21.844+0000] {processor.py:154} INFO - Started process (PID=3033) to work on /home/airflow/.local/lib/python3.7/site-packages/airflow/example_dags/tutorial.py
[2022-12-02T16:42:21.845+0000] {processor.py:756} INFO - Processing file /home/airflow/.local/lib/python3.7/site-packages/airflow/example_dags/tutorial.py for tasks to queue
[2022-12-02T16:42:21.846+0000] {logging_mixin.py:120} INFO - [2022-12-02T16:42:21.846+0000] {dagbag.py:537} INFO - Filling up the DagBag from /home/airflow/.local/lib/python3.7/site-packages/airflow/example_dags/tutorial.py
[2022-12-02T16:42:21.855+0000] {processor.py:766} INFO - DAG(s) dict_keys(['tutorial']) retrieved from /home/airflow/.local/lib/python3.7/site-packages/airflow/example_dags/tutorial.py
[2022-12-02T16:42:21.879+0000] {logging_mixin.py:120} INFO - [2022-12-02T16:42:21.879+0000] {dag.py:2585} INFO - Sync 1 DAGs
[2022-12-02T16:42:21.893+0000] {logging_mixin.py:120} INFO - [2022-12-02T16:42:21.893+0000] {dag.py:3340} INFO - Setting next_dagrun for tutorial to 2022-12-01T16:42:21.893175+00:00, run_after=2022-12-02T16:42:21.893175+00:00
[2022-12-02T16:42:21.903+0000] {processor.py:176} INFO - Processing /home/airflow/.local/lib/python3.7/site-packages/airflow/example_dags/tutorial.py took 0.061 seconds
[2022-12-02T16:42:52.246+0000] {processor.py:154} INFO - Started process (PID=3097) to work on /home/airflow/.local/lib/python3.7/site-packages/airflow/example_dags/tutorial.py
[2022-12-02T16:42:52.247+0000] {processor.py:756} INFO - Processing file /home/airflow/.local/lib/python3.7/site-packages/airflow/example_dags/tutorial.py for tasks to queue
[2022-12-02T16:42:52.248+0000] {logging_mixin.py:120} INFO - [2022-12-02T16:42:52.248+0000] {dagbag.py:537} INFO - Filling up the DagBag from /home/airflow/.local/lib/python3.7/site-packages/airflow/example_dags/tutorial.py
[2022-12-02T16:42:52.257+0000] {processor.py:766} INFO - DAG(s) dict_keys(['tutorial']) retrieved from /home/airflow/.local/lib/python3.7/site-packages/airflow/example_dags/tutorial.py
[2022-12-02T16:42:52.281+0000] {logging_mixin.py:120} INFO - [2022-12-02T16:42:52.281+0000] {dag.py:2585} INFO - Sync 1 DAGs
[2022-12-02T16:42:52.293+0000] {logging_mixin.py:120} INFO - [2022-12-02T16:42:52.293+0000] {dag.py:3340} INFO - Setting next_dagrun for tutorial to 2022-12-01T16:42:52.293101+00:00, run_after=2022-12-02T16:42:52.293101+00:00
[2022-12-02T16:42:52.305+0000] {processor.py:176} INFO - Processing /home/airflow/.local/lib/python3.7/site-packages/airflow/example_dags/tutorial.py took 0.061 seconds
[2022-12-02T16:43:22.651+0000] {processor.py:154} INFO - Started process (PID=3161) to work on /home/airflow/.local/lib/python3.7/site-packages/airflow/example_dags/tutorial.py
[2022-12-02T16:43:22.653+0000] {processor.py:756} INFO - Processing file /home/airflow/.local/lib/python3.7/site-packages/airflow/example_dags/tutorial.py for tasks to queue
[2022-12-02T16:43:22.654+0000] {logging_mixin.py:120} INFO - [2022-12-02T16:43:22.654+0000] {dagbag.py:537} INFO - Filling up the DagBag from /home/airflow/.local/lib/python3.7/site-packages/airflow/example_dags/tutorial.py
[2022-12-02T16:43:22.664+0000] {processor.py:766} INFO - DAG(s) dict_keys(['tutorial']) retrieved from /home/airflow/.local/lib/python3.7/site-packages/airflow/example_dags/tutorial.py
[2022-12-02T16:43:22.691+0000] {logging_mixin.py:120} INFO - [2022-12-02T16:43:22.691+0000] {dag.py:2585} INFO - Sync 1 DAGs
[2022-12-02T16:43:22.709+0000] {logging_mixin.py:120} INFO - [2022-12-02T16:43:22.709+0000] {dag.py:3340} INFO - Setting next_dagrun for tutorial to 2022-12-01T16:43:22.709104+00:00, run_after=2022-12-02T16:43:22.709104+00:00
[2022-12-02T16:43:22.721+0000] {processor.py:176} INFO - Processing /home/airflow/.local/lib/python3.7/site-packages/airflow/example_dags/tutorial.py took 0.072 seconds
[2022-12-02T16:43:52.905+0000] {processor.py:154} INFO - Started process (PID=3218) to work on /home/airflow/.local/lib/python3.7/site-packages/airflow/example_dags/tutorial.py
[2022-12-02T16:43:52.906+0000] {processor.py:756} INFO - Processing file /home/airflow/.local/lib/python3.7/site-packages/airflow/example_dags/tutorial.py for tasks to queue
[2022-12-02T16:43:52.907+0000] {logging_mixin.py:120} INFO - [2022-12-02T16:43:52.907+0000] {dagbag.py:537} INFO - Filling up the DagBag from /home/airflow/.local/lib/python3.7/site-packages/airflow/example_dags/tutorial.py
[2022-12-02T16:43:52.916+0000] {processor.py:766} INFO - DAG(s) dict_keys(['tutorial']) retrieved from /home/airflow/.local/lib/python3.7/site-packages/airflow/example_dags/tutorial.py
[2022-12-02T16:43:52.939+0000] {logging_mixin.py:120} INFO - [2022-12-02T16:43:52.939+0000] {dag.py:2585} INFO - Sync 1 DAGs
[2022-12-02T16:43:52.952+0000] {logging_mixin.py:120} INFO - [2022-12-02T16:43:52.952+0000] {dag.py:3340} INFO - Setting next_dagrun for tutorial to 2022-12-01T16:43:52.952273+00:00, run_after=2022-12-02T16:43:52.952273+00:00
[2022-12-02T16:43:52.962+0000] {processor.py:176} INFO - Processing /home/airflow/.local/lib/python3.7/site-packages/airflow/example_dags/tutorial.py took 0.059 seconds
[2022-12-02T16:44:23.144+0000] {processor.py:154} INFO - Started process (PID=3281) to work on /home/airflow/.local/lib/python3.7/site-packages/airflow/example_dags/tutorial.py
[2022-12-02T16:44:23.145+0000] {processor.py:756} INFO - Processing file /home/airflow/.local/lib/python3.7/site-packages/airflow/example_dags/tutorial.py for tasks to queue
[2022-12-02T16:44:23.146+0000] {logging_mixin.py:120} INFO - [2022-12-02T16:44:23.146+0000] {dagbag.py:537} INFO - Filling up the DagBag from /home/airflow/.local/lib/python3.7/site-packages/airflow/example_dags/tutorial.py
[2022-12-02T16:44:23.155+0000] {processor.py:766} INFO - DAG(s) dict_keys(['tutorial']) retrieved from /home/airflow/.local/lib/python3.7/site-packages/airflow/example_dags/tutorial.py
[2022-12-02T16:44:23.177+0000] {logging_mixin.py:120} INFO - [2022-12-02T16:44:23.177+0000] {dag.py:2585} INFO - Sync 1 DAGs
[2022-12-02T16:44:23.189+0000] {logging_mixin.py:120} INFO - [2022-12-02T16:44:23.189+0000] {dag.py:3340} INFO - Setting next_dagrun for tutorial to 2022-12-01T16:44:23.189296+00:00, run_after=2022-12-02T16:44:23.189296+00:00
[2022-12-02T16:44:23.198+0000] {processor.py:176} INFO - Processing /home/airflow/.local/lib/python3.7/site-packages/airflow/example_dags/tutorial.py took 0.056 seconds
[2022-12-02T16:44:54.223+0000] {processor.py:154} INFO - Started process (PID=3345) to work on /home/airflow/.local/lib/python3.7/site-packages/airflow/example_dags/tutorial.py
[2022-12-02T16:44:54.224+0000] {processor.py:756} INFO - Processing file /home/airflow/.local/lib/python3.7/site-packages/airflow/example_dags/tutorial.py for tasks to queue
[2022-12-02T16:44:54.225+0000] {logging_mixin.py:120} INFO - [2022-12-02T16:44:54.225+0000] {dagbag.py:537} INFO - Filling up the DagBag from /home/airflow/.local/lib/python3.7/site-packages/airflow/example_dags/tutorial.py
[2022-12-02T16:44:54.236+0000] {processor.py:766} INFO - DAG(s) dict_keys(['tutorial']) retrieved from /home/airflow/.local/lib/python3.7/site-packages/airflow/example_dags/tutorial.py
[2022-12-02T16:44:54.259+0000] {logging_mixin.py:120} INFO - [2022-12-02T16:44:54.259+0000] {dag.py:2585} INFO - Sync 1 DAGs
[2022-12-02T16:44:54.272+0000] {logging_mixin.py:120} INFO - [2022-12-02T16:44:54.272+0000] {dag.py:3340} INFO - Setting next_dagrun for tutorial to 2022-12-01T16:44:54.271883+00:00, run_after=2022-12-02T16:44:54.271883+00:00
[2022-12-02T16:44:54.282+0000] {processor.py:176} INFO - Processing /home/airflow/.local/lib/python3.7/site-packages/airflow/example_dags/tutorial.py took 0.061 seconds
[2022-12-02T16:45:25.140+0000] {processor.py:154} INFO - Started process (PID=3409) to work on /home/airflow/.local/lib/python3.7/site-packages/airflow/example_dags/tutorial.py
[2022-12-02T16:45:25.141+0000] {processor.py:756} INFO - Processing file /home/airflow/.local/lib/python3.7/site-packages/airflow/example_dags/tutorial.py for tasks to queue
[2022-12-02T16:45:25.142+0000] {logging_mixin.py:120} INFO - [2022-12-02T16:45:25.141+0000] {dagbag.py:537} INFO - Filling up the DagBag from /home/airflow/.local/lib/python3.7/site-packages/airflow/example_dags/tutorial.py
[2022-12-02T16:45:25.149+0000] {processor.py:766} INFO - DAG(s) dict_keys(['tutorial']) retrieved from /home/airflow/.local/lib/python3.7/site-packages/airflow/example_dags/tutorial.py
[2022-12-02T16:45:25.169+0000] {logging_mixin.py:120} INFO - [2022-12-02T16:45:25.169+0000] {dag.py:2585} INFO - Sync 1 DAGs
[2022-12-02T16:45:25.182+0000] {logging_mixin.py:120} INFO - [2022-12-02T16:45:25.182+0000] {dag.py:3340} INFO - Setting next_dagrun for tutorial to 2022-12-01T16:45:25.182318+00:00, run_after=2022-12-02T16:45:25.182318+00:00
[2022-12-02T16:45:25.193+0000] {processor.py:176} INFO - Processing /home/airflow/.local/lib/python3.7/site-packages/airflow/example_dags/tutorial.py took 0.055 seconds
[2022-12-02T16:45:55.579+0000] {processor.py:154} INFO - Started process (PID=3473) to work on /home/airflow/.local/lib/python3.7/site-packages/airflow/example_dags/tutorial.py
[2022-12-02T16:45:55.580+0000] {processor.py:756} INFO - Processing file /home/airflow/.local/lib/python3.7/site-packages/airflow/example_dags/tutorial.py for tasks to queue
[2022-12-02T16:45:55.581+0000] {logging_mixin.py:120} INFO - [2022-12-02T16:45:55.581+0000] {dagbag.py:537} INFO - Filling up the DagBag from /home/airflow/.local/lib/python3.7/site-packages/airflow/example_dags/tutorial.py
[2022-12-02T16:45:55.590+0000] {processor.py:766} INFO - DAG(s) dict_keys(['tutorial']) retrieved from /home/airflow/.local/lib/python3.7/site-packages/airflow/example_dags/tutorial.py
[2022-12-02T16:45:55.612+0000] {logging_mixin.py:120} INFO - [2022-12-02T16:45:55.612+0000] {dag.py:2585} INFO - Sync 1 DAGs
[2022-12-02T16:45:55.625+0000] {logging_mixin.py:120} INFO - [2022-12-02T16:45:55.625+0000] {dag.py:3340} INFO - Setting next_dagrun for tutorial to 2022-12-01T16:45:55.625533+00:00, run_after=2022-12-02T16:45:55.625533+00:00
[2022-12-02T16:45:55.635+0000] {processor.py:176} INFO - Processing /home/airflow/.local/lib/python3.7/site-packages/airflow/example_dags/tutorial.py took 0.058 seconds
[2022-12-02T16:46:25.802+0000] {processor.py:154} INFO - Started process (PID=3537) to work on /home/airflow/.local/lib/python3.7/site-packages/airflow/example_dags/tutorial.py
[2022-12-02T16:46:25.803+0000] {processor.py:756} INFO - Processing file /home/airflow/.local/lib/python3.7/site-packages/airflow/example_dags/tutorial.py for tasks to queue
[2022-12-02T16:46:25.804+0000] {logging_mixin.py:120} INFO - [2022-12-02T16:46:25.804+0000] {dagbag.py:537} INFO - Filling up the DagBag from /home/airflow/.local/lib/python3.7/site-packages/airflow/example_dags/tutorial.py
[2022-12-02T16:46:25.813+0000] {processor.py:766} INFO - DAG(s) dict_keys(['tutorial']) retrieved from /home/airflow/.local/lib/python3.7/site-packages/airflow/example_dags/tutorial.py
[2022-12-02T16:46:25.836+0000] {logging_mixin.py:120} INFO - [2022-12-02T16:46:25.835+0000] {dag.py:2585} INFO - Sync 1 DAGs
[2022-12-02T16:46:25.850+0000] {logging_mixin.py:120} INFO - [2022-12-02T16:46:25.850+0000] {dag.py:3340} INFO - Setting next_dagrun for tutorial to 2022-12-01T16:46:25.850509+00:00, run_after=2022-12-02T16:46:25.850509+00:00
[2022-12-02T16:46:25.862+0000] {processor.py:176} INFO - Processing /home/airflow/.local/lib/python3.7/site-packages/airflow/example_dags/tutorial.py took 0.062 seconds
[2022-12-02T16:46:55.966+0000] {processor.py:154} INFO - Started process (PID=3592) to work on /home/airflow/.local/lib/python3.7/site-packages/airflow/example_dags/tutorial.py
[2022-12-02T16:46:55.968+0000] {processor.py:756} INFO - Processing file /home/airflow/.local/lib/python3.7/site-packages/airflow/example_dags/tutorial.py for tasks to queue
[2022-12-02T16:46:55.969+0000] {logging_mixin.py:120} INFO - [2022-12-02T16:46:55.969+0000] {dagbag.py:537} INFO - Filling up the DagBag from /home/airflow/.local/lib/python3.7/site-packages/airflow/example_dags/tutorial.py
[2022-12-02T16:46:55.977+0000] {processor.py:766} INFO - DAG(s) dict_keys(['tutorial']) retrieved from /home/airflow/.local/lib/python3.7/site-packages/airflow/example_dags/tutorial.py
[2022-12-02T16:46:55.998+0000] {logging_mixin.py:120} INFO - [2022-12-02T16:46:55.998+0000] {dag.py:2585} INFO - Sync 1 DAGs
[2022-12-02T16:46:56.011+0000] {logging_mixin.py:120} INFO - [2022-12-02T16:46:56.011+0000] {dag.py:3340} INFO - Setting next_dagrun for tutorial to 2022-12-01T16:46:56.011143+00:00, run_after=2022-12-02T16:46:56.011143+00:00
[2022-12-02T16:46:56.023+0000] {processor.py:176} INFO - Processing /home/airflow/.local/lib/python3.7/site-packages/airflow/example_dags/tutorial.py took 0.058 seconds
[2022-12-02T16:47:26.242+0000] {processor.py:154} INFO - Started process (PID=3656) to work on /home/airflow/.local/lib/python3.7/site-packages/airflow/example_dags/tutorial.py
[2022-12-02T16:47:26.243+0000] {processor.py:756} INFO - Processing file /home/airflow/.local/lib/python3.7/site-packages/airflow/example_dags/tutorial.py for tasks to queue
[2022-12-02T16:47:26.244+0000] {logging_mixin.py:120} INFO - [2022-12-02T16:47:26.244+0000] {dagbag.py:537} INFO - Filling up the DagBag from /home/airflow/.local/lib/python3.7/site-packages/airflow/example_dags/tutorial.py
[2022-12-02T16:47:26.254+0000] {processor.py:766} INFO - DAG(s) dict_keys(['tutorial']) retrieved from /home/airflow/.local/lib/python3.7/site-packages/airflow/example_dags/tutorial.py
[2022-12-02T16:47:26.279+0000] {logging_mixin.py:120} INFO - [2022-12-02T16:47:26.279+0000] {dag.py:2585} INFO - Sync 1 DAGs
[2022-12-02T16:47:26.292+0000] {logging_mixin.py:120} INFO - [2022-12-02T16:47:26.292+0000] {dag.py:3340} INFO - Setting next_dagrun for tutorial to 2022-12-01T16:47:26.292652+00:00, run_after=2022-12-02T16:47:26.292652+00:00
[2022-12-02T16:47:26.303+0000] {processor.py:176} INFO - Processing /home/airflow/.local/lib/python3.7/site-packages/airflow/example_dags/tutorial.py took 0.063 seconds
[2022-12-02T16:47:57.246+0000] {processor.py:154} INFO - Started process (PID=3719) to work on /home/airflow/.local/lib/python3.7/site-packages/airflow/example_dags/tutorial.py
[2022-12-02T16:47:57.247+0000] {processor.py:756} INFO - Processing file /home/airflow/.local/lib/python3.7/site-packages/airflow/example_dags/tutorial.py for tasks to queue
[2022-12-02T16:47:57.248+0000] {logging_mixin.py:120} INFO - [2022-12-02T16:47:57.248+0000] {dagbag.py:537} INFO - Filling up the DagBag from /home/airflow/.local/lib/python3.7/site-packages/airflow/example_dags/tutorial.py
[2022-12-02T16:47:57.256+0000] {processor.py:766} INFO - DAG(s) dict_keys(['tutorial']) retrieved from /home/airflow/.local/lib/python3.7/site-packages/airflow/example_dags/tutorial.py
[2022-12-02T16:47:57.279+0000] {logging_mixin.py:120} INFO - [2022-12-02T16:47:57.278+0000] {dag.py:2585} INFO - Sync 1 DAGs
[2022-12-02T16:47:57.295+0000] {logging_mixin.py:120} INFO - [2022-12-02T16:47:57.295+0000] {dag.py:3340} INFO - Setting next_dagrun for tutorial to 2022-12-01T16:47:57.295249+00:00, run_after=2022-12-02T16:47:57.295249+00:00
[2022-12-02T16:47:57.306+0000] {processor.py:176} INFO - Processing /home/airflow/.local/lib/python3.7/site-packages/airflow/example_dags/tutorial.py took 0.062 seconds
[2022-12-02T16:48:28.211+0000] {processor.py:154} INFO - Started process (PID=3784) to work on /home/airflow/.local/lib/python3.7/site-packages/airflow/example_dags/tutorial.py
[2022-12-02T16:48:28.212+0000] {processor.py:756} INFO - Processing file /home/airflow/.local/lib/python3.7/site-packages/airflow/example_dags/tutorial.py for tasks to queue
[2022-12-02T16:48:28.213+0000] {logging_mixin.py:120} INFO - [2022-12-02T16:48:28.213+0000] {dagbag.py:537} INFO - Filling up the DagBag from /home/airflow/.local/lib/python3.7/site-packages/airflow/example_dags/tutorial.py
[2022-12-02T16:48:28.221+0000] {processor.py:766} INFO - DAG(s) dict_keys(['tutorial']) retrieved from /home/airflow/.local/lib/python3.7/site-packages/airflow/example_dags/tutorial.py
[2022-12-02T16:48:28.242+0000] {logging_mixin.py:120} INFO - [2022-12-02T16:48:28.242+0000] {dag.py:2585} INFO - Sync 1 DAGs
[2022-12-02T16:48:28.257+0000] {logging_mixin.py:120} INFO - [2022-12-02T16:48:28.257+0000] {dag.py:3340} INFO - Setting next_dagrun for tutorial to 2022-12-01T16:48:28.256991+00:00, run_after=2022-12-02T16:48:28.256991+00:00
[2022-12-02T16:48:28.266+0000] {processor.py:176} INFO - Processing /home/airflow/.local/lib/python3.7/site-packages/airflow/example_dags/tutorial.py took 0.058 seconds
[2022-12-02T16:48:59.200+0000] {processor.py:154} INFO - Started process (PID=3848) to work on /home/airflow/.local/lib/python3.7/site-packages/airflow/example_dags/tutorial.py
[2022-12-02T16:48:59.201+0000] {processor.py:756} INFO - Processing file /home/airflow/.local/lib/python3.7/site-packages/airflow/example_dags/tutorial.py for tasks to queue
[2022-12-02T16:48:59.202+0000] {logging_mixin.py:120} INFO - [2022-12-02T16:48:59.202+0000] {dagbag.py:537} INFO - Filling up the DagBag from /home/airflow/.local/lib/python3.7/site-packages/airflow/example_dags/tutorial.py
[2022-12-02T16:48:59.210+0000] {processor.py:766} INFO - DAG(s) dict_keys(['tutorial']) retrieved from /home/airflow/.local/lib/python3.7/site-packages/airflow/example_dags/tutorial.py
[2022-12-02T16:48:59.231+0000] {logging_mixin.py:120} INFO - [2022-12-02T16:48:59.231+0000] {dag.py:2585} INFO - Sync 1 DAGs
[2022-12-02T16:48:59.245+0000] {logging_mixin.py:120} INFO - [2022-12-02T16:48:59.245+0000] {dag.py:3340} INFO - Setting next_dagrun for tutorial to 2022-12-01T16:48:59.245377+00:00, run_after=2022-12-02T16:48:59.245377+00:00
[2022-12-02T16:48:59.255+0000] {processor.py:176} INFO - Processing /home/airflow/.local/lib/python3.7/site-packages/airflow/example_dags/tutorial.py took 0.057 seconds
[2022-12-02T16:49:30.130+0000] {processor.py:154} INFO - Started process (PID=3911) to work on /home/airflow/.local/lib/python3.7/site-packages/airflow/example_dags/tutorial.py
[2022-12-02T16:49:30.131+0000] {processor.py:756} INFO - Processing file /home/airflow/.local/lib/python3.7/site-packages/airflow/example_dags/tutorial.py for tasks to queue
[2022-12-02T16:49:30.132+0000] {logging_mixin.py:120} INFO - [2022-12-02T16:49:30.132+0000] {dagbag.py:537} INFO - Filling up the DagBag from /home/airflow/.local/lib/python3.7/site-packages/airflow/example_dags/tutorial.py
[2022-12-02T16:49:30.143+0000] {processor.py:766} INFO - DAG(s) dict_keys(['tutorial']) retrieved from /home/airflow/.local/lib/python3.7/site-packages/airflow/example_dags/tutorial.py
[2022-12-02T16:49:30.175+0000] {logging_mixin.py:120} INFO - [2022-12-02T16:49:30.175+0000] {dag.py:2585} INFO - Sync 1 DAGs
[2022-12-02T16:49:30.189+0000] {logging_mixin.py:120} INFO - [2022-12-02T16:49:30.189+0000] {dag.py:3340} INFO - Setting next_dagrun for tutorial to 2022-12-01T16:49:30.189048+00:00, run_after=2022-12-02T16:49:30.189048+00:00
[2022-12-02T16:49:30.198+0000] {processor.py:176} INFO - Processing /home/airflow/.local/lib/python3.7/site-packages/airflow/example_dags/tutorial.py took 0.070 seconds
[2022-12-02T16:50:00.332+0000] {processor.py:154} INFO - Started process (PID=3975) to work on /home/airflow/.local/lib/python3.7/site-packages/airflow/example_dags/tutorial.py
[2022-12-02T16:50:00.333+0000] {processor.py:756} INFO - Processing file /home/airflow/.local/lib/python3.7/site-packages/airflow/example_dags/tutorial.py for tasks to queue
[2022-12-02T16:50:00.334+0000] {logging_mixin.py:120} INFO - [2022-12-02T16:50:00.334+0000] {dagbag.py:537} INFO - Filling up the DagBag from /home/airflow/.local/lib/python3.7/site-packages/airflow/example_dags/tutorial.py
[2022-12-02T16:50:00.343+0000] {processor.py:766} INFO - DAG(s) dict_keys(['tutorial']) retrieved from /home/airflow/.local/lib/python3.7/site-packages/airflow/example_dags/tutorial.py
[2022-12-02T16:50:00.366+0000] {logging_mixin.py:120} INFO - [2022-12-02T16:50:00.366+0000] {dag.py:2585} INFO - Sync 1 DAGs
[2022-12-02T16:50:00.379+0000] {logging_mixin.py:120} INFO - [2022-12-02T16:50:00.379+0000] {dag.py:3340} INFO - Setting next_dagrun for tutorial to 2022-12-01T16:50:00.379185+00:00, run_after=2022-12-02T16:50:00.379185+00:00
[2022-12-02T16:50:00.389+0000] {processor.py:176} INFO - Processing /home/airflow/.local/lib/python3.7/site-packages/airflow/example_dags/tutorial.py took 0.059 seconds
[2022-12-02T17:02:00.359+0000] {processor.py:154} INFO - Started process (PID=4030) to work on /home/airflow/.local/lib/python3.7/site-packages/airflow/example_dags/tutorial.py
[2022-12-02T17:02:00.373+0000] {processor.py:756} INFO - Processing file /home/airflow/.local/lib/python3.7/site-packages/airflow/example_dags/tutorial.py for tasks to queue
[2022-12-02T17:02:00.374+0000] {logging_mixin.py:120} INFO - [2022-12-02T17:02:00.374+0000] {dagbag.py:537} INFO - Filling up the DagBag from /home/airflow/.local/lib/python3.7/site-packages/airflow/example_dags/tutorial.py
[2022-12-02T17:02:00.414+0000] {processor.py:766} INFO - DAG(s) dict_keys(['tutorial']) retrieved from /home/airflow/.local/lib/python3.7/site-packages/airflow/example_dags/tutorial.py
[2022-12-02T17:02:00.477+0000] {logging_mixin.py:120} INFO - [2022-12-02T17:02:00.476+0000] {dag.py:2585} INFO - Sync 1 DAGs
[2022-12-02T17:02:00.556+0000] {logging_mixin.py:120} INFO - [2022-12-02T17:02:00.556+0000] {dag.py:3340} INFO - Setting next_dagrun for tutorial to 2022-12-01T17:02:00.556549+00:00, run_after=2022-12-02T17:02:00.556549+00:00
[2022-12-02T17:02:00.597+0000] {processor.py:176} INFO - Processing /home/airflow/.local/lib/python3.7/site-packages/airflow/example_dags/tutorial.py took 0.241 seconds
[2022-12-02T17:02:30.788+0000] {processor.py:154} INFO - Started process (PID=4085) to work on /home/airflow/.local/lib/python3.7/site-packages/airflow/example_dags/tutorial.py
[2022-12-02T17:02:30.790+0000] {processor.py:756} INFO - Processing file /home/airflow/.local/lib/python3.7/site-packages/airflow/example_dags/tutorial.py for tasks to queue
[2022-12-02T17:02:30.791+0000] {logging_mixin.py:120} INFO - [2022-12-02T17:02:30.791+0000] {dagbag.py:537} INFO - Filling up the DagBag from /home/airflow/.local/lib/python3.7/site-packages/airflow/example_dags/tutorial.py
[2022-12-02T17:02:30.800+0000] {processor.py:766} INFO - DAG(s) dict_keys(['tutorial']) retrieved from /home/airflow/.local/lib/python3.7/site-packages/airflow/example_dags/tutorial.py
[2022-12-02T17:02:30.823+0000] {logging_mixin.py:120} INFO - [2022-12-02T17:02:30.823+0000] {dag.py:2585} INFO - Sync 1 DAGs
[2022-12-02T17:02:30.836+0000] {logging_mixin.py:120} INFO - [2022-12-02T17:02:30.836+0000] {dag.py:3340} INFO - Setting next_dagrun for tutorial to 2022-12-01T17:02:30.836252+00:00, run_after=2022-12-02T17:02:30.836252+00:00
[2022-12-02T17:02:30.847+0000] {processor.py:176} INFO - Processing /home/airflow/.local/lib/python3.7/site-packages/airflow/example_dags/tutorial.py took 0.060 seconds
[2022-12-02T17:03:01.849+0000] {processor.py:154} INFO - Started process (PID=4149) to work on /home/airflow/.local/lib/python3.7/site-packages/airflow/example_dags/tutorial.py
[2022-12-02T17:03:01.850+0000] {processor.py:756} INFO - Processing file /home/airflow/.local/lib/python3.7/site-packages/airflow/example_dags/tutorial.py for tasks to queue
[2022-12-02T17:03:01.850+0000] {logging_mixin.py:120} INFO - [2022-12-02T17:03:01.850+0000] {dagbag.py:537} INFO - Filling up the DagBag from /home/airflow/.local/lib/python3.7/site-packages/airflow/example_dags/tutorial.py
[2022-12-02T17:03:01.861+0000] {processor.py:766} INFO - DAG(s) dict_keys(['tutorial']) retrieved from /home/airflow/.local/lib/python3.7/site-packages/airflow/example_dags/tutorial.py
[2022-12-02T17:03:01.888+0000] {logging_mixin.py:120} INFO - [2022-12-02T17:03:01.888+0000] {dag.py:2585} INFO - Sync 1 DAGs
[2022-12-02T17:03:01.902+0000] {logging_mixin.py:120} INFO - [2022-12-02T17:03:01.902+0000] {dag.py:3340} INFO - Setting next_dagrun for tutorial to 2022-12-01T17:03:01.902547+00:00, run_after=2022-12-02T17:03:01.902547+00:00
[2022-12-02T17:03:01.913+0000] {processor.py:176} INFO - Processing /home/airflow/.local/lib/python3.7/site-packages/airflow/example_dags/tutorial.py took 0.067 seconds
[2022-12-02T17:03:32.878+0000] {processor.py:154} INFO - Started process (PID=4214) to work on /home/airflow/.local/lib/python3.7/site-packages/airflow/example_dags/tutorial.py
[2022-12-02T17:03:32.879+0000] {processor.py:756} INFO - Processing file /home/airflow/.local/lib/python3.7/site-packages/airflow/example_dags/tutorial.py for tasks to queue
[2022-12-02T17:03:32.879+0000] {logging_mixin.py:120} INFO - [2022-12-02T17:03:32.879+0000] {dagbag.py:537} INFO - Filling up the DagBag from /home/airflow/.local/lib/python3.7/site-packages/airflow/example_dags/tutorial.py
[2022-12-02T17:03:32.888+0000] {processor.py:766} INFO - DAG(s) dict_keys(['tutorial']) retrieved from /home/airflow/.local/lib/python3.7/site-packages/airflow/example_dags/tutorial.py
[2022-12-02T17:03:32.915+0000] {logging_mixin.py:120} INFO - [2022-12-02T17:03:32.915+0000] {dag.py:2585} INFO - Sync 1 DAGs
[2022-12-02T17:03:32.928+0000] {logging_mixin.py:120} INFO - [2022-12-02T17:03:32.928+0000] {dag.py:3340} INFO - Setting next_dagrun for tutorial to 2022-12-01T17:03:32.928407+00:00, run_after=2022-12-02T17:03:32.928407+00:00
[2022-12-02T17:03:32.938+0000] {processor.py:176} INFO - Processing /home/airflow/.local/lib/python3.7/site-packages/airflow/example_dags/tutorial.py took 0.063 seconds
[2022-12-02T17:08:34.138+0000] {processor.py:154} INFO - Started process (PID=4277) to work on /home/airflow/.local/lib/python3.7/site-packages/airflow/example_dags/tutorial.py
[2022-12-02T17:08:34.142+0000] {processor.py:756} INFO - Processing file /home/airflow/.local/lib/python3.7/site-packages/airflow/example_dags/tutorial.py for tasks to queue
[2022-12-02T17:08:34.143+0000] {logging_mixin.py:120} INFO - [2022-12-02T17:08:34.143+0000] {dagbag.py:537} INFO - Filling up the DagBag from /home/airflow/.local/lib/python3.7/site-packages/airflow/example_dags/tutorial.py
[2022-12-02T17:08:34.169+0000] {processor.py:766} INFO - DAG(s) dict_keys(['tutorial']) retrieved from /home/airflow/.local/lib/python3.7/site-packages/airflow/example_dags/tutorial.py
[2022-12-02T17:08:34.246+0000] {logging_mixin.py:120} INFO - [2022-12-02T17:08:34.246+0000] {dag.py:2585} INFO - Sync 1 DAGs
[2022-12-02T17:08:34.278+0000] {logging_mixin.py:120} INFO - [2022-12-02T17:08:34.278+0000] {dag.py:3340} INFO - Setting next_dagrun for tutorial to 2022-12-01T17:08:34.278529+00:00, run_after=2022-12-02T17:08:34.278529+00:00
[2022-12-02T17:08:34.297+0000] {processor.py:176} INFO - Processing /home/airflow/.local/lib/python3.7/site-packages/airflow/example_dags/tutorial.py took 0.161 seconds
[2022-12-02T17:09:05.197+0000] {processor.py:154} INFO - Started process (PID=4332) to work on /home/airflow/.local/lib/python3.7/site-packages/airflow/example_dags/tutorial.py
[2022-12-02T17:09:05.199+0000] {processor.py:756} INFO - Processing file /home/airflow/.local/lib/python3.7/site-packages/airflow/example_dags/tutorial.py for tasks to queue
[2022-12-02T17:09:05.200+0000] {logging_mixin.py:120} INFO - [2022-12-02T17:09:05.200+0000] {dagbag.py:537} INFO - Filling up the DagBag from /home/airflow/.local/lib/python3.7/site-packages/airflow/example_dags/tutorial.py
[2022-12-02T17:09:05.213+0000] {processor.py:766} INFO - DAG(s) dict_keys(['tutorial']) retrieved from /home/airflow/.local/lib/python3.7/site-packages/airflow/example_dags/tutorial.py
[2022-12-02T17:09:05.237+0000] {logging_mixin.py:120} INFO - [2022-12-02T17:09:05.237+0000] {dag.py:2585} INFO - Sync 1 DAGs
[2022-12-02T17:09:05.251+0000] {logging_mixin.py:120} INFO - [2022-12-02T17:09:05.250+0000] {dag.py:3340} INFO - Setting next_dagrun for tutorial to 2022-12-01T17:09:05.250842+00:00, run_after=2022-12-02T17:09:05.250842+00:00
[2022-12-02T17:09:05.261+0000] {processor.py:176} INFO - Processing /home/airflow/.local/lib/python3.7/site-packages/airflow/example_dags/tutorial.py took 0.069 seconds
[2022-12-02T17:09:35.556+0000] {processor.py:154} INFO - Started process (PID=4396) to work on /home/airflow/.local/lib/python3.7/site-packages/airflow/example_dags/tutorial.py
[2022-12-02T17:09:35.558+0000] {processor.py:756} INFO - Processing file /home/airflow/.local/lib/python3.7/site-packages/airflow/example_dags/tutorial.py for tasks to queue
[2022-12-02T17:09:35.560+0000] {logging_mixin.py:120} INFO - [2022-12-02T17:09:35.560+0000] {dagbag.py:537} INFO - Filling up the DagBag from /home/airflow/.local/lib/python3.7/site-packages/airflow/example_dags/tutorial.py
[2022-12-02T17:09:35.573+0000] {processor.py:766} INFO - DAG(s) dict_keys(['tutorial']) retrieved from /home/airflow/.local/lib/python3.7/site-packages/airflow/example_dags/tutorial.py
[2022-12-02T17:09:35.599+0000] {logging_mixin.py:120} INFO - [2022-12-02T17:09:35.599+0000] {dag.py:2585} INFO - Sync 1 DAGs
[2022-12-02T17:09:35.612+0000] {logging_mixin.py:120} INFO - [2022-12-02T17:09:35.612+0000] {dag.py:3340} INFO - Setting next_dagrun for tutorial to 2022-12-01T17:09:35.612176+00:00, run_after=2022-12-02T17:09:35.612176+00:00
[2022-12-02T17:09:35.621+0000] {processor.py:176} INFO - Processing /home/airflow/.local/lib/python3.7/site-packages/airflow/example_dags/tutorial.py took 0.069 seconds
[2022-12-02T17:10:05.693+0000] {processor.py:154} INFO - Started process (PID=4460) to work on /home/airflow/.local/lib/python3.7/site-packages/airflow/example_dags/tutorial.py
[2022-12-02T17:10:05.695+0000] {processor.py:756} INFO - Processing file /home/airflow/.local/lib/python3.7/site-packages/airflow/example_dags/tutorial.py for tasks to queue
[2022-12-02T17:10:05.697+0000] {logging_mixin.py:120} INFO - [2022-12-02T17:10:05.697+0000] {dagbag.py:537} INFO - Filling up the DagBag from /home/airflow/.local/lib/python3.7/site-packages/airflow/example_dags/tutorial.py
[2022-12-02T17:10:05.713+0000] {processor.py:766} INFO - DAG(s) dict_keys(['tutorial']) retrieved from /home/airflow/.local/lib/python3.7/site-packages/airflow/example_dags/tutorial.py
[2022-12-02T17:10:05.745+0000] {logging_mixin.py:120} INFO - [2022-12-02T17:10:05.745+0000] {dag.py:2585} INFO - Sync 1 DAGs
[2022-12-02T17:10:05.763+0000] {logging_mixin.py:120} INFO - [2022-12-02T17:10:05.762+0000] {dag.py:3340} INFO - Setting next_dagrun for tutorial to 2022-12-01T17:10:05.762808+00:00, run_after=2022-12-02T17:10:05.762808+00:00
[2022-12-02T17:10:05.779+0000] {processor.py:176} INFO - Processing /home/airflow/.local/lib/python3.7/site-packages/airflow/example_dags/tutorial.py took 0.092 seconds
[2022-12-02T17:10:35.852+0000] {processor.py:154} INFO - Started process (PID=4524) to work on /home/airflow/.local/lib/python3.7/site-packages/airflow/example_dags/tutorial.py
[2022-12-02T17:10:35.853+0000] {processor.py:756} INFO - Processing file /home/airflow/.local/lib/python3.7/site-packages/airflow/example_dags/tutorial.py for tasks to queue
[2022-12-02T17:10:35.854+0000] {logging_mixin.py:120} INFO - [2022-12-02T17:10:35.854+0000] {dagbag.py:537} INFO - Filling up the DagBag from /home/airflow/.local/lib/python3.7/site-packages/airflow/example_dags/tutorial.py
[2022-12-02T17:10:35.866+0000] {processor.py:766} INFO - DAG(s) dict_keys(['tutorial']) retrieved from /home/airflow/.local/lib/python3.7/site-packages/airflow/example_dags/tutorial.py
[2022-12-02T17:10:35.901+0000] {logging_mixin.py:120} INFO - [2022-12-02T17:10:35.901+0000] {dag.py:2585} INFO - Sync 1 DAGs
[2022-12-02T17:10:35.916+0000] {logging_mixin.py:120} INFO - [2022-12-02T17:10:35.916+0000] {dag.py:3340} INFO - Setting next_dagrun for tutorial to 2022-12-01T17:10:35.916486+00:00, run_after=2022-12-02T17:10:35.916486+00:00
[2022-12-02T17:10:35.928+0000] {processor.py:176} INFO - Processing /home/airflow/.local/lib/python3.7/site-packages/airflow/example_dags/tutorial.py took 0.080 seconds
[2022-12-02T17:11:06.320+0000] {processor.py:154} INFO - Started process (PID=4587) to work on /home/airflow/.local/lib/python3.7/site-packages/airflow/example_dags/tutorial.py
[2022-12-02T17:11:06.323+0000] {processor.py:756} INFO - Processing file /home/airflow/.local/lib/python3.7/site-packages/airflow/example_dags/tutorial.py for tasks to queue
[2022-12-02T17:11:06.324+0000] {logging_mixin.py:120} INFO - [2022-12-02T17:11:06.324+0000] {dagbag.py:537} INFO - Filling up the DagBag from /home/airflow/.local/lib/python3.7/site-packages/airflow/example_dags/tutorial.py
[2022-12-02T17:11:06.336+0000] {processor.py:766} INFO - DAG(s) dict_keys(['tutorial']) retrieved from /home/airflow/.local/lib/python3.7/site-packages/airflow/example_dags/tutorial.py
[2022-12-02T17:11:06.359+0000] {logging_mixin.py:120} INFO - [2022-12-02T17:11:06.359+0000] {dag.py:2585} INFO - Sync 1 DAGs
[2022-12-02T17:11:06.372+0000] {logging_mixin.py:120} INFO - [2022-12-02T17:11:06.372+0000] {dag.py:3340} INFO - Setting next_dagrun for tutorial to 2022-12-01T17:11:06.372397+00:00, run_after=2022-12-02T17:11:06.372397+00:00
[2022-12-02T17:11:06.382+0000] {processor.py:176} INFO - Processing /home/airflow/.local/lib/python3.7/site-packages/airflow/example_dags/tutorial.py took 0.066 seconds
[2022-12-02T17:28:49.608+0000] {processor.py:154} INFO - Started process (PID=4642) to work on /home/airflow/.local/lib/python3.7/site-packages/airflow/example_dags/tutorial.py
[2022-12-02T17:28:49.609+0000] {processor.py:756} INFO - Processing file /home/airflow/.local/lib/python3.7/site-packages/airflow/example_dags/tutorial.py for tasks to queue
[2022-12-02T17:28:49.610+0000] {logging_mixin.py:120} INFO - [2022-12-02T17:28:49.610+0000] {dagbag.py:537} INFO - Filling up the DagBag from /home/airflow/.local/lib/python3.7/site-packages/airflow/example_dags/tutorial.py
[2022-12-02T17:28:49.621+0000] {processor.py:766} INFO - DAG(s) dict_keys(['tutorial']) retrieved from /home/airflow/.local/lib/python3.7/site-packages/airflow/example_dags/tutorial.py
[2022-12-02T17:28:49.654+0000] {logging_mixin.py:120} INFO - [2022-12-02T17:28:49.654+0000] {dag.py:2585} INFO - Sync 1 DAGs
[2022-12-02T17:28:49.672+0000] {logging_mixin.py:120} INFO - [2022-12-02T17:28:49.672+0000] {dag.py:3340} INFO - Setting next_dagrun for tutorial to 2022-12-01T17:28:49.672552+00:00, run_after=2022-12-02T17:28:49.672552+00:00
[2022-12-02T17:28:49.694+0000] {processor.py:176} INFO - Processing /home/airflow/.local/lib/python3.7/site-packages/airflow/example_dags/tutorial.py took 0.089 seconds
[2022-12-02T18:05:47.227+0000] {processor.py:154} INFO - Started process (PID=4705) to work on /home/airflow/.local/lib/python3.7/site-packages/airflow/example_dags/tutorial.py
[2022-12-02T18:05:47.229+0000] {processor.py:756} INFO - Processing file /home/airflow/.local/lib/python3.7/site-packages/airflow/example_dags/tutorial.py for tasks to queue
[2022-12-02T18:05:47.231+0000] {logging_mixin.py:120} INFO - [2022-12-02T18:05:47.231+0000] {dagbag.py:537} INFO - Filling up the DagBag from /home/airflow/.local/lib/python3.7/site-packages/airflow/example_dags/tutorial.py
[2022-12-02T18:05:47.248+0000] {processor.py:766} INFO - DAG(s) dict_keys(['tutorial']) retrieved from /home/airflow/.local/lib/python3.7/site-packages/airflow/example_dags/tutorial.py
[2022-12-02T18:05:47.294+0000] {logging_mixin.py:120} INFO - [2022-12-02T18:05:47.294+0000] {dag.py:2585} INFO - Sync 1 DAGs
[2022-12-02T18:05:47.317+0000] {logging_mixin.py:120} INFO - [2022-12-02T18:05:47.317+0000] {dag.py:3340} INFO - Setting next_dagrun for tutorial to 2022-12-01T18:05:47.316998+00:00, run_after=2022-12-02T18:05:47.316998+00:00
[2022-12-02T18:05:47.335+0000] {processor.py:176} INFO - Processing /home/airflow/.local/lib/python3.7/site-packages/airflow/example_dags/tutorial.py took 0.111 seconds
[2022-12-02T18:16:25.803+0000] {processor.py:154} INFO - Started process (PID=4769) to work on /home/airflow/.local/lib/python3.7/site-packages/airflow/example_dags/tutorial.py
[2022-12-02T18:16:25.805+0000] {processor.py:756} INFO - Processing file /home/airflow/.local/lib/python3.7/site-packages/airflow/example_dags/tutorial.py for tasks to queue
[2022-12-02T18:16:25.806+0000] {logging_mixin.py:120} INFO - [2022-12-02T18:16:25.806+0000] {dagbag.py:537} INFO - Filling up the DagBag from /home/airflow/.local/lib/python3.7/site-packages/airflow/example_dags/tutorial.py
[2022-12-02T18:16:25.818+0000] {processor.py:766} INFO - DAG(s) dict_keys(['tutorial']) retrieved from /home/airflow/.local/lib/python3.7/site-packages/airflow/example_dags/tutorial.py
[2022-12-02T18:16:25.877+0000] {logging_mixin.py:120} INFO - [2022-12-02T18:16:25.877+0000] {dag.py:2585} INFO - Sync 1 DAGs
[2022-12-02T18:16:25.911+0000] {logging_mixin.py:120} INFO - [2022-12-02T18:16:25.911+0000] {dag.py:3340} INFO - Setting next_dagrun for tutorial to 2022-12-01T18:16:25.910834+00:00, run_after=2022-12-02T18:16:25.910834+00:00
[2022-12-02T18:16:25.934+0000] {processor.py:176} INFO - Processing /home/airflow/.local/lib/python3.7/site-packages/airflow/example_dags/tutorial.py took 0.134 seconds
