[2022-12-02T16:18:01.154+0000] {processor.py:154} INFO - Started process (PID=70) to work on /home/airflow/.local/lib/python3.7/site-packages/airflow/example_dags/tutorial_dag.py
[2022-12-02T16:18:01.157+0000] {processor.py:756} INFO - Processing file /home/airflow/.local/lib/python3.7/site-packages/airflow/example_dags/tutorial_dag.py for tasks to queue
[2022-12-02T16:18:01.159+0000] {logging_mixin.py:120} INFO - [2022-12-02T16:18:01.159+0000] {dagbag.py:537} INFO - Filling up the DagBag from /home/airflow/.local/lib/python3.7/site-packages/airflow/example_dags/tutorial_dag.py
[2022-12-02T16:18:01.169+0000] {processor.py:766} INFO - DAG(s) dict_keys(['tutorial_dag']) retrieved from /home/airflow/.local/lib/python3.7/site-packages/airflow/example_dags/tutorial_dag.py
[2022-12-02T16:18:01.283+0000] {logging_mixin.py:120} INFO - [2022-12-02T16:18:01.283+0000] {manager.py:507} INFO - Created Permission View: can delete on DAG:tutorial_dag
[2022-12-02T16:18:01.289+0000] {logging_mixin.py:120} INFO - [2022-12-02T16:18:01.289+0000] {manager.py:507} INFO - Created Permission View: can edit on DAG:tutorial_dag
[2022-12-02T16:18:01.292+0000] {logging_mixin.py:120} INFO - [2022-12-02T16:18:01.292+0000] {manager.py:507} INFO - Created Permission View: can read on DAG:tutorial_dag
[2022-12-02T16:18:01.293+0000] {logging_mixin.py:120} INFO - [2022-12-02T16:18:01.293+0000] {dag.py:2585} INFO - Sync 1 DAGs
[2022-12-02T16:18:01.301+0000] {logging_mixin.py:120} INFO - [2022-12-02T16:18:01.300+0000] {dag.py:2606} INFO - Creating ORM DAG for tutorial_dag
[2022-12-02T16:18:01.307+0000] {logging_mixin.py:120} INFO - [2022-12-02T16:18:01.307+0000] {dag.py:3340} INFO - Setting next_dagrun for tutorial_dag to None, run_after=None
[2022-12-02T16:18:01.317+0000] {processor.py:176} INFO - Processing /home/airflow/.local/lib/python3.7/site-packages/airflow/example_dags/tutorial_dag.py took 0.167 seconds
[2022-12-02T16:18:31.395+0000] {processor.py:154} INFO - Started process (PID=133) to work on /home/airflow/.local/lib/python3.7/site-packages/airflow/example_dags/tutorial_dag.py
[2022-12-02T16:18:31.396+0000] {processor.py:756} INFO - Processing file /home/airflow/.local/lib/python3.7/site-packages/airflow/example_dags/tutorial_dag.py for tasks to queue
[2022-12-02T16:18:31.396+0000] {logging_mixin.py:120} INFO - [2022-12-02T16:18:31.396+0000] {dagbag.py:537} INFO - Filling up the DagBag from /home/airflow/.local/lib/python3.7/site-packages/airflow/example_dags/tutorial_dag.py
[2022-12-02T16:18:31.406+0000] {processor.py:766} INFO - DAG(s) dict_keys(['tutorial_dag']) retrieved from /home/airflow/.local/lib/python3.7/site-packages/airflow/example_dags/tutorial_dag.py
[2022-12-02T16:18:31.427+0000] {logging_mixin.py:120} INFO - [2022-12-02T16:18:31.427+0000] {dag.py:2585} INFO - Sync 1 DAGs
[2022-12-02T16:18:31.440+0000] {logging_mixin.py:120} INFO - [2022-12-02T16:18:31.440+0000] {dag.py:3340} INFO - Setting next_dagrun for tutorial_dag to None, run_after=None
[2022-12-02T16:18:31.451+0000] {processor.py:176} INFO - Processing /home/airflow/.local/lib/python3.7/site-packages/airflow/example_dags/tutorial_dag.py took 0.058 seconds
[2022-12-02T16:19:01.677+0000] {processor.py:154} INFO - Started process (PID=188) to work on /home/airflow/.local/lib/python3.7/site-packages/airflow/example_dags/tutorial_dag.py
[2022-12-02T16:19:01.678+0000] {processor.py:756} INFO - Processing file /home/airflow/.local/lib/python3.7/site-packages/airflow/example_dags/tutorial_dag.py for tasks to queue
[2022-12-02T16:19:01.679+0000] {logging_mixin.py:120} INFO - [2022-12-02T16:19:01.679+0000] {dagbag.py:537} INFO - Filling up the DagBag from /home/airflow/.local/lib/python3.7/site-packages/airflow/example_dags/tutorial_dag.py
[2022-12-02T16:19:01.687+0000] {processor.py:766} INFO - DAG(s) dict_keys(['tutorial_dag']) retrieved from /home/airflow/.local/lib/python3.7/site-packages/airflow/example_dags/tutorial_dag.py
[2022-12-02T16:19:01.709+0000] {logging_mixin.py:120} INFO - [2022-12-02T16:19:01.709+0000] {dag.py:2585} INFO - Sync 1 DAGs
[2022-12-02T16:19:01.724+0000] {logging_mixin.py:120} INFO - [2022-12-02T16:19:01.724+0000] {dag.py:3340} INFO - Setting next_dagrun for tutorial_dag to None, run_after=None
[2022-12-02T16:19:01.738+0000] {processor.py:176} INFO - Processing /home/airflow/.local/lib/python3.7/site-packages/airflow/example_dags/tutorial_dag.py took 0.063 seconds
[2022-12-02T16:19:32.037+0000] {processor.py:154} INFO - Started process (PID=251) to work on /home/airflow/.local/lib/python3.7/site-packages/airflow/example_dags/tutorial_dag.py
[2022-12-02T16:19:32.039+0000] {processor.py:756} INFO - Processing file /home/airflow/.local/lib/python3.7/site-packages/airflow/example_dags/tutorial_dag.py for tasks to queue
[2022-12-02T16:19:32.041+0000] {logging_mixin.py:120} INFO - [2022-12-02T16:19:32.041+0000] {dagbag.py:537} INFO - Filling up the DagBag from /home/airflow/.local/lib/python3.7/site-packages/airflow/example_dags/tutorial_dag.py
[2022-12-02T16:19:32.051+0000] {processor.py:766} INFO - DAG(s) dict_keys(['tutorial_dag']) retrieved from /home/airflow/.local/lib/python3.7/site-packages/airflow/example_dags/tutorial_dag.py
[2022-12-02T16:19:32.078+0000] {logging_mixin.py:120} INFO - [2022-12-02T16:19:32.078+0000] {dag.py:2585} INFO - Sync 1 DAGs
[2022-12-02T16:19:32.093+0000] {logging_mixin.py:120} INFO - [2022-12-02T16:19:32.092+0000] {dag.py:3340} INFO - Setting next_dagrun for tutorial_dag to None, run_after=None
[2022-12-02T16:19:32.102+0000] {processor.py:176} INFO - Processing /home/airflow/.local/lib/python3.7/site-packages/airflow/example_dags/tutorial_dag.py took 0.069 seconds
[2022-12-02T16:20:02.209+0000] {processor.py:154} INFO - Started process (PID=314) to work on /home/airflow/.local/lib/python3.7/site-packages/airflow/example_dags/tutorial_dag.py
[2022-12-02T16:20:02.211+0000] {processor.py:756} INFO - Processing file /home/airflow/.local/lib/python3.7/site-packages/airflow/example_dags/tutorial_dag.py for tasks to queue
[2022-12-02T16:20:02.212+0000] {logging_mixin.py:120} INFO - [2022-12-02T16:20:02.212+0000] {dagbag.py:537} INFO - Filling up the DagBag from /home/airflow/.local/lib/python3.7/site-packages/airflow/example_dags/tutorial_dag.py
[2022-12-02T16:20:02.220+0000] {processor.py:766} INFO - DAG(s) dict_keys(['tutorial_dag']) retrieved from /home/airflow/.local/lib/python3.7/site-packages/airflow/example_dags/tutorial_dag.py
[2022-12-02T16:20:02.243+0000] {logging_mixin.py:120} INFO - [2022-12-02T16:20:02.242+0000] {dag.py:2585} INFO - Sync 1 DAGs
[2022-12-02T16:20:02.256+0000] {logging_mixin.py:120} INFO - [2022-12-02T16:20:02.255+0000] {dag.py:3340} INFO - Setting next_dagrun for tutorial_dag to None, run_after=None
[2022-12-02T16:20:02.265+0000] {processor.py:176} INFO - Processing /home/airflow/.local/lib/python3.7/site-packages/airflow/example_dags/tutorial_dag.py took 0.058 seconds
[2022-12-02T16:20:32.385+0000] {processor.py:154} INFO - Started process (PID=377) to work on /home/airflow/.local/lib/python3.7/site-packages/airflow/example_dags/tutorial_dag.py
[2022-12-02T16:20:32.386+0000] {processor.py:756} INFO - Processing file /home/airflow/.local/lib/python3.7/site-packages/airflow/example_dags/tutorial_dag.py for tasks to queue
[2022-12-02T16:20:32.386+0000] {logging_mixin.py:120} INFO - [2022-12-02T16:20:32.386+0000] {dagbag.py:537} INFO - Filling up the DagBag from /home/airflow/.local/lib/python3.7/site-packages/airflow/example_dags/tutorial_dag.py
[2022-12-02T16:20:32.394+0000] {processor.py:766} INFO - DAG(s) dict_keys(['tutorial_dag']) retrieved from /home/airflow/.local/lib/python3.7/site-packages/airflow/example_dags/tutorial_dag.py
[2022-12-02T16:20:32.415+0000] {logging_mixin.py:120} INFO - [2022-12-02T16:20:32.415+0000] {dag.py:2585} INFO - Sync 1 DAGs
[2022-12-02T16:20:32.429+0000] {logging_mixin.py:120} INFO - [2022-12-02T16:20:32.429+0000] {dag.py:3340} INFO - Setting next_dagrun for tutorial_dag to None, run_after=None
[2022-12-02T16:20:32.438+0000] {processor.py:176} INFO - Processing /home/airflow/.local/lib/python3.7/site-packages/airflow/example_dags/tutorial_dag.py took 0.055 seconds
[2022-12-02T16:21:02.674+0000] {processor.py:154} INFO - Started process (PID=440) to work on /home/airflow/.local/lib/python3.7/site-packages/airflow/example_dags/tutorial_dag.py
[2022-12-02T16:21:02.680+0000] {processor.py:756} INFO - Processing file /home/airflow/.local/lib/python3.7/site-packages/airflow/example_dags/tutorial_dag.py for tasks to queue
[2022-12-02T16:21:02.682+0000] {logging_mixin.py:120} INFO - [2022-12-02T16:21:02.681+0000] {dagbag.py:537} INFO - Filling up the DagBag from /home/airflow/.local/lib/python3.7/site-packages/airflow/example_dags/tutorial_dag.py
[2022-12-02T16:21:02.692+0000] {processor.py:766} INFO - DAG(s) dict_keys(['tutorial_dag']) retrieved from /home/airflow/.local/lib/python3.7/site-packages/airflow/example_dags/tutorial_dag.py
[2022-12-02T16:21:02.719+0000] {logging_mixin.py:120} INFO - [2022-12-02T16:21:02.719+0000] {dag.py:2585} INFO - Sync 1 DAGs
[2022-12-02T16:21:02.732+0000] {logging_mixin.py:120} INFO - [2022-12-02T16:21:02.732+0000] {dag.py:3340} INFO - Setting next_dagrun for tutorial_dag to None, run_after=None
[2022-12-02T16:21:02.741+0000] {processor.py:176} INFO - Processing /home/airflow/.local/lib/python3.7/site-packages/airflow/example_dags/tutorial_dag.py took 0.070 seconds
[2022-12-02T16:21:32.833+0000] {processor.py:154} INFO - Started process (PID=503) to work on /home/airflow/.local/lib/python3.7/site-packages/airflow/example_dags/tutorial_dag.py
[2022-12-02T16:21:32.834+0000] {processor.py:756} INFO - Processing file /home/airflow/.local/lib/python3.7/site-packages/airflow/example_dags/tutorial_dag.py for tasks to queue
[2022-12-02T16:21:32.835+0000] {logging_mixin.py:120} INFO - [2022-12-02T16:21:32.835+0000] {dagbag.py:537} INFO - Filling up the DagBag from /home/airflow/.local/lib/python3.7/site-packages/airflow/example_dags/tutorial_dag.py
[2022-12-02T16:21:32.843+0000] {processor.py:766} INFO - DAG(s) dict_keys(['tutorial_dag']) retrieved from /home/airflow/.local/lib/python3.7/site-packages/airflow/example_dags/tutorial_dag.py
[2022-12-02T16:21:32.865+0000] {logging_mixin.py:120} INFO - [2022-12-02T16:21:32.865+0000] {dag.py:2585} INFO - Sync 1 DAGs
[2022-12-02T16:21:32.877+0000] {logging_mixin.py:120} INFO - [2022-12-02T16:21:32.876+0000] {dag.py:3340} INFO - Setting next_dagrun for tutorial_dag to None, run_after=None
[2022-12-02T16:21:32.885+0000] {processor.py:176} INFO - Processing /home/airflow/.local/lib/python3.7/site-packages/airflow/example_dags/tutorial_dag.py took 0.054 seconds
[2022-12-02T16:22:03.001+0000] {processor.py:154} INFO - Started process (PID=563) to work on /home/airflow/.local/lib/python3.7/site-packages/airflow/example_dags/tutorial_dag.py
[2022-12-02T16:22:03.002+0000] {processor.py:756} INFO - Processing file /home/airflow/.local/lib/python3.7/site-packages/airflow/example_dags/tutorial_dag.py for tasks to queue
[2022-12-02T16:22:03.003+0000] {logging_mixin.py:120} INFO - [2022-12-02T16:22:03.003+0000] {dagbag.py:537} INFO - Filling up the DagBag from /home/airflow/.local/lib/python3.7/site-packages/airflow/example_dags/tutorial_dag.py
[2022-12-02T16:22:03.017+0000] {processor.py:766} INFO - DAG(s) dict_keys(['tutorial_dag']) retrieved from /home/airflow/.local/lib/python3.7/site-packages/airflow/example_dags/tutorial_dag.py
[2022-12-02T16:22:03.055+0000] {logging_mixin.py:120} INFO - [2022-12-02T16:22:03.055+0000] {dag.py:2585} INFO - Sync 1 DAGs
[2022-12-02T16:22:03.071+0000] {logging_mixin.py:120} INFO - [2022-12-02T16:22:03.071+0000] {dag.py:3340} INFO - Setting next_dagrun for tutorial_dag to None, run_after=None
[2022-12-02T16:22:03.081+0000] {processor.py:176} INFO - Processing /home/airflow/.local/lib/python3.7/site-packages/airflow/example_dags/tutorial_dag.py took 0.083 seconds
[2022-12-02T16:22:33.194+0000] {processor.py:154} INFO - Started process (PID=619) to work on /home/airflow/.local/lib/python3.7/site-packages/airflow/example_dags/tutorial_dag.py
[2022-12-02T16:22:33.196+0000] {processor.py:756} INFO - Processing file /home/airflow/.local/lib/python3.7/site-packages/airflow/example_dags/tutorial_dag.py for tasks to queue
[2022-12-02T16:22:33.197+0000] {logging_mixin.py:120} INFO - [2022-12-02T16:22:33.197+0000] {dagbag.py:537} INFO - Filling up the DagBag from /home/airflow/.local/lib/python3.7/site-packages/airflow/example_dags/tutorial_dag.py
[2022-12-02T16:22:33.206+0000] {processor.py:766} INFO - DAG(s) dict_keys(['tutorial_dag']) retrieved from /home/airflow/.local/lib/python3.7/site-packages/airflow/example_dags/tutorial_dag.py
[2022-12-02T16:22:33.229+0000] {logging_mixin.py:120} INFO - [2022-12-02T16:22:33.229+0000] {dag.py:2585} INFO - Sync 1 DAGs
[2022-12-02T16:22:33.244+0000] {logging_mixin.py:120} INFO - [2022-12-02T16:22:33.244+0000] {dag.py:3340} INFO - Setting next_dagrun for tutorial_dag to None, run_after=None
[2022-12-02T16:22:33.253+0000] {processor.py:176} INFO - Processing /home/airflow/.local/lib/python3.7/site-packages/airflow/example_dags/tutorial_dag.py took 0.060 seconds
[2022-12-02T16:23:03.921+0000] {processor.py:154} INFO - Started process (PID=682) to work on /home/airflow/.local/lib/python3.7/site-packages/airflow/example_dags/tutorial_dag.py
[2022-12-02T16:23:03.923+0000] {processor.py:756} INFO - Processing file /home/airflow/.local/lib/python3.7/site-packages/airflow/example_dags/tutorial_dag.py for tasks to queue
[2022-12-02T16:23:03.924+0000] {logging_mixin.py:120} INFO - [2022-12-02T16:23:03.924+0000] {dagbag.py:537} INFO - Filling up the DagBag from /home/airflow/.local/lib/python3.7/site-packages/airflow/example_dags/tutorial_dag.py
[2022-12-02T16:23:03.933+0000] {processor.py:766} INFO - DAG(s) dict_keys(['tutorial_dag']) retrieved from /home/airflow/.local/lib/python3.7/site-packages/airflow/example_dags/tutorial_dag.py
[2022-12-02T16:23:03.961+0000] {logging_mixin.py:120} INFO - [2022-12-02T16:23:03.961+0000] {dag.py:2585} INFO - Sync 1 DAGs
[2022-12-02T16:23:03.983+0000] {logging_mixin.py:120} INFO - [2022-12-02T16:23:03.983+0000] {dag.py:3340} INFO - Setting next_dagrun for tutorial_dag to None, run_after=None
[2022-12-02T16:23:03.996+0000] {processor.py:176} INFO - Processing /home/airflow/.local/lib/python3.7/site-packages/airflow/example_dags/tutorial_dag.py took 0.078 seconds
[2022-12-02T16:23:34.196+0000] {processor.py:154} INFO - Started process (PID=745) to work on /home/airflow/.local/lib/python3.7/site-packages/airflow/example_dags/tutorial_dag.py
[2022-12-02T16:23:34.197+0000] {processor.py:756} INFO - Processing file /home/airflow/.local/lib/python3.7/site-packages/airflow/example_dags/tutorial_dag.py for tasks to queue
[2022-12-02T16:23:34.198+0000] {logging_mixin.py:120} INFO - [2022-12-02T16:23:34.198+0000] {dagbag.py:537} INFO - Filling up the DagBag from /home/airflow/.local/lib/python3.7/site-packages/airflow/example_dags/tutorial_dag.py
[2022-12-02T16:23:34.207+0000] {processor.py:766} INFO - DAG(s) dict_keys(['tutorial_dag']) retrieved from /home/airflow/.local/lib/python3.7/site-packages/airflow/example_dags/tutorial_dag.py
[2022-12-02T16:23:34.233+0000] {logging_mixin.py:120} INFO - [2022-12-02T16:23:34.233+0000] {dag.py:2585} INFO - Sync 1 DAGs
[2022-12-02T16:23:34.251+0000] {logging_mixin.py:120} INFO - [2022-12-02T16:23:34.251+0000] {dag.py:3340} INFO - Setting next_dagrun for tutorial_dag to None, run_after=None
[2022-12-02T16:23:34.263+0000] {processor.py:176} INFO - Processing /home/airflow/.local/lib/python3.7/site-packages/airflow/example_dags/tutorial_dag.py took 0.069 seconds
[2022-12-02T16:24:04.596+0000] {processor.py:154} INFO - Started process (PID=806) to work on /home/airflow/.local/lib/python3.7/site-packages/airflow/example_dags/tutorial_dag.py
[2022-12-02T16:24:04.597+0000] {processor.py:756} INFO - Processing file /home/airflow/.local/lib/python3.7/site-packages/airflow/example_dags/tutorial_dag.py for tasks to queue
[2022-12-02T16:24:04.598+0000] {logging_mixin.py:120} INFO - [2022-12-02T16:24:04.598+0000] {dagbag.py:537} INFO - Filling up the DagBag from /home/airflow/.local/lib/python3.7/site-packages/airflow/example_dags/tutorial_dag.py
[2022-12-02T16:24:04.607+0000] {processor.py:766} INFO - DAG(s) dict_keys(['tutorial_dag']) retrieved from /home/airflow/.local/lib/python3.7/site-packages/airflow/example_dags/tutorial_dag.py
[2022-12-02T16:24:04.632+0000] {logging_mixin.py:120} INFO - [2022-12-02T16:24:04.632+0000] {dag.py:2585} INFO - Sync 1 DAGs
[2022-12-02T16:24:04.646+0000] {logging_mixin.py:120} INFO - [2022-12-02T16:24:04.646+0000] {dag.py:3340} INFO - Setting next_dagrun for tutorial_dag to None, run_after=None
[2022-12-02T16:24:04.657+0000] {processor.py:176} INFO - Processing /home/airflow/.local/lib/python3.7/site-packages/airflow/example_dags/tutorial_dag.py took 0.063 seconds
[2022-12-02T16:24:34.785+0000] {processor.py:154} INFO - Started process (PID=869) to work on /home/airflow/.local/lib/python3.7/site-packages/airflow/example_dags/tutorial_dag.py
[2022-12-02T16:24:34.787+0000] {processor.py:756} INFO - Processing file /home/airflow/.local/lib/python3.7/site-packages/airflow/example_dags/tutorial_dag.py for tasks to queue
[2022-12-02T16:24:34.787+0000] {logging_mixin.py:120} INFO - [2022-12-02T16:24:34.787+0000] {dagbag.py:537} INFO - Filling up the DagBag from /home/airflow/.local/lib/python3.7/site-packages/airflow/example_dags/tutorial_dag.py
[2022-12-02T16:24:34.795+0000] {processor.py:766} INFO - DAG(s) dict_keys(['tutorial_dag']) retrieved from /home/airflow/.local/lib/python3.7/site-packages/airflow/example_dags/tutorial_dag.py
[2022-12-02T16:24:34.818+0000] {logging_mixin.py:120} INFO - [2022-12-02T16:24:34.818+0000] {dag.py:2585} INFO - Sync 1 DAGs
[2022-12-02T16:24:34.830+0000] {logging_mixin.py:120} INFO - [2022-12-02T16:24:34.830+0000] {dag.py:3340} INFO - Setting next_dagrun for tutorial_dag to None, run_after=None
[2022-12-02T16:24:34.840+0000] {processor.py:176} INFO - Processing /home/airflow/.local/lib/python3.7/site-packages/airflow/example_dags/tutorial_dag.py took 0.056 seconds
[2022-12-02T16:25:05.701+0000] {processor.py:154} INFO - Started process (PID=923) to work on /home/airflow/.local/lib/python3.7/site-packages/airflow/example_dags/tutorial_dag.py
[2022-12-02T16:25:05.702+0000] {processor.py:756} INFO - Processing file /home/airflow/.local/lib/python3.7/site-packages/airflow/example_dags/tutorial_dag.py for tasks to queue
[2022-12-02T16:25:05.703+0000] {logging_mixin.py:120} INFO - [2022-12-02T16:25:05.703+0000] {dagbag.py:537} INFO - Filling up the DagBag from /home/airflow/.local/lib/python3.7/site-packages/airflow/example_dags/tutorial_dag.py
[2022-12-02T16:25:05.710+0000] {processor.py:766} INFO - DAG(s) dict_keys(['tutorial_dag']) retrieved from /home/airflow/.local/lib/python3.7/site-packages/airflow/example_dags/tutorial_dag.py
[2022-12-02T16:25:05.731+0000] {logging_mixin.py:120} INFO - [2022-12-02T16:25:05.731+0000] {dag.py:2585} INFO - Sync 1 DAGs
[2022-12-02T16:25:05.744+0000] {logging_mixin.py:120} INFO - [2022-12-02T16:25:05.744+0000] {dag.py:3340} INFO - Setting next_dagrun for tutorial_dag to None, run_after=None
[2022-12-02T16:25:05.752+0000] {processor.py:176} INFO - Processing /home/airflow/.local/lib/python3.7/site-packages/airflow/example_dags/tutorial_dag.py took 0.053 seconds
[2022-12-02T16:25:35.935+0000] {processor.py:154} INFO - Started process (PID=986) to work on /home/airflow/.local/lib/python3.7/site-packages/airflow/example_dags/tutorial_dag.py
[2022-12-02T16:25:35.936+0000] {processor.py:756} INFO - Processing file /home/airflow/.local/lib/python3.7/site-packages/airflow/example_dags/tutorial_dag.py for tasks to queue
[2022-12-02T16:25:35.937+0000] {logging_mixin.py:120} INFO - [2022-12-02T16:25:35.937+0000] {dagbag.py:537} INFO - Filling up the DagBag from /home/airflow/.local/lib/python3.7/site-packages/airflow/example_dags/tutorial_dag.py
[2022-12-02T16:25:35.945+0000] {processor.py:766} INFO - DAG(s) dict_keys(['tutorial_dag']) retrieved from /home/airflow/.local/lib/python3.7/site-packages/airflow/example_dags/tutorial_dag.py
[2022-12-02T16:25:35.971+0000] {logging_mixin.py:120} INFO - [2022-12-02T16:25:35.971+0000] {dag.py:2585} INFO - Sync 1 DAGs
[2022-12-02T16:25:35.987+0000] {logging_mixin.py:120} INFO - [2022-12-02T16:25:35.987+0000] {dag.py:3340} INFO - Setting next_dagrun for tutorial_dag to None, run_after=None
[2022-12-02T16:25:36.001+0000] {processor.py:176} INFO - Processing /home/airflow/.local/lib/python3.7/site-packages/airflow/example_dags/tutorial_dag.py took 0.068 seconds
[2022-12-02T16:26:06.900+0000] {processor.py:154} INFO - Started process (PID=1048) to work on /home/airflow/.local/lib/python3.7/site-packages/airflow/example_dags/tutorial_dag.py
[2022-12-02T16:26:06.902+0000] {processor.py:756} INFO - Processing file /home/airflow/.local/lib/python3.7/site-packages/airflow/example_dags/tutorial_dag.py for tasks to queue
[2022-12-02T16:26:06.904+0000] {logging_mixin.py:120} INFO - [2022-12-02T16:26:06.904+0000] {dagbag.py:537} INFO - Filling up the DagBag from /home/airflow/.local/lib/python3.7/site-packages/airflow/example_dags/tutorial_dag.py
[2022-12-02T16:26:06.918+0000] {processor.py:766} INFO - DAG(s) dict_keys(['tutorial_dag']) retrieved from /home/airflow/.local/lib/python3.7/site-packages/airflow/example_dags/tutorial_dag.py
[2022-12-02T16:26:06.957+0000] {logging_mixin.py:120} INFO - [2022-12-02T16:26:06.956+0000] {dag.py:2585} INFO - Sync 1 DAGs
[2022-12-02T16:26:06.980+0000] {logging_mixin.py:120} INFO - [2022-12-02T16:26:06.980+0000] {dag.py:3340} INFO - Setting next_dagrun for tutorial_dag to None, run_after=None
[2022-12-02T16:26:06.991+0000] {processor.py:176} INFO - Processing /home/airflow/.local/lib/python3.7/site-packages/airflow/example_dags/tutorial_dag.py took 0.096 seconds
[2022-12-02T16:26:37.088+0000] {processor.py:154} INFO - Started process (PID=1112) to work on /home/airflow/.local/lib/python3.7/site-packages/airflow/example_dags/tutorial_dag.py
[2022-12-02T16:26:37.089+0000] {processor.py:756} INFO - Processing file /home/airflow/.local/lib/python3.7/site-packages/airflow/example_dags/tutorial_dag.py for tasks to queue
[2022-12-02T16:26:37.090+0000] {logging_mixin.py:120} INFO - [2022-12-02T16:26:37.090+0000] {dagbag.py:537} INFO - Filling up the DagBag from /home/airflow/.local/lib/python3.7/site-packages/airflow/example_dags/tutorial_dag.py
[2022-12-02T16:26:37.098+0000] {processor.py:766} INFO - DAG(s) dict_keys(['tutorial_dag']) retrieved from /home/airflow/.local/lib/python3.7/site-packages/airflow/example_dags/tutorial_dag.py
[2022-12-02T16:26:37.120+0000] {logging_mixin.py:120} INFO - [2022-12-02T16:26:37.120+0000] {dag.py:2585} INFO - Sync 1 DAGs
[2022-12-02T16:26:37.134+0000] {logging_mixin.py:120} INFO - [2022-12-02T16:26:37.134+0000] {dag.py:3340} INFO - Setting next_dagrun for tutorial_dag to None, run_after=None
[2022-12-02T16:26:37.144+0000] {processor.py:176} INFO - Processing /home/airflow/.local/lib/python3.7/site-packages/airflow/example_dags/tutorial_dag.py took 0.058 seconds
[2022-12-02T16:27:07.210+0000] {processor.py:154} INFO - Started process (PID=1175) to work on /home/airflow/.local/lib/python3.7/site-packages/airflow/example_dags/tutorial_dag.py
[2022-12-02T16:27:07.212+0000] {processor.py:756} INFO - Processing file /home/airflow/.local/lib/python3.7/site-packages/airflow/example_dags/tutorial_dag.py for tasks to queue
[2022-12-02T16:27:07.213+0000] {logging_mixin.py:120} INFO - [2022-12-02T16:27:07.213+0000] {dagbag.py:537} INFO - Filling up the DagBag from /home/airflow/.local/lib/python3.7/site-packages/airflow/example_dags/tutorial_dag.py
[2022-12-02T16:27:07.221+0000] {processor.py:766} INFO - DAG(s) dict_keys(['tutorial_dag']) retrieved from /home/airflow/.local/lib/python3.7/site-packages/airflow/example_dags/tutorial_dag.py
[2022-12-02T16:27:07.243+0000] {logging_mixin.py:120} INFO - [2022-12-02T16:27:07.242+0000] {dag.py:2585} INFO - Sync 1 DAGs
[2022-12-02T16:27:07.257+0000] {logging_mixin.py:120} INFO - [2022-12-02T16:27:07.257+0000] {dag.py:3340} INFO - Setting next_dagrun for tutorial_dag to None, run_after=None
[2022-12-02T16:27:07.266+0000] {processor.py:176} INFO - Processing /home/airflow/.local/lib/python3.7/site-packages/airflow/example_dags/tutorial_dag.py took 0.057 seconds
[2022-12-02T16:27:37.757+0000] {processor.py:154} INFO - Started process (PID=1239) to work on /home/airflow/.local/lib/python3.7/site-packages/airflow/example_dags/tutorial_dag.py
[2022-12-02T16:27:37.759+0000] {processor.py:756} INFO - Processing file /home/airflow/.local/lib/python3.7/site-packages/airflow/example_dags/tutorial_dag.py for tasks to queue
[2022-12-02T16:27:37.761+0000] {logging_mixin.py:120} INFO - [2022-12-02T16:27:37.760+0000] {dagbag.py:537} INFO - Filling up the DagBag from /home/airflow/.local/lib/python3.7/site-packages/airflow/example_dags/tutorial_dag.py
[2022-12-02T16:27:37.770+0000] {processor.py:766} INFO - DAG(s) dict_keys(['tutorial_dag']) retrieved from /home/airflow/.local/lib/python3.7/site-packages/airflow/example_dags/tutorial_dag.py
[2022-12-02T16:27:37.797+0000] {logging_mixin.py:120} INFO - [2022-12-02T16:27:37.797+0000] {dag.py:2585} INFO - Sync 1 DAGs
[2022-12-02T16:27:37.811+0000] {logging_mixin.py:120} INFO - [2022-12-02T16:27:37.811+0000] {dag.py:3340} INFO - Setting next_dagrun for tutorial_dag to None, run_after=None
[2022-12-02T16:27:37.821+0000] {processor.py:176} INFO - Processing /home/airflow/.local/lib/python3.7/site-packages/airflow/example_dags/tutorial_dag.py took 0.066 seconds
[2022-12-02T16:28:07.996+0000] {processor.py:154} INFO - Started process (PID=1293) to work on /home/airflow/.local/lib/python3.7/site-packages/airflow/example_dags/tutorial_dag.py
[2022-12-02T16:28:07.997+0000] {processor.py:756} INFO - Processing file /home/airflow/.local/lib/python3.7/site-packages/airflow/example_dags/tutorial_dag.py for tasks to queue
[2022-12-02T16:28:07.998+0000] {logging_mixin.py:120} INFO - [2022-12-02T16:28:07.998+0000] {dagbag.py:537} INFO - Filling up the DagBag from /home/airflow/.local/lib/python3.7/site-packages/airflow/example_dags/tutorial_dag.py
[2022-12-02T16:28:08.006+0000] {processor.py:766} INFO - DAG(s) dict_keys(['tutorial_dag']) retrieved from /home/airflow/.local/lib/python3.7/site-packages/airflow/example_dags/tutorial_dag.py
[2022-12-02T16:28:08.028+0000] {logging_mixin.py:120} INFO - [2022-12-02T16:28:08.028+0000] {dag.py:2585} INFO - Sync 1 DAGs
[2022-12-02T16:28:08.041+0000] {logging_mixin.py:120} INFO - [2022-12-02T16:28:08.041+0000] {dag.py:3340} INFO - Setting next_dagrun for tutorial_dag to None, run_after=None
[2022-12-02T16:28:08.052+0000] {processor.py:176} INFO - Processing /home/airflow/.local/lib/python3.7/site-packages/airflow/example_dags/tutorial_dag.py took 0.058 seconds
[2022-12-02T16:28:38.182+0000] {processor.py:154} INFO - Started process (PID=1356) to work on /home/airflow/.local/lib/python3.7/site-packages/airflow/example_dags/tutorial_dag.py
[2022-12-02T16:28:38.183+0000] {processor.py:756} INFO - Processing file /home/airflow/.local/lib/python3.7/site-packages/airflow/example_dags/tutorial_dag.py for tasks to queue
[2022-12-02T16:28:38.184+0000] {logging_mixin.py:120} INFO - [2022-12-02T16:28:38.184+0000] {dagbag.py:537} INFO - Filling up the DagBag from /home/airflow/.local/lib/python3.7/site-packages/airflow/example_dags/tutorial_dag.py
[2022-12-02T16:28:38.193+0000] {processor.py:766} INFO - DAG(s) dict_keys(['tutorial_dag']) retrieved from /home/airflow/.local/lib/python3.7/site-packages/airflow/example_dags/tutorial_dag.py
[2022-12-02T16:28:38.215+0000] {logging_mixin.py:120} INFO - [2022-12-02T16:28:38.215+0000] {dag.py:2585} INFO - Sync 1 DAGs
[2022-12-02T16:28:38.229+0000] {logging_mixin.py:120} INFO - [2022-12-02T16:28:38.229+0000] {dag.py:3340} INFO - Setting next_dagrun for tutorial_dag to None, run_after=None
[2022-12-02T16:28:38.241+0000] {processor.py:176} INFO - Processing /home/airflow/.local/lib/python3.7/site-packages/airflow/example_dags/tutorial_dag.py took 0.061 seconds
[2022-12-02T16:29:08.457+0000] {processor.py:154} INFO - Started process (PID=1417) to work on /home/airflow/.local/lib/python3.7/site-packages/airflow/example_dags/tutorial_dag.py
[2022-12-02T16:29:08.460+0000] {processor.py:756} INFO - Processing file /home/airflow/.local/lib/python3.7/site-packages/airflow/example_dags/tutorial_dag.py for tasks to queue
[2022-12-02T16:29:08.463+0000] {logging_mixin.py:120} INFO - [2022-12-02T16:29:08.462+0000] {dagbag.py:537} INFO - Filling up the DagBag from /home/airflow/.local/lib/python3.7/site-packages/airflow/example_dags/tutorial_dag.py
[2022-12-02T16:29:08.505+0000] {processor.py:766} INFO - DAG(s) dict_keys(['tutorial_dag']) retrieved from /home/airflow/.local/lib/python3.7/site-packages/airflow/example_dags/tutorial_dag.py
[2022-12-02T16:29:08.599+0000] {logging_mixin.py:120} INFO - [2022-12-02T16:29:08.599+0000] {dag.py:2585} INFO - Sync 1 DAGs
[2022-12-02T16:29:08.650+0000] {logging_mixin.py:120} INFO - [2022-12-02T16:29:08.650+0000] {dag.py:3340} INFO - Setting next_dagrun for tutorial_dag to None, run_after=None
[2022-12-02T16:29:08.673+0000] {processor.py:176} INFO - Processing /home/airflow/.local/lib/python3.7/site-packages/airflow/example_dags/tutorial_dag.py took 0.219 seconds
[2022-12-02T16:29:39.581+0000] {processor.py:154} INFO - Started process (PID=1480) to work on /home/airflow/.local/lib/python3.7/site-packages/airflow/example_dags/tutorial_dag.py
[2022-12-02T16:29:39.584+0000] {processor.py:756} INFO - Processing file /home/airflow/.local/lib/python3.7/site-packages/airflow/example_dags/tutorial_dag.py for tasks to queue
[2022-12-02T16:29:39.586+0000] {logging_mixin.py:120} INFO - [2022-12-02T16:29:39.586+0000] {dagbag.py:537} INFO - Filling up the DagBag from /home/airflow/.local/lib/python3.7/site-packages/airflow/example_dags/tutorial_dag.py
[2022-12-02T16:29:39.599+0000] {processor.py:766} INFO - DAG(s) dict_keys(['tutorial_dag']) retrieved from /home/airflow/.local/lib/python3.7/site-packages/airflow/example_dags/tutorial_dag.py
[2022-12-02T16:29:39.628+0000] {logging_mixin.py:120} INFO - [2022-12-02T16:29:39.628+0000] {dag.py:2585} INFO - Sync 1 DAGs
[2022-12-02T16:29:39.641+0000] {logging_mixin.py:120} INFO - [2022-12-02T16:29:39.641+0000] {dag.py:3340} INFO - Setting next_dagrun for tutorial_dag to None, run_after=None
[2022-12-02T16:29:39.652+0000] {processor.py:176} INFO - Processing /home/airflow/.local/lib/python3.7/site-packages/airflow/example_dags/tutorial_dag.py took 0.075 seconds
[2022-12-02T16:30:10.182+0000] {processor.py:154} INFO - Started process (PID=1543) to work on /home/airflow/.local/lib/python3.7/site-packages/airflow/example_dags/tutorial_dag.py
[2022-12-02T16:30:10.184+0000] {processor.py:756} INFO - Processing file /home/airflow/.local/lib/python3.7/site-packages/airflow/example_dags/tutorial_dag.py for tasks to queue
[2022-12-02T16:30:10.185+0000] {logging_mixin.py:120} INFO - [2022-12-02T16:30:10.185+0000] {dagbag.py:537} INFO - Filling up the DagBag from /home/airflow/.local/lib/python3.7/site-packages/airflow/example_dags/tutorial_dag.py
[2022-12-02T16:30:10.199+0000] {processor.py:766} INFO - DAG(s) dict_keys(['tutorial_dag']) retrieved from /home/airflow/.local/lib/python3.7/site-packages/airflow/example_dags/tutorial_dag.py
[2022-12-02T16:30:10.231+0000] {logging_mixin.py:120} INFO - [2022-12-02T16:30:10.231+0000] {dag.py:2585} INFO - Sync 1 DAGs
[2022-12-02T16:30:10.244+0000] {logging_mixin.py:120} INFO - [2022-12-02T16:30:10.244+0000] {dag.py:3340} INFO - Setting next_dagrun for tutorial_dag to None, run_after=None
[2022-12-02T16:30:10.255+0000] {processor.py:176} INFO - Processing /home/airflow/.local/lib/python3.7/site-packages/airflow/example_dags/tutorial_dag.py took 0.076 seconds
[2022-12-02T16:30:41.005+0000] {processor.py:154} INFO - Started process (PID=1606) to work on /home/airflow/.local/lib/python3.7/site-packages/airflow/example_dags/tutorial_dag.py
[2022-12-02T16:30:41.007+0000] {processor.py:756} INFO - Processing file /home/airflow/.local/lib/python3.7/site-packages/airflow/example_dags/tutorial_dag.py for tasks to queue
[2022-12-02T16:30:41.008+0000] {logging_mixin.py:120} INFO - [2022-12-02T16:30:41.008+0000] {dagbag.py:537} INFO - Filling up the DagBag from /home/airflow/.local/lib/python3.7/site-packages/airflow/example_dags/tutorial_dag.py
[2022-12-02T16:30:41.020+0000] {processor.py:766} INFO - DAG(s) dict_keys(['tutorial_dag']) retrieved from /home/airflow/.local/lib/python3.7/site-packages/airflow/example_dags/tutorial_dag.py
[2022-12-02T16:30:41.047+0000] {logging_mixin.py:120} INFO - [2022-12-02T16:30:41.047+0000] {dag.py:2585} INFO - Sync 1 DAGs
[2022-12-02T16:30:41.061+0000] {logging_mixin.py:120} INFO - [2022-12-02T16:30:41.060+0000] {dag.py:3340} INFO - Setting next_dagrun for tutorial_dag to None, run_after=None
[2022-12-02T16:30:41.071+0000] {processor.py:176} INFO - Processing /home/airflow/.local/lib/python3.7/site-packages/airflow/example_dags/tutorial_dag.py took 0.070 seconds
[2022-12-02T16:31:11.352+0000] {processor.py:154} INFO - Started process (PID=1669) to work on /home/airflow/.local/lib/python3.7/site-packages/airflow/example_dags/tutorial_dag.py
[2022-12-02T16:31:11.354+0000] {processor.py:756} INFO - Processing file /home/airflow/.local/lib/python3.7/site-packages/airflow/example_dags/tutorial_dag.py for tasks to queue
[2022-12-02T16:31:11.355+0000] {logging_mixin.py:120} INFO - [2022-12-02T16:31:11.355+0000] {dagbag.py:537} INFO - Filling up the DagBag from /home/airflow/.local/lib/python3.7/site-packages/airflow/example_dags/tutorial_dag.py
[2022-12-02T16:31:11.363+0000] {processor.py:766} INFO - DAG(s) dict_keys(['tutorial_dag']) retrieved from /home/airflow/.local/lib/python3.7/site-packages/airflow/example_dags/tutorial_dag.py
[2022-12-02T16:31:11.386+0000] {logging_mixin.py:120} INFO - [2022-12-02T16:31:11.386+0000] {dag.py:2585} INFO - Sync 1 DAGs
[2022-12-02T16:31:11.399+0000] {logging_mixin.py:120} INFO - [2022-12-02T16:31:11.399+0000] {dag.py:3340} INFO - Setting next_dagrun for tutorial_dag to None, run_after=None
[2022-12-02T16:31:11.408+0000] {processor.py:176} INFO - Processing /home/airflow/.local/lib/python3.7/site-packages/airflow/example_dags/tutorial_dag.py took 0.058 seconds
[2022-12-02T16:31:41.431+0000] {processor.py:154} INFO - Started process (PID=1722) to work on /home/airflow/.local/lib/python3.7/site-packages/airflow/example_dags/tutorial_dag.py
[2022-12-02T16:31:41.433+0000] {processor.py:756} INFO - Processing file /home/airflow/.local/lib/python3.7/site-packages/airflow/example_dags/tutorial_dag.py for tasks to queue
[2022-12-02T16:31:41.435+0000] {logging_mixin.py:120} INFO - [2022-12-02T16:31:41.434+0000] {dagbag.py:537} INFO - Filling up the DagBag from /home/airflow/.local/lib/python3.7/site-packages/airflow/example_dags/tutorial_dag.py
[2022-12-02T16:31:41.447+0000] {processor.py:766} INFO - DAG(s) dict_keys(['tutorial_dag']) retrieved from /home/airflow/.local/lib/python3.7/site-packages/airflow/example_dags/tutorial_dag.py
[2022-12-02T16:31:41.476+0000] {logging_mixin.py:120} INFO - [2022-12-02T16:31:41.476+0000] {dag.py:2585} INFO - Sync 1 DAGs
[2022-12-02T16:31:41.492+0000] {logging_mixin.py:120} INFO - [2022-12-02T16:31:41.492+0000] {dag.py:3340} INFO - Setting next_dagrun for tutorial_dag to None, run_after=None
[2022-12-02T16:31:41.501+0000] {processor.py:176} INFO - Processing /home/airflow/.local/lib/python3.7/site-packages/airflow/example_dags/tutorial_dag.py took 0.075 seconds
[2022-12-02T16:32:11.888+0000] {processor.py:154} INFO - Started process (PID=1786) to work on /home/airflow/.local/lib/python3.7/site-packages/airflow/example_dags/tutorial_dag.py
[2022-12-02T16:32:11.889+0000] {processor.py:756} INFO - Processing file /home/airflow/.local/lib/python3.7/site-packages/airflow/example_dags/tutorial_dag.py for tasks to queue
[2022-12-02T16:32:11.890+0000] {logging_mixin.py:120} INFO - [2022-12-02T16:32:11.890+0000] {dagbag.py:537} INFO - Filling up the DagBag from /home/airflow/.local/lib/python3.7/site-packages/airflow/example_dags/tutorial_dag.py
[2022-12-02T16:32:11.897+0000] {processor.py:766} INFO - DAG(s) dict_keys(['tutorial_dag']) retrieved from /home/airflow/.local/lib/python3.7/site-packages/airflow/example_dags/tutorial_dag.py
[2022-12-02T16:32:11.920+0000] {logging_mixin.py:120} INFO - [2022-12-02T16:32:11.920+0000] {dag.py:2585} INFO - Sync 1 DAGs
[2022-12-02T16:32:11.932+0000] {logging_mixin.py:120} INFO - [2022-12-02T16:32:11.932+0000] {dag.py:3340} INFO - Setting next_dagrun for tutorial_dag to None, run_after=None
[2022-12-02T16:32:11.943+0000] {processor.py:176} INFO - Processing /home/airflow/.local/lib/python3.7/site-packages/airflow/example_dags/tutorial_dag.py took 0.058 seconds
[2022-12-02T16:32:42.120+0000] {processor.py:154} INFO - Started process (PID=1850) to work on /home/airflow/.local/lib/python3.7/site-packages/airflow/example_dags/tutorial_dag.py
[2022-12-02T16:32:42.122+0000] {processor.py:756} INFO - Processing file /home/airflow/.local/lib/python3.7/site-packages/airflow/example_dags/tutorial_dag.py for tasks to queue
[2022-12-02T16:32:42.122+0000] {logging_mixin.py:120} INFO - [2022-12-02T16:32:42.122+0000] {dagbag.py:537} INFO - Filling up the DagBag from /home/airflow/.local/lib/python3.7/site-packages/airflow/example_dags/tutorial_dag.py
[2022-12-02T16:32:42.133+0000] {processor.py:766} INFO - DAG(s) dict_keys(['tutorial_dag']) retrieved from /home/airflow/.local/lib/python3.7/site-packages/airflow/example_dags/tutorial_dag.py
[2022-12-02T16:32:42.165+0000] {logging_mixin.py:120} INFO - [2022-12-02T16:32:42.165+0000] {dag.py:2585} INFO - Sync 1 DAGs
[2022-12-02T16:32:42.180+0000] {logging_mixin.py:120} INFO - [2022-12-02T16:32:42.180+0000] {dag.py:3340} INFO - Setting next_dagrun for tutorial_dag to None, run_after=None
[2022-12-02T16:32:42.191+0000] {processor.py:176} INFO - Processing /home/airflow/.local/lib/python3.7/site-packages/airflow/example_dags/tutorial_dag.py took 0.072 seconds
[2022-12-02T16:33:12.398+0000] {processor.py:154} INFO - Started process (PID=1914) to work on /home/airflow/.local/lib/python3.7/site-packages/airflow/example_dags/tutorial_dag.py
[2022-12-02T16:33:12.399+0000] {processor.py:756} INFO - Processing file /home/airflow/.local/lib/python3.7/site-packages/airflow/example_dags/tutorial_dag.py for tasks to queue
[2022-12-02T16:33:12.400+0000] {logging_mixin.py:120} INFO - [2022-12-02T16:33:12.400+0000] {dagbag.py:537} INFO - Filling up the DagBag from /home/airflow/.local/lib/python3.7/site-packages/airflow/example_dags/tutorial_dag.py
[2022-12-02T16:33:12.408+0000] {processor.py:766} INFO - DAG(s) dict_keys(['tutorial_dag']) retrieved from /home/airflow/.local/lib/python3.7/site-packages/airflow/example_dags/tutorial_dag.py
[2022-12-02T16:33:12.431+0000] {logging_mixin.py:120} INFO - [2022-12-02T16:33:12.431+0000] {dag.py:2585} INFO - Sync 1 DAGs
[2022-12-02T16:33:12.445+0000] {logging_mixin.py:120} INFO - [2022-12-02T16:33:12.445+0000] {dag.py:3340} INFO - Setting next_dagrun for tutorial_dag to None, run_after=None
[2022-12-02T16:33:12.455+0000] {processor.py:176} INFO - Processing /home/airflow/.local/lib/python3.7/site-packages/airflow/example_dags/tutorial_dag.py took 0.059 seconds
[2022-12-02T16:33:43.345+0000] {processor.py:154} INFO - Started process (PID=1978) to work on /home/airflow/.local/lib/python3.7/site-packages/airflow/example_dags/tutorial_dag.py
[2022-12-02T16:33:43.346+0000] {processor.py:756} INFO - Processing file /home/airflow/.local/lib/python3.7/site-packages/airflow/example_dags/tutorial_dag.py for tasks to queue
[2022-12-02T16:33:43.347+0000] {logging_mixin.py:120} INFO - [2022-12-02T16:33:43.347+0000] {dagbag.py:537} INFO - Filling up the DagBag from /home/airflow/.local/lib/python3.7/site-packages/airflow/example_dags/tutorial_dag.py
[2022-12-02T16:33:43.355+0000] {processor.py:766} INFO - DAG(s) dict_keys(['tutorial_dag']) retrieved from /home/airflow/.local/lib/python3.7/site-packages/airflow/example_dags/tutorial_dag.py
[2022-12-02T16:33:43.379+0000] {logging_mixin.py:120} INFO - [2022-12-02T16:33:43.379+0000] {dag.py:2585} INFO - Sync 1 DAGs
[2022-12-02T16:33:43.395+0000] {logging_mixin.py:120} INFO - [2022-12-02T16:33:43.395+0000] {dag.py:3340} INFO - Setting next_dagrun for tutorial_dag to None, run_after=None
[2022-12-02T16:33:43.404+0000] {processor.py:176} INFO - Processing /home/airflow/.local/lib/python3.7/site-packages/airflow/example_dags/tutorial_dag.py took 0.061 seconds
[2022-12-02T16:34:13.686+0000] {processor.py:154} INFO - Started process (PID=2043) to work on /home/airflow/.local/lib/python3.7/site-packages/airflow/example_dags/tutorial_dag.py
[2022-12-02T16:34:13.687+0000] {processor.py:756} INFO - Processing file /home/airflow/.local/lib/python3.7/site-packages/airflow/example_dags/tutorial_dag.py for tasks to queue
[2022-12-02T16:34:13.688+0000] {logging_mixin.py:120} INFO - [2022-12-02T16:34:13.688+0000] {dagbag.py:537} INFO - Filling up the DagBag from /home/airflow/.local/lib/python3.7/site-packages/airflow/example_dags/tutorial_dag.py
[2022-12-02T16:34:13.697+0000] {processor.py:766} INFO - DAG(s) dict_keys(['tutorial_dag']) retrieved from /home/airflow/.local/lib/python3.7/site-packages/airflow/example_dags/tutorial_dag.py
[2022-12-02T16:34:13.722+0000] {logging_mixin.py:120} INFO - [2022-12-02T16:34:13.721+0000] {dag.py:2585} INFO - Sync 1 DAGs
[2022-12-02T16:34:13.737+0000] {logging_mixin.py:120} INFO - [2022-12-02T16:34:13.737+0000] {dag.py:3340} INFO - Setting next_dagrun for tutorial_dag to None, run_after=None
[2022-12-02T16:34:13.746+0000] {processor.py:176} INFO - Processing /home/airflow/.local/lib/python3.7/site-packages/airflow/example_dags/tutorial_dag.py took 0.063 seconds
[2022-12-02T16:34:43.894+0000] {processor.py:154} INFO - Started process (PID=2098) to work on /home/airflow/.local/lib/python3.7/site-packages/airflow/example_dags/tutorial_dag.py
[2022-12-02T16:34:43.895+0000] {processor.py:756} INFO - Processing file /home/airflow/.local/lib/python3.7/site-packages/airflow/example_dags/tutorial_dag.py for tasks to queue
[2022-12-02T16:34:43.896+0000] {logging_mixin.py:120} INFO - [2022-12-02T16:34:43.896+0000] {dagbag.py:537} INFO - Filling up the DagBag from /home/airflow/.local/lib/python3.7/site-packages/airflow/example_dags/tutorial_dag.py
[2022-12-02T16:34:43.903+0000] {processor.py:766} INFO - DAG(s) dict_keys(['tutorial_dag']) retrieved from /home/airflow/.local/lib/python3.7/site-packages/airflow/example_dags/tutorial_dag.py
[2022-12-02T16:34:43.926+0000] {logging_mixin.py:120} INFO - [2022-12-02T16:34:43.926+0000] {dag.py:2585} INFO - Sync 1 DAGs
[2022-12-02T16:34:43.939+0000] {logging_mixin.py:120} INFO - [2022-12-02T16:34:43.939+0000] {dag.py:3340} INFO - Setting next_dagrun for tutorial_dag to None, run_after=None
[2022-12-02T16:34:43.950+0000] {processor.py:176} INFO - Processing /home/airflow/.local/lib/python3.7/site-packages/airflow/example_dags/tutorial_dag.py took 0.058 seconds
[2022-12-02T16:35:14.881+0000] {processor.py:154} INFO - Started process (PID=2162) to work on /home/airflow/.local/lib/python3.7/site-packages/airflow/example_dags/tutorial_dag.py
[2022-12-02T16:35:14.882+0000] {processor.py:756} INFO - Processing file /home/airflow/.local/lib/python3.7/site-packages/airflow/example_dags/tutorial_dag.py for tasks to queue
[2022-12-02T16:35:14.883+0000] {logging_mixin.py:120} INFO - [2022-12-02T16:35:14.883+0000] {dagbag.py:537} INFO - Filling up the DagBag from /home/airflow/.local/lib/python3.7/site-packages/airflow/example_dags/tutorial_dag.py
[2022-12-02T16:35:14.891+0000] {processor.py:766} INFO - DAG(s) dict_keys(['tutorial_dag']) retrieved from /home/airflow/.local/lib/python3.7/site-packages/airflow/example_dags/tutorial_dag.py
[2022-12-02T16:35:14.914+0000] {logging_mixin.py:120} INFO - [2022-12-02T16:35:14.914+0000] {dag.py:2585} INFO - Sync 1 DAGs
[2022-12-02T16:35:14.930+0000] {logging_mixin.py:120} INFO - [2022-12-02T16:35:14.930+0000] {dag.py:3340} INFO - Setting next_dagrun for tutorial_dag to None, run_after=None
[2022-12-02T16:35:14.939+0000] {processor.py:176} INFO - Processing /home/airflow/.local/lib/python3.7/site-packages/airflow/example_dags/tutorial_dag.py took 0.059 seconds
[2022-12-02T16:35:45.056+0000] {processor.py:154} INFO - Started process (PID=2227) to work on /home/airflow/.local/lib/python3.7/site-packages/airflow/example_dags/tutorial_dag.py
[2022-12-02T16:35:45.057+0000] {processor.py:756} INFO - Processing file /home/airflow/.local/lib/python3.7/site-packages/airflow/example_dags/tutorial_dag.py for tasks to queue
[2022-12-02T16:35:45.058+0000] {logging_mixin.py:120} INFO - [2022-12-02T16:35:45.058+0000] {dagbag.py:537} INFO - Filling up the DagBag from /home/airflow/.local/lib/python3.7/site-packages/airflow/example_dags/tutorial_dag.py
[2022-12-02T16:35:45.065+0000] {processor.py:766} INFO - DAG(s) dict_keys(['tutorial_dag']) retrieved from /home/airflow/.local/lib/python3.7/site-packages/airflow/example_dags/tutorial_dag.py
[2022-12-02T16:35:45.096+0000] {logging_mixin.py:120} INFO - [2022-12-02T16:35:45.095+0000] {dag.py:2585} INFO - Sync 1 DAGs
[2022-12-02T16:35:45.109+0000] {logging_mixin.py:120} INFO - [2022-12-02T16:35:45.108+0000] {dag.py:3340} INFO - Setting next_dagrun for tutorial_dag to None, run_after=None
[2022-12-02T16:35:45.119+0000] {processor.py:176} INFO - Processing /home/airflow/.local/lib/python3.7/site-packages/airflow/example_dags/tutorial_dag.py took 0.065 seconds
[2022-12-02T16:36:15.972+0000] {processor.py:154} INFO - Started process (PID=2291) to work on /home/airflow/.local/lib/python3.7/site-packages/airflow/example_dags/tutorial_dag.py
[2022-12-02T16:36:15.973+0000] {processor.py:756} INFO - Processing file /home/airflow/.local/lib/python3.7/site-packages/airflow/example_dags/tutorial_dag.py for tasks to queue
[2022-12-02T16:36:15.974+0000] {logging_mixin.py:120} INFO - [2022-12-02T16:36:15.974+0000] {dagbag.py:537} INFO - Filling up the DagBag from /home/airflow/.local/lib/python3.7/site-packages/airflow/example_dags/tutorial_dag.py
[2022-12-02T16:36:15.982+0000] {processor.py:766} INFO - DAG(s) dict_keys(['tutorial_dag']) retrieved from /home/airflow/.local/lib/python3.7/site-packages/airflow/example_dags/tutorial_dag.py
[2022-12-02T16:36:16.006+0000] {logging_mixin.py:120} INFO - [2022-12-02T16:36:16.005+0000] {dag.py:2585} INFO - Sync 1 DAGs
[2022-12-02T16:36:16.023+0000] {logging_mixin.py:120} INFO - [2022-12-02T16:36:16.023+0000] {dag.py:3340} INFO - Setting next_dagrun for tutorial_dag to None, run_after=None
[2022-12-02T16:36:16.032+0000] {processor.py:176} INFO - Processing /home/airflow/.local/lib/python3.7/site-packages/airflow/example_dags/tutorial_dag.py took 0.062 seconds
[2022-12-02T16:36:47.036+0000] {processor.py:154} INFO - Started process (PID=2355) to work on /home/airflow/.local/lib/python3.7/site-packages/airflow/example_dags/tutorial_dag.py
[2022-12-02T16:36:47.038+0000] {processor.py:756} INFO - Processing file /home/airflow/.local/lib/python3.7/site-packages/airflow/example_dags/tutorial_dag.py for tasks to queue
[2022-12-02T16:36:47.038+0000] {logging_mixin.py:120} INFO - [2022-12-02T16:36:47.038+0000] {dagbag.py:537} INFO - Filling up the DagBag from /home/airflow/.local/lib/python3.7/site-packages/airflow/example_dags/tutorial_dag.py
[2022-12-02T16:36:47.047+0000] {processor.py:766} INFO - DAG(s) dict_keys(['tutorial_dag']) retrieved from /home/airflow/.local/lib/python3.7/site-packages/airflow/example_dags/tutorial_dag.py
[2022-12-02T16:36:47.073+0000] {logging_mixin.py:120} INFO - [2022-12-02T16:36:47.072+0000] {dag.py:2585} INFO - Sync 1 DAGs
[2022-12-02T16:36:47.088+0000] {logging_mixin.py:120} INFO - [2022-12-02T16:36:47.087+0000] {dag.py:3340} INFO - Setting next_dagrun for tutorial_dag to None, run_after=None
[2022-12-02T16:36:47.101+0000] {processor.py:176} INFO - Processing /home/airflow/.local/lib/python3.7/site-packages/airflow/example_dags/tutorial_dag.py took 0.067 seconds
[2022-12-02T16:37:17.306+0000] {processor.py:154} INFO - Started process (PID=2419) to work on /home/airflow/.local/lib/python3.7/site-packages/airflow/example_dags/tutorial_dag.py
[2022-12-02T16:37:17.308+0000] {processor.py:756} INFO - Processing file /home/airflow/.local/lib/python3.7/site-packages/airflow/example_dags/tutorial_dag.py for tasks to queue
[2022-12-02T16:37:17.309+0000] {logging_mixin.py:120} INFO - [2022-12-02T16:37:17.309+0000] {dagbag.py:537} INFO - Filling up the DagBag from /home/airflow/.local/lib/python3.7/site-packages/airflow/example_dags/tutorial_dag.py
[2022-12-02T16:37:17.317+0000] {processor.py:766} INFO - DAG(s) dict_keys(['tutorial_dag']) retrieved from /home/airflow/.local/lib/python3.7/site-packages/airflow/example_dags/tutorial_dag.py
[2022-12-02T16:37:17.339+0000] {logging_mixin.py:120} INFO - [2022-12-02T16:37:17.339+0000] {dag.py:2585} INFO - Sync 1 DAGs
[2022-12-02T16:37:17.352+0000] {logging_mixin.py:120} INFO - [2022-12-02T16:37:17.352+0000] {dag.py:3340} INFO - Setting next_dagrun for tutorial_dag to None, run_after=None
[2022-12-02T16:37:17.363+0000] {processor.py:176} INFO - Processing /home/airflow/.local/lib/python3.7/site-packages/airflow/example_dags/tutorial_dag.py took 0.059 seconds
[2022-12-02T16:37:47.573+0000] {processor.py:154} INFO - Started process (PID=2485) to work on /home/airflow/.local/lib/python3.7/site-packages/airflow/example_dags/tutorial_dag.py
[2022-12-02T16:37:47.575+0000] {processor.py:756} INFO - Processing file /home/airflow/.local/lib/python3.7/site-packages/airflow/example_dags/tutorial_dag.py for tasks to queue
[2022-12-02T16:37:47.576+0000] {logging_mixin.py:120} INFO - [2022-12-02T16:37:47.576+0000] {dagbag.py:537} INFO - Filling up the DagBag from /home/airflow/.local/lib/python3.7/site-packages/airflow/example_dags/tutorial_dag.py
[2022-12-02T16:37:47.590+0000] {processor.py:766} INFO - DAG(s) dict_keys(['tutorial_dag']) retrieved from /home/airflow/.local/lib/python3.7/site-packages/airflow/example_dags/tutorial_dag.py
[2022-12-02T16:37:47.645+0000] {logging_mixin.py:120} INFO - [2022-12-02T16:37:47.645+0000] {dag.py:2585} INFO - Sync 1 DAGs
[2022-12-02T16:37:47.666+0000] {logging_mixin.py:120} INFO - [2022-12-02T16:37:47.665+0000] {dag.py:3340} INFO - Setting next_dagrun for tutorial_dag to None, run_after=None
[2022-12-02T16:37:47.690+0000] {processor.py:176} INFO - Processing /home/airflow/.local/lib/python3.7/site-packages/airflow/example_dags/tutorial_dag.py took 0.120 seconds
[2022-12-02T16:38:17.867+0000] {processor.py:154} INFO - Started process (PID=2541) to work on /home/airflow/.local/lib/python3.7/site-packages/airflow/example_dags/tutorial_dag.py
[2022-12-02T16:38:17.869+0000] {processor.py:756} INFO - Processing file /home/airflow/.local/lib/python3.7/site-packages/airflow/example_dags/tutorial_dag.py for tasks to queue
[2022-12-02T16:38:17.870+0000] {logging_mixin.py:120} INFO - [2022-12-02T16:38:17.870+0000] {dagbag.py:537} INFO - Filling up the DagBag from /home/airflow/.local/lib/python3.7/site-packages/airflow/example_dags/tutorial_dag.py
[2022-12-02T16:38:17.879+0000] {processor.py:766} INFO - DAG(s) dict_keys(['tutorial_dag']) retrieved from /home/airflow/.local/lib/python3.7/site-packages/airflow/example_dags/tutorial_dag.py
[2022-12-02T16:38:17.903+0000] {logging_mixin.py:120} INFO - [2022-12-02T16:38:17.903+0000] {dag.py:2585} INFO - Sync 1 DAGs
[2022-12-02T16:38:17.918+0000] {logging_mixin.py:120} INFO - [2022-12-02T16:38:17.918+0000] {dag.py:3340} INFO - Setting next_dagrun for tutorial_dag to None, run_after=None
[2022-12-02T16:38:17.927+0000] {processor.py:176} INFO - Processing /home/airflow/.local/lib/python3.7/site-packages/airflow/example_dags/tutorial_dag.py took 0.063 seconds
[2022-12-02T16:38:48.023+0000] {processor.py:154} INFO - Started process (PID=2605) to work on /home/airflow/.local/lib/python3.7/site-packages/airflow/example_dags/tutorial_dag.py
[2022-12-02T16:38:48.024+0000] {processor.py:756} INFO - Processing file /home/airflow/.local/lib/python3.7/site-packages/airflow/example_dags/tutorial_dag.py for tasks to queue
[2022-12-02T16:38:48.025+0000] {logging_mixin.py:120} INFO - [2022-12-02T16:38:48.025+0000] {dagbag.py:537} INFO - Filling up the DagBag from /home/airflow/.local/lib/python3.7/site-packages/airflow/example_dags/tutorial_dag.py
[2022-12-02T16:38:48.033+0000] {processor.py:766} INFO - DAG(s) dict_keys(['tutorial_dag']) retrieved from /home/airflow/.local/lib/python3.7/site-packages/airflow/example_dags/tutorial_dag.py
[2022-12-02T16:38:48.056+0000] {logging_mixin.py:120} INFO - [2022-12-02T16:38:48.056+0000] {dag.py:2585} INFO - Sync 1 DAGs
[2022-12-02T16:38:48.069+0000] {logging_mixin.py:120} INFO - [2022-12-02T16:38:48.069+0000] {dag.py:3340} INFO - Setting next_dagrun for tutorial_dag to None, run_after=None
[2022-12-02T16:38:48.080+0000] {processor.py:176} INFO - Processing /home/airflow/.local/lib/python3.7/site-packages/airflow/example_dags/tutorial_dag.py took 0.059 seconds
[2022-12-02T16:39:18.183+0000] {processor.py:154} INFO - Started process (PID=2669) to work on /home/airflow/.local/lib/python3.7/site-packages/airflow/example_dags/tutorial_dag.py
[2022-12-02T16:39:18.185+0000] {processor.py:756} INFO - Processing file /home/airflow/.local/lib/python3.7/site-packages/airflow/example_dags/tutorial_dag.py for tasks to queue
[2022-12-02T16:39:18.186+0000] {logging_mixin.py:120} INFO - [2022-12-02T16:39:18.186+0000] {dagbag.py:537} INFO - Filling up the DagBag from /home/airflow/.local/lib/python3.7/site-packages/airflow/example_dags/tutorial_dag.py
[2022-12-02T16:39:18.194+0000] {processor.py:766} INFO - DAG(s) dict_keys(['tutorial_dag']) retrieved from /home/airflow/.local/lib/python3.7/site-packages/airflow/example_dags/tutorial_dag.py
[2022-12-02T16:39:18.219+0000] {logging_mixin.py:120} INFO - [2022-12-02T16:39:18.218+0000] {dag.py:2585} INFO - Sync 1 DAGs
[2022-12-02T16:39:18.234+0000] {logging_mixin.py:120} INFO - [2022-12-02T16:39:18.234+0000] {dag.py:3340} INFO - Setting next_dagrun for tutorial_dag to None, run_after=None
[2022-12-02T16:39:18.246+0000] {processor.py:176} INFO - Processing /home/airflow/.local/lib/python3.7/site-packages/airflow/example_dags/tutorial_dag.py took 0.064 seconds
[2022-12-02T16:39:49.917+0000] {processor.py:154} INFO - Started process (PID=2732) to work on /home/airflow/.local/lib/python3.7/site-packages/airflow/example_dags/tutorial_dag.py
[2022-12-02T16:39:49.920+0000] {processor.py:756} INFO - Processing file /home/airflow/.local/lib/python3.7/site-packages/airflow/example_dags/tutorial_dag.py for tasks to queue
[2022-12-02T16:39:49.922+0000] {logging_mixin.py:120} INFO - [2022-12-02T16:39:49.922+0000] {dagbag.py:537} INFO - Filling up the DagBag from /home/airflow/.local/lib/python3.7/site-packages/airflow/example_dags/tutorial_dag.py
[2022-12-02T16:39:49.931+0000] {processor.py:766} INFO - DAG(s) dict_keys(['tutorial_dag']) retrieved from /home/airflow/.local/lib/python3.7/site-packages/airflow/example_dags/tutorial_dag.py
[2022-12-02T16:39:49.956+0000] {logging_mixin.py:120} INFO - [2022-12-02T16:39:49.956+0000] {dag.py:2585} INFO - Sync 1 DAGs
[2022-12-02T16:39:49.970+0000] {logging_mixin.py:120} INFO - [2022-12-02T16:39:49.970+0000] {dag.py:3340} INFO - Setting next_dagrun for tutorial_dag to None, run_after=None
[2022-12-02T16:39:49.984+0000] {processor.py:176} INFO - Processing /home/airflow/.local/lib/python3.7/site-packages/airflow/example_dags/tutorial_dag.py took 0.069 seconds
[2022-12-02T16:40:20.470+0000] {processor.py:154} INFO - Started process (PID=2795) to work on /home/airflow/.local/lib/python3.7/site-packages/airflow/example_dags/tutorial_dag.py
[2022-12-02T16:40:20.471+0000] {processor.py:756} INFO - Processing file /home/airflow/.local/lib/python3.7/site-packages/airflow/example_dags/tutorial_dag.py for tasks to queue
[2022-12-02T16:40:20.472+0000] {logging_mixin.py:120} INFO - [2022-12-02T16:40:20.472+0000] {dagbag.py:537} INFO - Filling up the DagBag from /home/airflow/.local/lib/python3.7/site-packages/airflow/example_dags/tutorial_dag.py
[2022-12-02T16:40:20.480+0000] {processor.py:766} INFO - DAG(s) dict_keys(['tutorial_dag']) retrieved from /home/airflow/.local/lib/python3.7/site-packages/airflow/example_dags/tutorial_dag.py
[2022-12-02T16:40:20.503+0000] {logging_mixin.py:120} INFO - [2022-12-02T16:40:20.503+0000] {dag.py:2585} INFO - Sync 1 DAGs
[2022-12-02T16:40:20.515+0000] {logging_mixin.py:120} INFO - [2022-12-02T16:40:20.515+0000] {dag.py:3340} INFO - Setting next_dagrun for tutorial_dag to None, run_after=None
[2022-12-02T16:40:20.525+0000] {processor.py:176} INFO - Processing /home/airflow/.local/lib/python3.7/site-packages/airflow/example_dags/tutorial_dag.py took 0.057 seconds
[2022-12-02T16:40:50.826+0000] {processor.py:154} INFO - Started process (PID=2860) to work on /home/airflow/.local/lib/python3.7/site-packages/airflow/example_dags/tutorial_dag.py
[2022-12-02T16:40:50.828+0000] {processor.py:756} INFO - Processing file /home/airflow/.local/lib/python3.7/site-packages/airflow/example_dags/tutorial_dag.py for tasks to queue
[2022-12-02T16:40:50.829+0000] {logging_mixin.py:120} INFO - [2022-12-02T16:40:50.828+0000] {dagbag.py:537} INFO - Filling up the DagBag from /home/airflow/.local/lib/python3.7/site-packages/airflow/example_dags/tutorial_dag.py
[2022-12-02T16:40:50.837+0000] {processor.py:766} INFO - DAG(s) dict_keys(['tutorial_dag']) retrieved from /home/airflow/.local/lib/python3.7/site-packages/airflow/example_dags/tutorial_dag.py
[2022-12-02T16:40:50.859+0000] {logging_mixin.py:120} INFO - [2022-12-02T16:40:50.859+0000] {dag.py:2585} INFO - Sync 1 DAGs
[2022-12-02T16:40:50.872+0000] {logging_mixin.py:120} INFO - [2022-12-02T16:40:50.872+0000] {dag.py:3340} INFO - Setting next_dagrun for tutorial_dag to None, run_after=None
[2022-12-02T16:40:50.884+0000] {processor.py:176} INFO - Processing /home/airflow/.local/lib/python3.7/site-packages/airflow/example_dags/tutorial_dag.py took 0.060 seconds
[2022-12-02T16:41:21.096+0000] {processor.py:154} INFO - Started process (PID=2915) to work on /home/airflow/.local/lib/python3.7/site-packages/airflow/example_dags/tutorial_dag.py
[2022-12-02T16:41:21.097+0000] {processor.py:756} INFO - Processing file /home/airflow/.local/lib/python3.7/site-packages/airflow/example_dags/tutorial_dag.py for tasks to queue
[2022-12-02T16:41:21.098+0000] {logging_mixin.py:120} INFO - [2022-12-02T16:41:21.098+0000] {dagbag.py:537} INFO - Filling up the DagBag from /home/airflow/.local/lib/python3.7/site-packages/airflow/example_dags/tutorial_dag.py
[2022-12-02T16:41:21.107+0000] {processor.py:766} INFO - DAG(s) dict_keys(['tutorial_dag']) retrieved from /home/airflow/.local/lib/python3.7/site-packages/airflow/example_dags/tutorial_dag.py
[2022-12-02T16:41:21.123+0000] {logging_mixin.py:120} INFO - [2022-12-02T16:41:21.123+0000] {dag.py:2585} INFO - Sync 1 DAGs
[2022-12-02T16:41:21.139+0000] {logging_mixin.py:120} INFO - [2022-12-02T16:41:21.138+0000] {dag.py:3340} INFO - Setting next_dagrun for tutorial_dag to None, run_after=None
[2022-12-02T16:41:21.151+0000] {processor.py:176} INFO - Processing /home/airflow/.local/lib/python3.7/site-packages/airflow/example_dags/tutorial_dag.py took 0.058 seconds
[2022-12-02T16:41:52.325+0000] {processor.py:154} INFO - Started process (PID=2980) to work on /home/airflow/.local/lib/python3.7/site-packages/airflow/example_dags/tutorial_dag.py
[2022-12-02T16:41:52.327+0000] {processor.py:756} INFO - Processing file /home/airflow/.local/lib/python3.7/site-packages/airflow/example_dags/tutorial_dag.py for tasks to queue
[2022-12-02T16:41:52.328+0000] {logging_mixin.py:120} INFO - [2022-12-02T16:41:52.328+0000] {dagbag.py:537} INFO - Filling up the DagBag from /home/airflow/.local/lib/python3.7/site-packages/airflow/example_dags/tutorial_dag.py
[2022-12-02T16:41:52.336+0000] {processor.py:766} INFO - DAG(s) dict_keys(['tutorial_dag']) retrieved from /home/airflow/.local/lib/python3.7/site-packages/airflow/example_dags/tutorial_dag.py
[2022-12-02T16:41:52.367+0000] {logging_mixin.py:120} INFO - [2022-12-02T16:41:52.366+0000] {dag.py:2585} INFO - Sync 1 DAGs
[2022-12-02T16:41:52.379+0000] {logging_mixin.py:120} INFO - [2022-12-02T16:41:52.379+0000] {dag.py:3340} INFO - Setting next_dagrun for tutorial_dag to None, run_after=None
[2022-12-02T16:41:52.390+0000] {processor.py:176} INFO - Processing /home/airflow/.local/lib/python3.7/site-packages/airflow/example_dags/tutorial_dag.py took 0.068 seconds
[2022-12-02T16:42:22.504+0000] {processor.py:154} INFO - Started process (PID=3044) to work on /home/airflow/.local/lib/python3.7/site-packages/airflow/example_dags/tutorial_dag.py
[2022-12-02T16:42:22.506+0000] {processor.py:756} INFO - Processing file /home/airflow/.local/lib/python3.7/site-packages/airflow/example_dags/tutorial_dag.py for tasks to queue
[2022-12-02T16:42:22.506+0000] {logging_mixin.py:120} INFO - [2022-12-02T16:42:22.506+0000] {dagbag.py:537} INFO - Filling up the DagBag from /home/airflow/.local/lib/python3.7/site-packages/airflow/example_dags/tutorial_dag.py
[2022-12-02T16:42:22.515+0000] {processor.py:766} INFO - DAG(s) dict_keys(['tutorial_dag']) retrieved from /home/airflow/.local/lib/python3.7/site-packages/airflow/example_dags/tutorial_dag.py
[2022-12-02T16:42:22.542+0000] {logging_mixin.py:120} INFO - [2022-12-02T16:42:22.542+0000] {dag.py:2585} INFO - Sync 1 DAGs
[2022-12-02T16:42:22.556+0000] {logging_mixin.py:120} INFO - [2022-12-02T16:42:22.556+0000] {dag.py:3340} INFO - Setting next_dagrun for tutorial_dag to None, run_after=None
[2022-12-02T16:42:22.566+0000] {processor.py:176} INFO - Processing /home/airflow/.local/lib/python3.7/site-packages/airflow/example_dags/tutorial_dag.py took 0.065 seconds
[2022-12-02T16:42:52.910+0000] {processor.py:154} INFO - Started process (PID=3108) to work on /home/airflow/.local/lib/python3.7/site-packages/airflow/example_dags/tutorial_dag.py
[2022-12-02T16:42:52.912+0000] {processor.py:756} INFO - Processing file /home/airflow/.local/lib/python3.7/site-packages/airflow/example_dags/tutorial_dag.py for tasks to queue
[2022-12-02T16:42:52.912+0000] {logging_mixin.py:120} INFO - [2022-12-02T16:42:52.912+0000] {dagbag.py:537} INFO - Filling up the DagBag from /home/airflow/.local/lib/python3.7/site-packages/airflow/example_dags/tutorial_dag.py
[2022-12-02T16:42:52.920+0000] {processor.py:766} INFO - DAG(s) dict_keys(['tutorial_dag']) retrieved from /home/airflow/.local/lib/python3.7/site-packages/airflow/example_dags/tutorial_dag.py
[2022-12-02T16:42:52.943+0000] {logging_mixin.py:120} INFO - [2022-12-02T16:42:52.943+0000] {dag.py:2585} INFO - Sync 1 DAGs
[2022-12-02T16:42:52.957+0000] {logging_mixin.py:120} INFO - [2022-12-02T16:42:52.957+0000] {dag.py:3340} INFO - Setting next_dagrun for tutorial_dag to None, run_after=None
[2022-12-02T16:42:52.967+0000] {processor.py:176} INFO - Processing /home/airflow/.local/lib/python3.7/site-packages/airflow/example_dags/tutorial_dag.py took 0.059 seconds
[2022-12-02T16:43:23.246+0000] {processor.py:154} INFO - Started process (PID=3172) to work on /home/airflow/.local/lib/python3.7/site-packages/airflow/example_dags/tutorial_dag.py
[2022-12-02T16:43:23.247+0000] {processor.py:756} INFO - Processing file /home/airflow/.local/lib/python3.7/site-packages/airflow/example_dags/tutorial_dag.py for tasks to queue
[2022-12-02T16:43:23.248+0000] {logging_mixin.py:120} INFO - [2022-12-02T16:43:23.248+0000] {dagbag.py:537} INFO - Filling up the DagBag from /home/airflow/.local/lib/python3.7/site-packages/airflow/example_dags/tutorial_dag.py
[2022-12-02T16:43:23.258+0000] {processor.py:766} INFO - DAG(s) dict_keys(['tutorial_dag']) retrieved from /home/airflow/.local/lib/python3.7/site-packages/airflow/example_dags/tutorial_dag.py
[2022-12-02T16:43:23.285+0000] {logging_mixin.py:120} INFO - [2022-12-02T16:43:23.285+0000] {dag.py:2585} INFO - Sync 1 DAGs
[2022-12-02T16:43:23.300+0000] {logging_mixin.py:120} INFO - [2022-12-02T16:43:23.300+0000] {dag.py:3340} INFO - Setting next_dagrun for tutorial_dag to None, run_after=None
[2022-12-02T16:43:23.312+0000] {processor.py:176} INFO - Processing /home/airflow/.local/lib/python3.7/site-packages/airflow/example_dags/tutorial_dag.py took 0.069 seconds
[2022-12-02T16:43:53.441+0000] {processor.py:154} INFO - Started process (PID=3236) to work on /home/airflow/.local/lib/python3.7/site-packages/airflow/example_dags/tutorial_dag.py
[2022-12-02T16:43:53.442+0000] {processor.py:756} INFO - Processing file /home/airflow/.local/lib/python3.7/site-packages/airflow/example_dags/tutorial_dag.py for tasks to queue
[2022-12-02T16:43:53.444+0000] {logging_mixin.py:120} INFO - [2022-12-02T16:43:53.444+0000] {dagbag.py:537} INFO - Filling up the DagBag from /home/airflow/.local/lib/python3.7/site-packages/airflow/example_dags/tutorial_dag.py
[2022-12-02T16:43:53.455+0000] {processor.py:766} INFO - DAG(s) dict_keys(['tutorial_dag']) retrieved from /home/airflow/.local/lib/python3.7/site-packages/airflow/example_dags/tutorial_dag.py
[2022-12-02T16:43:53.492+0000] {logging_mixin.py:120} INFO - [2022-12-02T16:43:53.492+0000] {dag.py:2585} INFO - Sync 1 DAGs
[2022-12-02T16:43:53.523+0000] {logging_mixin.py:120} INFO - [2022-12-02T16:43:53.522+0000] {dag.py:3340} INFO - Setting next_dagrun for tutorial_dag to None, run_after=None
[2022-12-02T16:43:53.540+0000] {processor.py:176} INFO - Processing /home/airflow/.local/lib/python3.7/site-packages/airflow/example_dags/tutorial_dag.py took 0.101 seconds
[2022-12-02T16:44:23.586+0000] {processor.py:154} INFO - Started process (PID=3292) to work on /home/airflow/.local/lib/python3.7/site-packages/airflow/example_dags/tutorial_dag.py
[2022-12-02T16:44:23.588+0000] {processor.py:756} INFO - Processing file /home/airflow/.local/lib/python3.7/site-packages/airflow/example_dags/tutorial_dag.py for tasks to queue
[2022-12-02T16:44:23.588+0000] {logging_mixin.py:120} INFO - [2022-12-02T16:44:23.588+0000] {dagbag.py:537} INFO - Filling up the DagBag from /home/airflow/.local/lib/python3.7/site-packages/airflow/example_dags/tutorial_dag.py
[2022-12-02T16:44:23.595+0000] {processor.py:766} INFO - DAG(s) dict_keys(['tutorial_dag']) retrieved from /home/airflow/.local/lib/python3.7/site-packages/airflow/example_dags/tutorial_dag.py
[2022-12-02T16:44:23.615+0000] {logging_mixin.py:120} INFO - [2022-12-02T16:44:23.615+0000] {dag.py:2585} INFO - Sync 1 DAGs
[2022-12-02T16:44:23.628+0000] {logging_mixin.py:120} INFO - [2022-12-02T16:44:23.628+0000] {dag.py:3340} INFO - Setting next_dagrun for tutorial_dag to None, run_after=None
[2022-12-02T16:44:23.637+0000] {processor.py:176} INFO - Processing /home/airflow/.local/lib/python3.7/site-packages/airflow/example_dags/tutorial_dag.py took 0.052 seconds
[2022-12-02T16:44:54.676+0000] {processor.py:154} INFO - Started process (PID=3356) to work on /home/airflow/.local/lib/python3.7/site-packages/airflow/example_dags/tutorial_dag.py
[2022-12-02T16:44:54.678+0000] {processor.py:756} INFO - Processing file /home/airflow/.local/lib/python3.7/site-packages/airflow/example_dags/tutorial_dag.py for tasks to queue
[2022-12-02T16:44:54.678+0000] {logging_mixin.py:120} INFO - [2022-12-02T16:44:54.678+0000] {dagbag.py:537} INFO - Filling up the DagBag from /home/airflow/.local/lib/python3.7/site-packages/airflow/example_dags/tutorial_dag.py
[2022-12-02T16:44:54.686+0000] {processor.py:766} INFO - DAG(s) dict_keys(['tutorial_dag']) retrieved from /home/airflow/.local/lib/python3.7/site-packages/airflow/example_dags/tutorial_dag.py
[2022-12-02T16:44:54.708+0000] {logging_mixin.py:120} INFO - [2022-12-02T16:44:54.708+0000] {dag.py:2585} INFO - Sync 1 DAGs
[2022-12-02T16:44:54.721+0000] {logging_mixin.py:120} INFO - [2022-12-02T16:44:54.720+0000] {dag.py:3340} INFO - Setting next_dagrun for tutorial_dag to None, run_after=None
[2022-12-02T16:44:54.731+0000] {processor.py:176} INFO - Processing /home/airflow/.local/lib/python3.7/site-packages/airflow/example_dags/tutorial_dag.py took 0.056 seconds
[2022-12-02T16:45:25.983+0000] {processor.py:154} INFO - Started process (PID=3420) to work on /home/airflow/.local/lib/python3.7/site-packages/airflow/example_dags/tutorial_dag.py
[2022-12-02T16:45:25.985+0000] {processor.py:756} INFO - Processing file /home/airflow/.local/lib/python3.7/site-packages/airflow/example_dags/tutorial_dag.py for tasks to queue
[2022-12-02T16:45:25.986+0000] {logging_mixin.py:120} INFO - [2022-12-02T16:45:25.986+0000] {dagbag.py:537} INFO - Filling up the DagBag from /home/airflow/.local/lib/python3.7/site-packages/airflow/example_dags/tutorial_dag.py
[2022-12-02T16:45:25.994+0000] {processor.py:766} INFO - DAG(s) dict_keys(['tutorial_dag']) retrieved from /home/airflow/.local/lib/python3.7/site-packages/airflow/example_dags/tutorial_dag.py
[2022-12-02T16:45:26.020+0000] {logging_mixin.py:120} INFO - [2022-12-02T16:45:26.020+0000] {dag.py:2585} INFO - Sync 1 DAGs
[2022-12-02T16:45:26.033+0000] {logging_mixin.py:120} INFO - [2022-12-02T16:45:26.033+0000] {dag.py:3340} INFO - Setting next_dagrun for tutorial_dag to None, run_after=None
[2022-12-02T16:45:26.043+0000] {processor.py:176} INFO - Processing /home/airflow/.local/lib/python3.7/site-packages/airflow/example_dags/tutorial_dag.py took 0.063 seconds
[2022-12-02T16:45:56.135+0000] {processor.py:154} INFO - Started process (PID=3484) to work on /home/airflow/.local/lib/python3.7/site-packages/airflow/example_dags/tutorial_dag.py
[2022-12-02T16:45:56.137+0000] {processor.py:756} INFO - Processing file /home/airflow/.local/lib/python3.7/site-packages/airflow/example_dags/tutorial_dag.py for tasks to queue
[2022-12-02T16:45:56.137+0000] {logging_mixin.py:120} INFO - [2022-12-02T16:45:56.137+0000] {dagbag.py:537} INFO - Filling up the DagBag from /home/airflow/.local/lib/python3.7/site-packages/airflow/example_dags/tutorial_dag.py
[2022-12-02T16:45:56.144+0000] {processor.py:766} INFO - DAG(s) dict_keys(['tutorial_dag']) retrieved from /home/airflow/.local/lib/python3.7/site-packages/airflow/example_dags/tutorial_dag.py
[2022-12-02T16:45:56.168+0000] {logging_mixin.py:120} INFO - [2022-12-02T16:45:56.167+0000] {dag.py:2585} INFO - Sync 1 DAGs
[2022-12-02T16:45:56.180+0000] {logging_mixin.py:120} INFO - [2022-12-02T16:45:56.180+0000] {dag.py:3340} INFO - Setting next_dagrun for tutorial_dag to None, run_after=None
[2022-12-02T16:45:56.189+0000] {processor.py:176} INFO - Processing /home/airflow/.local/lib/python3.7/site-packages/airflow/example_dags/tutorial_dag.py took 0.056 seconds
[2022-12-02T16:46:26.306+0000] {processor.py:154} INFO - Started process (PID=3548) to work on /home/airflow/.local/lib/python3.7/site-packages/airflow/example_dags/tutorial_dag.py
[2022-12-02T16:46:26.307+0000] {processor.py:756} INFO - Processing file /home/airflow/.local/lib/python3.7/site-packages/airflow/example_dags/tutorial_dag.py for tasks to queue
[2022-12-02T16:46:26.308+0000] {logging_mixin.py:120} INFO - [2022-12-02T16:46:26.308+0000] {dagbag.py:537} INFO - Filling up the DagBag from /home/airflow/.local/lib/python3.7/site-packages/airflow/example_dags/tutorial_dag.py
[2022-12-02T16:46:26.316+0000] {processor.py:766} INFO - DAG(s) dict_keys(['tutorial_dag']) retrieved from /home/airflow/.local/lib/python3.7/site-packages/airflow/example_dags/tutorial_dag.py
[2022-12-02T16:46:26.339+0000] {logging_mixin.py:120} INFO - [2022-12-02T16:46:26.339+0000] {dag.py:2585} INFO - Sync 1 DAGs
[2022-12-02T16:46:26.351+0000] {logging_mixin.py:120} INFO - [2022-12-02T16:46:26.351+0000] {dag.py:3340} INFO - Setting next_dagrun for tutorial_dag to None, run_after=None
[2022-12-02T16:46:26.363+0000] {processor.py:176} INFO - Processing /home/airflow/.local/lib/python3.7/site-packages/airflow/example_dags/tutorial_dag.py took 0.059 seconds
[2022-12-02T16:46:56.557+0000] {processor.py:154} INFO - Started process (PID=3603) to work on /home/airflow/.local/lib/python3.7/site-packages/airflow/example_dags/tutorial_dag.py
[2022-12-02T16:46:56.558+0000] {processor.py:756} INFO - Processing file /home/airflow/.local/lib/python3.7/site-packages/airflow/example_dags/tutorial_dag.py for tasks to queue
[2022-12-02T16:46:56.560+0000] {logging_mixin.py:120} INFO - [2022-12-02T16:46:56.559+0000] {dagbag.py:537} INFO - Filling up the DagBag from /home/airflow/.local/lib/python3.7/site-packages/airflow/example_dags/tutorial_dag.py
[2022-12-02T16:46:56.567+0000] {processor.py:766} INFO - DAG(s) dict_keys(['tutorial_dag']) retrieved from /home/airflow/.local/lib/python3.7/site-packages/airflow/example_dags/tutorial_dag.py
[2022-12-02T16:46:56.590+0000] {logging_mixin.py:120} INFO - [2022-12-02T16:46:56.590+0000] {dag.py:2585} INFO - Sync 1 DAGs
[2022-12-02T16:46:56.602+0000] {logging_mixin.py:120} INFO - [2022-12-02T16:46:56.602+0000] {dag.py:3340} INFO - Setting next_dagrun for tutorial_dag to None, run_after=None
[2022-12-02T16:46:56.612+0000] {processor.py:176} INFO - Processing /home/airflow/.local/lib/python3.7/site-packages/airflow/example_dags/tutorial_dag.py took 0.057 seconds
[2022-12-02T16:47:26.721+0000] {processor.py:154} INFO - Started process (PID=3667) to work on /home/airflow/.local/lib/python3.7/site-packages/airflow/example_dags/tutorial_dag.py
[2022-12-02T16:47:26.722+0000] {processor.py:756} INFO - Processing file /home/airflow/.local/lib/python3.7/site-packages/airflow/example_dags/tutorial_dag.py for tasks to queue
[2022-12-02T16:47:26.723+0000] {logging_mixin.py:120} INFO - [2022-12-02T16:47:26.723+0000] {dagbag.py:537} INFO - Filling up the DagBag from /home/airflow/.local/lib/python3.7/site-packages/airflow/example_dags/tutorial_dag.py
[2022-12-02T16:47:26.732+0000] {processor.py:766} INFO - DAG(s) dict_keys(['tutorial_dag']) retrieved from /home/airflow/.local/lib/python3.7/site-packages/airflow/example_dags/tutorial_dag.py
[2022-12-02T16:47:26.755+0000] {logging_mixin.py:120} INFO - [2022-12-02T16:47:26.755+0000] {dag.py:2585} INFO - Sync 1 DAGs
[2022-12-02T16:47:26.768+0000] {logging_mixin.py:120} INFO - [2022-12-02T16:47:26.768+0000] {dag.py:3340} INFO - Setting next_dagrun for tutorial_dag to None, run_after=None
[2022-12-02T16:47:26.777+0000] {processor.py:176} INFO - Processing /home/airflow/.local/lib/python3.7/site-packages/airflow/example_dags/tutorial_dag.py took 0.058 seconds
[2022-12-02T16:47:57.723+0000] {processor.py:154} INFO - Started process (PID=3730) to work on /home/airflow/.local/lib/python3.7/site-packages/airflow/example_dags/tutorial_dag.py
[2022-12-02T16:47:57.724+0000] {processor.py:756} INFO - Processing file /home/airflow/.local/lib/python3.7/site-packages/airflow/example_dags/tutorial_dag.py for tasks to queue
[2022-12-02T16:47:57.725+0000] {logging_mixin.py:120} INFO - [2022-12-02T16:47:57.725+0000] {dagbag.py:537} INFO - Filling up the DagBag from /home/airflow/.local/lib/python3.7/site-packages/airflow/example_dags/tutorial_dag.py
[2022-12-02T16:47:57.733+0000] {processor.py:766} INFO - DAG(s) dict_keys(['tutorial_dag']) retrieved from /home/airflow/.local/lib/python3.7/site-packages/airflow/example_dags/tutorial_dag.py
[2022-12-02T16:47:57.755+0000] {logging_mixin.py:120} INFO - [2022-12-02T16:47:57.755+0000] {dag.py:2585} INFO - Sync 1 DAGs
[2022-12-02T16:47:57.768+0000] {logging_mixin.py:120} INFO - [2022-12-02T16:47:57.768+0000] {dag.py:3340} INFO - Setting next_dagrun for tutorial_dag to None, run_after=None
[2022-12-02T16:47:57.779+0000] {processor.py:176} INFO - Processing /home/airflow/.local/lib/python3.7/site-packages/airflow/example_dags/tutorial_dag.py took 0.057 seconds
[2022-12-02T16:48:28.711+0000] {processor.py:154} INFO - Started process (PID=3795) to work on /home/airflow/.local/lib/python3.7/site-packages/airflow/example_dags/tutorial_dag.py
[2022-12-02T16:48:28.712+0000] {processor.py:756} INFO - Processing file /home/airflow/.local/lib/python3.7/site-packages/airflow/example_dags/tutorial_dag.py for tasks to queue
[2022-12-02T16:48:28.713+0000] {logging_mixin.py:120} INFO - [2022-12-02T16:48:28.713+0000] {dagbag.py:537} INFO - Filling up the DagBag from /home/airflow/.local/lib/python3.7/site-packages/airflow/example_dags/tutorial_dag.py
[2022-12-02T16:48:28.721+0000] {processor.py:766} INFO - DAG(s) dict_keys(['tutorial_dag']) retrieved from /home/airflow/.local/lib/python3.7/site-packages/airflow/example_dags/tutorial_dag.py
[2022-12-02T16:48:28.744+0000] {logging_mixin.py:120} INFO - [2022-12-02T16:48:28.744+0000] {dag.py:2585} INFO - Sync 1 DAGs
[2022-12-02T16:48:28.757+0000] {logging_mixin.py:120} INFO - [2022-12-02T16:48:28.757+0000] {dag.py:3340} INFO - Setting next_dagrun for tutorial_dag to None, run_after=None
[2022-12-02T16:48:28.768+0000] {processor.py:176} INFO - Processing /home/airflow/.local/lib/python3.7/site-packages/airflow/example_dags/tutorial_dag.py took 0.060 seconds
[2022-12-02T16:48:59.660+0000] {processor.py:154} INFO - Started process (PID=3859) to work on /home/airflow/.local/lib/python3.7/site-packages/airflow/example_dags/tutorial_dag.py
[2022-12-02T16:48:59.661+0000] {processor.py:756} INFO - Processing file /home/airflow/.local/lib/python3.7/site-packages/airflow/example_dags/tutorial_dag.py for tasks to queue
[2022-12-02T16:48:59.662+0000] {logging_mixin.py:120} INFO - [2022-12-02T16:48:59.662+0000] {dagbag.py:537} INFO - Filling up the DagBag from /home/airflow/.local/lib/python3.7/site-packages/airflow/example_dags/tutorial_dag.py
[2022-12-02T16:48:59.670+0000] {processor.py:766} INFO - DAG(s) dict_keys(['tutorial_dag']) retrieved from /home/airflow/.local/lib/python3.7/site-packages/airflow/example_dags/tutorial_dag.py
[2022-12-02T16:48:59.691+0000] {logging_mixin.py:120} INFO - [2022-12-02T16:48:59.691+0000] {dag.py:2585} INFO - Sync 1 DAGs
[2022-12-02T16:48:59.705+0000] {logging_mixin.py:120} INFO - [2022-12-02T16:48:59.705+0000] {dag.py:3340} INFO - Setting next_dagrun for tutorial_dag to None, run_after=None
[2022-12-02T16:48:59.716+0000] {processor.py:176} INFO - Processing /home/airflow/.local/lib/python3.7/site-packages/airflow/example_dags/tutorial_dag.py took 0.058 seconds
[2022-12-02T16:49:30.659+0000] {processor.py:154} INFO - Started process (PID=3922) to work on /home/airflow/.local/lib/python3.7/site-packages/airflow/example_dags/tutorial_dag.py
[2022-12-02T16:49:30.660+0000] {processor.py:756} INFO - Processing file /home/airflow/.local/lib/python3.7/site-packages/airflow/example_dags/tutorial_dag.py for tasks to queue
[2022-12-02T16:49:30.661+0000] {logging_mixin.py:120} INFO - [2022-12-02T16:49:30.661+0000] {dagbag.py:537} INFO - Filling up the DagBag from /home/airflow/.local/lib/python3.7/site-packages/airflow/example_dags/tutorial_dag.py
[2022-12-02T16:49:30.669+0000] {processor.py:766} INFO - DAG(s) dict_keys(['tutorial_dag']) retrieved from /home/airflow/.local/lib/python3.7/site-packages/airflow/example_dags/tutorial_dag.py
[2022-12-02T16:49:30.690+0000] {logging_mixin.py:120} INFO - [2022-12-02T16:49:30.690+0000] {dag.py:2585} INFO - Sync 1 DAGs
[2022-12-02T16:49:30.705+0000] {logging_mixin.py:120} INFO - [2022-12-02T16:49:30.705+0000] {dag.py:3340} INFO - Setting next_dagrun for tutorial_dag to None, run_after=None
[2022-12-02T16:49:30.713+0000] {processor.py:176} INFO - Processing /home/airflow/.local/lib/python3.7/site-packages/airflow/example_dags/tutorial_dag.py took 0.056 seconds
[2022-12-02T16:50:00.853+0000] {processor.py:154} INFO - Started process (PID=3986) to work on /home/airflow/.local/lib/python3.7/site-packages/airflow/example_dags/tutorial_dag.py
[2022-12-02T16:50:00.854+0000] {processor.py:756} INFO - Processing file /home/airflow/.local/lib/python3.7/site-packages/airflow/example_dags/tutorial_dag.py for tasks to queue
[2022-12-02T16:50:00.855+0000] {logging_mixin.py:120} INFO - [2022-12-02T16:50:00.855+0000] {dagbag.py:537} INFO - Filling up the DagBag from /home/airflow/.local/lib/python3.7/site-packages/airflow/example_dags/tutorial_dag.py
[2022-12-02T16:50:00.862+0000] {processor.py:766} INFO - DAG(s) dict_keys(['tutorial_dag']) retrieved from /home/airflow/.local/lib/python3.7/site-packages/airflow/example_dags/tutorial_dag.py
[2022-12-02T16:50:00.884+0000] {logging_mixin.py:120} INFO - [2022-12-02T16:50:00.884+0000] {dag.py:2585} INFO - Sync 1 DAGs
[2022-12-02T16:50:00.897+0000] {logging_mixin.py:120} INFO - [2022-12-02T16:50:00.897+0000] {dag.py:3340} INFO - Setting next_dagrun for tutorial_dag to None, run_after=None
[2022-12-02T16:50:00.907+0000] {processor.py:176} INFO - Processing /home/airflow/.local/lib/python3.7/site-packages/airflow/example_dags/tutorial_dag.py took 0.056 seconds
[2022-12-02T17:02:01.847+0000] {processor.py:154} INFO - Started process (PID=4041) to work on /home/airflow/.local/lib/python3.7/site-packages/airflow/example_dags/tutorial_dag.py
[2022-12-02T17:02:01.849+0000] {processor.py:756} INFO - Processing file /home/airflow/.local/lib/python3.7/site-packages/airflow/example_dags/tutorial_dag.py for tasks to queue
[2022-12-02T17:02:01.850+0000] {logging_mixin.py:120} INFO - [2022-12-02T17:02:01.849+0000] {dagbag.py:537} INFO - Filling up the DagBag from /home/airflow/.local/lib/python3.7/site-packages/airflow/example_dags/tutorial_dag.py
[2022-12-02T17:02:01.859+0000] {processor.py:766} INFO - DAG(s) dict_keys(['tutorial_dag']) retrieved from /home/airflow/.local/lib/python3.7/site-packages/airflow/example_dags/tutorial_dag.py
[2022-12-02T17:02:01.907+0000] {logging_mixin.py:120} INFO - [2022-12-02T17:02:01.907+0000] {dag.py:2585} INFO - Sync 1 DAGs
[2022-12-02T17:02:01.945+0000] {logging_mixin.py:120} INFO - [2022-12-02T17:02:01.945+0000] {dag.py:3340} INFO - Setting next_dagrun for tutorial_dag to None, run_after=None
[2022-12-02T17:02:01.969+0000] {processor.py:176} INFO - Processing /home/airflow/.local/lib/python3.7/site-packages/airflow/example_dags/tutorial_dag.py took 0.125 seconds
[2022-12-02T17:02:32.273+0000] {processor.py:154} INFO - Started process (PID=4096) to work on /home/airflow/.local/lib/python3.7/site-packages/airflow/example_dags/tutorial_dag.py
[2022-12-02T17:02:32.274+0000] {processor.py:756} INFO - Processing file /home/airflow/.local/lib/python3.7/site-packages/airflow/example_dags/tutorial_dag.py for tasks to queue
[2022-12-02T17:02:32.275+0000] {logging_mixin.py:120} INFO - [2022-12-02T17:02:32.275+0000] {dagbag.py:537} INFO - Filling up the DagBag from /home/airflow/.local/lib/python3.7/site-packages/airflow/example_dags/tutorial_dag.py
[2022-12-02T17:02:32.283+0000] {processor.py:766} INFO - DAG(s) dict_keys(['tutorial_dag']) retrieved from /home/airflow/.local/lib/python3.7/site-packages/airflow/example_dags/tutorial_dag.py
[2022-12-02T17:02:32.307+0000] {logging_mixin.py:120} INFO - [2022-12-02T17:02:32.307+0000] {dag.py:2585} INFO - Sync 1 DAGs
[2022-12-02T17:02:32.320+0000] {logging_mixin.py:120} INFO - [2022-12-02T17:02:32.319+0000] {dag.py:3340} INFO - Setting next_dagrun for tutorial_dag to None, run_after=None
[2022-12-02T17:02:32.332+0000] {processor.py:176} INFO - Processing /home/airflow/.local/lib/python3.7/site-packages/airflow/example_dags/tutorial_dag.py took 0.061 seconds
[2022-12-02T17:03:03.312+0000] {processor.py:154} INFO - Started process (PID=4160) to work on /home/airflow/.local/lib/python3.7/site-packages/airflow/example_dags/tutorial_dag.py
[2022-12-02T17:03:03.314+0000] {processor.py:756} INFO - Processing file /home/airflow/.local/lib/python3.7/site-packages/airflow/example_dags/tutorial_dag.py for tasks to queue
[2022-12-02T17:03:03.314+0000] {logging_mixin.py:120} INFO - [2022-12-02T17:03:03.314+0000] {dagbag.py:537} INFO - Filling up the DagBag from /home/airflow/.local/lib/python3.7/site-packages/airflow/example_dags/tutorial_dag.py
[2022-12-02T17:03:03.321+0000] {processor.py:766} INFO - DAG(s) dict_keys(['tutorial_dag']) retrieved from /home/airflow/.local/lib/python3.7/site-packages/airflow/example_dags/tutorial_dag.py
[2022-12-02T17:03:03.343+0000] {logging_mixin.py:120} INFO - [2022-12-02T17:03:03.343+0000] {dag.py:2585} INFO - Sync 1 DAGs
[2022-12-02T17:03:03.356+0000] {logging_mixin.py:120} INFO - [2022-12-02T17:03:03.356+0000] {dag.py:3340} INFO - Setting next_dagrun for tutorial_dag to None, run_after=None
[2022-12-02T17:03:03.366+0000] {processor.py:176} INFO - Processing /home/airflow/.local/lib/python3.7/site-packages/airflow/example_dags/tutorial_dag.py took 0.055 seconds
[2022-12-02T17:03:34.349+0000] {processor.py:154} INFO - Started process (PID=4225) to work on /home/airflow/.local/lib/python3.7/site-packages/airflow/example_dags/tutorial_dag.py
[2022-12-02T17:03:34.350+0000] {processor.py:756} INFO - Processing file /home/airflow/.local/lib/python3.7/site-packages/airflow/example_dags/tutorial_dag.py for tasks to queue
[2022-12-02T17:03:34.351+0000] {logging_mixin.py:120} INFO - [2022-12-02T17:03:34.351+0000] {dagbag.py:537} INFO - Filling up the DagBag from /home/airflow/.local/lib/python3.7/site-packages/airflow/example_dags/tutorial_dag.py
[2022-12-02T17:03:34.360+0000] {processor.py:766} INFO - DAG(s) dict_keys(['tutorial_dag']) retrieved from /home/airflow/.local/lib/python3.7/site-packages/airflow/example_dags/tutorial_dag.py
[2022-12-02T17:03:34.384+0000] {logging_mixin.py:120} INFO - [2022-12-02T17:03:34.384+0000] {dag.py:2585} INFO - Sync 1 DAGs
[2022-12-02T17:03:34.398+0000] {logging_mixin.py:120} INFO - [2022-12-02T17:03:34.398+0000] {dag.py:3340} INFO - Setting next_dagrun for tutorial_dag to None, run_after=None
[2022-12-02T17:03:34.411+0000] {processor.py:176} INFO - Processing /home/airflow/.local/lib/python3.7/site-packages/airflow/example_dags/tutorial_dag.py took 0.064 seconds
[2022-12-02T17:08:35.604+0000] {processor.py:154} INFO - Started process (PID=4288) to work on /home/airflow/.local/lib/python3.7/site-packages/airflow/example_dags/tutorial_dag.py
[2022-12-02T17:08:35.606+0000] {processor.py:756} INFO - Processing file /home/airflow/.local/lib/python3.7/site-packages/airflow/example_dags/tutorial_dag.py for tasks to queue
[2022-12-02T17:08:35.608+0000] {logging_mixin.py:120} INFO - [2022-12-02T17:08:35.608+0000] {dagbag.py:537} INFO - Filling up the DagBag from /home/airflow/.local/lib/python3.7/site-packages/airflow/example_dags/tutorial_dag.py
[2022-12-02T17:08:35.617+0000] {processor.py:766} INFO - DAG(s) dict_keys(['tutorial_dag']) retrieved from /home/airflow/.local/lib/python3.7/site-packages/airflow/example_dags/tutorial_dag.py
[2022-12-02T17:08:35.650+0000] {logging_mixin.py:120} INFO - [2022-12-02T17:08:35.650+0000] {dag.py:2585} INFO - Sync 1 DAGs
[2022-12-02T17:08:35.665+0000] {logging_mixin.py:120} INFO - [2022-12-02T17:08:35.665+0000] {dag.py:3340} INFO - Setting next_dagrun for tutorial_dag to None, run_after=None
[2022-12-02T17:08:35.681+0000] {processor.py:176} INFO - Processing /home/airflow/.local/lib/python3.7/site-packages/airflow/example_dags/tutorial_dag.py took 0.080 seconds
[2022-12-02T17:09:05.855+0000] {processor.py:154} INFO - Started process (PID=4343) to work on /home/airflow/.local/lib/python3.7/site-packages/airflow/example_dags/tutorial_dag.py
[2022-12-02T17:09:05.856+0000] {processor.py:756} INFO - Processing file /home/airflow/.local/lib/python3.7/site-packages/airflow/example_dags/tutorial_dag.py for tasks to queue
[2022-12-02T17:09:05.857+0000] {logging_mixin.py:120} INFO - [2022-12-02T17:09:05.857+0000] {dagbag.py:537} INFO - Filling up the DagBag from /home/airflow/.local/lib/python3.7/site-packages/airflow/example_dags/tutorial_dag.py
[2022-12-02T17:09:05.868+0000] {processor.py:766} INFO - DAG(s) dict_keys(['tutorial_dag']) retrieved from /home/airflow/.local/lib/python3.7/site-packages/airflow/example_dags/tutorial_dag.py
[2022-12-02T17:09:05.892+0000] {logging_mixin.py:120} INFO - [2022-12-02T17:09:05.892+0000] {dag.py:2585} INFO - Sync 1 DAGs
[2022-12-02T17:09:05.909+0000] {logging_mixin.py:120} INFO - [2022-12-02T17:09:05.909+0000] {dag.py:3340} INFO - Setting next_dagrun for tutorial_dag to None, run_after=None
[2022-12-02T17:09:05.920+0000] {processor.py:176} INFO - Processing /home/airflow/.local/lib/python3.7/site-packages/airflow/example_dags/tutorial_dag.py took 0.067 seconds
[2022-12-02T17:09:36.205+0000] {processor.py:154} INFO - Started process (PID=4407) to work on /home/airflow/.local/lib/python3.7/site-packages/airflow/example_dags/tutorial_dag.py
[2022-12-02T17:09:36.206+0000] {processor.py:756} INFO - Processing file /home/airflow/.local/lib/python3.7/site-packages/airflow/example_dags/tutorial_dag.py for tasks to queue
[2022-12-02T17:09:36.207+0000] {logging_mixin.py:120} INFO - [2022-12-02T17:09:36.207+0000] {dagbag.py:537} INFO - Filling up the DagBag from /home/airflow/.local/lib/python3.7/site-packages/airflow/example_dags/tutorial_dag.py
[2022-12-02T17:09:36.215+0000] {processor.py:766} INFO - DAG(s) dict_keys(['tutorial_dag']) retrieved from /home/airflow/.local/lib/python3.7/site-packages/airflow/example_dags/tutorial_dag.py
[2022-12-02T17:09:36.237+0000] {logging_mixin.py:120} INFO - [2022-12-02T17:09:36.237+0000] {dag.py:2585} INFO - Sync 1 DAGs
[2022-12-02T17:09:36.251+0000] {logging_mixin.py:120} INFO - [2022-12-02T17:09:36.251+0000] {dag.py:3340} INFO - Setting next_dagrun for tutorial_dag to None, run_after=None
[2022-12-02T17:09:36.261+0000] {processor.py:176} INFO - Processing /home/airflow/.local/lib/python3.7/site-packages/airflow/example_dags/tutorial_dag.py took 0.057 seconds
[2022-12-02T17:10:06.382+0000] {processor.py:154} INFO - Started process (PID=4471) to work on /home/airflow/.local/lib/python3.7/site-packages/airflow/example_dags/tutorial_dag.py
[2022-12-02T17:10:06.384+0000] {processor.py:756} INFO - Processing file /home/airflow/.local/lib/python3.7/site-packages/airflow/example_dags/tutorial_dag.py for tasks to queue
[2022-12-02T17:10:06.384+0000] {logging_mixin.py:120} INFO - [2022-12-02T17:10:06.384+0000] {dagbag.py:537} INFO - Filling up the DagBag from /home/airflow/.local/lib/python3.7/site-packages/airflow/example_dags/tutorial_dag.py
[2022-12-02T17:10:06.392+0000] {processor.py:766} INFO - DAG(s) dict_keys(['tutorial_dag']) retrieved from /home/airflow/.local/lib/python3.7/site-packages/airflow/example_dags/tutorial_dag.py
[2022-12-02T17:10:06.416+0000] {logging_mixin.py:120} INFO - [2022-12-02T17:10:06.416+0000] {dag.py:2585} INFO - Sync 1 DAGs
[2022-12-02T17:10:06.429+0000] {logging_mixin.py:120} INFO - [2022-12-02T17:10:06.429+0000] {dag.py:3340} INFO - Setting next_dagrun for tutorial_dag to None, run_after=None
[2022-12-02T17:10:06.439+0000] {processor.py:176} INFO - Processing /home/airflow/.local/lib/python3.7/site-packages/airflow/example_dags/tutorial_dag.py took 0.058 seconds
[2022-12-02T17:10:36.599+0000] {processor.py:154} INFO - Started process (PID=4535) to work on /home/airflow/.local/lib/python3.7/site-packages/airflow/example_dags/tutorial_dag.py
[2022-12-02T17:10:36.601+0000] {processor.py:756} INFO - Processing file /home/airflow/.local/lib/python3.7/site-packages/airflow/example_dags/tutorial_dag.py for tasks to queue
[2022-12-02T17:10:36.601+0000] {logging_mixin.py:120} INFO - [2022-12-02T17:10:36.601+0000] {dagbag.py:537} INFO - Filling up the DagBag from /home/airflow/.local/lib/python3.7/site-packages/airflow/example_dags/tutorial_dag.py
[2022-12-02T17:10:36.610+0000] {processor.py:766} INFO - DAG(s) dict_keys(['tutorial_dag']) retrieved from /home/airflow/.local/lib/python3.7/site-packages/airflow/example_dags/tutorial_dag.py
[2022-12-02T17:10:36.637+0000] {logging_mixin.py:120} INFO - [2022-12-02T17:10:36.637+0000] {dag.py:2585} INFO - Sync 1 DAGs
[2022-12-02T17:10:36.662+0000] {logging_mixin.py:120} INFO - [2022-12-02T17:10:36.661+0000] {dag.py:3340} INFO - Setting next_dagrun for tutorial_dag to None, run_after=None
[2022-12-02T17:10:36.679+0000] {processor.py:176} INFO - Processing /home/airflow/.local/lib/python3.7/site-packages/airflow/example_dags/tutorial_dag.py took 0.081 seconds
[2022-12-02T17:11:06.878+0000] {processor.py:154} INFO - Started process (PID=4598) to work on /home/airflow/.local/lib/python3.7/site-packages/airflow/example_dags/tutorial_dag.py
[2022-12-02T17:11:06.879+0000] {processor.py:756} INFO - Processing file /home/airflow/.local/lib/python3.7/site-packages/airflow/example_dags/tutorial_dag.py for tasks to queue
[2022-12-02T17:11:06.880+0000] {logging_mixin.py:120} INFO - [2022-12-02T17:11:06.880+0000] {dagbag.py:537} INFO - Filling up the DagBag from /home/airflow/.local/lib/python3.7/site-packages/airflow/example_dags/tutorial_dag.py
[2022-12-02T17:11:06.888+0000] {processor.py:766} INFO - DAG(s) dict_keys(['tutorial_dag']) retrieved from /home/airflow/.local/lib/python3.7/site-packages/airflow/example_dags/tutorial_dag.py
[2022-12-02T17:11:06.914+0000] {logging_mixin.py:120} INFO - [2022-12-02T17:11:06.914+0000] {dag.py:2585} INFO - Sync 1 DAGs
[2022-12-02T17:11:06.927+0000] {logging_mixin.py:120} INFO - [2022-12-02T17:11:06.927+0000] {dag.py:3340} INFO - Setting next_dagrun for tutorial_dag to None, run_after=None
[2022-12-02T17:11:06.937+0000] {processor.py:176} INFO - Processing /home/airflow/.local/lib/python3.7/site-packages/airflow/example_dags/tutorial_dag.py took 0.061 seconds
[2022-12-02T17:28:50.372+0000] {processor.py:154} INFO - Started process (PID=4653) to work on /home/airflow/.local/lib/python3.7/site-packages/airflow/example_dags/tutorial_dag.py
[2022-12-02T17:28:50.373+0000] {processor.py:756} INFO - Processing file /home/airflow/.local/lib/python3.7/site-packages/airflow/example_dags/tutorial_dag.py for tasks to queue
[2022-12-02T17:28:50.374+0000] {logging_mixin.py:120} INFO - [2022-12-02T17:28:50.374+0000] {dagbag.py:537} INFO - Filling up the DagBag from /home/airflow/.local/lib/python3.7/site-packages/airflow/example_dags/tutorial_dag.py
[2022-12-02T17:28:50.385+0000] {processor.py:766} INFO - DAG(s) dict_keys(['tutorial_dag']) retrieved from /home/airflow/.local/lib/python3.7/site-packages/airflow/example_dags/tutorial_dag.py
[2022-12-02T17:28:50.421+0000] {logging_mixin.py:120} INFO - [2022-12-02T17:28:50.421+0000] {dag.py:2585} INFO - Sync 1 DAGs
[2022-12-02T17:28:50.439+0000] {logging_mixin.py:120} INFO - [2022-12-02T17:28:50.439+0000] {dag.py:3340} INFO - Setting next_dagrun for tutorial_dag to None, run_after=None
[2022-12-02T17:28:50.458+0000] {processor.py:176} INFO - Processing /home/airflow/.local/lib/python3.7/site-packages/airflow/example_dags/tutorial_dag.py took 0.088 seconds
[2022-12-02T18:05:48.295+0000] {processor.py:154} INFO - Started process (PID=4716) to work on /home/airflow/.local/lib/python3.7/site-packages/airflow/example_dags/tutorial_dag.py
[2022-12-02T18:05:48.299+0000] {processor.py:756} INFO - Processing file /home/airflow/.local/lib/python3.7/site-packages/airflow/example_dags/tutorial_dag.py for tasks to queue
[2022-12-02T18:05:48.300+0000] {logging_mixin.py:120} INFO - [2022-12-02T18:05:48.300+0000] {dagbag.py:537} INFO - Filling up the DagBag from /home/airflow/.local/lib/python3.7/site-packages/airflow/example_dags/tutorial_dag.py
[2022-12-02T18:05:48.319+0000] {processor.py:766} INFO - DAG(s) dict_keys(['tutorial_dag']) retrieved from /home/airflow/.local/lib/python3.7/site-packages/airflow/example_dags/tutorial_dag.py
[2022-12-02T18:05:48.380+0000] {logging_mixin.py:120} INFO - [2022-12-02T18:05:48.380+0000] {dag.py:2585} INFO - Sync 1 DAGs
[2022-12-02T18:05:48.413+0000] {logging_mixin.py:120} INFO - [2022-12-02T18:05:48.413+0000] {dag.py:3340} INFO - Setting next_dagrun for tutorial_dag to None, run_after=None
[2022-12-02T18:05:48.429+0000] {processor.py:176} INFO - Processing /home/airflow/.local/lib/python3.7/site-packages/airflow/example_dags/tutorial_dag.py took 0.136 seconds
[2022-12-02T18:16:27.101+0000] {processor.py:154} INFO - Started process (PID=4780) to work on /home/airflow/.local/lib/python3.7/site-packages/airflow/example_dags/tutorial_dag.py
[2022-12-02T18:16:27.103+0000] {processor.py:756} INFO - Processing file /home/airflow/.local/lib/python3.7/site-packages/airflow/example_dags/tutorial_dag.py for tasks to queue
[2022-12-02T18:16:27.104+0000] {logging_mixin.py:120} INFO - [2022-12-02T18:16:27.104+0000] {dagbag.py:537} INFO - Filling up the DagBag from /home/airflow/.local/lib/python3.7/site-packages/airflow/example_dags/tutorial_dag.py
[2022-12-02T18:16:27.117+0000] {processor.py:766} INFO - DAG(s) dict_keys(['tutorial_dag']) retrieved from /home/airflow/.local/lib/python3.7/site-packages/airflow/example_dags/tutorial_dag.py
[2022-12-02T18:16:27.162+0000] {logging_mixin.py:120} INFO - [2022-12-02T18:16:27.162+0000] {dag.py:2585} INFO - Sync 1 DAGs
[2022-12-02T18:16:27.181+0000] {logging_mixin.py:120} INFO - [2022-12-02T18:16:27.181+0000] {dag.py:3340} INFO - Setting next_dagrun for tutorial_dag to None, run_after=None
[2022-12-02T18:16:27.197+0000] {processor.py:176} INFO - Processing /home/airflow/.local/lib/python3.7/site-packages/airflow/example_dags/tutorial_dag.py took 0.098 seconds
