[2022-12-02T19:04:45.580+0000] {processor.py:154} INFO - Started process (PID=2366) to work on /opt/airflow/dags/extract_dag.py
[2022-12-02T19:04:45.581+0000] {processor.py:756} INFO - Processing file /opt/airflow/dags/extract_dag.py for tasks to queue
[2022-12-02T19:04:45.582+0000] {logging_mixin.py:120} INFO - [2022-12-02T19:04:45.582+0000] {dagbag.py:537} INFO - Filling up the DagBag from /opt/airflow/dags/extract_dag.py
[2022-12-02T19:04:45.613+0000] {processor.py:766} INFO - DAG(s) dict_keys(['extract_dag']) retrieved from /opt/airflow/dags/extract_dag.py
[2022-12-02T19:04:45.698+0000] {logging_mixin.py:120} INFO - [2022-12-02T19:04:45.698+0000] {manager.py:507} INFO - Created Permission View: can delete on DAG:extract_dag
[2022-12-02T19:04:45.703+0000] {logging_mixin.py:120} INFO - [2022-12-02T19:04:45.703+0000] {manager.py:507} INFO - Created Permission View: can read on DAG:extract_dag
[2022-12-02T19:04:45.707+0000] {logging_mixin.py:120} INFO - [2022-12-02T19:04:45.706+0000] {manager.py:507} INFO - Created Permission View: can edit on DAG:extract_dag
[2022-12-02T19:04:45.707+0000] {logging_mixin.py:120} INFO - [2022-12-02T19:04:45.707+0000] {dag.py:2585} INFO - Sync 1 DAGs
[2022-12-02T19:04:45.714+0000] {logging_mixin.py:120} INFO - [2022-12-02T19:04:45.714+0000] {dag.py:2606} INFO - Creating ORM DAG for extract_dag
[2022-12-02T19:04:45.720+0000] {logging_mixin.py:120} INFO - [2022-12-02T19:04:45.719+0000] {dag.py:3340} INFO - Setting next_dagrun for extract_dag to 2022-12-02T19:04:45.596348+00:00, run_after=2022-12-03T19:04:45.596348+00:00
[2022-12-02T19:04:45.730+0000] {processor.py:176} INFO - Processing /opt/airflow/dags/extract_dag.py took 0.152 seconds
[2022-12-02T19:05:15.984+0000] {processor.py:154} INFO - Started process (PID=2395) to work on /opt/airflow/dags/extract_dag.py
[2022-12-02T19:05:15.986+0000] {processor.py:756} INFO - Processing file /opt/airflow/dags/extract_dag.py for tasks to queue
[2022-12-02T19:05:15.988+0000] {logging_mixin.py:120} INFO - [2022-12-02T19:05:15.988+0000] {dagbag.py:537} INFO - Filling up the DagBag from /opt/airflow/dags/extract_dag.py
[2022-12-02T19:05:16.014+0000] {processor.py:766} INFO - DAG(s) dict_keys(['extract_dag']) retrieved from /opt/airflow/dags/extract_dag.py
[2022-12-02T19:05:16.063+0000] {logging_mixin.py:120} INFO - [2022-12-02T19:05:16.063+0000] {dag.py:2585} INFO - Sync 1 DAGs
[2022-12-02T19:05:16.076+0000] {logging_mixin.py:120} INFO - [2022-12-02T19:05:16.075+0000] {dag.py:3340} INFO - Setting next_dagrun for extract_dag to 2022-12-02T19:05:16.003425+00:00, run_after=2022-12-03T19:05:16.003425+00:00
[2022-12-02T19:05:16.086+0000] {processor.py:176} INFO - Processing /opt/airflow/dags/extract_dag.py took 0.107 seconds
[2022-12-02T19:05:46.289+0000] {processor.py:154} INFO - Started process (PID=2422) to work on /opt/airflow/dags/extract_dag.py
[2022-12-02T19:05:46.291+0000] {processor.py:756} INFO - Processing file /opt/airflow/dags/extract_dag.py for tasks to queue
[2022-12-02T19:05:46.292+0000] {logging_mixin.py:120} INFO - [2022-12-02T19:05:46.292+0000] {dagbag.py:537} INFO - Filling up the DagBag from /opt/airflow/dags/extract_dag.py
[2022-12-02T19:05:46.317+0000] {processor.py:766} INFO - DAG(s) dict_keys(['extract_dag']) retrieved from /opt/airflow/dags/extract_dag.py
[2022-12-02T19:05:46.372+0000] {logging_mixin.py:120} INFO - [2022-12-02T19:05:46.372+0000] {dag.py:2585} INFO - Sync 1 DAGs
[2022-12-02T19:05:46.386+0000] {logging_mixin.py:120} INFO - [2022-12-02T19:05:46.386+0000] {dag.py:3340} INFO - Setting next_dagrun for extract_dag to 2022-12-02T19:05:46.305532+00:00, run_after=2022-12-03T19:05:46.305532+00:00
[2022-12-02T19:05:46.396+0000] {processor.py:176} INFO - Processing /opt/airflow/dags/extract_dag.py took 0.111 seconds
[2022-12-02T19:06:16.589+0000] {processor.py:154} INFO - Started process (PID=2449) to work on /opt/airflow/dags/extract_dag.py
[2022-12-02T19:06:16.591+0000] {processor.py:756} INFO - Processing file /opt/airflow/dags/extract_dag.py for tasks to queue
[2022-12-02T19:06:16.596+0000] {logging_mixin.py:120} INFO - [2022-12-02T19:06:16.593+0000] {dagbag.py:537} INFO - Filling up the DagBag from /opt/airflow/dags/extract_dag.py
[2022-12-02T19:06:16.629+0000] {processor.py:766} INFO - DAG(s) dict_keys(['extract_dag']) retrieved from /opt/airflow/dags/extract_dag.py
[2022-12-02T19:06:16.735+0000] {logging_mixin.py:120} INFO - [2022-12-02T19:06:16.735+0000] {dag.py:2585} INFO - Sync 1 DAGs
[2022-12-02T19:06:16.750+0000] {logging_mixin.py:120} INFO - [2022-12-02T19:06:16.750+0000] {dag.py:3340} INFO - Setting next_dagrun for extract_dag to 2022-12-02T19:06:16.615361+00:00, run_after=2022-12-03T19:06:16.615361+00:00
[2022-12-02T19:06:16.760+0000] {processor.py:176} INFO - Processing /opt/airflow/dags/extract_dag.py took 0.175 seconds
[2022-12-02T19:06:46.926+0000] {processor.py:154} INFO - Started process (PID=2468) to work on /opt/airflow/dags/extract_dag.py
[2022-12-02T19:06:46.929+0000] {processor.py:756} INFO - Processing file /opt/airflow/dags/extract_dag.py for tasks to queue
[2022-12-02T19:06:46.930+0000] {logging_mixin.py:120} INFO - [2022-12-02T19:06:46.930+0000] {dagbag.py:537} INFO - Filling up the DagBag from /opt/airflow/dags/extract_dag.py
[2022-12-02T19:06:46.955+0000] {processor.py:766} INFO - DAG(s) dict_keys(['extract_dag']) retrieved from /opt/airflow/dags/extract_dag.py
[2022-12-02T19:06:47.025+0000] {logging_mixin.py:120} INFO - [2022-12-02T19:06:47.025+0000] {dag.py:2585} INFO - Sync 1 DAGs
[2022-12-02T19:06:47.038+0000] {logging_mixin.py:120} INFO - [2022-12-02T19:06:47.038+0000] {dag.py:3340} INFO - Setting next_dagrun for extract_dag to 2022-12-02T19:06:46.942437+00:00, run_after=2022-12-03T19:06:46.942437+00:00
[2022-12-02T19:06:47.059+0000] {processor.py:176} INFO - Processing /opt/airflow/dags/extract_dag.py took 0.138 seconds
[2022-12-02T19:07:17.270+0000] {processor.py:154} INFO - Started process (PID=2497) to work on /opt/airflow/dags/extract_dag.py
[2022-12-02T19:07:17.272+0000] {processor.py:756} INFO - Processing file /opt/airflow/dags/extract_dag.py for tasks to queue
[2022-12-02T19:07:17.274+0000] {logging_mixin.py:120} INFO - [2022-12-02T19:07:17.274+0000] {dagbag.py:537} INFO - Filling up the DagBag from /opt/airflow/dags/extract_dag.py
[2022-12-02T19:07:17.295+0000] {processor.py:766} INFO - DAG(s) dict_keys(['extract_dag']) retrieved from /opt/airflow/dags/extract_dag.py
[2022-12-02T19:07:17.343+0000] {logging_mixin.py:120} INFO - [2022-12-02T19:07:17.343+0000] {dag.py:2585} INFO - Sync 1 DAGs
[2022-12-02T19:07:17.355+0000] {logging_mixin.py:120} INFO - [2022-12-02T19:07:17.355+0000] {dag.py:3340} INFO - Setting next_dagrun for extract_dag to 2022-12-02T19:07:17.284212+00:00, run_after=2022-12-03T19:07:17.284212+00:00
[2022-12-02T19:07:17.365+0000] {processor.py:176} INFO - Processing /opt/airflow/dags/extract_dag.py took 0.101 seconds
[2022-12-02T19:07:47.597+0000] {processor.py:154} INFO - Started process (PID=2525) to work on /opt/airflow/dags/extract_dag.py
[2022-12-02T19:07:47.600+0000] {processor.py:756} INFO - Processing file /opt/airflow/dags/extract_dag.py for tasks to queue
[2022-12-02T19:07:47.601+0000] {logging_mixin.py:120} INFO - [2022-12-02T19:07:47.601+0000] {dagbag.py:537} INFO - Filling up the DagBag from /opt/airflow/dags/extract_dag.py
[2022-12-02T19:07:47.623+0000] {processor.py:766} INFO - DAG(s) dict_keys(['extract_dag']) retrieved from /opt/airflow/dags/extract_dag.py
[2022-12-02T19:07:47.670+0000] {logging_mixin.py:120} INFO - [2022-12-02T19:07:47.670+0000] {dag.py:2585} INFO - Sync 1 DAGs
[2022-12-02T19:07:47.682+0000] {logging_mixin.py:120} INFO - [2022-12-02T19:07:47.682+0000] {dag.py:3340} INFO - Setting next_dagrun for extract_dag to 2022-12-02T19:07:47.612354+00:00, run_after=2022-12-03T19:07:47.612354+00:00
[2022-12-02T19:07:47.692+0000] {processor.py:176} INFO - Processing /opt/airflow/dags/extract_dag.py took 0.099 seconds
[2022-12-02T19:08:17.908+0000] {processor.py:154} INFO - Started process (PID=2552) to work on /opt/airflow/dags/extract_dag.py
[2022-12-02T19:08:17.911+0000] {processor.py:756} INFO - Processing file /opt/airflow/dags/extract_dag.py for tasks to queue
[2022-12-02T19:08:17.914+0000] {logging_mixin.py:120} INFO - [2022-12-02T19:08:17.914+0000] {dagbag.py:537} INFO - Filling up the DagBag from /opt/airflow/dags/extract_dag.py
[2022-12-02T19:08:17.939+0000] {processor.py:766} INFO - DAG(s) dict_keys(['extract_dag']) retrieved from /opt/airflow/dags/extract_dag.py
[2022-12-02T19:08:17.986+0000] {logging_mixin.py:120} INFO - [2022-12-02T19:08:17.986+0000] {dag.py:2585} INFO - Sync 1 DAGs
[2022-12-02T19:08:17.999+0000] {logging_mixin.py:120} INFO - [2022-12-02T19:08:17.998+0000] {dag.py:3340} INFO - Setting next_dagrun for extract_dag to 2022-12-02T19:08:17.927240+00:00, run_after=2022-12-03T19:08:17.927240+00:00
[2022-12-02T19:08:18.009+0000] {processor.py:176} INFO - Processing /opt/airflow/dags/extract_dag.py took 0.106 seconds
[2022-12-02T19:08:48.235+0000] {processor.py:154} INFO - Started process (PID=2580) to work on /opt/airflow/dags/extract_dag.py
[2022-12-02T19:08:48.236+0000] {processor.py:756} INFO - Processing file /opt/airflow/dags/extract_dag.py for tasks to queue
[2022-12-02T19:08:48.238+0000] {logging_mixin.py:120} INFO - [2022-12-02T19:08:48.238+0000] {dagbag.py:537} INFO - Filling up the DagBag from /opt/airflow/dags/extract_dag.py
[2022-12-02T19:08:48.258+0000] {processor.py:766} INFO - DAG(s) dict_keys(['extract_dag']) retrieved from /opt/airflow/dags/extract_dag.py
[2022-12-02T19:08:48.324+0000] {logging_mixin.py:120} INFO - [2022-12-02T19:08:48.324+0000] {dag.py:2585} INFO - Sync 1 DAGs
[2022-12-02T19:08:48.338+0000] {logging_mixin.py:120} INFO - [2022-12-02T19:08:48.338+0000] {dag.py:3340} INFO - Setting next_dagrun for extract_dag to 2022-12-02T19:08:48.246516+00:00, run_after=2022-12-03T19:08:48.246516+00:00
[2022-12-02T19:08:48.348+0000] {processor.py:176} INFO - Processing /opt/airflow/dags/extract_dag.py took 0.116 seconds
[2022-12-02T19:09:18.578+0000] {processor.py:154} INFO - Started process (PID=2599) to work on /opt/airflow/dags/extract_dag.py
[2022-12-02T19:09:18.580+0000] {processor.py:756} INFO - Processing file /opt/airflow/dags/extract_dag.py for tasks to queue
[2022-12-02T19:09:18.581+0000] {logging_mixin.py:120} INFO - [2022-12-02T19:09:18.581+0000] {dagbag.py:537} INFO - Filling up the DagBag from /opt/airflow/dags/extract_dag.py
[2022-12-02T19:09:18.604+0000] {processor.py:766} INFO - DAG(s) dict_keys(['extract_dag']) retrieved from /opt/airflow/dags/extract_dag.py
[2022-12-02T19:09:18.654+0000] {logging_mixin.py:120} INFO - [2022-12-02T19:09:18.653+0000] {dag.py:2585} INFO - Sync 1 DAGs
[2022-12-02T19:09:18.676+0000] {logging_mixin.py:120} INFO - [2022-12-02T19:09:18.676+0000] {dag.py:3340} INFO - Setting next_dagrun for extract_dag to 2022-12-02T19:09:18.592740+00:00, run_after=2022-12-03T19:09:18.592740+00:00
[2022-12-02T19:09:18.687+0000] {processor.py:176} INFO - Processing /opt/airflow/dags/extract_dag.py took 0.114 seconds
[2022-12-02T19:09:48.958+0000] {processor.py:154} INFO - Started process (PID=2627) to work on /opt/airflow/dags/extract_dag.py
[2022-12-02T19:09:48.960+0000] {processor.py:756} INFO - Processing file /opt/airflow/dags/extract_dag.py for tasks to queue
[2022-12-02T19:09:48.962+0000] {logging_mixin.py:120} INFO - [2022-12-02T19:09:48.962+0000] {dagbag.py:537} INFO - Filling up the DagBag from /opt/airflow/dags/extract_dag.py
[2022-12-02T19:09:48.986+0000] {processor.py:766} INFO - DAG(s) dict_keys(['extract_dag']) retrieved from /opt/airflow/dags/extract_dag.py
[2022-12-02T19:09:49.042+0000] {logging_mixin.py:120} INFO - [2022-12-02T19:09:49.042+0000] {dag.py:2585} INFO - Sync 1 DAGs
[2022-12-02T19:09:49.055+0000] {logging_mixin.py:120} INFO - [2022-12-02T19:09:49.055+0000] {dag.py:3340} INFO - Setting next_dagrun for extract_dag to 2022-12-02T19:09:48.973173+00:00, run_after=2022-12-03T19:09:48.973173+00:00
[2022-12-02T19:09:49.065+0000] {processor.py:176} INFO - Processing /opt/airflow/dags/extract_dag.py took 0.111 seconds
[2022-12-02T19:10:19.272+0000] {processor.py:154} INFO - Started process (PID=2654) to work on /opt/airflow/dags/extract_dag.py
[2022-12-02T19:10:19.275+0000] {processor.py:756} INFO - Processing file /opt/airflow/dags/extract_dag.py for tasks to queue
[2022-12-02T19:10:19.277+0000] {logging_mixin.py:120} INFO - [2022-12-02T19:10:19.277+0000] {dagbag.py:537} INFO - Filling up the DagBag from /opt/airflow/dags/extract_dag.py
[2022-12-02T19:10:19.301+0000] {processor.py:766} INFO - DAG(s) dict_keys(['extract_dag']) retrieved from /opt/airflow/dags/extract_dag.py
[2022-12-02T19:10:19.359+0000] {logging_mixin.py:120} INFO - [2022-12-02T19:10:19.359+0000] {dag.py:2585} INFO - Sync 1 DAGs
[2022-12-02T19:10:19.391+0000] {logging_mixin.py:120} INFO - [2022-12-02T19:10:19.391+0000] {dag.py:3340} INFO - Setting next_dagrun for extract_dag to 2022-12-02T19:10:19.290420+00:00, run_after=2022-12-03T19:10:19.290420+00:00
[2022-12-02T19:10:19.404+0000] {processor.py:176} INFO - Processing /opt/airflow/dags/extract_dag.py took 0.135 seconds
[2022-12-02T19:10:35.420+0000] {processor.py:154} INFO - Started process (PID=2664) to work on /opt/airflow/dags/extract_dag.py
[2022-12-02T19:10:35.421+0000] {processor.py:756} INFO - Processing file /opt/airflow/dags/extract_dag.py for tasks to queue
[2022-12-02T19:10:35.423+0000] {logging_mixin.py:120} INFO - [2022-12-02T19:10:35.422+0000] {dagbag.py:537} INFO - Filling up the DagBag from /opt/airflow/dags/extract_dag.py
[2022-12-02T19:10:35.453+0000] {processor.py:766} INFO - DAG(s) dict_keys(['extract_dag']) retrieved from /opt/airflow/dags/extract_dag.py
[2022-12-02T19:10:35.474+0000] {logging_mixin.py:120} INFO - [2022-12-02T19:10:35.474+0000] {dag.py:2585} INFO - Sync 1 DAGs
[2022-12-02T19:10:35.491+0000] {logging_mixin.py:120} INFO - [2022-12-02T19:10:35.491+0000] {dag.py:3340} INFO - Setting next_dagrun for extract_dag to 2022-12-02T19:10:35.442019+00:00, run_after=2022-12-03T19:10:35.442019+00:00
[2022-12-02T19:10:35.504+0000] {processor.py:176} INFO - Processing /opt/airflow/dags/extract_dag.py took 0.088 seconds
[2022-12-02T19:11:05.700+0000] {processor.py:154} INFO - Started process (PID=2691) to work on /opt/airflow/dags/extract_dag.py
[2022-12-02T19:11:05.702+0000] {processor.py:756} INFO - Processing file /opt/airflow/dags/extract_dag.py for tasks to queue
[2022-12-02T19:11:05.704+0000] {logging_mixin.py:120} INFO - [2022-12-02T19:11:05.704+0000] {dagbag.py:537} INFO - Filling up the DagBag from /opt/airflow/dags/extract_dag.py
[2022-12-02T19:11:05.730+0000] {processor.py:766} INFO - DAG(s) dict_keys(['extract_dag']) retrieved from /opt/airflow/dags/extract_dag.py
[2022-12-02T19:11:05.796+0000] {logging_mixin.py:120} INFO - [2022-12-02T19:11:05.796+0000] {dag.py:2585} INFO - Sync 1 DAGs
[2022-12-02T19:11:05.810+0000] {logging_mixin.py:120} INFO - [2022-12-02T19:11:05.810+0000] {dag.py:3340} INFO - Setting next_dagrun for extract_dag to 2022-12-02T19:11:05.718312+00:00, run_after=2022-12-03T19:11:05.718312+00:00
[2022-12-02T19:11:05.821+0000] {processor.py:176} INFO - Processing /opt/airflow/dags/extract_dag.py took 0.126 seconds
[2022-12-02T19:11:36.107+0000] {processor.py:154} INFO - Started process (PID=2718) to work on /opt/airflow/dags/extract_dag.py
[2022-12-02T19:11:36.110+0000] {processor.py:756} INFO - Processing file /opt/airflow/dags/extract_dag.py for tasks to queue
[2022-12-02T19:11:36.111+0000] {logging_mixin.py:120} INFO - [2022-12-02T19:11:36.111+0000] {dagbag.py:537} INFO - Filling up the DagBag from /opt/airflow/dags/extract_dag.py
[2022-12-02T19:11:36.146+0000] {processor.py:766} INFO - DAG(s) dict_keys(['extract_dag']) retrieved from /opt/airflow/dags/extract_dag.py
[2022-12-02T19:11:36.200+0000] {logging_mixin.py:120} INFO - [2022-12-02T19:11:36.200+0000] {dag.py:2585} INFO - Sync 1 DAGs
[2022-12-02T19:11:36.213+0000] {logging_mixin.py:120} INFO - [2022-12-02T19:11:36.213+0000] {dag.py:3340} INFO - Setting next_dagrun for extract_dag to 2022-12-02T19:11:36.124985+00:00, run_after=2022-12-03T19:11:36.124985+00:00
[2022-12-02T19:11:36.225+0000] {processor.py:176} INFO - Processing /opt/airflow/dags/extract_dag.py took 0.123 seconds
[2022-12-02T19:12:06.464+0000] {processor.py:154} INFO - Started process (PID=2746) to work on /opt/airflow/dags/extract_dag.py
[2022-12-02T19:12:06.468+0000] {processor.py:756} INFO - Processing file /opt/airflow/dags/extract_dag.py for tasks to queue
[2022-12-02T19:12:06.470+0000] {logging_mixin.py:120} INFO - [2022-12-02T19:12:06.470+0000] {dagbag.py:537} INFO - Filling up the DagBag from /opt/airflow/dags/extract_dag.py
[2022-12-02T19:12:06.500+0000] {processor.py:766} INFO - DAG(s) dict_keys(['extract_dag']) retrieved from /opt/airflow/dags/extract_dag.py
[2022-12-02T19:12:06.550+0000] {logging_mixin.py:120} INFO - [2022-12-02T19:12:06.550+0000] {dag.py:2585} INFO - Sync 1 DAGs
[2022-12-02T19:12:06.563+0000] {logging_mixin.py:120} INFO - [2022-12-02T19:12:06.563+0000] {dag.py:3340} INFO - Setting next_dagrun for extract_dag to 2022-12-02T19:12:06.489613+00:00, run_after=2022-12-03T19:12:06.489613+00:00
[2022-12-02T19:12:06.573+0000] {processor.py:176} INFO - Processing /opt/airflow/dags/extract_dag.py took 0.113 seconds
[2022-12-02T19:12:36.841+0000] {processor.py:154} INFO - Started process (PID=2773) to work on /opt/airflow/dags/extract_dag.py
[2022-12-02T19:12:36.843+0000] {processor.py:756} INFO - Processing file /opt/airflow/dags/extract_dag.py for tasks to queue
[2022-12-02T19:12:36.845+0000] {logging_mixin.py:120} INFO - [2022-12-02T19:12:36.845+0000] {dagbag.py:537} INFO - Filling up the DagBag from /opt/airflow/dags/extract_dag.py
[2022-12-02T19:12:36.866+0000] {processor.py:766} INFO - DAG(s) dict_keys(['extract_dag']) retrieved from /opt/airflow/dags/extract_dag.py
[2022-12-02T19:12:36.927+0000] {logging_mixin.py:120} INFO - [2022-12-02T19:12:36.927+0000] {dag.py:2585} INFO - Sync 1 DAGs
[2022-12-02T19:12:36.941+0000] {logging_mixin.py:120} INFO - [2022-12-02T19:12:36.941+0000] {dag.py:3340} INFO - Setting next_dagrun for extract_dag to 2022-12-02T19:12:36.854821+00:00, run_after=2022-12-03T19:12:36.854821+00:00
[2022-12-02T19:12:36.951+0000] {processor.py:176} INFO - Processing /opt/airflow/dags/extract_dag.py took 0.114 seconds
[2022-12-02T19:13:07.167+0000] {processor.py:154} INFO - Started process (PID=2792) to work on /opt/airflow/dags/extract_dag.py
[2022-12-02T19:13:07.169+0000] {processor.py:756} INFO - Processing file /opt/airflow/dags/extract_dag.py for tasks to queue
[2022-12-02T19:13:07.170+0000] {logging_mixin.py:120} INFO - [2022-12-02T19:13:07.170+0000] {dagbag.py:537} INFO - Filling up the DagBag from /opt/airflow/dags/extract_dag.py
[2022-12-02T19:13:07.190+0000] {processor.py:766} INFO - DAG(s) dict_keys(['extract_dag']) retrieved from /opt/airflow/dags/extract_dag.py
[2022-12-02T19:13:07.253+0000] {logging_mixin.py:120} INFO - [2022-12-02T19:13:07.253+0000] {dag.py:2585} INFO - Sync 1 DAGs
[2022-12-02T19:13:07.266+0000] {logging_mixin.py:120} INFO - [2022-12-02T19:13:07.266+0000] {dag.py:3340} INFO - Setting next_dagrun for extract_dag to 2022-12-02T19:13:07.179292+00:00, run_after=2022-12-03T19:13:07.179292+00:00
[2022-12-02T19:13:07.276+0000] {processor.py:176} INFO - Processing /opt/airflow/dags/extract_dag.py took 0.113 seconds
[2022-12-02T19:13:37.544+0000] {processor.py:154} INFO - Started process (PID=2820) to work on /opt/airflow/dags/extract_dag.py
[2022-12-02T19:13:37.546+0000] {processor.py:756} INFO - Processing file /opt/airflow/dags/extract_dag.py for tasks to queue
[2022-12-02T19:13:37.548+0000] {logging_mixin.py:120} INFO - [2022-12-02T19:13:37.548+0000] {dagbag.py:537} INFO - Filling up the DagBag from /opt/airflow/dags/extract_dag.py
[2022-12-02T19:13:37.571+0000] {processor.py:766} INFO - DAG(s) dict_keys(['extract_dag']) retrieved from /opt/airflow/dags/extract_dag.py
[2022-12-02T19:13:37.630+0000] {logging_mixin.py:120} INFO - [2022-12-02T19:13:37.630+0000] {dag.py:2585} INFO - Sync 1 DAGs
[2022-12-02T19:13:37.642+0000] {logging_mixin.py:120} INFO - [2022-12-02T19:13:37.642+0000] {dag.py:3340} INFO - Setting next_dagrun for extract_dag to 2022-12-02T19:13:37.559379+00:00, run_after=2022-12-03T19:13:37.559379+00:00
[2022-12-02T19:13:37.652+0000] {processor.py:176} INFO - Processing /opt/airflow/dags/extract_dag.py took 0.113 seconds
[2022-12-02T19:13:42.601+0000] {processor.py:154} INFO - Started process (PID=2830) to work on /opt/airflow/dags/extract_dag.py
[2022-12-02T19:13:42.604+0000] {processor.py:756} INFO - Processing file /opt/airflow/dags/extract_dag.py for tasks to queue
[2022-12-02T19:13:42.605+0000] {logging_mixin.py:120} INFO - [2022-12-02T19:13:42.605+0000] {dagbag.py:537} INFO - Filling up the DagBag from /opt/airflow/dags/extract_dag.py
[2022-12-02T19:13:42.629+0000] {processor.py:766} INFO - DAG(s) dict_keys(['extract_dag']) retrieved from /opt/airflow/dags/extract_dag.py
[2022-12-02T19:13:42.645+0000] {logging_mixin.py:120} INFO - [2022-12-02T19:13:42.645+0000] {dag.py:2585} INFO - Sync 1 DAGs
[2022-12-02T19:13:42.657+0000] {logging_mixin.py:120} INFO - [2022-12-02T19:13:42.657+0000] {dag.py:3340} INFO - Setting next_dagrun for extract_dag to 2022-12-02T20:15:00+00:00, run_after=2022-12-03T20:15:00+00:00
[2022-12-02T19:13:42.668+0000] {processor.py:176} INFO - Processing /opt/airflow/dags/extract_dag.py took 0.071 seconds
[2022-12-02T19:14:12.976+0000] {processor.py:154} INFO - Started process (PID=2859) to work on /opt/airflow/dags/extract_dag.py
[2022-12-02T19:14:12.978+0000] {processor.py:756} INFO - Processing file /opt/airflow/dags/extract_dag.py for tasks to queue
[2022-12-02T19:14:12.980+0000] {logging_mixin.py:120} INFO - [2022-12-02T19:14:12.980+0000] {dagbag.py:537} INFO - Filling up the DagBag from /opt/airflow/dags/extract_dag.py
[2022-12-02T19:14:13.015+0000] {processor.py:766} INFO - DAG(s) dict_keys(['extract_dag']) retrieved from /opt/airflow/dags/extract_dag.py
[2022-12-02T19:14:13.207+0000] {logging_mixin.py:120} INFO - [2022-12-02T19:14:13.206+0000] {dag.py:2585} INFO - Sync 1 DAGs
[2022-12-02T19:14:13.225+0000] {logging_mixin.py:120} INFO - [2022-12-02T19:14:13.224+0000] {dag.py:3340} INFO - Setting next_dagrun for extract_dag to 2022-12-02T20:15:00+00:00, run_after=2022-12-03T20:15:00+00:00
[2022-12-02T19:14:13.258+0000] {processor.py:176} INFO - Processing /opt/airflow/dags/extract_dag.py took 0.285 seconds
[2022-12-02T19:14:43.350+0000] {processor.py:154} INFO - Started process (PID=2878) to work on /opt/airflow/dags/extract_dag.py
[2022-12-02T19:14:43.353+0000] {processor.py:756} INFO - Processing file /opt/airflow/dags/extract_dag.py for tasks to queue
[2022-12-02T19:14:43.355+0000] {logging_mixin.py:120} INFO - [2022-12-02T19:14:43.355+0000] {dagbag.py:537} INFO - Filling up the DagBag from /opt/airflow/dags/extract_dag.py
[2022-12-02T19:14:43.379+0000] {processor.py:766} INFO - DAG(s) dict_keys(['extract_dag']) retrieved from /opt/airflow/dags/extract_dag.py
[2022-12-02T19:14:43.408+0000] {logging_mixin.py:120} INFO - [2022-12-02T19:14:43.408+0000] {dag.py:2585} INFO - Sync 1 DAGs
[2022-12-02T19:14:43.422+0000] {logging_mixin.py:120} INFO - [2022-12-02T19:14:43.422+0000] {dag.py:3340} INFO - Setting next_dagrun for extract_dag to 2022-12-02T20:15:00+00:00, run_after=2022-12-03T20:15:00+00:00
[2022-12-02T19:14:43.432+0000] {processor.py:176} INFO - Processing /opt/airflow/dags/extract_dag.py took 0.087 seconds
[2022-12-02T19:15:13.678+0000] {processor.py:154} INFO - Started process (PID=2906) to work on /opt/airflow/dags/extract_dag.py
[2022-12-02T19:15:13.682+0000] {processor.py:756} INFO - Processing file /opt/airflow/dags/extract_dag.py for tasks to queue
[2022-12-02T19:15:13.683+0000] {logging_mixin.py:120} INFO - [2022-12-02T19:15:13.683+0000] {dagbag.py:537} INFO - Filling up the DagBag from /opt/airflow/dags/extract_dag.py
[2022-12-02T19:15:13.705+0000] {processor.py:766} INFO - DAG(s) dict_keys(['extract_dag']) retrieved from /opt/airflow/dags/extract_dag.py
[2022-12-02T19:15:13.734+0000] {logging_mixin.py:120} INFO - [2022-12-02T19:15:13.734+0000] {dag.py:2585} INFO - Sync 1 DAGs
[2022-12-02T19:15:13.747+0000] {logging_mixin.py:120} INFO - [2022-12-02T19:15:13.747+0000] {dag.py:3340} INFO - Setting next_dagrun for extract_dag to 2022-12-02T20:15:00+00:00, run_after=2022-12-03T20:15:00+00:00
[2022-12-02T19:15:13.756+0000] {processor.py:176} INFO - Processing /opt/airflow/dags/extract_dag.py took 0.084 seconds
[2022-12-02T19:16:40.960+0000] {processor.py:154} INFO - Started process (PID=33) to work on /opt/airflow/dags/extract_dag.py
[2022-12-02T19:16:40.962+0000] {processor.py:756} INFO - Processing file /opt/airflow/dags/extract_dag.py for tasks to queue
[2022-12-02T19:16:40.963+0000] {logging_mixin.py:120} INFO - [2022-12-02T19:16:40.963+0000] {dagbag.py:537} INFO - Filling up the DagBag from /opt/airflow/dags/extract_dag.py
[2022-12-02T19:16:40.997+0000] {processor.py:766} INFO - DAG(s) dict_keys(['extract_dag']) retrieved from /opt/airflow/dags/extract_dag.py
[2022-12-02T19:16:41.133+0000] {logging_mixin.py:120} INFO - [2022-12-02T19:16:41.133+0000] {manager.py:507} INFO - Created Permission View: can delete on DAG:extract_dag
[2022-12-02T19:16:41.139+0000] {logging_mixin.py:120} INFO - [2022-12-02T19:16:41.139+0000] {manager.py:507} INFO - Created Permission View: can edit on DAG:extract_dag
[2022-12-02T19:16:41.143+0000] {logging_mixin.py:120} INFO - [2022-12-02T19:16:41.143+0000] {manager.py:507} INFO - Created Permission View: can read on DAG:extract_dag
[2022-12-02T19:16:41.144+0000] {logging_mixin.py:120} INFO - [2022-12-02T19:16:41.144+0000] {dag.py:2585} INFO - Sync 1 DAGs
[2022-12-02T19:16:41.153+0000] {logging_mixin.py:120} INFO - [2022-12-02T19:16:41.153+0000] {dag.py:2606} INFO - Creating ORM DAG for extract_dag
[2022-12-02T19:16:41.161+0000] {logging_mixin.py:120} INFO - [2022-12-02T19:16:41.160+0000] {dag.py:3340} INFO - Setting next_dagrun for extract_dag to 2022-12-02T20:15:00+00:00, run_after=2022-12-03T20:15:00+00:00
[2022-12-02T19:16:41.177+0000] {processor.py:176} INFO - Processing /opt/airflow/dags/extract_dag.py took 0.219 seconds
[2022-12-02T19:17:11.289+0000] {processor.py:154} INFO - Started process (PID=61) to work on /opt/airflow/dags/extract_dag.py
[2022-12-02T19:17:11.294+0000] {processor.py:756} INFO - Processing file /opt/airflow/dags/extract_dag.py for tasks to queue
[2022-12-02T19:17:11.299+0000] {logging_mixin.py:120} INFO - [2022-12-02T19:17:11.299+0000] {dagbag.py:537} INFO - Filling up the DagBag from /opt/airflow/dags/extract_dag.py
[2022-12-02T19:17:11.353+0000] {processor.py:766} INFO - DAG(s) dict_keys(['extract_dag']) retrieved from /opt/airflow/dags/extract_dag.py
[2022-12-02T19:17:11.409+0000] {logging_mixin.py:120} INFO - [2022-12-02T19:17:11.409+0000] {dag.py:2585} INFO - Sync 1 DAGs
[2022-12-02T19:17:11.431+0000] {logging_mixin.py:120} INFO - [2022-12-02T19:17:11.431+0000] {dag.py:3340} INFO - Setting next_dagrun for extract_dag to 2022-12-02T20:15:00+00:00, run_after=2022-12-03T20:15:00+00:00
[2022-12-02T19:17:11.444+0000] {processor.py:176} INFO - Processing /opt/airflow/dags/extract_dag.py took 0.163 seconds
[2022-12-02T19:17:41.646+0000] {processor.py:154} INFO - Started process (PID=88) to work on /opt/airflow/dags/extract_dag.py
[2022-12-02T19:17:41.648+0000] {processor.py:756} INFO - Processing file /opt/airflow/dags/extract_dag.py for tasks to queue
[2022-12-02T19:17:41.649+0000] {logging_mixin.py:120} INFO - [2022-12-02T19:17:41.649+0000] {dagbag.py:537} INFO - Filling up the DagBag from /opt/airflow/dags/extract_dag.py
[2022-12-02T19:17:41.671+0000] {processor.py:766} INFO - DAG(s) dict_keys(['extract_dag']) retrieved from /opt/airflow/dags/extract_dag.py
[2022-12-02T19:17:41.696+0000] {logging_mixin.py:120} INFO - [2022-12-02T19:17:41.696+0000] {dag.py:2585} INFO - Sync 1 DAGs
[2022-12-02T19:17:41.710+0000] {logging_mixin.py:120} INFO - [2022-12-02T19:17:41.710+0000] {dag.py:3340} INFO - Setting next_dagrun for extract_dag to 2022-12-02T20:15:00+00:00, run_after=2022-12-03T20:15:00+00:00
[2022-12-02T19:17:41.720+0000] {processor.py:176} INFO - Processing /opt/airflow/dags/extract_dag.py took 0.077 seconds
[2022-12-02T19:18:11.961+0000] {processor.py:154} INFO - Started process (PID=107) to work on /opt/airflow/dags/extract_dag.py
[2022-12-02T19:18:11.963+0000] {processor.py:756} INFO - Processing file /opt/airflow/dags/extract_dag.py for tasks to queue
[2022-12-02T19:18:11.964+0000] {logging_mixin.py:120} INFO - [2022-12-02T19:18:11.964+0000] {dagbag.py:537} INFO - Filling up the DagBag from /opt/airflow/dags/extract_dag.py
[2022-12-02T19:18:11.993+0000] {processor.py:766} INFO - DAG(s) dict_keys(['extract_dag']) retrieved from /opt/airflow/dags/extract_dag.py
[2022-12-02T19:18:12.026+0000] {logging_mixin.py:120} INFO - [2022-12-02T19:18:12.026+0000] {dag.py:2585} INFO - Sync 1 DAGs
[2022-12-02T19:18:12.045+0000] {logging_mixin.py:120} INFO - [2022-12-02T19:18:12.045+0000] {dag.py:3340} INFO - Setting next_dagrun for extract_dag to 2022-12-02T20:15:00+00:00, run_after=2022-12-03T20:15:00+00:00
[2022-12-02T19:18:12.056+0000] {processor.py:176} INFO - Processing /opt/airflow/dags/extract_dag.py took 0.099 seconds
[2022-12-02T19:18:42.358+0000] {processor.py:154} INFO - Started process (PID=135) to work on /opt/airflow/dags/extract_dag.py
[2022-12-02T19:18:42.360+0000] {processor.py:756} INFO - Processing file /opt/airflow/dags/extract_dag.py for tasks to queue
[2022-12-02T19:18:42.361+0000] {logging_mixin.py:120} INFO - [2022-12-02T19:18:42.361+0000] {dagbag.py:537} INFO - Filling up the DagBag from /opt/airflow/dags/extract_dag.py
[2022-12-02T19:18:42.383+0000] {processor.py:766} INFO - DAG(s) dict_keys(['extract_dag']) retrieved from /opt/airflow/dags/extract_dag.py
[2022-12-02T19:18:42.430+0000] {logging_mixin.py:120} INFO - [2022-12-02T19:18:42.430+0000] {dag.py:2585} INFO - Sync 1 DAGs
[2022-12-02T19:18:42.450+0000] {logging_mixin.py:120} INFO - [2022-12-02T19:18:42.450+0000] {dag.py:3340} INFO - Setting next_dagrun for extract_dag to 2022-12-02T20:15:00+00:00, run_after=2022-12-03T20:15:00+00:00
[2022-12-02T19:18:42.461+0000] {processor.py:176} INFO - Processing /opt/airflow/dags/extract_dag.py took 0.107 seconds
[2022-12-02T19:19:12.644+0000] {processor.py:154} INFO - Started process (PID=163) to work on /opt/airflow/dags/extract_dag.py
[2022-12-02T19:19:12.646+0000] {processor.py:756} INFO - Processing file /opt/airflow/dags/extract_dag.py for tasks to queue
[2022-12-02T19:19:12.648+0000] {logging_mixin.py:120} INFO - [2022-12-02T19:19:12.648+0000] {dagbag.py:537} INFO - Filling up the DagBag from /opt/airflow/dags/extract_dag.py
[2022-12-02T19:19:12.679+0000] {processor.py:766} INFO - DAG(s) dict_keys(['extract_dag']) retrieved from /opt/airflow/dags/extract_dag.py
[2022-12-02T19:19:12.719+0000] {logging_mixin.py:120} INFO - [2022-12-02T19:19:12.719+0000] {dag.py:2585} INFO - Sync 1 DAGs
[2022-12-02T19:19:12.735+0000] {logging_mixin.py:120} INFO - [2022-12-02T19:19:12.734+0000] {dag.py:3340} INFO - Setting next_dagrun for extract_dag to 2022-12-02T20:15:00+00:00, run_after=2022-12-03T20:15:00+00:00
[2022-12-02T19:19:12.745+0000] {processor.py:176} INFO - Processing /opt/airflow/dags/extract_dag.py took 0.105 seconds
[2022-12-02T19:19:43.010+0000] {processor.py:154} INFO - Started process (PID=192) to work on /opt/airflow/dags/extract_dag.py
[2022-12-02T19:19:43.012+0000] {processor.py:756} INFO - Processing file /opt/airflow/dags/extract_dag.py for tasks to queue
[2022-12-02T19:19:43.013+0000] {logging_mixin.py:120} INFO - [2022-12-02T19:19:43.013+0000] {dagbag.py:537} INFO - Filling up the DagBag from /opt/airflow/dags/extract_dag.py
[2022-12-02T19:19:43.033+0000] {processor.py:766} INFO - DAG(s) dict_keys(['extract_dag']) retrieved from /opt/airflow/dags/extract_dag.py
[2022-12-02T19:19:43.072+0000] {logging_mixin.py:120} INFO - [2022-12-02T19:19:43.072+0000] {dag.py:2585} INFO - Sync 1 DAGs
[2022-12-02T19:19:43.088+0000] {logging_mixin.py:120} INFO - [2022-12-02T19:19:43.088+0000] {dag.py:3340} INFO - Setting next_dagrun for extract_dag to 2022-12-02T20:15:00+00:00, run_after=2022-12-03T20:15:00+00:00
[2022-12-02T19:19:43.098+0000] {processor.py:176} INFO - Processing /opt/airflow/dags/extract_dag.py took 0.093 seconds
[2022-12-02T19:20:13.330+0000] {processor.py:154} INFO - Started process (PID=220) to work on /opt/airflow/dags/extract_dag.py
[2022-12-02T19:20:13.332+0000] {processor.py:756} INFO - Processing file /opt/airflow/dags/extract_dag.py for tasks to queue
[2022-12-02T19:20:13.334+0000] {logging_mixin.py:120} INFO - [2022-12-02T19:20:13.333+0000] {dagbag.py:537} INFO - Filling up the DagBag from /opt/airflow/dags/extract_dag.py
[2022-12-02T19:20:13.357+0000] {processor.py:766} INFO - DAG(s) dict_keys(['extract_dag']) retrieved from /opt/airflow/dags/extract_dag.py
[2022-12-02T19:20:13.387+0000] {logging_mixin.py:120} INFO - [2022-12-02T19:20:13.387+0000] {dag.py:2585} INFO - Sync 1 DAGs
[2022-12-02T19:20:13.401+0000] {logging_mixin.py:120} INFO - [2022-12-02T19:20:13.401+0000] {dag.py:3340} INFO - Setting next_dagrun for extract_dag to 2022-12-02T20:15:00+00:00, run_after=2022-12-03T20:15:00+00:00
[2022-12-02T19:20:13.412+0000] {processor.py:176} INFO - Processing /opt/airflow/dags/extract_dag.py took 0.087 seconds
[2022-12-02T19:20:43.736+0000] {processor.py:154} INFO - Started process (PID=240) to work on /opt/airflow/dags/extract_dag.py
[2022-12-02T19:20:43.738+0000] {processor.py:756} INFO - Processing file /opt/airflow/dags/extract_dag.py for tasks to queue
[2022-12-02T19:20:43.740+0000] {logging_mixin.py:120} INFO - [2022-12-02T19:20:43.740+0000] {dagbag.py:537} INFO - Filling up the DagBag from /opt/airflow/dags/extract_dag.py
[2022-12-02T19:20:43.764+0000] {processor.py:766} INFO - DAG(s) dict_keys(['extract_dag']) retrieved from /opt/airflow/dags/extract_dag.py
[2022-12-02T19:20:43.802+0000] {logging_mixin.py:120} INFO - [2022-12-02T19:20:43.802+0000] {dag.py:2585} INFO - Sync 1 DAGs
[2022-12-02T19:20:43.828+0000] {logging_mixin.py:120} INFO - [2022-12-02T19:20:43.828+0000] {dag.py:3340} INFO - Setting next_dagrun for extract_dag to 2022-12-02T20:15:00+00:00, run_after=2022-12-03T20:15:00+00:00
[2022-12-02T19:20:43.843+0000] {processor.py:176} INFO - Processing /opt/airflow/dags/extract_dag.py took 0.111 seconds
[2022-12-02T19:21:14.005+0000] {processor.py:154} INFO - Started process (PID=268) to work on /opt/airflow/dags/extract_dag.py
[2022-12-02T19:21:14.007+0000] {processor.py:756} INFO - Processing file /opt/airflow/dags/extract_dag.py for tasks to queue
[2022-12-02T19:21:14.009+0000] {logging_mixin.py:120} INFO - [2022-12-02T19:21:14.009+0000] {dagbag.py:537} INFO - Filling up the DagBag from /opt/airflow/dags/extract_dag.py
[2022-12-02T19:21:14.032+0000] {processor.py:766} INFO - DAG(s) dict_keys(['extract_dag']) retrieved from /opt/airflow/dags/extract_dag.py
[2022-12-02T19:21:14.068+0000] {logging_mixin.py:120} INFO - [2022-12-02T19:21:14.068+0000] {dag.py:2585} INFO - Sync 1 DAGs
[2022-12-02T19:21:14.089+0000] {logging_mixin.py:120} INFO - [2022-12-02T19:21:14.089+0000] {dag.py:3340} INFO - Setting next_dagrun for extract_dag to 2022-12-02T20:15:00+00:00, run_after=2022-12-03T20:15:00+00:00
[2022-12-02T19:21:14.103+0000] {processor.py:176} INFO - Processing /opt/airflow/dags/extract_dag.py took 0.103 seconds
[2022-12-02T19:21:44.368+0000] {processor.py:154} INFO - Started process (PID=296) to work on /opt/airflow/dags/extract_dag.py
[2022-12-02T19:21:44.370+0000] {processor.py:756} INFO - Processing file /opt/airflow/dags/extract_dag.py for tasks to queue
[2022-12-02T19:21:44.372+0000] {logging_mixin.py:120} INFO - [2022-12-02T19:21:44.372+0000] {dagbag.py:537} INFO - Filling up the DagBag from /opt/airflow/dags/extract_dag.py
[2022-12-02T19:21:44.396+0000] {processor.py:766} INFO - DAG(s) dict_keys(['extract_dag']) retrieved from /opt/airflow/dags/extract_dag.py
[2022-12-02T19:21:44.426+0000] {logging_mixin.py:120} INFO - [2022-12-02T19:21:44.426+0000] {dag.py:2585} INFO - Sync 1 DAGs
[2022-12-02T19:21:44.447+0000] {logging_mixin.py:120} INFO - [2022-12-02T19:21:44.447+0000] {dag.py:3340} INFO - Setting next_dagrun for extract_dag to 2022-12-02T20:15:00+00:00, run_after=2022-12-03T20:15:00+00:00
[2022-12-02T19:21:44.460+0000] {processor.py:176} INFO - Processing /opt/airflow/dags/extract_dag.py took 0.095 seconds
[2022-12-02T19:22:14.666+0000] {processor.py:154} INFO - Started process (PID=325) to work on /opt/airflow/dags/extract_dag.py
[2022-12-02T19:22:14.668+0000] {processor.py:756} INFO - Processing file /opt/airflow/dags/extract_dag.py for tasks to queue
[2022-12-02T19:22:14.669+0000] {logging_mixin.py:120} INFO - [2022-12-02T19:22:14.669+0000] {dagbag.py:537} INFO - Filling up the DagBag from /opt/airflow/dags/extract_dag.py
[2022-12-02T19:22:14.690+0000] {processor.py:766} INFO - DAG(s) dict_keys(['extract_dag']) retrieved from /opt/airflow/dags/extract_dag.py
[2022-12-02T19:22:14.718+0000] {logging_mixin.py:120} INFO - [2022-12-02T19:22:14.718+0000] {dag.py:2585} INFO - Sync 1 DAGs
[2022-12-02T19:22:14.732+0000] {logging_mixin.py:120} INFO - [2022-12-02T19:22:14.732+0000] {dag.py:3340} INFO - Setting next_dagrun for extract_dag to 2022-12-02T20:15:00+00:00, run_after=2022-12-03T20:15:00+00:00
[2022-12-02T19:22:14.743+0000] {processor.py:176} INFO - Processing /opt/airflow/dags/extract_dag.py took 0.082 seconds
[2022-12-02T19:22:45.012+0000] {processor.py:154} INFO - Started process (PID=352) to work on /opt/airflow/dags/extract_dag.py
[2022-12-02T19:22:45.014+0000] {processor.py:756} INFO - Processing file /opt/airflow/dags/extract_dag.py for tasks to queue
[2022-12-02T19:22:45.016+0000] {logging_mixin.py:120} INFO - [2022-12-02T19:22:45.016+0000] {dagbag.py:537} INFO - Filling up the DagBag from /opt/airflow/dags/extract_dag.py
[2022-12-02T19:22:45.033+0000] {processor.py:766} INFO - DAG(s) dict_keys(['extract_dag']) retrieved from /opt/airflow/dags/extract_dag.py
[2022-12-02T19:22:45.058+0000] {logging_mixin.py:120} INFO - [2022-12-02T19:22:45.058+0000] {dag.py:2585} INFO - Sync 1 DAGs
[2022-12-02T19:22:45.071+0000] {logging_mixin.py:120} INFO - [2022-12-02T19:22:45.071+0000] {dag.py:3340} INFO - Setting next_dagrun for extract_dag to 2022-12-02T20:15:00+00:00, run_after=2022-12-03T20:15:00+00:00
[2022-12-02T19:22:45.080+0000] {processor.py:176} INFO - Processing /opt/airflow/dags/extract_dag.py took 0.071 seconds
[2022-12-02T19:23:15.360+0000] {processor.py:154} INFO - Started process (PID=379) to work on /opt/airflow/dags/extract_dag.py
[2022-12-02T19:23:15.361+0000] {processor.py:756} INFO - Processing file /opt/airflow/dags/extract_dag.py for tasks to queue
[2022-12-02T19:23:15.362+0000] {logging_mixin.py:120} INFO - [2022-12-02T19:23:15.362+0000] {dagbag.py:537} INFO - Filling up the DagBag from /opt/airflow/dags/extract_dag.py
[2022-12-02T19:23:15.379+0000] {processor.py:766} INFO - DAG(s) dict_keys(['extract_dag']) retrieved from /opt/airflow/dags/extract_dag.py
[2022-12-02T19:23:15.426+0000] {logging_mixin.py:120} INFO - [2022-12-02T19:23:15.425+0000] {dag.py:2585} INFO - Sync 1 DAGs
[2022-12-02T19:23:15.442+0000] {logging_mixin.py:120} INFO - [2022-12-02T19:23:15.442+0000] {dag.py:3340} INFO - Setting next_dagrun for extract_dag to 2022-12-02T20:15:00+00:00, run_after=2022-12-03T20:15:00+00:00
[2022-12-02T19:23:15.453+0000] {processor.py:176} INFO - Processing /opt/airflow/dags/extract_dag.py took 0.096 seconds
[2022-12-02T19:23:45.689+0000] {processor.py:154} INFO - Started process (PID=398) to work on /opt/airflow/dags/extract_dag.py
[2022-12-02T19:23:45.691+0000] {processor.py:756} INFO - Processing file /opt/airflow/dags/extract_dag.py for tasks to queue
[2022-12-02T19:23:45.692+0000] {logging_mixin.py:120} INFO - [2022-12-02T19:23:45.692+0000] {dagbag.py:537} INFO - Filling up the DagBag from /opt/airflow/dags/extract_dag.py
[2022-12-02T19:23:45.709+0000] {processor.py:766} INFO - DAG(s) dict_keys(['extract_dag']) retrieved from /opt/airflow/dags/extract_dag.py
[2022-12-02T19:23:45.735+0000] {logging_mixin.py:120} INFO - [2022-12-02T19:23:45.735+0000] {dag.py:2585} INFO - Sync 1 DAGs
[2022-12-02T19:23:45.747+0000] {logging_mixin.py:120} INFO - [2022-12-02T19:23:45.747+0000] {dag.py:3340} INFO - Setting next_dagrun for extract_dag to 2022-12-02T20:15:00+00:00, run_after=2022-12-03T20:15:00+00:00
[2022-12-02T19:23:45.758+0000] {processor.py:176} INFO - Processing /opt/airflow/dags/extract_dag.py took 0.074 seconds
[2022-12-02T19:24:16.050+0000] {processor.py:154} INFO - Started process (PID=426) to work on /opt/airflow/dags/extract_dag.py
[2022-12-02T19:24:16.052+0000] {processor.py:756} INFO - Processing file /opt/airflow/dags/extract_dag.py for tasks to queue
[2022-12-02T19:24:16.054+0000] {logging_mixin.py:120} INFO - [2022-12-02T19:24:16.054+0000] {dagbag.py:537} INFO - Filling up the DagBag from /opt/airflow/dags/extract_dag.py
[2022-12-02T19:24:16.076+0000] {processor.py:766} INFO - DAG(s) dict_keys(['extract_dag']) retrieved from /opt/airflow/dags/extract_dag.py
[2022-12-02T19:24:16.104+0000] {logging_mixin.py:120} INFO - [2022-12-02T19:24:16.104+0000] {dag.py:2585} INFO - Sync 1 DAGs
[2022-12-02T19:24:16.119+0000] {logging_mixin.py:120} INFO - [2022-12-02T19:24:16.119+0000] {dag.py:3340} INFO - Setting next_dagrun for extract_dag to 2022-12-02T20:15:00+00:00, run_after=2022-12-03T20:15:00+00:00
[2022-12-02T19:24:16.128+0000] {processor.py:176} INFO - Processing /opt/airflow/dags/extract_dag.py took 0.083 seconds
[2022-12-02T19:24:46.379+0000] {processor.py:154} INFO - Started process (PID=454) to work on /opt/airflow/dags/extract_dag.py
[2022-12-02T19:24:46.381+0000] {processor.py:756} INFO - Processing file /opt/airflow/dags/extract_dag.py for tasks to queue
[2022-12-02T19:24:46.383+0000] {logging_mixin.py:120} INFO - [2022-12-02T19:24:46.383+0000] {dagbag.py:537} INFO - Filling up the DagBag from /opt/airflow/dags/extract_dag.py
[2022-12-02T19:24:46.406+0000] {processor.py:766} INFO - DAG(s) dict_keys(['extract_dag']) retrieved from /opt/airflow/dags/extract_dag.py
[2022-12-02T19:24:46.434+0000] {logging_mixin.py:120} INFO - [2022-12-02T19:24:46.434+0000] {dag.py:2585} INFO - Sync 1 DAGs
[2022-12-02T19:24:46.460+0000] {logging_mixin.py:120} INFO - [2022-12-02T19:24:46.460+0000] {dag.py:3340} INFO - Setting next_dagrun for extract_dag to 2022-12-02T20:15:00+00:00, run_after=2022-12-03T20:15:00+00:00
[2022-12-02T19:24:46.471+0000] {processor.py:176} INFO - Processing /opt/airflow/dags/extract_dag.py took 0.095 seconds
[2022-12-02T19:25:16.749+0000] {processor.py:154} INFO - Started process (PID=480) to work on /opt/airflow/dags/extract_dag.py
[2022-12-02T19:25:16.751+0000] {processor.py:756} INFO - Processing file /opt/airflow/dags/extract_dag.py for tasks to queue
[2022-12-02T19:25:16.753+0000] {logging_mixin.py:120} INFO - [2022-12-02T19:25:16.752+0000] {dagbag.py:537} INFO - Filling up the DagBag from /opt/airflow/dags/extract_dag.py
[2022-12-02T19:25:16.776+0000] {processor.py:766} INFO - DAG(s) dict_keys(['extract_dag']) retrieved from /opt/airflow/dags/extract_dag.py
[2022-12-02T19:25:16.810+0000] {logging_mixin.py:120} INFO - [2022-12-02T19:25:16.810+0000] {dag.py:2585} INFO - Sync 1 DAGs
[2022-12-02T19:25:16.825+0000] {logging_mixin.py:120} INFO - [2022-12-02T19:25:16.825+0000] {dag.py:3340} INFO - Setting next_dagrun for extract_dag to 2022-12-02T20:15:00+00:00, run_after=2022-12-03T20:15:00+00:00
[2022-12-02T19:25:16.835+0000] {processor.py:176} INFO - Processing /opt/airflow/dags/extract_dag.py took 0.091 seconds
[2022-12-02T19:25:47.084+0000] {processor.py:154} INFO - Started process (PID=508) to work on /opt/airflow/dags/extract_dag.py
[2022-12-02T19:25:47.086+0000] {processor.py:756} INFO - Processing file /opt/airflow/dags/extract_dag.py for tasks to queue
[2022-12-02T19:25:47.088+0000] {logging_mixin.py:120} INFO - [2022-12-02T19:25:47.088+0000] {dagbag.py:537} INFO - Filling up the DagBag from /opt/airflow/dags/extract_dag.py
[2022-12-02T19:25:47.109+0000] {processor.py:766} INFO - DAG(s) dict_keys(['extract_dag']) retrieved from /opt/airflow/dags/extract_dag.py
[2022-12-02T19:25:47.137+0000] {logging_mixin.py:120} INFO - [2022-12-02T19:25:47.137+0000] {dag.py:2585} INFO - Sync 1 DAGs
[2022-12-02T19:25:47.152+0000] {logging_mixin.py:120} INFO - [2022-12-02T19:25:47.152+0000] {dag.py:3340} INFO - Setting next_dagrun for extract_dag to 2022-12-02T20:15:00+00:00, run_after=2022-12-03T20:15:00+00:00
[2022-12-02T19:25:47.168+0000] {processor.py:176} INFO - Processing /opt/airflow/dags/extract_dag.py took 0.088 seconds
[2022-12-02T19:26:17.415+0000] {processor.py:154} INFO - Started process (PID=527) to work on /opt/airflow/dags/extract_dag.py
[2022-12-02T19:26:17.418+0000] {processor.py:756} INFO - Processing file /opt/airflow/dags/extract_dag.py for tasks to queue
[2022-12-02T19:26:17.421+0000] {logging_mixin.py:120} INFO - [2022-12-02T19:26:17.420+0000] {dagbag.py:537} INFO - Filling up the DagBag from /opt/airflow/dags/extract_dag.py
[2022-12-02T19:26:17.460+0000] {processor.py:766} INFO - DAG(s) dict_keys(['extract_dag']) retrieved from /opt/airflow/dags/extract_dag.py
[2022-12-02T19:26:17.500+0000] {logging_mixin.py:120} INFO - [2022-12-02T19:26:17.500+0000] {dag.py:2585} INFO - Sync 1 DAGs
[2022-12-02T19:26:17.525+0000] {logging_mixin.py:120} INFO - [2022-12-02T19:26:17.525+0000] {dag.py:3340} INFO - Setting next_dagrun for extract_dag to 2022-12-02T20:15:00+00:00, run_after=2022-12-03T20:15:00+00:00
[2022-12-02T19:26:17.542+0000] {processor.py:176} INFO - Processing /opt/airflow/dags/extract_dag.py took 0.131 seconds
[2022-12-02T19:26:47.744+0000] {processor.py:154} INFO - Started process (PID=554) to work on /opt/airflow/dags/extract_dag.py
[2022-12-02T19:26:47.746+0000] {processor.py:756} INFO - Processing file /opt/airflow/dags/extract_dag.py for tasks to queue
[2022-12-02T19:26:47.748+0000] {logging_mixin.py:120} INFO - [2022-12-02T19:26:47.748+0000] {dagbag.py:537} INFO - Filling up the DagBag from /opt/airflow/dags/extract_dag.py
[2022-12-02T19:26:47.771+0000] {processor.py:766} INFO - DAG(s) dict_keys(['extract_dag']) retrieved from /opt/airflow/dags/extract_dag.py
[2022-12-02T19:26:47.805+0000] {logging_mixin.py:120} INFO - [2022-12-02T19:26:47.805+0000] {dag.py:2585} INFO - Sync 1 DAGs
[2022-12-02T19:26:47.833+0000] {logging_mixin.py:120} INFO - [2022-12-02T19:26:47.833+0000] {dag.py:3340} INFO - Setting next_dagrun for extract_dag to 2022-12-02T20:15:00+00:00, run_after=2022-12-03T20:15:00+00:00
[2022-12-02T19:26:47.846+0000] {processor.py:176} INFO - Processing /opt/airflow/dags/extract_dag.py took 0.107 seconds
[2022-12-02T19:27:18.068+0000] {processor.py:154} INFO - Started process (PID=582) to work on /opt/airflow/dags/extract_dag.py
[2022-12-02T19:27:18.071+0000] {processor.py:756} INFO - Processing file /opt/airflow/dags/extract_dag.py for tasks to queue
[2022-12-02T19:27:18.073+0000] {logging_mixin.py:120} INFO - [2022-12-02T19:27:18.073+0000] {dagbag.py:537} INFO - Filling up the DagBag from /opt/airflow/dags/extract_dag.py
[2022-12-02T19:27:18.096+0000] {processor.py:766} INFO - DAG(s) dict_keys(['extract_dag']) retrieved from /opt/airflow/dags/extract_dag.py
[2022-12-02T19:27:18.126+0000] {logging_mixin.py:120} INFO - [2022-12-02T19:27:18.126+0000] {dag.py:2585} INFO - Sync 1 DAGs
[2022-12-02T19:27:18.140+0000] {logging_mixin.py:120} INFO - [2022-12-02T19:27:18.140+0000] {dag.py:3340} INFO - Setting next_dagrun for extract_dag to 2022-12-02T20:15:00+00:00, run_after=2022-12-03T20:15:00+00:00
[2022-12-02T19:27:18.151+0000] {processor.py:176} INFO - Processing /opt/airflow/dags/extract_dag.py took 0.087 seconds
[2022-12-02T19:27:48.390+0000] {processor.py:154} INFO - Started process (PID=610) to work on /opt/airflow/dags/extract_dag.py
[2022-12-02T19:27:48.392+0000] {processor.py:756} INFO - Processing file /opt/airflow/dags/extract_dag.py for tasks to queue
[2022-12-02T19:27:48.394+0000] {logging_mixin.py:120} INFO - [2022-12-02T19:27:48.394+0000] {dagbag.py:537} INFO - Filling up the DagBag from /opt/airflow/dags/extract_dag.py
[2022-12-02T19:27:48.410+0000] {processor.py:766} INFO - DAG(s) dict_keys(['extract_dag']) retrieved from /opt/airflow/dags/extract_dag.py
[2022-12-02T19:27:48.435+0000] {logging_mixin.py:120} INFO - [2022-12-02T19:27:48.435+0000] {dag.py:2585} INFO - Sync 1 DAGs
[2022-12-02T19:27:48.448+0000] {logging_mixin.py:120} INFO - [2022-12-02T19:27:48.448+0000] {dag.py:3340} INFO - Setting next_dagrun for extract_dag to 2022-12-02T20:15:00+00:00, run_after=2022-12-03T20:15:00+00:00
[2022-12-02T19:27:48.457+0000] {processor.py:176} INFO - Processing /opt/airflow/dags/extract_dag.py took 0.070 seconds
[2022-12-02T19:28:18.742+0000] {processor.py:154} INFO - Started process (PID=638) to work on /opt/airflow/dags/extract_dag.py
[2022-12-02T19:28:18.745+0000] {processor.py:756} INFO - Processing file /opt/airflow/dags/extract_dag.py for tasks to queue
[2022-12-02T19:28:18.748+0000] {logging_mixin.py:120} INFO - [2022-12-02T19:28:18.748+0000] {dagbag.py:537} INFO - Filling up the DagBag from /opt/airflow/dags/extract_dag.py
[2022-12-02T19:28:18.780+0000] {processor.py:766} INFO - DAG(s) dict_keys(['extract_dag']) retrieved from /opt/airflow/dags/extract_dag.py
[2022-12-02T19:28:18.819+0000] {logging_mixin.py:120} INFO - [2022-12-02T19:28:18.819+0000] {dag.py:2585} INFO - Sync 1 DAGs
[2022-12-02T19:28:18.847+0000] {logging_mixin.py:120} INFO - [2022-12-02T19:28:18.847+0000] {dag.py:3340} INFO - Setting next_dagrun for extract_dag to 2022-12-02T20:15:00+00:00, run_after=2022-12-03T20:15:00+00:00
[2022-12-02T19:28:18.860+0000] {processor.py:176} INFO - Processing /opt/airflow/dags/extract_dag.py took 0.136 seconds
[2022-12-02T19:28:49.092+0000] {processor.py:154} INFO - Started process (PID=667) to work on /opt/airflow/dags/extract_dag.py
[2022-12-02T19:28:49.094+0000] {processor.py:756} INFO - Processing file /opt/airflow/dags/extract_dag.py for tasks to queue
[2022-12-02T19:28:49.096+0000] {logging_mixin.py:120} INFO - [2022-12-02T19:28:49.096+0000] {dagbag.py:537} INFO - Filling up the DagBag from /opt/airflow/dags/extract_dag.py
[2022-12-02T19:28:49.133+0000] {processor.py:766} INFO - DAG(s) dict_keys(['extract_dag']) retrieved from /opt/airflow/dags/extract_dag.py
[2022-12-02T19:28:49.169+0000] {logging_mixin.py:120} INFO - [2022-12-02T19:28:49.169+0000] {dag.py:2585} INFO - Sync 1 DAGs
[2022-12-02T19:28:49.188+0000] {logging_mixin.py:120} INFO - [2022-12-02T19:28:49.188+0000] {dag.py:3340} INFO - Setting next_dagrun for extract_dag to 2022-12-02T20:15:00+00:00, run_after=2022-12-03T20:15:00+00:00
[2022-12-02T19:28:49.202+0000] {processor.py:176} INFO - Processing /opt/airflow/dags/extract_dag.py took 0.114 seconds
[2022-12-02T19:29:19.404+0000] {processor.py:154} INFO - Started process (PID=686) to work on /opt/airflow/dags/extract_dag.py
[2022-12-02T19:29:19.407+0000] {processor.py:756} INFO - Processing file /opt/airflow/dags/extract_dag.py for tasks to queue
[2022-12-02T19:29:19.408+0000] {logging_mixin.py:120} INFO - [2022-12-02T19:29:19.408+0000] {dagbag.py:537} INFO - Filling up the DagBag from /opt/airflow/dags/extract_dag.py
[2022-12-02T19:29:19.430+0000] {processor.py:766} INFO - DAG(s) dict_keys(['extract_dag']) retrieved from /opt/airflow/dags/extract_dag.py
[2022-12-02T19:29:19.463+0000] {logging_mixin.py:120} INFO - [2022-12-02T19:29:19.462+0000] {dag.py:2585} INFO - Sync 1 DAGs
[2022-12-02T19:29:19.477+0000] {logging_mixin.py:120} INFO - [2022-12-02T19:29:19.477+0000] {dag.py:3340} INFO - Setting next_dagrun for extract_dag to 2022-12-02T20:15:00+00:00, run_after=2022-12-03T20:15:00+00:00
[2022-12-02T19:29:19.487+0000] {processor.py:176} INFO - Processing /opt/airflow/dags/extract_dag.py took 0.091 seconds
[2022-12-02T19:29:49.703+0000] {processor.py:154} INFO - Started process (PID=713) to work on /opt/airflow/dags/extract_dag.py
[2022-12-02T19:29:49.705+0000] {processor.py:756} INFO - Processing file /opt/airflow/dags/extract_dag.py for tasks to queue
[2022-12-02T19:29:49.707+0000] {logging_mixin.py:120} INFO - [2022-12-02T19:29:49.707+0000] {dagbag.py:537} INFO - Filling up the DagBag from /opt/airflow/dags/extract_dag.py
[2022-12-02T19:29:49.729+0000] {processor.py:766} INFO - DAG(s) dict_keys(['extract_dag']) retrieved from /opt/airflow/dags/extract_dag.py
[2022-12-02T19:29:49.759+0000] {logging_mixin.py:120} INFO - [2022-12-02T19:29:49.759+0000] {dag.py:2585} INFO - Sync 1 DAGs
[2022-12-02T19:29:49.773+0000] {logging_mixin.py:120} INFO - [2022-12-02T19:29:49.773+0000] {dag.py:3340} INFO - Setting next_dagrun for extract_dag to 2022-12-02T20:15:00+00:00, run_after=2022-12-03T20:15:00+00:00
[2022-12-02T19:29:49.783+0000] {processor.py:176} INFO - Processing /opt/airflow/dags/extract_dag.py took 0.084 seconds
[2022-12-02T19:30:20.028+0000] {processor.py:154} INFO - Started process (PID=741) to work on /opt/airflow/dags/extract_dag.py
[2022-12-02T19:30:20.030+0000] {processor.py:756} INFO - Processing file /opt/airflow/dags/extract_dag.py for tasks to queue
[2022-12-02T19:30:20.032+0000] {logging_mixin.py:120} INFO - [2022-12-02T19:30:20.032+0000] {dagbag.py:537} INFO - Filling up the DagBag from /opt/airflow/dags/extract_dag.py
[2022-12-02T19:30:20.056+0000] {processor.py:766} INFO - DAG(s) dict_keys(['extract_dag']) retrieved from /opt/airflow/dags/extract_dag.py
[2022-12-02T19:30:20.099+0000] {logging_mixin.py:120} INFO - [2022-12-02T19:30:20.099+0000] {dag.py:2585} INFO - Sync 1 DAGs
[2022-12-02T19:30:20.114+0000] {logging_mixin.py:120} INFO - [2022-12-02T19:30:20.114+0000] {dag.py:3340} INFO - Setting next_dagrun for extract_dag to 2022-12-02T20:15:00+00:00, run_after=2022-12-03T20:15:00+00:00
[2022-12-02T19:30:20.124+0000] {processor.py:176} INFO - Processing /opt/airflow/dags/extract_dag.py took 0.102 seconds
[2022-12-02T19:30:50.393+0000] {processor.py:154} INFO - Started process (PID=770) to work on /opt/airflow/dags/extract_dag.py
[2022-12-02T19:30:50.395+0000] {processor.py:756} INFO - Processing file /opt/airflow/dags/extract_dag.py for tasks to queue
[2022-12-02T19:30:50.397+0000] {logging_mixin.py:120} INFO - [2022-12-02T19:30:50.396+0000] {dagbag.py:537} INFO - Filling up the DagBag from /opt/airflow/dags/extract_dag.py
[2022-12-02T19:30:50.419+0000] {processor.py:766} INFO - DAG(s) dict_keys(['extract_dag']) retrieved from /opt/airflow/dags/extract_dag.py
[2022-12-02T19:30:50.458+0000] {logging_mixin.py:120} INFO - [2022-12-02T19:30:50.458+0000] {dag.py:2585} INFO - Sync 1 DAGs
[2022-12-02T19:30:50.472+0000] {logging_mixin.py:120} INFO - [2022-12-02T19:30:50.472+0000] {dag.py:3340} INFO - Setting next_dagrun for extract_dag to 2022-12-02T20:15:00+00:00, run_after=2022-12-03T20:15:00+00:00
[2022-12-02T19:30:50.482+0000] {processor.py:176} INFO - Processing /opt/airflow/dags/extract_dag.py took 0.093 seconds
[2022-12-02T19:31:20.655+0000] {processor.py:154} INFO - Started process (PID=799) to work on /opt/airflow/dags/extract_dag.py
[2022-12-02T19:31:20.657+0000] {processor.py:756} INFO - Processing file /opt/airflow/dags/extract_dag.py for tasks to queue
[2022-12-02T19:31:20.659+0000] {logging_mixin.py:120} INFO - [2022-12-02T19:31:20.659+0000] {dagbag.py:537} INFO - Filling up the DagBag from /opt/airflow/dags/extract_dag.py
[2022-12-02T19:31:20.687+0000] {processor.py:766} INFO - DAG(s) dict_keys(['extract_dag']) retrieved from /opt/airflow/dags/extract_dag.py
[2022-12-02T19:31:20.721+0000] {logging_mixin.py:120} INFO - [2022-12-02T19:31:20.721+0000] {dag.py:2585} INFO - Sync 1 DAGs
[2022-12-02T19:31:20.744+0000] {logging_mixin.py:120} INFO - [2022-12-02T19:31:20.743+0000] {dag.py:3340} INFO - Setting next_dagrun for extract_dag to 2022-12-02T20:15:00+00:00, run_after=2022-12-03T20:15:00+00:00
[2022-12-02T19:31:20.767+0000] {processor.py:176} INFO - Processing /opt/airflow/dags/extract_dag.py took 0.115 seconds
[2022-12-02T19:31:51.036+0000] {processor.py:154} INFO - Started process (PID=818) to work on /opt/airflow/dags/extract_dag.py
[2022-12-02T19:31:51.038+0000] {processor.py:756} INFO - Processing file /opt/airflow/dags/extract_dag.py for tasks to queue
[2022-12-02T19:31:51.039+0000] {logging_mixin.py:120} INFO - [2022-12-02T19:31:51.039+0000] {dagbag.py:537} INFO - Filling up the DagBag from /opt/airflow/dags/extract_dag.py
[2022-12-02T19:31:51.064+0000] {processor.py:766} INFO - DAG(s) dict_keys(['extract_dag']) retrieved from /opt/airflow/dags/extract_dag.py
[2022-12-02T19:31:51.096+0000] {logging_mixin.py:120} INFO - [2022-12-02T19:31:51.096+0000] {dag.py:2585} INFO - Sync 1 DAGs
[2022-12-02T19:31:51.114+0000] {logging_mixin.py:120} INFO - [2022-12-02T19:31:51.114+0000] {dag.py:3340} INFO - Setting next_dagrun for extract_dag to 2022-12-02T20:15:00+00:00, run_after=2022-12-03T20:15:00+00:00
[2022-12-02T19:31:51.124+0000] {processor.py:176} INFO - Processing /opt/airflow/dags/extract_dag.py took 0.093 seconds
[2022-12-02T19:32:21.296+0000] {processor.py:154} INFO - Started process (PID=846) to work on /opt/airflow/dags/extract_dag.py
[2022-12-02T19:32:21.298+0000] {processor.py:756} INFO - Processing file /opt/airflow/dags/extract_dag.py for tasks to queue
[2022-12-02T19:32:21.300+0000] {logging_mixin.py:120} INFO - [2022-12-02T19:32:21.300+0000] {dagbag.py:537} INFO - Filling up the DagBag from /opt/airflow/dags/extract_dag.py
[2022-12-02T19:32:21.335+0000] {processor.py:766} INFO - DAG(s) dict_keys(['extract_dag']) retrieved from /opt/airflow/dags/extract_dag.py
[2022-12-02T19:32:21.369+0000] {logging_mixin.py:120} INFO - [2022-12-02T19:32:21.369+0000] {dag.py:2585} INFO - Sync 1 DAGs
[2022-12-02T19:32:21.385+0000] {logging_mixin.py:120} INFO - [2022-12-02T19:32:21.385+0000] {dag.py:3340} INFO - Setting next_dagrun for extract_dag to 2022-12-02T20:15:00+00:00, run_after=2022-12-03T20:15:00+00:00
[2022-12-02T19:32:21.395+0000] {processor.py:176} INFO - Processing /opt/airflow/dags/extract_dag.py took 0.104 seconds
[2022-12-02T19:32:51.660+0000] {processor.py:154} INFO - Started process (PID=873) to work on /opt/airflow/dags/extract_dag.py
[2022-12-02T19:32:51.662+0000] {processor.py:756} INFO - Processing file /opt/airflow/dags/extract_dag.py for tasks to queue
[2022-12-02T19:32:51.663+0000] {logging_mixin.py:120} INFO - [2022-12-02T19:32:51.663+0000] {dagbag.py:537} INFO - Filling up the DagBag from /opt/airflow/dags/extract_dag.py
[2022-12-02T19:32:51.681+0000] {processor.py:766} INFO - DAG(s) dict_keys(['extract_dag']) retrieved from /opt/airflow/dags/extract_dag.py
[2022-12-02T19:32:51.711+0000] {logging_mixin.py:120} INFO - [2022-12-02T19:32:51.711+0000] {dag.py:2585} INFO - Sync 1 DAGs
[2022-12-02T19:32:51.739+0000] {logging_mixin.py:120} INFO - [2022-12-02T19:32:51.738+0000] {dag.py:3340} INFO - Setting next_dagrun for extract_dag to 2022-12-02T20:15:00+00:00, run_after=2022-12-03T20:15:00+00:00
[2022-12-02T19:32:51.750+0000] {processor.py:176} INFO - Processing /opt/airflow/dags/extract_dag.py took 0.092 seconds
[2022-12-02T19:33:21.964+0000] {processor.py:154} INFO - Started process (PID=902) to work on /opt/airflow/dags/extract_dag.py
[2022-12-02T19:33:21.966+0000] {processor.py:756} INFO - Processing file /opt/airflow/dags/extract_dag.py for tasks to queue
[2022-12-02T19:33:21.967+0000] {logging_mixin.py:120} INFO - [2022-12-02T19:33:21.966+0000] {dagbag.py:537} INFO - Filling up the DagBag from /opt/airflow/dags/extract_dag.py
[2022-12-02T19:33:21.982+0000] {processor.py:766} INFO - DAG(s) dict_keys(['extract_dag']) retrieved from /opt/airflow/dags/extract_dag.py
[2022-12-02T19:33:22.011+0000] {logging_mixin.py:120} INFO - [2022-12-02T19:33:22.011+0000] {dag.py:2585} INFO - Sync 1 DAGs
[2022-12-02T19:33:22.026+0000] {logging_mixin.py:120} INFO - [2022-12-02T19:33:22.026+0000] {dag.py:3340} INFO - Setting next_dagrun for extract_dag to 2022-12-02T20:15:00+00:00, run_after=2022-12-03T20:15:00+00:00
[2022-12-02T19:33:22.037+0000] {processor.py:176} INFO - Processing /opt/airflow/dags/extract_dag.py took 0.076 seconds
[2022-12-02T19:33:52.309+0000] {processor.py:154} INFO - Started process (PID=930) to work on /opt/airflow/dags/extract_dag.py
[2022-12-02T19:33:52.311+0000] {processor.py:756} INFO - Processing file /opt/airflow/dags/extract_dag.py for tasks to queue
[2022-12-02T19:33:52.313+0000] {logging_mixin.py:120} INFO - [2022-12-02T19:33:52.312+0000] {dagbag.py:537} INFO - Filling up the DagBag from /opt/airflow/dags/extract_dag.py
[2022-12-02T19:33:52.358+0000] {processor.py:766} INFO - DAG(s) dict_keys(['extract_dag']) retrieved from /opt/airflow/dags/extract_dag.py
[2022-12-02T19:33:52.407+0000] {logging_mixin.py:120} INFO - [2022-12-02T19:33:52.407+0000] {dag.py:2585} INFO - Sync 1 DAGs
[2022-12-02T19:33:52.445+0000] {logging_mixin.py:120} INFO - [2022-12-02T19:33:52.445+0000] {dag.py:3340} INFO - Setting next_dagrun for extract_dag to 2022-12-02T20:15:00+00:00, run_after=2022-12-03T20:15:00+00:00
[2022-12-02T19:33:52.462+0000] {processor.py:176} INFO - Processing /opt/airflow/dags/extract_dag.py took 0.158 seconds
[2022-12-02T19:34:22.618+0000] {processor.py:154} INFO - Started process (PID=949) to work on /opt/airflow/dags/extract_dag.py
[2022-12-02T19:34:22.620+0000] {processor.py:756} INFO - Processing file /opt/airflow/dags/extract_dag.py for tasks to queue
[2022-12-02T19:34:22.622+0000] {logging_mixin.py:120} INFO - [2022-12-02T19:34:22.622+0000] {dagbag.py:537} INFO - Filling up the DagBag from /opt/airflow/dags/extract_dag.py
[2022-12-02T19:34:22.660+0000] {processor.py:766} INFO - DAG(s) dict_keys(['extract_dag']) retrieved from /opt/airflow/dags/extract_dag.py
[2022-12-02T19:34:22.695+0000] {logging_mixin.py:120} INFO - [2022-12-02T19:34:22.695+0000] {dag.py:2585} INFO - Sync 1 DAGs
[2022-12-02T19:34:22.710+0000] {logging_mixin.py:120} INFO - [2022-12-02T19:34:22.710+0000] {dag.py:3340} INFO - Setting next_dagrun for extract_dag to 2022-12-02T20:15:00+00:00, run_after=2022-12-03T20:15:00+00:00
[2022-12-02T19:34:22.720+0000] {processor.py:176} INFO - Processing /opt/airflow/dags/extract_dag.py took 0.107 seconds
[2022-12-02T19:34:52.955+0000] {processor.py:154} INFO - Started process (PID=977) to work on /opt/airflow/dags/extract_dag.py
[2022-12-02T19:34:52.956+0000] {processor.py:756} INFO - Processing file /opt/airflow/dags/extract_dag.py for tasks to queue
[2022-12-02T19:34:52.957+0000] {logging_mixin.py:120} INFO - [2022-12-02T19:34:52.957+0000] {dagbag.py:537} INFO - Filling up the DagBag from /opt/airflow/dags/extract_dag.py
[2022-12-02T19:34:52.977+0000] {processor.py:766} INFO - DAG(s) dict_keys(['extract_dag']) retrieved from /opt/airflow/dags/extract_dag.py
[2022-12-02T19:34:53.012+0000] {logging_mixin.py:120} INFO - [2022-12-02T19:34:53.012+0000] {dag.py:2585} INFO - Sync 1 DAGs
[2022-12-02T19:34:53.027+0000] {logging_mixin.py:120} INFO - [2022-12-02T19:34:53.027+0000] {dag.py:3340} INFO - Setting next_dagrun for extract_dag to 2022-12-02T20:15:00+00:00, run_after=2022-12-03T20:15:00+00:00
[2022-12-02T19:34:53.043+0000] {processor.py:176} INFO - Processing /opt/airflow/dags/extract_dag.py took 0.093 seconds
[2022-12-02T19:35:23.234+0000] {processor.py:154} INFO - Started process (PID=1006) to work on /opt/airflow/dags/extract_dag.py
[2022-12-02T19:35:23.236+0000] {processor.py:756} INFO - Processing file /opt/airflow/dags/extract_dag.py for tasks to queue
[2022-12-02T19:35:23.237+0000] {logging_mixin.py:120} INFO - [2022-12-02T19:35:23.237+0000] {dagbag.py:537} INFO - Filling up the DagBag from /opt/airflow/dags/extract_dag.py
[2022-12-02T19:35:23.263+0000] {processor.py:766} INFO - DAG(s) dict_keys(['extract_dag']) retrieved from /opt/airflow/dags/extract_dag.py
[2022-12-02T19:35:23.299+0000] {logging_mixin.py:120} INFO - [2022-12-02T19:35:23.299+0000] {dag.py:2585} INFO - Sync 1 DAGs
[2022-12-02T19:35:23.313+0000] {logging_mixin.py:120} INFO - [2022-12-02T19:35:23.313+0000] {dag.py:3340} INFO - Setting next_dagrun for extract_dag to 2022-12-02T20:15:00+00:00, run_after=2022-12-03T20:15:00+00:00
[2022-12-02T19:35:23.324+0000] {processor.py:176} INFO - Processing /opt/airflow/dags/extract_dag.py took 0.094 seconds
[2022-12-02T19:35:53.532+0000] {processor.py:154} INFO - Started process (PID=1035) to work on /opt/airflow/dags/extract_dag.py
[2022-12-02T19:35:53.534+0000] {processor.py:756} INFO - Processing file /opt/airflow/dags/extract_dag.py for tasks to queue
[2022-12-02T19:35:53.536+0000] {logging_mixin.py:120} INFO - [2022-12-02T19:35:53.536+0000] {dagbag.py:537} INFO - Filling up the DagBag from /opt/airflow/dags/extract_dag.py
[2022-12-02T19:35:53.557+0000] {processor.py:766} INFO - DAG(s) dict_keys(['extract_dag']) retrieved from /opt/airflow/dags/extract_dag.py
[2022-12-02T19:35:53.599+0000] {logging_mixin.py:120} INFO - [2022-12-02T19:35:53.599+0000] {dag.py:2585} INFO - Sync 1 DAGs
[2022-12-02T19:35:53.613+0000] {logging_mixin.py:120} INFO - [2022-12-02T19:35:53.613+0000] {dag.py:3340} INFO - Setting next_dagrun for extract_dag to 2022-12-02T20:15:00+00:00, run_after=2022-12-03T20:15:00+00:00
[2022-12-02T19:35:53.623+0000] {processor.py:176} INFO - Processing /opt/airflow/dags/extract_dag.py took 0.095 seconds
[2022-12-02T19:36:23.838+0000] {processor.py:154} INFO - Started process (PID=1063) to work on /opt/airflow/dags/extract_dag.py
[2022-12-02T19:36:23.840+0000] {processor.py:756} INFO - Processing file /opt/airflow/dags/extract_dag.py for tasks to queue
[2022-12-02T19:36:23.841+0000] {logging_mixin.py:120} INFO - [2022-12-02T19:36:23.841+0000] {dagbag.py:537} INFO - Filling up the DagBag from /opt/airflow/dags/extract_dag.py
[2022-12-02T19:36:23.857+0000] {processor.py:766} INFO - DAG(s) dict_keys(['extract_dag']) retrieved from /opt/airflow/dags/extract_dag.py
[2022-12-02T19:36:23.885+0000] {logging_mixin.py:120} INFO - [2022-12-02T19:36:23.885+0000] {dag.py:2585} INFO - Sync 1 DAGs
[2022-12-02T19:36:23.900+0000] {logging_mixin.py:120} INFO - [2022-12-02T19:36:23.900+0000] {dag.py:3340} INFO - Setting next_dagrun for extract_dag to 2022-12-02T20:15:00+00:00, run_after=2022-12-03T20:15:00+00:00
[2022-12-02T19:36:23.910+0000] {processor.py:176} INFO - Processing /opt/airflow/dags/extract_dag.py took 0.074 seconds
[2022-12-02T19:36:54.204+0000] {processor.py:154} INFO - Started process (PID=1082) to work on /opt/airflow/dags/extract_dag.py
[2022-12-02T19:36:54.206+0000] {processor.py:756} INFO - Processing file /opt/airflow/dags/extract_dag.py for tasks to queue
[2022-12-02T19:36:54.207+0000] {logging_mixin.py:120} INFO - [2022-12-02T19:36:54.207+0000] {dagbag.py:537} INFO - Filling up the DagBag from /opt/airflow/dags/extract_dag.py
[2022-12-02T19:36:54.227+0000] {processor.py:766} INFO - DAG(s) dict_keys(['extract_dag']) retrieved from /opt/airflow/dags/extract_dag.py
[2022-12-02T19:36:54.257+0000] {logging_mixin.py:120} INFO - [2022-12-02T19:36:54.257+0000] {dag.py:2585} INFO - Sync 1 DAGs
[2022-12-02T19:36:54.273+0000] {logging_mixin.py:120} INFO - [2022-12-02T19:36:54.272+0000] {dag.py:3340} INFO - Setting next_dagrun for extract_dag to 2022-12-02T20:15:00+00:00, run_after=2022-12-03T20:15:00+00:00
[2022-12-02T19:36:54.283+0000] {processor.py:176} INFO - Processing /opt/airflow/dags/extract_dag.py took 0.083 seconds
