[2022-12-03T08:35:19.547+0000] {taskinstance.py:1165} INFO - Dependencies all met for <TaskInstance: extract_dag.extract_weather_api manual__2022-12-03T08:35:18.212590+00:00 [queued]>
[2022-12-03T08:35:19.553+0000] {taskinstance.py:1165} INFO - Dependencies all met for <TaskInstance: extract_dag.extract_weather_api manual__2022-12-03T08:35:18.212590+00:00 [queued]>
[2022-12-03T08:35:19.553+0000] {taskinstance.py:1362} INFO - 
--------------------------------------------------------------------------------
[2022-12-03T08:35:19.554+0000] {taskinstance.py:1363} INFO - Starting attempt 1 of 1
[2022-12-03T08:35:19.555+0000] {taskinstance.py:1364} INFO - 
--------------------------------------------------------------------------------
[2022-12-03T08:35:19.562+0000] {taskinstance.py:1383} INFO - Executing <Task(BashOperator): extract_weather_api> on 2022-12-03 08:35:18.212590+00:00
[2022-12-03T08:35:19.567+0000] {standard_task_runner.py:55} INFO - Started process 4159 to run task
[2022-12-03T08:35:19.569+0000] {standard_task_runner.py:82} INFO - Running: ['***', 'tasks', 'run', 'extract_dag', 'extract_weather_api', 'manual__2022-12-03T08:35:18.212590+00:00', '--job-id', '7', '--raw', '--subdir', 'DAGS_FOLDER/extract_dag.py', '--cfg-path', '/tmp/tmpuzz8w0u6']
[2022-12-03T08:35:19.570+0000] {standard_task_runner.py:83} INFO - Job 7: Subtask extract_weather_api
[2022-12-03T08:35:19.617+0000] {task_command.py:376} INFO - Running <TaskInstance: extract_dag.extract_weather_api manual__2022-12-03T08:35:18.212590+00:00 [running]> on host 71f73f624e90
[2022-12-03T08:35:19.653+0000] {taskinstance.py:1592} INFO - Exporting the following env vars:
AIRFLOW_CTX_DAG_EMAIL=***@***.com
AIRFLOW_CTX_DAG_OWNER=***
AIRFLOW_CTX_DAG_ID=extract_dag
AIRFLOW_CTX_TASK_ID=extract_weather_api
AIRFLOW_CTX_EXECUTION_DATE=2022-12-03T08:35:18.212590+00:00
AIRFLOW_CTX_TRY_NUMBER=1
AIRFLOW_CTX_DAG_RUN_ID=manual__2022-12-03T08:35:18.212590+00:00
[2022-12-03T08:35:19.655+0000] {subprocess.py:63} INFO - Tmp dir root location: 
 /tmp
[2022-12-03T08:35:19.656+0000] {subprocess.py:75} INFO - Running command: ['/bin/bash', '-c', 'ls -l']
[2022-12-03T08:35:19.668+0000] {subprocess.py:86} INFO - Output:
[2022-12-03T08:35:19.680+0000] {subprocess.py:93} INFO - total 0
[2022-12-03T08:35:19.681+0000] {subprocess.py:97} INFO - Command exited with return code 0
[2022-12-03T08:35:19.706+0000] {taskinstance.py:1406} INFO - Marking task as SUCCESS. dag_id=extract_dag, task_id=extract_weather_api, execution_date=20221203T083518, start_date=20221203T083519, end_date=20221203T083519
[2022-12-03T08:35:19.741+0000] {local_task_job.py:164} INFO - Task exited with return code 0
[2022-12-03T08:35:19.752+0000] {local_task_job.py:273} INFO - 0 downstream tasks scheduled from follow-on schedule check
