[2022-12-03T10:16:10.914+0000] {taskinstance.py:1165} INFO - Dependencies all met for <TaskInstance: extract_dag.extract_weather_api manual__2022-12-03T10:16:09.988209+00:00 [queued]>
[2022-12-03T10:16:10.921+0000] {taskinstance.py:1165} INFO - Dependencies all met for <TaskInstance: extract_dag.extract_weather_api manual__2022-12-03T10:16:09.988209+00:00 [queued]>
[2022-12-03T10:16:10.922+0000] {taskinstance.py:1362} INFO - 
--------------------------------------------------------------------------------
[2022-12-03T10:16:10.922+0000] {taskinstance.py:1363} INFO - Starting attempt 1 of 1
[2022-12-03T10:16:10.923+0000] {taskinstance.py:1364} INFO - 
--------------------------------------------------------------------------------
[2022-12-03T10:16:10.933+0000] {taskinstance.py:1383} INFO - Executing <Task(BashOperator): extract_weather_api> on 2022-12-03 10:16:09.988209+00:00
[2022-12-03T10:16:10.942+0000] {standard_task_runner.py:55} INFO - Started process 5607 to run task
[2022-12-03T10:16:10.945+0000] {standard_task_runner.py:82} INFO - Running: ['***', 'tasks', 'run', 'extract_dag', 'extract_weather_api', 'manual__2022-12-03T10:16:09.988209+00:00', '--job-id', '8', '--raw', '--subdir', 'DAGS_FOLDER/extract_dag.py', '--cfg-path', '/tmp/tmpbeday6t0']
[2022-12-03T10:16:10.946+0000] {standard_task_runner.py:83} INFO - Job 8: Subtask extract_weather_api
[2022-12-03T10:16:10.989+0000] {task_command.py:376} INFO - Running <TaskInstance: extract_dag.extract_weather_api manual__2022-12-03T10:16:09.988209+00:00 [running]> on host 71f73f624e90
[2022-12-03T10:16:11.032+0000] {taskinstance.py:1592} INFO - Exporting the following env vars:
AIRFLOW_CTX_DAG_EMAIL=***@***.com
AIRFLOW_CTX_DAG_OWNER=***
AIRFLOW_CTX_DAG_ID=extract_dag
AIRFLOW_CTX_TASK_ID=extract_weather_api
AIRFLOW_CTX_EXECUTION_DATE=2022-12-03T10:16:09.988209+00:00
AIRFLOW_CTX_TRY_NUMBER=1
AIRFLOW_CTX_DAG_RUN_ID=manual__2022-12-03T10:16:09.988209+00:00
[2022-12-03T10:16:11.033+0000] {subprocess.py:63} INFO - Tmp dir root location: 
 /tmp
[2022-12-03T10:16:11.035+0000] {subprocess.py:75} INFO - Running command: ['/bin/bash', '-c', 'ls -l']
[2022-12-03T10:16:11.046+0000] {subprocess.py:86} INFO - Output:
[2022-12-03T10:16:11.054+0000] {subprocess.py:93} INFO - total 0
[2022-12-03T10:16:11.056+0000] {subprocess.py:97} INFO - Command exited with return code 0
[2022-12-03T10:16:11.070+0000] {taskinstance.py:1406} INFO - Marking task as SUCCESS. dag_id=extract_dag, task_id=extract_weather_api, execution_date=20221203T101609, start_date=20221203T101610, end_date=20221203T101611
[2022-12-03T10:16:11.120+0000] {local_task_job.py:164} INFO - Task exited with return code 0
[2022-12-03T10:16:11.131+0000] {local_task_job.py:273} INFO - 0 downstream tasks scheduled from follow-on schedule check
