[2022-12-04T09:38:09.926+0000] {taskinstance.py:1165} INFO - Dependencies all met for <TaskInstance: extract_dag.extract_func scheduled__2022-12-04T08:30:00+00:00 [queued]>
[2022-12-04T09:38:09.944+0000] {taskinstance.py:1165} INFO - Dependencies all met for <TaskInstance: extract_dag.extract_func scheduled__2022-12-04T08:30:00+00:00 [queued]>
[2022-12-04T09:38:09.946+0000] {taskinstance.py:1362} INFO - 
--------------------------------------------------------------------------------
[2022-12-04T09:38:09.947+0000] {taskinstance.py:1363} INFO - Starting attempt 1 of 1
[2022-12-04T09:38:09.948+0000] {taskinstance.py:1364} INFO - 
--------------------------------------------------------------------------------
[2022-12-04T09:38:09.981+0000] {taskinstance.py:1383} INFO - Executing <Task(_PythonDecoratedOperator): extract_func> on 2022-12-04 08:30:00+00:00
[2022-12-04T09:38:10.016+0000] {standard_task_runner.py:55} INFO - Started process 3830 to run task
[2022-12-04T09:38:10.029+0000] {standard_task_runner.py:82} INFO - Running: ['***', 'tasks', 'run', 'extract_dag', 'extract_func', 'scheduled__2022-12-04T08:30:00+00:00', '--job-id', '49', '--raw', '--subdir', 'DAGS_FOLDER/extract_dag.py', '--cfg-path', '/tmp/tmpe7u9qo0n']
[2022-12-04T09:38:10.035+0000] {standard_task_runner.py:83} INFO - Job 49: Subtask extract_func
[2022-12-04T09:38:10.204+0000] {task_command.py:376} INFO - Running <TaskInstance: extract_dag.extract_func scheduled__2022-12-04T08:30:00+00:00 [running]> on host 65ab33c03c57
[2022-12-04T09:38:10.415+0000] {taskinstance.py:1592} INFO - Exporting the following env vars:
AIRFLOW_CTX_DAG_EMAIL=***@***.com
AIRFLOW_CTX_DAG_OWNER=***
AIRFLOW_CTX_DAG_ID=extract_dag
AIRFLOW_CTX_TASK_ID=extract_func
AIRFLOW_CTX_EXECUTION_DATE=2022-12-04T08:30:00+00:00
AIRFLOW_CTX_TRY_NUMBER=1
AIRFLOW_CTX_DAG_RUN_ID=scheduled__2022-12-04T08:30:00+00:00
[2022-12-04T09:38:11.019+0000] {extract_dag.py:49} INFO - New weather updated succesfully.
[2022-12-04T09:38:11.240+0000] {extract_dag.py:65} INFO - Weather CSV created succesfully.
[2022-12-04T09:38:11.241+0000] {python.py:177} INFO - Done. Returned value was: None
[2022-12-04T09:38:11.261+0000] {taskinstance.py:1406} INFO - Marking task as SUCCESS. dag_id=extract_dag, task_id=extract_func, execution_date=20221204T083000, start_date=20221204T093809, end_date=20221204T093811
[2022-12-04T09:38:11.335+0000] {local_task_job.py:164} INFO - Task exited with return code 0
[2022-12-04T09:38:11.382+0000] {local_task_job.py:273} INFO - 0 downstream tasks scheduled from follow-on schedule check
