[2022-12-04T10:08:04.811+0000] {taskinstance.py:1165} INFO - Dependencies all met for <TaskInstance: extract_dag.print_now scheduled__2022-12-04T09:45:00+00:00 [queued]>
[2022-12-04T10:08:04.833+0000] {taskinstance.py:1165} INFO - Dependencies all met for <TaskInstance: extract_dag.print_now scheduled__2022-12-04T09:45:00+00:00 [queued]>
[2022-12-04T10:08:04.834+0000] {taskinstance.py:1362} INFO - 
--------------------------------------------------------------------------------
[2022-12-04T10:08:04.834+0000] {taskinstance.py:1363} INFO - Starting attempt 1 of 1
[2022-12-04T10:08:04.835+0000] {taskinstance.py:1364} INFO - 
--------------------------------------------------------------------------------
[2022-12-04T10:08:04.868+0000] {taskinstance.py:1383} INFO - Executing <Task(PythonOperator): print_now> on 2022-12-04 09:45:00+00:00
[2022-12-04T10:08:04.882+0000] {standard_task_runner.py:55} INFO - Started process 3866 to run task
[2022-12-04T10:08:04.909+0000] {standard_task_runner.py:82} INFO - Running: ['***', 'tasks', 'run', 'extract_dag', 'print_now', 'scheduled__2022-12-04T09:45:00+00:00', '--job-id', '52', '--raw', '--subdir', 'DAGS_FOLDER/extract_dag.py', '--cfg-path', '/tmp/tmp9viseh88']
[2022-12-04T10:08:04.919+0000] {standard_task_runner.py:83} INFO - Job 52: Subtask print_now
[2022-12-04T10:08:05.160+0000] {task_command.py:376} INFO - Running <TaskInstance: extract_dag.print_now scheduled__2022-12-04T09:45:00+00:00 [running]> on host 65ab33c03c57
[2022-12-04T10:08:05.437+0000] {taskinstance.py:1592} INFO - Exporting the following env vars:
AIRFLOW_CTX_DAG_EMAIL=***@***.com
AIRFLOW_CTX_DAG_OWNER=***
AIRFLOW_CTX_DAG_ID=extract_dag
AIRFLOW_CTX_TASK_ID=print_now
AIRFLOW_CTX_EXECUTION_DATE=2022-12-04T09:45:00+00:00
AIRFLOW_CTX_TRY_NUMBER=1
AIRFLOW_CTX_DAG_RUN_ID=scheduled__2022-12-04T09:45:00+00:00
[2022-12-04T10:08:05.446+0000] {extract_dag.py:68} INFO - WRITING NOW
[2022-12-04T10:08:05.448+0000] {extract_dag.py:69} INFO - 2022-12-04T10:08:05.448077
[2022-12-04T10:08:05.449+0000] {extract_dag.py:70} INFO - TIME WRITTEN
[2022-12-04T10:08:05.449+0000] {python.py:177} INFO - Done. Returned value was: None
[2022-12-04T10:08:05.504+0000] {taskinstance.py:1406} INFO - Marking task as SUCCESS. dag_id=extract_dag, task_id=print_now, execution_date=20221204T094500, start_date=20221204T100804, end_date=20221204T100805
[2022-12-04T10:08:05.714+0000] {local_task_job.py:164} INFO - Task exited with return code 0
[2022-12-04T10:08:05.858+0000] {local_task_job.py:273} INFO - 0 downstream tasks scheduled from follow-on schedule check
