[2022-12-04T00:59:00.110+0000] {taskinstance.py:1165} INFO - Dependencies all met for <TaskInstance: extract_dag.print_now manual__2022-12-04T00:58:59.230940+00:00 [queued]>
[2022-12-04T00:59:00.116+0000] {taskinstance.py:1165} INFO - Dependencies all met for <TaskInstance: extract_dag.print_now manual__2022-12-04T00:58:59.230940+00:00 [queued]>
[2022-12-04T00:59:00.117+0000] {taskinstance.py:1362} INFO - 
--------------------------------------------------------------------------------
[2022-12-04T00:59:00.117+0000] {taskinstance.py:1363} INFO - Starting attempt 1 of 1
[2022-12-04T00:59:00.117+0000] {taskinstance.py:1364} INFO - 
--------------------------------------------------------------------------------
[2022-12-04T00:59:00.128+0000] {taskinstance.py:1383} INFO - Executing <Task(PythonOperator): print_now> on 2022-12-04 00:58:59.230940+00:00
[2022-12-04T00:59:00.143+0000] {standard_task_runner.py:55} INFO - Started process 1047 to run task
[2022-12-04T00:59:00.151+0000] {standard_task_runner.py:82} INFO - Running: ['***', 'tasks', 'run', 'extract_dag', 'print_now', 'manual__2022-12-04T00:58:59.230940+00:00', '--job-id', '11', '--raw', '--subdir', 'DAGS_FOLDER/extract_dag.py', '--cfg-path', '/tmp/tmp0pykhyvw']
[2022-12-04T00:59:00.154+0000] {standard_task_runner.py:83} INFO - Job 11: Subtask print_now
[2022-12-04T00:59:00.212+0000] {task_command.py:376} INFO - Running <TaskInstance: extract_dag.print_now manual__2022-12-04T00:58:59.230940+00:00 [running]> on host 65ab33c03c57
[2022-12-04T00:59:00.258+0000] {taskinstance.py:1592} INFO - Exporting the following env vars:
AIRFLOW_CTX_DAG_EMAIL=***@***.com
AIRFLOW_CTX_DAG_OWNER=***
AIRFLOW_CTX_DAG_ID=extract_dag
AIRFLOW_CTX_TASK_ID=print_now
AIRFLOW_CTX_EXECUTION_DATE=2022-12-04T00:58:59.230940+00:00
AIRFLOW_CTX_TRY_NUMBER=1
AIRFLOW_CTX_DAG_RUN_ID=manual__2022-12-04T00:58:59.230940+00:00
[2022-12-04T00:59:00.260+0000] {extract_dag.py:51} INFO - WRITING NOW
[2022-12-04T00:59:00.260+0000] {extract_dag.py:52} INFO - 2022-12-04T00:59:00.260633
[2022-12-04T00:59:00.261+0000] {extract_dag.py:53} INFO - TIME WRITTEN
[2022-12-04T00:59:00.261+0000] {python.py:177} INFO - Done. Returned value was: None
[2022-12-04T00:59:00.270+0000] {taskinstance.py:1406} INFO - Marking task as SUCCESS. dag_id=extract_dag, task_id=print_now, execution_date=20221204T005859, start_date=20221204T005900, end_date=20221204T005900
[2022-12-04T00:59:00.323+0000] {local_task_job.py:164} INFO - Task exited with return code 0
[2022-12-04T00:59:00.339+0000] {local_task_job.py:273} INFO - 1 downstream tasks scheduled from follow-on schedule check
