[2022-12-04T07:09:37.989+0000] {taskinstance.py:1165} INFO - Dependencies all met for <TaskInstance: extract_dag.print_now scheduled__2022-12-04T06:45:00+00:00 [queued]>
[2022-12-04T07:09:37.995+0000] {taskinstance.py:1165} INFO - Dependencies all met for <TaskInstance: extract_dag.print_now scheduled__2022-12-04T06:45:00+00:00 [queued]>
[2022-12-04T07:09:37.996+0000] {taskinstance.py:1362} INFO - 
--------------------------------------------------------------------------------
[2022-12-04T07:09:37.996+0000] {taskinstance.py:1363} INFO - Starting attempt 1 of 1
[2022-12-04T07:09:37.996+0000] {taskinstance.py:1364} INFO - 
--------------------------------------------------------------------------------
[2022-12-04T07:09:38.004+0000] {taskinstance.py:1383} INFO - Executing <Task(PythonOperator): print_now> on 2022-12-04 06:45:00+00:00
[2022-12-04T07:09:38.009+0000] {standard_task_runner.py:55} INFO - Started process 3750 to run task
[2022-12-04T07:09:38.014+0000] {standard_task_runner.py:82} INFO - Running: ['***', 'tasks', 'run', 'extract_dag', 'print_now', 'scheduled__2022-12-04T06:45:00+00:00', '--job-id', '41', '--raw', '--subdir', 'DAGS_FOLDER/extract_dag.py', '--cfg-path', '/tmp/tmp3cxw3zoi']
[2022-12-04T07:09:38.017+0000] {standard_task_runner.py:83} INFO - Job 41: Subtask print_now
[2022-12-04T07:09:38.125+0000] {task_command.py:376} INFO - Running <TaskInstance: extract_dag.print_now scheduled__2022-12-04T06:45:00+00:00 [running]> on host 65ab33c03c57
[2022-12-04T07:09:38.214+0000] {taskinstance.py:1592} INFO - Exporting the following env vars:
AIRFLOW_CTX_DAG_EMAIL=***@***.com
AIRFLOW_CTX_DAG_OWNER=***
AIRFLOW_CTX_DAG_ID=extract_dag
AIRFLOW_CTX_TASK_ID=print_now
AIRFLOW_CTX_EXECUTION_DATE=2022-12-04T06:45:00+00:00
AIRFLOW_CTX_TRY_NUMBER=1
AIRFLOW_CTX_DAG_RUN_ID=scheduled__2022-12-04T06:45:00+00:00
[2022-12-04T07:09:38.225+0000] {extract_dag.py:68} INFO - WRITING NOW
[2022-12-04T07:09:38.226+0000] {extract_dag.py:69} INFO - 2022-12-04T07:09:38.226185
[2022-12-04T07:09:38.226+0000] {extract_dag.py:70} INFO - TIME WRITTEN
[2022-12-04T07:09:38.227+0000] {python.py:177} INFO - Done. Returned value was: None
[2022-12-04T07:09:38.237+0000] {taskinstance.py:1406} INFO - Marking task as SUCCESS. dag_id=extract_dag, task_id=print_now, execution_date=20221204T064500, start_date=20221204T070937, end_date=20221204T070938
[2022-12-04T07:09:38.311+0000] {local_task_job.py:164} INFO - Task exited with return code 0
[2022-12-04T07:09:38.348+0000] {local_task_job.py:273} INFO - 1 downstream tasks scheduled from follow-on schedule check
