[2022-12-04T01:14:29.036+0000] {taskinstance.py:1165} INFO - Dependencies all met for <TaskInstance: fintechexplained.print_now manual__2022-12-04T01:14:28.254803+00:00 [queued]>
[2022-12-04T01:14:29.044+0000] {taskinstance.py:1165} INFO - Dependencies all met for <TaskInstance: fintechexplained.print_now manual__2022-12-04T01:14:28.254803+00:00 [queued]>
[2022-12-04T01:14:29.044+0000] {taskinstance.py:1362} INFO - 
--------------------------------------------------------------------------------
[2022-12-04T01:14:29.045+0000] {taskinstance.py:1363} INFO - Starting attempt 1 of 1
[2022-12-04T01:14:29.045+0000] {taskinstance.py:1364} INFO - 
--------------------------------------------------------------------------------
[2022-12-04T01:14:29.055+0000] {taskinstance.py:1383} INFO - Executing <Task(PythonOperator): print_now> on 2022-12-04 01:14:28.254803+00:00
[2022-12-04T01:14:29.061+0000] {standard_task_runner.py:55} INFO - Started process 1837 to run task
[2022-12-04T01:14:29.069+0000] {standard_task_runner.py:82} INFO - Running: ['***', 'tasks', 'run', 'fintechexplained', 'print_now', 'manual__2022-12-04T01:14:28.254803+00:00', '--job-id', '17', '--raw', '--subdir', 'DAGS_FOLDER/fintechexplained.py', '--cfg-path', '/tmp/tmphr08yy0d']
[2022-12-04T01:14:29.070+0000] {standard_task_runner.py:83} INFO - Job 17: Subtask print_now
[2022-12-04T01:14:29.121+0000] {task_command.py:376} INFO - Running <TaskInstance: fintechexplained.print_now manual__2022-12-04T01:14:28.254803+00:00 [running]> on host 65ab33c03c57
[2022-12-04T01:14:29.163+0000] {taskinstance.py:1592} INFO - Exporting the following env vars:
AIRFLOW_CTX_DAG_OWNER=***
AIRFLOW_CTX_DAG_ID=fintechexplained
AIRFLOW_CTX_TASK_ID=print_now
AIRFLOW_CTX_EXECUTION_DATE=2022-12-04T01:14:28.254803+00:00
AIRFLOW_CTX_TRY_NUMBER=1
AIRFLOW_CTX_DAG_RUN_ID=manual__2022-12-04T01:14:28.254803+00:00
[2022-12-04T01:14:29.164+0000] {fintechexplained.py:33} INFO - WRITING NOW
[2022-12-04T01:14:29.165+0000] {fintechexplained.py:34} INFO - 2022-12-04T01:14:29.165277
[2022-12-04T01:14:29.165+0000] {fintechexplained.py:35} INFO - TIME WRITTEN
[2022-12-04T01:14:29.166+0000] {python.py:177} INFO - Done. Returned value was: None
[2022-12-04T01:14:29.174+0000] {taskinstance.py:1406} INFO - Marking task as SUCCESS. dag_id=fintechexplained, task_id=print_now, execution_date=20221204T011428, start_date=20221204T011429, end_date=20221204T011429
[2022-12-04T01:14:29.202+0000] {local_task_job.py:164} INFO - Task exited with return code 0
[2022-12-04T01:14:29.217+0000] {local_task_job.py:273} INFO - 1 downstream tasks scheduled from follow-on schedule check
