[2022-12-04T01:20:16.788+0000] {taskinstance.py:1165} INFO - Dependencies all met for <TaskInstance: extract_dag.print_now manual__2022-12-04T01:20:15.467405+00:00 [queued]>
[2022-12-04T01:20:16.794+0000] {taskinstance.py:1165} INFO - Dependencies all met for <TaskInstance: extract_dag.print_now manual__2022-12-04T01:20:15.467405+00:00 [queued]>
[2022-12-04T01:20:16.795+0000] {taskinstance.py:1362} INFO - 
--------------------------------------------------------------------------------
[2022-12-04T01:20:16.795+0000] {taskinstance.py:1363} INFO - Starting attempt 1 of 1
[2022-12-04T01:20:16.796+0000] {taskinstance.py:1364} INFO - 
--------------------------------------------------------------------------------
[2022-12-04T01:20:16.804+0000] {taskinstance.py:1383} INFO - Executing <Task(PythonOperator): print_now> on 2022-12-04 01:20:15.467405+00:00
[2022-12-04T01:20:16.808+0000] {standard_task_runner.py:55} INFO - Started process 2130 to run task
[2022-12-04T01:20:16.812+0000] {standard_task_runner.py:82} INFO - Running: ['***', 'tasks', 'run', 'extract_dag', 'print_now', 'manual__2022-12-04T01:20:15.467405+00:00', '--job-id', '19', '--raw', '--subdir', 'DAGS_FOLDER/extract_dag.py', '--cfg-path', '/tmp/tmp_pcn2nlt']
[2022-12-04T01:20:16.814+0000] {standard_task_runner.py:83} INFO - Job 19: Subtask print_now
[2022-12-04T01:20:16.863+0000] {task_command.py:376} INFO - Running <TaskInstance: extract_dag.print_now manual__2022-12-04T01:20:15.467405+00:00 [running]> on host 65ab33c03c57
[2022-12-04T01:20:16.904+0000] {taskinstance.py:1592} INFO - Exporting the following env vars:
AIRFLOW_CTX_DAG_EMAIL=***@***.com
AIRFLOW_CTX_DAG_OWNER=***
AIRFLOW_CTX_DAG_ID=extract_dag
AIRFLOW_CTX_TASK_ID=print_now
AIRFLOW_CTX_EXECUTION_DATE=2022-12-04T01:20:15.467405+00:00
AIRFLOW_CTX_TRY_NUMBER=1
AIRFLOW_CTX_DAG_RUN_ID=manual__2022-12-04T01:20:15.467405+00:00
[2022-12-04T01:20:16.905+0000] {extract_dag.py:49} INFO - WRITING NOW
[2022-12-04T01:20:16.906+0000] {extract_dag.py:50} INFO - 2022-12-04T01:20:16.906297
[2022-12-04T01:20:16.906+0000] {extract_dag.py:51} INFO - TIME WRITTEN
[2022-12-04T01:20:16.907+0000] {python.py:177} INFO - Done. Returned value was: None
[2022-12-04T01:20:16.914+0000] {taskinstance.py:1406} INFO - Marking task as SUCCESS. dag_id=extract_dag, task_id=print_now, execution_date=20221204T012015, start_date=20221204T012016, end_date=20221204T012016
[2022-12-04T01:20:16.944+0000] {local_task_job.py:164} INFO - Task exited with return code 0
[2022-12-04T01:20:16.958+0000] {local_task_job.py:273} INFO - 1 downstream tasks scheduled from follow-on schedule check
