[2022-12-04T05:07:03.379+0000] {taskinstance.py:1165} INFO - Dependencies all met for <TaskInstance: extract_dag.extract_func scheduled__2022-12-04T04:45:00+00:00 [queued]>
[2022-12-04T05:07:03.406+0000] {taskinstance.py:1165} INFO - Dependencies all met for <TaskInstance: extract_dag.extract_func scheduled__2022-12-04T04:45:00+00:00 [queued]>
[2022-12-04T05:07:03.407+0000] {taskinstance.py:1362} INFO - 
--------------------------------------------------------------------------------
[2022-12-04T05:07:03.408+0000] {taskinstance.py:1363} INFO - Starting attempt 1 of 1
[2022-12-04T05:07:03.412+0000] {taskinstance.py:1364} INFO - 
--------------------------------------------------------------------------------
[2022-12-04T05:07:03.449+0000] {taskinstance.py:1383} INFO - Executing <Task(_PythonDecoratedOperator): extract_func> on 2022-12-04 04:45:00+00:00
[2022-12-04T05:07:03.483+0000] {standard_task_runner.py:55} INFO - Started process 3582 to run task
[2022-12-04T05:07:03.505+0000] {standard_task_runner.py:82} INFO - Running: ['***', 'tasks', 'run', 'extract_dag', 'extract_func', 'scheduled__2022-12-04T04:45:00+00:00', '--job-id', '32', '--raw', '--subdir', 'DAGS_FOLDER/extract_dag.py', '--cfg-path', '/tmp/tmpdyd0qsiz']
[2022-12-04T05:07:03.512+0000] {standard_task_runner.py:83} INFO - Job 32: Subtask extract_func
[2022-12-04T05:07:03.700+0000] {task_command.py:376} INFO - Running <TaskInstance: extract_dag.extract_func scheduled__2022-12-04T04:45:00+00:00 [running]> on host 65ab33c03c57
[2022-12-04T05:07:03.823+0000] {taskinstance.py:1592} INFO - Exporting the following env vars:
AIRFLOW_CTX_DAG_EMAIL=***@***.com
AIRFLOW_CTX_DAG_OWNER=***
AIRFLOW_CTX_DAG_ID=extract_dag
AIRFLOW_CTX_TASK_ID=extract_func
AIRFLOW_CTX_EXECUTION_DATE=2022-12-04T04:45:00+00:00
AIRFLOW_CTX_TRY_NUMBER=1
AIRFLOW_CTX_DAG_RUN_ID=scheduled__2022-12-04T04:45:00+00:00
[2022-12-04T05:07:04.083+0000] {extract_dag.py:49} INFO - New weather updated succesfully.
[2022-12-04T05:07:04.265+0000] {extract_dag.py:65} INFO - Weather CSV created succesfully.
[2022-12-04T05:07:04.267+0000] {python.py:177} INFO - Done. Returned value was: None
[2022-12-04T05:07:04.307+0000] {taskinstance.py:1406} INFO - Marking task as SUCCESS. dag_id=extract_dag, task_id=extract_func, execution_date=20221204T044500, start_date=20221204T050703, end_date=20221204T050704
[2022-12-04T05:07:04.370+0000] {local_task_job.py:164} INFO - Task exited with return code 0
[2022-12-04T05:07:04.396+0000] {local_task_job.py:273} INFO - 0 downstream tasks scheduled from follow-on schedule check
