[2022-12-03T19:15:28.296+0000] {taskinstance.py:1165} INFO - Dependencies all met for <TaskInstance: extract_dag.extract_weather_api manual__2022-12-03T19:15:27.104461+00:00 [queued]>
[2022-12-03T19:15:28.301+0000] {taskinstance.py:1165} INFO - Dependencies all met for <TaskInstance: extract_dag.extract_weather_api manual__2022-12-03T19:15:27.104461+00:00 [queued]>
[2022-12-03T19:15:28.302+0000] {taskinstance.py:1362} INFO - 
--------------------------------------------------------------------------------
[2022-12-03T19:15:28.302+0000] {taskinstance.py:1363} INFO - Starting attempt 1 of 1
[2022-12-03T19:15:28.302+0000] {taskinstance.py:1364} INFO - 
--------------------------------------------------------------------------------
[2022-12-03T19:15:28.309+0000] {taskinstance.py:1383} INFO - Executing <Task(BashOperator): extract_weather_api> on 2022-12-03 19:15:27.104461+00:00
[2022-12-03T19:15:28.313+0000] {standard_task_runner.py:55} INFO - Started process 80 to run task
[2022-12-03T19:15:28.316+0000] {standard_task_runner.py:82} INFO - Running: ['***', 'tasks', 'run', 'extract_dag', 'extract_weather_api', 'manual__2022-12-03T19:15:27.104461+00:00', '--job-id', '3', '--raw', '--subdir', 'DAGS_FOLDER/extract_dag.py', '--cfg-path', '/tmp/tmpyvfy2xu7']
[2022-12-03T19:15:28.316+0000] {standard_task_runner.py:83} INFO - Job 3: Subtask extract_weather_api
[2022-12-03T19:15:28.359+0000] {task_command.py:376} INFO - Running <TaskInstance: extract_dag.extract_weather_api manual__2022-12-03T19:15:27.104461+00:00 [running]> on host 3886eb57bcb4
[2022-12-03T19:15:28.398+0000] {taskinstance.py:1592} INFO - Exporting the following env vars:
AIRFLOW_CTX_DAG_EMAIL=***@***.com
AIRFLOW_CTX_DAG_OWNER=***
AIRFLOW_CTX_DAG_ID=extract_dag
AIRFLOW_CTX_TASK_ID=extract_weather_api
AIRFLOW_CTX_EXECUTION_DATE=2022-12-03T19:15:27.104461+00:00
AIRFLOW_CTX_TRY_NUMBER=1
AIRFLOW_CTX_DAG_RUN_ID=manual__2022-12-03T19:15:27.104461+00:00
[2022-12-03T19:15:28.400+0000] {subprocess.py:63} INFO - Tmp dir root location: 
 /tmp
[2022-12-03T19:15:28.400+0000] {subprocess.py:75} INFO - Running command: ['/bin/bash', '-c', 'which python3']
[2022-12-03T19:15:28.408+0000] {subprocess.py:86} INFO - Output:
[2022-12-03T19:15:28.412+0000] {subprocess.py:93} INFO - /usr/local/bin/python3
[2022-12-03T19:15:28.413+0000] {subprocess.py:97} INFO - Command exited with return code 0
[2022-12-03T19:15:28.429+0000] {taskinstance.py:1406} INFO - Marking task as SUCCESS. dag_id=extract_dag, task_id=extract_weather_api, execution_date=20221203T191527, start_date=20221203T191528, end_date=20221203T191528
[2022-12-03T19:15:28.447+0000] {local_task_job.py:164} INFO - Task exited with return code 0
[2022-12-03T19:15:28.461+0000] {local_task_job.py:273} INFO - 0 downstream tasks scheduled from follow-on schedule check
