[2022-12-04T00:49:16.785+0000] {processor.py:154} INFO - Started process (PID=574) to work on /opt/airflow/dags/fintechexplained.py
[2022-12-04T00:49:16.786+0000] {processor.py:756} INFO - Processing file /opt/airflow/dags/fintechexplained.py for tasks to queue
[2022-12-04T00:49:16.787+0000] {logging_mixin.py:120} INFO - [2022-12-04T00:49:16.787+0000] {dagbag.py:537} INFO - Filling up the DagBag from /opt/airflow/dags/fintechexplained.py
[2022-12-04T00:49:16.820+0000] {processor.py:766} INFO - DAG(s) dict_keys(['fintechexplained']) retrieved from /opt/airflow/dags/fintechexplained.py
[2022-12-04T00:49:16.924+0000] {logging_mixin.py:120} INFO - [2022-12-04T00:49:16.924+0000] {manager.py:507} INFO - Created Permission View: can delete on DAG:fintechexplained
[2022-12-04T00:49:16.928+0000] {logging_mixin.py:120} INFO - [2022-12-04T00:49:16.928+0000] {manager.py:507} INFO - Created Permission View: can edit on DAG:fintechexplained
[2022-12-04T00:49:16.930+0000] {logging_mixin.py:120} INFO - [2022-12-04T00:49:16.930+0000] {manager.py:507} INFO - Created Permission View: can read on DAG:fintechexplained
[2022-12-04T00:49:16.931+0000] {logging_mixin.py:120} INFO - [2022-12-04T00:49:16.931+0000] {dag.py:2585} INFO - Sync 1 DAGs
[2022-12-04T00:49:16.937+0000] {logging_mixin.py:120} INFO - [2022-12-04T00:49:16.937+0000] {dag.py:2606} INFO - Creating ORM DAG for fintechexplained
[2022-12-04T00:49:16.944+0000] {logging_mixin.py:120} INFO - [2022-12-04T00:49:16.944+0000] {dag.py:3340} INFO - Setting next_dagrun for fintechexplained to 2022-12-03T22:00:00+00:00, run_after=2022-12-04T00:00:00+00:00
[2022-12-04T00:49:16.951+0000] {processor.py:176} INFO - Processing /opt/airflow/dags/fintechexplained.py took 0.170 seconds
[2022-12-04T00:49:47.298+0000] {processor.py:154} INFO - Started process (PID=602) to work on /opt/airflow/dags/fintechexplained.py
[2022-12-04T00:49:47.300+0000] {processor.py:756} INFO - Processing file /opt/airflow/dags/fintechexplained.py for tasks to queue
[2022-12-04T00:49:47.302+0000] {logging_mixin.py:120} INFO - [2022-12-04T00:49:47.302+0000] {dagbag.py:537} INFO - Filling up the DagBag from /opt/airflow/dags/fintechexplained.py
[2022-12-04T00:49:47.331+0000] {processor.py:766} INFO - DAG(s) dict_keys(['fintechexplained']) retrieved from /opt/airflow/dags/fintechexplained.py
[2022-12-04T00:49:47.374+0000] {logging_mixin.py:120} INFO - [2022-12-04T00:49:47.374+0000] {dag.py:2585} INFO - Sync 1 DAGs
[2022-12-04T00:49:47.390+0000] {logging_mixin.py:120} INFO - [2022-12-04T00:49:47.390+0000] {dag.py:3340} INFO - Setting next_dagrun for fintechexplained to 2022-12-03T22:00:00+00:00, run_after=2022-12-04T00:00:00+00:00
[2022-12-04T00:49:47.400+0000] {processor.py:176} INFO - Processing /opt/airflow/dags/fintechexplained.py took 0.109 seconds
[2022-12-04T00:50:17.617+0000] {processor.py:154} INFO - Started process (PID=632) to work on /opt/airflow/dags/fintechexplained.py
[2022-12-04T00:50:17.620+0000] {processor.py:756} INFO - Processing file /opt/airflow/dags/fintechexplained.py for tasks to queue
[2022-12-04T00:50:17.621+0000] {logging_mixin.py:120} INFO - [2022-12-04T00:50:17.620+0000] {dagbag.py:537} INFO - Filling up the DagBag from /opt/airflow/dags/fintechexplained.py
[2022-12-04T00:50:17.638+0000] {processor.py:766} INFO - DAG(s) dict_keys(['fintechexplained']) retrieved from /opt/airflow/dags/fintechexplained.py
[2022-12-04T00:50:17.663+0000] {logging_mixin.py:120} INFO - [2022-12-04T00:50:17.663+0000] {dag.py:2585} INFO - Sync 1 DAGs
[2022-12-04T00:50:17.677+0000] {logging_mixin.py:120} INFO - [2022-12-04T00:50:17.677+0000] {dag.py:3340} INFO - Setting next_dagrun for fintechexplained to 2022-12-03T22:00:00+00:00, run_after=2022-12-04T00:00:00+00:00
[2022-12-04T00:50:17.686+0000] {processor.py:176} INFO - Processing /opt/airflow/dags/fintechexplained.py took 0.072 seconds
[2022-12-04T00:50:48.008+0000] {processor.py:154} INFO - Started process (PID=654) to work on /opt/airflow/dags/fintechexplained.py
[2022-12-04T00:50:48.010+0000] {processor.py:756} INFO - Processing file /opt/airflow/dags/fintechexplained.py for tasks to queue
[2022-12-04T00:50:48.013+0000] {logging_mixin.py:120} INFO - [2022-12-04T00:50:48.013+0000] {dagbag.py:537} INFO - Filling up the DagBag from /opt/airflow/dags/fintechexplained.py
[2022-12-04T00:50:48.045+0000] {processor.py:766} INFO - DAG(s) dict_keys(['fintechexplained']) retrieved from /opt/airflow/dags/fintechexplained.py
[2022-12-04T00:50:48.080+0000] {logging_mixin.py:120} INFO - [2022-12-04T00:50:48.080+0000] {dag.py:2585} INFO - Sync 1 DAGs
[2022-12-04T00:50:48.097+0000] {logging_mixin.py:120} INFO - [2022-12-04T00:50:48.097+0000] {dag.py:3340} INFO - Setting next_dagrun for fintechexplained to 2022-12-03T22:00:00+00:00, run_after=2022-12-04T00:00:00+00:00
[2022-12-04T00:50:48.108+0000] {processor.py:176} INFO - Processing /opt/airflow/dags/fintechexplained.py took 0.108 seconds
[2022-12-04T00:51:18.399+0000] {processor.py:154} INFO - Started process (PID=683) to work on /opt/airflow/dags/fintechexplained.py
[2022-12-04T00:51:18.401+0000] {processor.py:756} INFO - Processing file /opt/airflow/dags/fintechexplained.py for tasks to queue
[2022-12-04T00:51:18.403+0000] {logging_mixin.py:120} INFO - [2022-12-04T00:51:18.403+0000] {dagbag.py:537} INFO - Filling up the DagBag from /opt/airflow/dags/fintechexplained.py
[2022-12-04T00:51:18.440+0000] {processor.py:766} INFO - DAG(s) dict_keys(['fintechexplained']) retrieved from /opt/airflow/dags/fintechexplained.py
[2022-12-04T00:51:18.492+0000] {logging_mixin.py:120} INFO - [2022-12-04T00:51:18.492+0000] {dag.py:2585} INFO - Sync 1 DAGs
[2022-12-04T00:51:18.509+0000] {logging_mixin.py:120} INFO - [2022-12-04T00:51:18.509+0000] {dag.py:3340} INFO - Setting next_dagrun for fintechexplained to 2022-12-03T22:00:00+00:00, run_after=2022-12-04T00:00:00+00:00
[2022-12-04T00:51:18.519+0000] {processor.py:176} INFO - Processing /opt/airflow/dags/fintechexplained.py took 0.127 seconds
[2022-12-04T00:51:48.840+0000] {processor.py:154} INFO - Started process (PID=713) to work on /opt/airflow/dags/fintechexplained.py
[2022-12-04T00:51:48.843+0000] {processor.py:756} INFO - Processing file /opt/airflow/dags/fintechexplained.py for tasks to queue
[2022-12-04T00:51:48.844+0000] {logging_mixin.py:120} INFO - [2022-12-04T00:51:48.844+0000] {dagbag.py:537} INFO - Filling up the DagBag from /opt/airflow/dags/fintechexplained.py
[2022-12-04T00:51:48.875+0000] {processor.py:766} INFO - DAG(s) dict_keys(['fintechexplained']) retrieved from /opt/airflow/dags/fintechexplained.py
[2022-12-04T00:51:48.906+0000] {logging_mixin.py:120} INFO - [2022-12-04T00:51:48.906+0000] {dag.py:2585} INFO - Sync 1 DAGs
[2022-12-04T00:51:48.924+0000] {logging_mixin.py:120} INFO - [2022-12-04T00:51:48.924+0000] {dag.py:3340} INFO - Setting next_dagrun for fintechexplained to 2022-12-03T22:00:00+00:00, run_after=2022-12-04T00:00:00+00:00
[2022-12-04T00:51:48.934+0000] {processor.py:176} INFO - Processing /opt/airflow/dags/fintechexplained.py took 0.102 seconds
[2022-12-04T00:52:19.231+0000] {processor.py:154} INFO - Started process (PID=743) to work on /opt/airflow/dags/fintechexplained.py
[2022-12-04T00:52:19.232+0000] {processor.py:756} INFO - Processing file /opt/airflow/dags/fintechexplained.py for tasks to queue
[2022-12-04T00:52:19.234+0000] {logging_mixin.py:120} INFO - [2022-12-04T00:52:19.233+0000] {dagbag.py:537} INFO - Filling up the DagBag from /opt/airflow/dags/fintechexplained.py
[2022-12-04T00:52:19.261+0000] {processor.py:766} INFO - DAG(s) dict_keys(['fintechexplained']) retrieved from /opt/airflow/dags/fintechexplained.py
[2022-12-04T00:52:19.310+0000] {logging_mixin.py:120} INFO - [2022-12-04T00:52:19.310+0000] {dag.py:2585} INFO - Sync 1 DAGs
[2022-12-04T00:52:19.329+0000] {logging_mixin.py:120} INFO - [2022-12-04T00:52:19.328+0000] {dag.py:3340} INFO - Setting next_dagrun for fintechexplained to 2022-12-03T22:00:00+00:00, run_after=2022-12-04T00:00:00+00:00
[2022-12-04T00:52:19.339+0000] {processor.py:176} INFO - Processing /opt/airflow/dags/fintechexplained.py took 0.112 seconds
[2022-12-04T00:52:49.611+0000] {processor.py:154} INFO - Started process (PID=774) to work on /opt/airflow/dags/fintechexplained.py
[2022-12-04T00:52:49.614+0000] {processor.py:756} INFO - Processing file /opt/airflow/dags/fintechexplained.py for tasks to queue
[2022-12-04T00:52:49.616+0000] {logging_mixin.py:120} INFO - [2022-12-04T00:52:49.615+0000] {dagbag.py:537} INFO - Filling up the DagBag from /opt/airflow/dags/fintechexplained.py
[2022-12-04T00:52:49.644+0000] {processor.py:766} INFO - DAG(s) dict_keys(['fintechexplained']) retrieved from /opt/airflow/dags/fintechexplained.py
[2022-12-04T00:52:49.684+0000] {logging_mixin.py:120} INFO - [2022-12-04T00:52:49.684+0000] {dag.py:2585} INFO - Sync 1 DAGs
[2022-12-04T00:52:49.699+0000] {logging_mixin.py:120} INFO - [2022-12-04T00:52:49.699+0000] {dag.py:3340} INFO - Setting next_dagrun for fintechexplained to 2022-12-03T22:00:00+00:00, run_after=2022-12-04T00:00:00+00:00
[2022-12-04T00:52:49.709+0000] {processor.py:176} INFO - Processing /opt/airflow/dags/fintechexplained.py took 0.106 seconds
[2022-12-04T00:53:20.002+0000] {processor.py:154} INFO - Started process (PID=794) to work on /opt/airflow/dags/fintechexplained.py
[2022-12-04T00:53:20.004+0000] {processor.py:756} INFO - Processing file /opt/airflow/dags/fintechexplained.py for tasks to queue
[2022-12-04T00:53:20.005+0000] {logging_mixin.py:120} INFO - [2022-12-04T00:53:20.005+0000] {dagbag.py:537} INFO - Filling up the DagBag from /opt/airflow/dags/fintechexplained.py
[2022-12-04T00:53:20.031+0000] {processor.py:766} INFO - DAG(s) dict_keys(['fintechexplained']) retrieved from /opt/airflow/dags/fintechexplained.py
[2022-12-04T00:53:20.063+0000] {logging_mixin.py:120} INFO - [2022-12-04T00:53:20.063+0000] {dag.py:2585} INFO - Sync 1 DAGs
[2022-12-04T00:53:20.084+0000] {logging_mixin.py:120} INFO - [2022-12-04T00:53:20.084+0000] {dag.py:3340} INFO - Setting next_dagrun for fintechexplained to 2022-12-03T22:00:00+00:00, run_after=2022-12-04T00:00:00+00:00
[2022-12-04T00:53:20.094+0000] {processor.py:176} INFO - Processing /opt/airflow/dags/fintechexplained.py took 0.099 seconds
[2022-12-04T00:53:50.383+0000] {processor.py:154} INFO - Started process (PID=824) to work on /opt/airflow/dags/fintechexplained.py
[2022-12-04T00:53:50.386+0000] {processor.py:756} INFO - Processing file /opt/airflow/dags/fintechexplained.py for tasks to queue
[2022-12-04T00:53:50.387+0000] {logging_mixin.py:120} INFO - [2022-12-04T00:53:50.387+0000] {dagbag.py:537} INFO - Filling up the DagBag from /opt/airflow/dags/fintechexplained.py
[2022-12-04T00:53:50.413+0000] {processor.py:766} INFO - DAG(s) dict_keys(['fintechexplained']) retrieved from /opt/airflow/dags/fintechexplained.py
[2022-12-04T00:53:50.442+0000] {logging_mixin.py:120} INFO - [2022-12-04T00:53:50.441+0000] {dag.py:2585} INFO - Sync 1 DAGs
[2022-12-04T00:53:50.457+0000] {logging_mixin.py:120} INFO - [2022-12-04T00:53:50.457+0000] {dag.py:3340} INFO - Setting next_dagrun for fintechexplained to 2022-12-03T22:00:00+00:00, run_after=2022-12-04T00:00:00+00:00
[2022-12-04T00:53:50.466+0000] {processor.py:176} INFO - Processing /opt/airflow/dags/fintechexplained.py took 0.088 seconds
[2022-12-04T00:54:20.737+0000] {processor.py:154} INFO - Started process (PID=854) to work on /opt/airflow/dags/fintechexplained.py
[2022-12-04T00:54:20.738+0000] {processor.py:756} INFO - Processing file /opt/airflow/dags/fintechexplained.py for tasks to queue
[2022-12-04T00:54:20.739+0000] {logging_mixin.py:120} INFO - [2022-12-04T00:54:20.739+0000] {dagbag.py:537} INFO - Filling up the DagBag from /opt/airflow/dags/fintechexplained.py
[2022-12-04T00:54:20.760+0000] {processor.py:766} INFO - DAG(s) dict_keys(['fintechexplained']) retrieved from /opt/airflow/dags/fintechexplained.py
[2022-12-04T00:54:20.790+0000] {logging_mixin.py:120} INFO - [2022-12-04T00:54:20.790+0000] {dag.py:2585} INFO - Sync 1 DAGs
[2022-12-04T00:54:20.806+0000] {logging_mixin.py:120} INFO - [2022-12-04T00:54:20.805+0000] {dag.py:3340} INFO - Setting next_dagrun for fintechexplained to 2022-12-03T22:00:00+00:00, run_after=2022-12-04T00:00:00+00:00
[2022-12-04T00:54:20.815+0000] {processor.py:176} INFO - Processing /opt/airflow/dags/fintechexplained.py took 0.081 seconds
[2022-12-04T00:54:51.044+0000] {processor.py:154} INFO - Started process (PID=884) to work on /opt/airflow/dags/fintechexplained.py
[2022-12-04T00:54:51.047+0000] {processor.py:756} INFO - Processing file /opt/airflow/dags/fintechexplained.py for tasks to queue
[2022-12-04T00:54:51.049+0000] {logging_mixin.py:120} INFO - [2022-12-04T00:54:51.048+0000] {dagbag.py:537} INFO - Filling up the DagBag from /opt/airflow/dags/fintechexplained.py
[2022-12-04T00:54:51.077+0000] {processor.py:766} INFO - DAG(s) dict_keys(['fintechexplained']) retrieved from /opt/airflow/dags/fintechexplained.py
[2022-12-04T00:54:51.106+0000] {logging_mixin.py:120} INFO - [2022-12-04T00:54:51.105+0000] {dag.py:2585} INFO - Sync 1 DAGs
[2022-12-04T00:54:51.120+0000] {logging_mixin.py:120} INFO - [2022-12-04T00:54:51.120+0000] {dag.py:3340} INFO - Setting next_dagrun for fintechexplained to 2022-12-03T22:00:00+00:00, run_after=2022-12-04T00:00:00+00:00
[2022-12-04T00:54:51.128+0000] {processor.py:176} INFO - Processing /opt/airflow/dags/fintechexplained.py took 0.092 seconds
[2022-12-04T00:55:21.410+0000] {processor.py:154} INFO - Started process (PID=915) to work on /opt/airflow/dags/fintechexplained.py
[2022-12-04T00:55:21.413+0000] {processor.py:756} INFO - Processing file /opt/airflow/dags/fintechexplained.py for tasks to queue
[2022-12-04T00:55:21.415+0000] {logging_mixin.py:120} INFO - [2022-12-04T00:55:21.414+0000] {dagbag.py:537} INFO - Filling up the DagBag from /opt/airflow/dags/fintechexplained.py
[2022-12-04T00:55:21.446+0000] {processor.py:766} INFO - DAG(s) dict_keys(['fintechexplained']) retrieved from /opt/airflow/dags/fintechexplained.py
[2022-12-04T00:55:21.480+0000] {logging_mixin.py:120} INFO - [2022-12-04T00:55:21.480+0000] {dag.py:2585} INFO - Sync 1 DAGs
[2022-12-04T00:55:21.497+0000] {logging_mixin.py:120} INFO - [2022-12-04T00:55:21.497+0000] {dag.py:3340} INFO - Setting next_dagrun for fintechexplained to 2022-12-03T22:00:00+00:00, run_after=2022-12-04T00:00:00+00:00
[2022-12-04T00:55:21.507+0000] {processor.py:176} INFO - Processing /opt/airflow/dags/fintechexplained.py took 0.104 seconds
[2022-12-04T00:55:51.816+0000] {processor.py:154} INFO - Started process (PID=944) to work on /opt/airflow/dags/fintechexplained.py
[2022-12-04T00:55:51.819+0000] {processor.py:756} INFO - Processing file /opt/airflow/dags/fintechexplained.py for tasks to queue
[2022-12-04T00:55:51.820+0000] {logging_mixin.py:120} INFO - [2022-12-04T00:55:51.820+0000] {dagbag.py:537} INFO - Filling up the DagBag from /opt/airflow/dags/fintechexplained.py
[2022-12-04T00:55:51.854+0000] {processor.py:766} INFO - DAG(s) dict_keys(['fintechexplained']) retrieved from /opt/airflow/dags/fintechexplained.py
[2022-12-04T00:55:51.889+0000] {logging_mixin.py:120} INFO - [2022-12-04T00:55:51.889+0000] {dag.py:2585} INFO - Sync 1 DAGs
[2022-12-04T00:55:51.906+0000] {logging_mixin.py:120} INFO - [2022-12-04T00:55:51.906+0000] {dag.py:3340} INFO - Setting next_dagrun for fintechexplained to 2022-12-03T22:00:00+00:00, run_after=2022-12-04T00:00:00+00:00
[2022-12-04T00:55:51.917+0000] {processor.py:176} INFO - Processing /opt/airflow/dags/fintechexplained.py took 0.107 seconds
[2022-12-04T00:56:22.264+0000] {processor.py:154} INFO - Started process (PID=965) to work on /opt/airflow/dags/fintechexplained.py
[2022-12-04T00:56:22.267+0000] {processor.py:756} INFO - Processing file /opt/airflow/dags/fintechexplained.py for tasks to queue
[2022-12-04T00:56:22.268+0000] {logging_mixin.py:120} INFO - [2022-12-04T00:56:22.268+0000] {dagbag.py:537} INFO - Filling up the DagBag from /opt/airflow/dags/fintechexplained.py
[2022-12-04T00:56:22.295+0000] {processor.py:766} INFO - DAG(s) dict_keys(['fintechexplained']) retrieved from /opt/airflow/dags/fintechexplained.py
[2022-12-04T00:56:22.326+0000] {logging_mixin.py:120} INFO - [2022-12-04T00:56:22.326+0000] {dag.py:2585} INFO - Sync 1 DAGs
[2022-12-04T00:56:22.342+0000] {logging_mixin.py:120} INFO - [2022-12-04T00:56:22.342+0000] {dag.py:3340} INFO - Setting next_dagrun for fintechexplained to 2022-12-03T22:00:00+00:00, run_after=2022-12-04T00:00:00+00:00
[2022-12-04T00:56:22.352+0000] {processor.py:176} INFO - Processing /opt/airflow/dags/fintechexplained.py took 0.097 seconds
[2022-12-04T00:56:52.606+0000] {processor.py:154} INFO - Started process (PID=994) to work on /opt/airflow/dags/fintechexplained.py
[2022-12-04T00:56:52.608+0000] {processor.py:756} INFO - Processing file /opt/airflow/dags/fintechexplained.py for tasks to queue
[2022-12-04T00:56:52.609+0000] {logging_mixin.py:120} INFO - [2022-12-04T00:56:52.609+0000] {dagbag.py:537} INFO - Filling up the DagBag from /opt/airflow/dags/fintechexplained.py
[2022-12-04T00:56:52.634+0000] {processor.py:766} INFO - DAG(s) dict_keys(['fintechexplained']) retrieved from /opt/airflow/dags/fintechexplained.py
[2022-12-04T00:56:52.665+0000] {logging_mixin.py:120} INFO - [2022-12-04T00:56:52.665+0000] {dag.py:2585} INFO - Sync 1 DAGs
[2022-12-04T00:56:52.681+0000] {logging_mixin.py:120} INFO - [2022-12-04T00:56:52.681+0000] {dag.py:3340} INFO - Setting next_dagrun for fintechexplained to 2022-12-03T22:00:00+00:00, run_after=2022-12-04T00:00:00+00:00
[2022-12-04T00:56:52.691+0000] {processor.py:176} INFO - Processing /opt/airflow/dags/fintechexplained.py took 0.088 seconds
[2022-12-04T00:57:22.977+0000] {processor.py:154} INFO - Started process (PID=1024) to work on /opt/airflow/dags/fintechexplained.py
[2022-12-04T00:57:22.979+0000] {processor.py:756} INFO - Processing file /opt/airflow/dags/fintechexplained.py for tasks to queue
[2022-12-04T00:57:22.981+0000] {logging_mixin.py:120} INFO - [2022-12-04T00:57:22.981+0000] {dagbag.py:537} INFO - Filling up the DagBag from /opt/airflow/dags/fintechexplained.py
[2022-12-04T00:57:23.010+0000] {processor.py:766} INFO - DAG(s) dict_keys(['fintechexplained']) retrieved from /opt/airflow/dags/fintechexplained.py
[2022-12-04T00:57:23.041+0000] {logging_mixin.py:120} INFO - [2022-12-04T00:57:23.040+0000] {dag.py:2585} INFO - Sync 1 DAGs
[2022-12-04T00:57:23.057+0000] {logging_mixin.py:120} INFO - [2022-12-04T00:57:23.057+0000] {dag.py:3340} INFO - Setting next_dagrun for fintechexplained to 2022-12-03T22:00:00+00:00, run_after=2022-12-04T00:00:00+00:00
[2022-12-04T00:57:23.067+0000] {processor.py:176} INFO - Processing /opt/airflow/dags/fintechexplained.py took 0.096 seconds
[2022-12-04T00:57:53.352+0000] {processor.py:154} INFO - Started process (PID=1055) to work on /opt/airflow/dags/fintechexplained.py
[2022-12-04T00:57:53.354+0000] {processor.py:756} INFO - Processing file /opt/airflow/dags/fintechexplained.py for tasks to queue
[2022-12-04T00:57:53.356+0000] {logging_mixin.py:120} INFO - [2022-12-04T00:57:53.355+0000] {dagbag.py:537} INFO - Filling up the DagBag from /opt/airflow/dags/fintechexplained.py
[2022-12-04T00:57:53.382+0000] {processor.py:766} INFO - DAG(s) dict_keys(['fintechexplained']) retrieved from /opt/airflow/dags/fintechexplained.py
[2022-12-04T00:57:53.431+0000] {logging_mixin.py:120} INFO - [2022-12-04T00:57:53.431+0000] {dag.py:2585} INFO - Sync 1 DAGs
[2022-12-04T00:57:53.449+0000] {logging_mixin.py:120} INFO - [2022-12-04T00:57:53.449+0000] {dag.py:3340} INFO - Setting next_dagrun for fintechexplained to 2022-12-03T22:00:00+00:00, run_after=2022-12-04T00:00:00+00:00
[2022-12-04T00:57:53.459+0000] {processor.py:176} INFO - Processing /opt/airflow/dags/fintechexplained.py took 0.112 seconds
[2022-12-04T00:58:23.803+0000] {processor.py:154} INFO - Started process (PID=1085) to work on /opt/airflow/dags/fintechexplained.py
[2022-12-04T00:58:23.805+0000] {processor.py:756} INFO - Processing file /opt/airflow/dags/fintechexplained.py for tasks to queue
[2022-12-04T00:58:23.807+0000] {logging_mixin.py:120} INFO - [2022-12-04T00:58:23.807+0000] {dagbag.py:537} INFO - Filling up the DagBag from /opt/airflow/dags/fintechexplained.py
[2022-12-04T00:58:23.850+0000] {processor.py:766} INFO - DAG(s) dict_keys(['fintechexplained']) retrieved from /opt/airflow/dags/fintechexplained.py
[2022-12-04T00:58:23.889+0000] {logging_mixin.py:120} INFO - [2022-12-04T00:58:23.888+0000] {dag.py:2585} INFO - Sync 1 DAGs
[2022-12-04T00:58:23.908+0000] {logging_mixin.py:120} INFO - [2022-12-04T00:58:23.908+0000] {dag.py:3340} INFO - Setting next_dagrun for fintechexplained to 2022-12-03T22:00:00+00:00, run_after=2022-12-04T00:00:00+00:00
[2022-12-04T00:58:23.918+0000] {processor.py:176} INFO - Processing /opt/airflow/dags/fintechexplained.py took 0.122 seconds
[2022-12-04T00:58:54.052+0000] {processor.py:154} INFO - Started process (PID=1117) to work on /opt/airflow/dags/fintechexplained.py
[2022-12-04T00:58:54.054+0000] {processor.py:756} INFO - Processing file /opt/airflow/dags/fintechexplained.py for tasks to queue
[2022-12-04T00:58:54.055+0000] {logging_mixin.py:120} INFO - [2022-12-04T00:58:54.055+0000] {dagbag.py:537} INFO - Filling up the DagBag from /opt/airflow/dags/fintechexplained.py
[2022-12-04T00:58:54.071+0000] {processor.py:766} INFO - DAG(s) dict_keys(['fintechexplained']) retrieved from /opt/airflow/dags/fintechexplained.py
[2022-12-04T00:58:54.098+0000] {logging_mixin.py:120} INFO - [2022-12-04T00:58:54.098+0000] {dag.py:2585} INFO - Sync 1 DAGs
[2022-12-04T00:58:54.114+0000] {logging_mixin.py:120} INFO - [2022-12-04T00:58:54.114+0000] {dag.py:3340} INFO - Setting next_dagrun for fintechexplained to 2022-12-03T22:00:00+00:00, run_after=2022-12-04T00:00:00+00:00
[2022-12-04T00:58:54.124+0000] {processor.py:176} INFO - Processing /opt/airflow/dags/fintechexplained.py took 0.075 seconds
[2022-12-04T00:59:24.520+0000] {processor.py:154} INFO - Started process (PID=1147) to work on /opt/airflow/dags/fintechexplained.py
[2022-12-04T00:59:24.522+0000] {processor.py:756} INFO - Processing file /opt/airflow/dags/fintechexplained.py for tasks to queue
[2022-12-04T00:59:24.523+0000] {logging_mixin.py:120} INFO - [2022-12-04T00:59:24.523+0000] {dagbag.py:537} INFO - Filling up the DagBag from /opt/airflow/dags/fintechexplained.py
[2022-12-04T00:59:24.548+0000] {processor.py:766} INFO - DAG(s) dict_keys(['fintechexplained']) retrieved from /opt/airflow/dags/fintechexplained.py
[2022-12-04T00:59:24.580+0000] {logging_mixin.py:120} INFO - [2022-12-04T00:59:24.580+0000] {dag.py:2585} INFO - Sync 1 DAGs
[2022-12-04T00:59:24.596+0000] {logging_mixin.py:120} INFO - [2022-12-04T00:59:24.596+0000] {dag.py:3340} INFO - Setting next_dagrun for fintechexplained to 2022-12-04T00:00:00+00:00, run_after=2022-12-04T02:00:00+00:00
[2022-12-04T00:59:24.605+0000] {processor.py:176} INFO - Processing /opt/airflow/dags/fintechexplained.py took 0.091 seconds
[2022-12-04T00:59:54.832+0000] {processor.py:154} INFO - Started process (PID=1176) to work on /opt/airflow/dags/fintechexplained.py
[2022-12-04T00:59:54.834+0000] {processor.py:756} INFO - Processing file /opt/airflow/dags/fintechexplained.py for tasks to queue
[2022-12-04T00:59:54.835+0000] {logging_mixin.py:120} INFO - [2022-12-04T00:59:54.835+0000] {dagbag.py:537} INFO - Filling up the DagBag from /opt/airflow/dags/fintechexplained.py
[2022-12-04T00:59:54.863+0000] {processor.py:766} INFO - DAG(s) dict_keys(['fintechexplained']) retrieved from /opt/airflow/dags/fintechexplained.py
[2022-12-04T00:59:54.907+0000] {logging_mixin.py:120} INFO - [2022-12-04T00:59:54.907+0000] {dag.py:2585} INFO - Sync 1 DAGs
[2022-12-04T00:59:54.925+0000] {logging_mixin.py:120} INFO - [2022-12-04T00:59:54.925+0000] {dag.py:3340} INFO - Setting next_dagrun for fintechexplained to 2022-12-04T00:00:00+00:00, run_after=2022-12-04T02:00:00+00:00
[2022-12-04T00:59:54.935+0000] {processor.py:176} INFO - Processing /opt/airflow/dags/fintechexplained.py took 0.107 seconds
[2022-12-04T01:00:25.208+0000] {processor.py:154} INFO - Started process (PID=1205) to work on /opt/airflow/dags/fintechexplained.py
[2022-12-04T01:00:25.210+0000] {processor.py:756} INFO - Processing file /opt/airflow/dags/fintechexplained.py for tasks to queue
[2022-12-04T01:00:25.211+0000] {logging_mixin.py:120} INFO - [2022-12-04T01:00:25.211+0000] {dagbag.py:537} INFO - Filling up the DagBag from /opt/airflow/dags/fintechexplained.py
[2022-12-04T01:00:25.237+0000] {processor.py:766} INFO - DAG(s) dict_keys(['fintechexplained']) retrieved from /opt/airflow/dags/fintechexplained.py
[2022-12-04T01:00:25.266+0000] {logging_mixin.py:120} INFO - [2022-12-04T01:00:25.266+0000] {dag.py:2585} INFO - Sync 1 DAGs
[2022-12-04T01:00:25.283+0000] {logging_mixin.py:120} INFO - [2022-12-04T01:00:25.283+0000] {dag.py:3340} INFO - Setting next_dagrun for fintechexplained to 2022-12-04T00:00:00+00:00, run_after=2022-12-04T02:00:00+00:00
[2022-12-04T01:00:25.297+0000] {processor.py:176} INFO - Processing /opt/airflow/dags/fintechexplained.py took 0.093 seconds
[2022-12-04T01:00:55.565+0000] {processor.py:154} INFO - Started process (PID=1235) to work on /opt/airflow/dags/fintechexplained.py
[2022-12-04T01:00:55.567+0000] {processor.py:756} INFO - Processing file /opt/airflow/dags/fintechexplained.py for tasks to queue
[2022-12-04T01:00:55.568+0000] {logging_mixin.py:120} INFO - [2022-12-04T01:00:55.568+0000] {dagbag.py:537} INFO - Filling up the DagBag from /opt/airflow/dags/fintechexplained.py
[2022-12-04T01:00:55.596+0000] {processor.py:766} INFO - DAG(s) dict_keys(['fintechexplained']) retrieved from /opt/airflow/dags/fintechexplained.py
[2022-12-04T01:00:55.632+0000] {logging_mixin.py:120} INFO - [2022-12-04T01:00:55.632+0000] {dag.py:2585} INFO - Sync 1 DAGs
[2022-12-04T01:00:55.649+0000] {logging_mixin.py:120} INFO - [2022-12-04T01:00:55.649+0000] {dag.py:3340} INFO - Setting next_dagrun for fintechexplained to 2022-12-04T00:00:00+00:00, run_after=2022-12-04T02:00:00+00:00
[2022-12-04T01:00:55.665+0000] {processor.py:176} INFO - Processing /opt/airflow/dags/fintechexplained.py took 0.104 seconds
[2022-12-04T01:01:25.925+0000] {processor.py:154} INFO - Started process (PID=1266) to work on /opt/airflow/dags/fintechexplained.py
[2022-12-04T01:01:25.927+0000] {processor.py:756} INFO - Processing file /opt/airflow/dags/fintechexplained.py for tasks to queue
[2022-12-04T01:01:25.930+0000] {logging_mixin.py:120} INFO - [2022-12-04T01:01:25.929+0000] {dagbag.py:537} INFO - Filling up the DagBag from /opt/airflow/dags/fintechexplained.py
[2022-12-04T01:01:25.969+0000] {processor.py:766} INFO - DAG(s) dict_keys(['fintechexplained']) retrieved from /opt/airflow/dags/fintechexplained.py
[2022-12-04T01:01:25.999+0000] {logging_mixin.py:120} INFO - [2022-12-04T01:01:25.999+0000] {dag.py:2585} INFO - Sync 1 DAGs
[2022-12-04T01:01:26.017+0000] {logging_mixin.py:120} INFO - [2022-12-04T01:01:26.017+0000] {dag.py:3340} INFO - Setting next_dagrun for fintechexplained to 2022-12-04T00:00:00+00:00, run_after=2022-12-04T02:00:00+00:00
[2022-12-04T01:01:26.026+0000] {processor.py:176} INFO - Processing /opt/airflow/dags/fintechexplained.py took 0.105 seconds
[2022-12-04T01:01:56.302+0000] {processor.py:154} INFO - Started process (PID=1287) to work on /opt/airflow/dags/fintechexplained.py
[2022-12-04T01:01:56.306+0000] {processor.py:756} INFO - Processing file /opt/airflow/dags/fintechexplained.py for tasks to queue
[2022-12-04T01:01:56.307+0000] {logging_mixin.py:120} INFO - [2022-12-04T01:01:56.307+0000] {dagbag.py:537} INFO - Filling up the DagBag from /opt/airflow/dags/fintechexplained.py
[2022-12-04T01:01:56.338+0000] {processor.py:766} INFO - DAG(s) dict_keys(['fintechexplained']) retrieved from /opt/airflow/dags/fintechexplained.py
[2022-12-04T01:01:56.389+0000] {logging_mixin.py:120} INFO - [2022-12-04T01:01:56.388+0000] {dag.py:2585} INFO - Sync 1 DAGs
[2022-12-04T01:01:56.406+0000] {logging_mixin.py:120} INFO - [2022-12-04T01:01:56.405+0000] {dag.py:3340} INFO - Setting next_dagrun for fintechexplained to 2022-12-04T00:00:00+00:00, run_after=2022-12-04T02:00:00+00:00
[2022-12-04T01:01:56.416+0000] {processor.py:176} INFO - Processing /opt/airflow/dags/fintechexplained.py took 0.121 seconds
[2022-12-04T01:02:26.695+0000] {processor.py:154} INFO - Started process (PID=1317) to work on /opt/airflow/dags/fintechexplained.py
[2022-12-04T01:02:26.698+0000] {processor.py:756} INFO - Processing file /opt/airflow/dags/fintechexplained.py for tasks to queue
[2022-12-04T01:02:26.699+0000] {logging_mixin.py:120} INFO - [2022-12-04T01:02:26.699+0000] {dagbag.py:537} INFO - Filling up the DagBag from /opt/airflow/dags/fintechexplained.py
[2022-12-04T01:02:26.726+0000] {processor.py:766} INFO - DAG(s) dict_keys(['fintechexplained']) retrieved from /opt/airflow/dags/fintechexplained.py
[2022-12-04T01:02:26.773+0000] {logging_mixin.py:120} INFO - [2022-12-04T01:02:26.773+0000] {dag.py:2585} INFO - Sync 1 DAGs
[2022-12-04T01:02:26.792+0000] {logging_mixin.py:120} INFO - [2022-12-04T01:02:26.792+0000] {dag.py:3340} INFO - Setting next_dagrun for fintechexplained to 2022-12-04T00:00:00+00:00, run_after=2022-12-04T02:00:00+00:00
[2022-12-04T01:02:26.803+0000] {processor.py:176} INFO - Processing /opt/airflow/dags/fintechexplained.py took 0.114 seconds
[2022-12-04T01:02:57.148+0000] {processor.py:154} INFO - Started process (PID=1348) to work on /opt/airflow/dags/fintechexplained.py
[2022-12-04T01:02:57.152+0000] {processor.py:756} INFO - Processing file /opt/airflow/dags/fintechexplained.py for tasks to queue
[2022-12-04T01:02:57.154+0000] {logging_mixin.py:120} INFO - [2022-12-04T01:02:57.154+0000] {dagbag.py:537} INFO - Filling up the DagBag from /opt/airflow/dags/fintechexplained.py
[2022-12-04T01:02:57.196+0000] {processor.py:766} INFO - DAG(s) dict_keys(['fintechexplained']) retrieved from /opt/airflow/dags/fintechexplained.py
[2022-12-04T01:02:57.228+0000] {logging_mixin.py:120} INFO - [2022-12-04T01:02:57.228+0000] {dag.py:2585} INFO - Sync 1 DAGs
[2022-12-04T01:02:57.250+0000] {logging_mixin.py:120} INFO - [2022-12-04T01:02:57.250+0000] {dag.py:3340} INFO - Setting next_dagrun for fintechexplained to 2022-12-04T00:00:00+00:00, run_after=2022-12-04T02:00:00+00:00
[2022-12-04T01:02:57.262+0000] {processor.py:176} INFO - Processing /opt/airflow/dags/fintechexplained.py took 0.121 seconds
[2022-12-04T01:03:27.533+0000] {processor.py:154} INFO - Started process (PID=1378) to work on /opt/airflow/dags/fintechexplained.py
[2022-12-04T01:03:27.536+0000] {processor.py:756} INFO - Processing file /opt/airflow/dags/fintechexplained.py for tasks to queue
[2022-12-04T01:03:27.537+0000] {logging_mixin.py:120} INFO - [2022-12-04T01:03:27.537+0000] {dagbag.py:537} INFO - Filling up the DagBag from /opt/airflow/dags/fintechexplained.py
[2022-12-04T01:03:27.560+0000] {processor.py:766} INFO - DAG(s) dict_keys(['fintechexplained']) retrieved from /opt/airflow/dags/fintechexplained.py
[2022-12-04T01:03:27.607+0000] {logging_mixin.py:120} INFO - [2022-12-04T01:03:27.607+0000] {dag.py:2585} INFO - Sync 1 DAGs
[2022-12-04T01:03:27.625+0000] {logging_mixin.py:120} INFO - [2022-12-04T01:03:27.625+0000] {dag.py:3340} INFO - Setting next_dagrun for fintechexplained to 2022-12-04T00:00:00+00:00, run_after=2022-12-04T02:00:00+00:00
[2022-12-04T01:03:27.638+0000] {processor.py:176} INFO - Processing /opt/airflow/dags/fintechexplained.py took 0.109 seconds
[2022-12-04T01:03:57.963+0000] {processor.py:154} INFO - Started process (PID=1407) to work on /opt/airflow/dags/fintechexplained.py
[2022-12-04T01:03:57.966+0000] {processor.py:756} INFO - Processing file /opt/airflow/dags/fintechexplained.py for tasks to queue
[2022-12-04T01:03:57.968+0000] {logging_mixin.py:120} INFO - [2022-12-04T01:03:57.968+0000] {dagbag.py:537} INFO - Filling up the DagBag from /opt/airflow/dags/fintechexplained.py
[2022-12-04T01:03:57.997+0000] {processor.py:766} INFO - DAG(s) dict_keys(['fintechexplained']) retrieved from /opt/airflow/dags/fintechexplained.py
[2022-12-04T01:03:58.030+0000] {logging_mixin.py:120} INFO - [2022-12-04T01:03:58.029+0000] {dag.py:2585} INFO - Sync 1 DAGs
[2022-12-04T01:03:58.047+0000] {logging_mixin.py:120} INFO - [2022-12-04T01:03:58.047+0000] {dag.py:3340} INFO - Setting next_dagrun for fintechexplained to 2022-12-04T00:00:00+00:00, run_after=2022-12-04T02:00:00+00:00
[2022-12-04T01:03:58.058+0000] {processor.py:176} INFO - Processing /opt/airflow/dags/fintechexplained.py took 0.102 seconds
[2022-12-04T01:04:28.347+0000] {processor.py:154} INFO - Started process (PID=1436) to work on /opt/airflow/dags/fintechexplained.py
[2022-12-04T01:04:28.350+0000] {processor.py:756} INFO - Processing file /opt/airflow/dags/fintechexplained.py for tasks to queue
[2022-12-04T01:04:28.351+0000] {logging_mixin.py:120} INFO - [2022-12-04T01:04:28.351+0000] {dagbag.py:537} INFO - Filling up the DagBag from /opt/airflow/dags/fintechexplained.py
[2022-12-04T01:04:28.372+0000] {processor.py:766} INFO - DAG(s) dict_keys(['fintechexplained']) retrieved from /opt/airflow/dags/fintechexplained.py
[2022-12-04T01:04:28.405+0000] {logging_mixin.py:120} INFO - [2022-12-04T01:04:28.405+0000] {dag.py:2585} INFO - Sync 1 DAGs
[2022-12-04T01:04:28.428+0000] {logging_mixin.py:120} INFO - [2022-12-04T01:04:28.428+0000] {dag.py:3340} INFO - Setting next_dagrun for fintechexplained to 2022-12-04T00:00:00+00:00, run_after=2022-12-04T02:00:00+00:00
[2022-12-04T01:04:28.446+0000] {processor.py:176} INFO - Processing /opt/airflow/dags/fintechexplained.py took 0.101 seconds
[2022-12-04T01:04:58.808+0000] {processor.py:154} INFO - Started process (PID=1457) to work on /opt/airflow/dags/fintechexplained.py
[2022-12-04T01:04:58.811+0000] {processor.py:756} INFO - Processing file /opt/airflow/dags/fintechexplained.py for tasks to queue
[2022-12-04T01:04:58.812+0000] {logging_mixin.py:120} INFO - [2022-12-04T01:04:58.812+0000] {dagbag.py:537} INFO - Filling up the DagBag from /opt/airflow/dags/fintechexplained.py
[2022-12-04T01:04:58.843+0000] {processor.py:766} INFO - DAG(s) dict_keys(['fintechexplained']) retrieved from /opt/airflow/dags/fintechexplained.py
[2022-12-04T01:04:58.877+0000] {logging_mixin.py:120} INFO - [2022-12-04T01:04:58.877+0000] {dag.py:2585} INFO - Sync 1 DAGs
[2022-12-04T01:04:58.909+0000] {logging_mixin.py:120} INFO - [2022-12-04T01:04:58.909+0000] {dag.py:3340} INFO - Setting next_dagrun for fintechexplained to 2022-12-04T00:00:00+00:00, run_after=2022-12-04T02:00:00+00:00
[2022-12-04T01:04:58.919+0000] {processor.py:176} INFO - Processing /opt/airflow/dags/fintechexplained.py took 0.119 seconds
[2022-12-04T01:05:29.258+0000] {processor.py:154} INFO - Started process (PID=1487) to work on /opt/airflow/dags/fintechexplained.py
[2022-12-04T01:05:29.260+0000] {processor.py:756} INFO - Processing file /opt/airflow/dags/fintechexplained.py for tasks to queue
[2022-12-04T01:05:29.261+0000] {logging_mixin.py:120} INFO - [2022-12-04T01:05:29.261+0000] {dagbag.py:537} INFO - Filling up the DagBag from /opt/airflow/dags/fintechexplained.py
[2022-12-04T01:05:29.283+0000] {processor.py:766} INFO - DAG(s) dict_keys(['fintechexplained']) retrieved from /opt/airflow/dags/fintechexplained.py
[2022-12-04T01:05:29.357+0000] {logging_mixin.py:120} INFO - [2022-12-04T01:05:29.356+0000] {dag.py:2585} INFO - Sync 1 DAGs
[2022-12-04T01:05:29.381+0000] {logging_mixin.py:120} INFO - [2022-12-04T01:05:29.381+0000] {dag.py:3340} INFO - Setting next_dagrun for fintechexplained to 2022-12-04T00:00:00+00:00, run_after=2022-12-04T02:00:00+00:00
[2022-12-04T01:05:29.391+0000] {processor.py:176} INFO - Processing /opt/airflow/dags/fintechexplained.py took 0.139 seconds
[2022-12-04T01:05:59.649+0000] {processor.py:154} INFO - Started process (PID=1516) to work on /opt/airflow/dags/fintechexplained.py
[2022-12-04T01:05:59.651+0000] {processor.py:756} INFO - Processing file /opt/airflow/dags/fintechexplained.py for tasks to queue
[2022-12-04T01:05:59.652+0000] {logging_mixin.py:120} INFO - [2022-12-04T01:05:59.652+0000] {dagbag.py:537} INFO - Filling up the DagBag from /opt/airflow/dags/fintechexplained.py
[2022-12-04T01:05:59.677+0000] {processor.py:766} INFO - DAG(s) dict_keys(['fintechexplained']) retrieved from /opt/airflow/dags/fintechexplained.py
[2022-12-04T01:05:59.710+0000] {logging_mixin.py:120} INFO - [2022-12-04T01:05:59.710+0000] {dag.py:2585} INFO - Sync 1 DAGs
[2022-12-04T01:05:59.726+0000] {logging_mixin.py:120} INFO - [2022-12-04T01:05:59.726+0000] {dag.py:3340} INFO - Setting next_dagrun for fintechexplained to 2022-12-04T00:00:00+00:00, run_after=2022-12-04T02:00:00+00:00
[2022-12-04T01:05:59.739+0000] {processor.py:176} INFO - Processing /opt/airflow/dags/fintechexplained.py took 0.093 seconds
[2022-12-04T01:06:30.059+0000] {processor.py:154} INFO - Started process (PID=1545) to work on /opt/airflow/dags/fintechexplained.py
[2022-12-04T01:06:30.062+0000] {processor.py:756} INFO - Processing file /opt/airflow/dags/fintechexplained.py for tasks to queue
[2022-12-04T01:06:30.063+0000] {logging_mixin.py:120} INFO - [2022-12-04T01:06:30.063+0000] {dagbag.py:537} INFO - Filling up the DagBag from /opt/airflow/dags/fintechexplained.py
[2022-12-04T01:06:30.093+0000] {processor.py:766} INFO - DAG(s) dict_keys(['fintechexplained']) retrieved from /opt/airflow/dags/fintechexplained.py
[2022-12-04T01:06:30.138+0000] {logging_mixin.py:120} INFO - [2022-12-04T01:06:30.138+0000] {dag.py:2585} INFO - Sync 1 DAGs
[2022-12-04T01:06:30.156+0000] {logging_mixin.py:120} INFO - [2022-12-04T01:06:30.156+0000] {dag.py:3340} INFO - Setting next_dagrun for fintechexplained to 2022-12-04T00:00:00+00:00, run_after=2022-12-04T02:00:00+00:00
[2022-12-04T01:06:30.167+0000] {processor.py:176} INFO - Processing /opt/airflow/dags/fintechexplained.py took 0.114 seconds
[2022-12-04T01:07:00.531+0000] {processor.py:154} INFO - Started process (PID=1574) to work on /opt/airflow/dags/fintechexplained.py
[2022-12-04T01:07:00.534+0000] {processor.py:756} INFO - Processing file /opt/airflow/dags/fintechexplained.py for tasks to queue
[2022-12-04T01:07:00.536+0000] {logging_mixin.py:120} INFO - [2022-12-04T01:07:00.535+0000] {dagbag.py:537} INFO - Filling up the DagBag from /opt/airflow/dags/fintechexplained.py
[2022-12-04T01:07:00.582+0000] {processor.py:766} INFO - DAG(s) dict_keys(['fintechexplained']) retrieved from /opt/airflow/dags/fintechexplained.py
[2022-12-04T01:07:00.622+0000] {logging_mixin.py:120} INFO - [2022-12-04T01:07:00.622+0000] {dag.py:2585} INFO - Sync 1 DAGs
[2022-12-04T01:07:00.640+0000] {logging_mixin.py:120} INFO - [2022-12-04T01:07:00.640+0000] {dag.py:3340} INFO - Setting next_dagrun for fintechexplained to 2022-12-04T00:00:00+00:00, run_after=2022-12-04T02:00:00+00:00
[2022-12-04T01:07:00.650+0000] {processor.py:176} INFO - Processing /opt/airflow/dags/fintechexplained.py took 0.128 seconds
[2022-12-04T01:07:31.023+0000] {processor.py:154} INFO - Started process (PID=1603) to work on /opt/airflow/dags/fintechexplained.py
[2022-12-04T01:07:31.025+0000] {processor.py:756} INFO - Processing file /opt/airflow/dags/fintechexplained.py for tasks to queue
[2022-12-04T01:07:31.026+0000] {logging_mixin.py:120} INFO - [2022-12-04T01:07:31.026+0000] {dagbag.py:537} INFO - Filling up the DagBag from /opt/airflow/dags/fintechexplained.py
[2022-12-04T01:07:31.053+0000] {processor.py:766} INFO - DAG(s) dict_keys(['fintechexplained']) retrieved from /opt/airflow/dags/fintechexplained.py
[2022-12-04T01:07:31.112+0000] {logging_mixin.py:120} INFO - [2022-12-04T01:07:31.112+0000] {dag.py:2585} INFO - Sync 1 DAGs
[2022-12-04T01:07:31.134+0000] {logging_mixin.py:120} INFO - [2022-12-04T01:07:31.134+0000] {dag.py:3340} INFO - Setting next_dagrun for fintechexplained to 2022-12-04T00:00:00+00:00, run_after=2022-12-04T02:00:00+00:00
[2022-12-04T01:07:31.146+0000] {processor.py:176} INFO - Processing /opt/airflow/dags/fintechexplained.py took 0.127 seconds
[2022-12-04T01:08:01.515+0000] {processor.py:154} INFO - Started process (PID=1624) to work on /opt/airflow/dags/fintechexplained.py
[2022-12-04T01:08:01.518+0000] {processor.py:756} INFO - Processing file /opt/airflow/dags/fintechexplained.py for tasks to queue
[2022-12-04T01:08:01.520+0000] {logging_mixin.py:120} INFO - [2022-12-04T01:08:01.520+0000] {dagbag.py:537} INFO - Filling up the DagBag from /opt/airflow/dags/fintechexplained.py
[2022-12-04T01:08:01.549+0000] {processor.py:766} INFO - DAG(s) dict_keys(['fintechexplained']) retrieved from /opt/airflow/dags/fintechexplained.py
[2022-12-04T01:08:01.583+0000] {logging_mixin.py:120} INFO - [2022-12-04T01:08:01.583+0000] {dag.py:2585} INFO - Sync 1 DAGs
[2022-12-04T01:08:01.600+0000] {logging_mixin.py:120} INFO - [2022-12-04T01:08:01.600+0000] {dag.py:3340} INFO - Setting next_dagrun for fintechexplained to 2022-12-04T00:00:00+00:00, run_after=2022-12-04T02:00:00+00:00
[2022-12-04T01:08:01.610+0000] {processor.py:176} INFO - Processing /opt/airflow/dags/fintechexplained.py took 0.102 seconds
[2022-12-04T01:08:31.925+0000] {processor.py:154} INFO - Started process (PID=1654) to work on /opt/airflow/dags/fintechexplained.py
[2022-12-04T01:08:31.927+0000] {processor.py:756} INFO - Processing file /opt/airflow/dags/fintechexplained.py for tasks to queue
[2022-12-04T01:08:31.928+0000] {logging_mixin.py:120} INFO - [2022-12-04T01:08:31.928+0000] {dagbag.py:537} INFO - Filling up the DagBag from /opt/airflow/dags/fintechexplained.py
[2022-12-04T01:08:31.960+0000] {processor.py:766} INFO - DAG(s) dict_keys(['fintechexplained']) retrieved from /opt/airflow/dags/fintechexplained.py
[2022-12-04T01:08:31.998+0000] {logging_mixin.py:120} INFO - [2022-12-04T01:08:31.998+0000] {dag.py:2585} INFO - Sync 1 DAGs
[2022-12-04T01:08:32.017+0000] {logging_mixin.py:120} INFO - [2022-12-04T01:08:32.017+0000] {dag.py:3340} INFO - Setting next_dagrun for fintechexplained to 2022-12-04T00:00:00+00:00, run_after=2022-12-04T02:00:00+00:00
[2022-12-04T01:08:32.029+0000] {processor.py:176} INFO - Processing /opt/airflow/dags/fintechexplained.py took 0.110 seconds
[2022-12-04T01:09:02.313+0000] {processor.py:154} INFO - Started process (PID=1683) to work on /opt/airflow/dags/fintechexplained.py
[2022-12-04T01:09:02.314+0000] {processor.py:756} INFO - Processing file /opt/airflow/dags/fintechexplained.py for tasks to queue
[2022-12-04T01:09:02.315+0000] {logging_mixin.py:120} INFO - [2022-12-04T01:09:02.315+0000] {dagbag.py:537} INFO - Filling up the DagBag from /opt/airflow/dags/fintechexplained.py
[2022-12-04T01:09:02.339+0000] {processor.py:766} INFO - DAG(s) dict_keys(['fintechexplained']) retrieved from /opt/airflow/dags/fintechexplained.py
[2022-12-04T01:09:02.379+0000] {logging_mixin.py:120} INFO - [2022-12-04T01:09:02.379+0000] {dag.py:2585} INFO - Sync 1 DAGs
[2022-12-04T01:09:02.405+0000] {logging_mixin.py:120} INFO - [2022-12-04T01:09:02.405+0000] {dag.py:3340} INFO - Setting next_dagrun for fintechexplained to 2022-12-04T00:00:00+00:00, run_after=2022-12-04T02:00:00+00:00
[2022-12-04T01:09:02.424+0000] {processor.py:176} INFO - Processing /opt/airflow/dags/fintechexplained.py took 0.116 seconds
[2022-12-04T01:09:32.686+0000] {processor.py:154} INFO - Started process (PID=1713) to work on /opt/airflow/dags/fintechexplained.py
[2022-12-04T01:09:32.688+0000] {processor.py:756} INFO - Processing file /opt/airflow/dags/fintechexplained.py for tasks to queue
[2022-12-04T01:09:32.689+0000] {logging_mixin.py:120} INFO - [2022-12-04T01:09:32.689+0000] {dagbag.py:537} INFO - Filling up the DagBag from /opt/airflow/dags/fintechexplained.py
[2022-12-04T01:09:32.739+0000] {processor.py:766} INFO - DAG(s) dict_keys(['fintechexplained']) retrieved from /opt/airflow/dags/fintechexplained.py
[2022-12-04T01:09:32.775+0000] {logging_mixin.py:120} INFO - [2022-12-04T01:09:32.775+0000] {dag.py:2585} INFO - Sync 1 DAGs
[2022-12-04T01:09:32.794+0000] {logging_mixin.py:120} INFO - [2022-12-04T01:09:32.794+0000] {dag.py:3340} INFO - Setting next_dagrun for fintechexplained to 2022-12-04T00:00:00+00:00, run_after=2022-12-04T02:00:00+00:00
[2022-12-04T01:09:32.804+0000] {processor.py:176} INFO - Processing /opt/airflow/dags/fintechexplained.py took 0.123 seconds
[2022-12-04T01:10:03.087+0000] {processor.py:154} INFO - Started process (PID=1743) to work on /opt/airflow/dags/fintechexplained.py
[2022-12-04T01:10:03.091+0000] {processor.py:756} INFO - Processing file /opt/airflow/dags/fintechexplained.py for tasks to queue
[2022-12-04T01:10:03.094+0000] {logging_mixin.py:120} INFO - [2022-12-04T01:10:03.093+0000] {dagbag.py:537} INFO - Filling up the DagBag from /opt/airflow/dags/fintechexplained.py
[2022-12-04T01:10:03.130+0000] {processor.py:766} INFO - DAG(s) dict_keys(['fintechexplained']) retrieved from /opt/airflow/dags/fintechexplained.py
[2022-12-04T01:10:03.171+0000] {logging_mixin.py:120} INFO - [2022-12-04T01:10:03.171+0000] {dag.py:2585} INFO - Sync 1 DAGs
[2022-12-04T01:10:03.199+0000] {logging_mixin.py:120} INFO - [2022-12-04T01:10:03.199+0000] {dag.py:3340} INFO - Setting next_dagrun for fintechexplained to 2022-12-04T00:00:00+00:00, run_after=2022-12-04T02:00:00+00:00
[2022-12-04T01:10:03.211+0000] {processor.py:176} INFO - Processing /opt/airflow/dags/fintechexplained.py took 0.132 seconds
[2022-12-04T01:10:33.574+0000] {processor.py:154} INFO - Started process (PID=1764) to work on /opt/airflow/dags/fintechexplained.py
[2022-12-04T01:10:33.577+0000] {processor.py:756} INFO - Processing file /opt/airflow/dags/fintechexplained.py for tasks to queue
[2022-12-04T01:10:33.579+0000] {logging_mixin.py:120} INFO - [2022-12-04T01:10:33.579+0000] {dagbag.py:537} INFO - Filling up the DagBag from /opt/airflow/dags/fintechexplained.py
[2022-12-04T01:10:33.613+0000] {processor.py:766} INFO - DAG(s) dict_keys(['fintechexplained']) retrieved from /opt/airflow/dags/fintechexplained.py
[2022-12-04T01:10:33.665+0000] {logging_mixin.py:120} INFO - [2022-12-04T01:10:33.665+0000] {dag.py:2585} INFO - Sync 1 DAGs
[2022-12-04T01:10:33.685+0000] {logging_mixin.py:120} INFO - [2022-12-04T01:10:33.685+0000] {dag.py:3340} INFO - Setting next_dagrun for fintechexplained to 2022-12-04T00:00:00+00:00, run_after=2022-12-04T02:00:00+00:00
[2022-12-04T01:10:33.707+0000] {processor.py:176} INFO - Processing /opt/airflow/dags/fintechexplained.py took 0.150 seconds
[2022-12-04T01:11:04.106+0000] {processor.py:154} INFO - Started process (PID=1796) to work on /opt/airflow/dags/fintechexplained.py
[2022-12-04T01:11:04.110+0000] {processor.py:756} INFO - Processing file /opt/airflow/dags/fintechexplained.py for tasks to queue
[2022-12-04T01:11:04.111+0000] {logging_mixin.py:120} INFO - [2022-12-04T01:11:04.111+0000] {dagbag.py:537} INFO - Filling up the DagBag from /opt/airflow/dags/fintechexplained.py
[2022-12-04T01:11:04.144+0000] {processor.py:766} INFO - DAG(s) dict_keys(['fintechexplained']) retrieved from /opt/airflow/dags/fintechexplained.py
[2022-12-04T01:11:04.198+0000] {logging_mixin.py:120} INFO - [2022-12-04T01:11:04.198+0000] {dag.py:2585} INFO - Sync 1 DAGs
[2022-12-04T01:11:04.217+0000] {logging_mixin.py:120} INFO - [2022-12-04T01:11:04.217+0000] {dag.py:3340} INFO - Setting next_dagrun for fintechexplained to 2022-12-04T00:00:00+00:00, run_after=2022-12-04T02:00:00+00:00
[2022-12-04T01:11:04.229+0000] {processor.py:176} INFO - Processing /opt/airflow/dags/fintechexplained.py took 0.131 seconds
[2022-12-04T01:11:34.949+0000] {processor.py:154} INFO - Started process (PID=1831) to work on /opt/airflow/dags/fintechexplained.py
[2022-12-04T01:11:34.953+0000] {processor.py:756} INFO - Processing file /opt/airflow/dags/fintechexplained.py for tasks to queue
[2022-12-04T01:11:34.954+0000] {logging_mixin.py:120} INFO - [2022-12-04T01:11:34.954+0000] {dagbag.py:537} INFO - Filling up the DagBag from /opt/airflow/dags/fintechexplained.py
[2022-12-04T01:11:34.981+0000] {processor.py:766} INFO - DAG(s) dict_keys(['fintechexplained']) retrieved from /opt/airflow/dags/fintechexplained.py
[2022-12-04T01:11:35.036+0000] {logging_mixin.py:120} INFO - [2022-12-04T01:11:35.036+0000] {dag.py:2585} INFO - Sync 1 DAGs
[2022-12-04T01:11:35.054+0000] {logging_mixin.py:120} INFO - [2022-12-04T01:11:35.054+0000] {dag.py:3340} INFO - Setting next_dagrun for fintechexplained to 2022-12-04T00:00:00+00:00, run_after=2022-12-04T02:00:00+00:00
[2022-12-04T01:11:35.065+0000] {processor.py:176} INFO - Processing /opt/airflow/dags/fintechexplained.py took 0.124 seconds
[2022-12-04T01:12:05.321+0000] {processor.py:154} INFO - Started process (PID=1860) to work on /opt/airflow/dags/fintechexplained.py
[2022-12-04T01:12:05.325+0000] {processor.py:756} INFO - Processing file /opt/airflow/dags/fintechexplained.py for tasks to queue
[2022-12-04T01:12:05.326+0000] {logging_mixin.py:120} INFO - [2022-12-04T01:12:05.326+0000] {dagbag.py:537} INFO - Filling up the DagBag from /opt/airflow/dags/fintechexplained.py
[2022-12-04T01:12:05.354+0000] {processor.py:766} INFO - DAG(s) dict_keys(['fintechexplained']) retrieved from /opt/airflow/dags/fintechexplained.py
[2022-12-04T01:12:05.383+0000] {logging_mixin.py:120} INFO - [2022-12-04T01:12:05.383+0000] {dag.py:2585} INFO - Sync 1 DAGs
[2022-12-04T01:12:05.399+0000] {logging_mixin.py:120} INFO - [2022-12-04T01:12:05.399+0000] {dag.py:3340} INFO - Setting next_dagrun for fintechexplained to 2022-12-04T00:00:00+00:00, run_after=2022-12-04T02:00:00+00:00
[2022-12-04T01:12:05.409+0000] {processor.py:176} INFO - Processing /opt/airflow/dags/fintechexplained.py took 0.096 seconds
[2022-12-04T01:12:35.635+0000] {processor.py:154} INFO - Started process (PID=1890) to work on /opt/airflow/dags/fintechexplained.py
[2022-12-04T01:12:35.638+0000] {processor.py:756} INFO - Processing file /opt/airflow/dags/fintechexplained.py for tasks to queue
[2022-12-04T01:12:35.639+0000] {logging_mixin.py:120} INFO - [2022-12-04T01:12:35.639+0000] {dagbag.py:537} INFO - Filling up the DagBag from /opt/airflow/dags/fintechexplained.py
[2022-12-04T01:12:35.674+0000] {processor.py:766} INFO - DAG(s) dict_keys(['fintechexplained']) retrieved from /opt/airflow/dags/fintechexplained.py
[2022-12-04T01:12:35.704+0000] {logging_mixin.py:120} INFO - [2022-12-04T01:12:35.704+0000] {dag.py:2585} INFO - Sync 1 DAGs
[2022-12-04T01:12:35.721+0000] {logging_mixin.py:120} INFO - [2022-12-04T01:12:35.721+0000] {dag.py:3340} INFO - Setting next_dagrun for fintechexplained to 2022-12-04T00:00:00+00:00, run_after=2022-12-04T02:00:00+00:00
[2022-12-04T01:12:35.731+0000] {processor.py:176} INFO - Processing /opt/airflow/dags/fintechexplained.py took 0.103 seconds
[2022-12-04T01:13:05.982+0000] {processor.py:154} INFO - Started process (PID=1921) to work on /opt/airflow/dags/fintechexplained.py
[2022-12-04T01:13:05.985+0000] {processor.py:756} INFO - Processing file /opt/airflow/dags/fintechexplained.py for tasks to queue
[2022-12-04T01:13:05.986+0000] {logging_mixin.py:120} INFO - [2022-12-04T01:13:05.986+0000] {dagbag.py:537} INFO - Filling up the DagBag from /opt/airflow/dags/fintechexplained.py
[2022-12-04T01:13:06.012+0000] {processor.py:766} INFO - DAG(s) dict_keys(['fintechexplained']) retrieved from /opt/airflow/dags/fintechexplained.py
[2022-12-04T01:13:06.040+0000] {logging_mixin.py:120} INFO - [2022-12-04T01:13:06.040+0000] {dag.py:2585} INFO - Sync 1 DAGs
[2022-12-04T01:13:06.055+0000] {logging_mixin.py:120} INFO - [2022-12-04T01:13:06.054+0000] {dag.py:3340} INFO - Setting next_dagrun for fintechexplained to 2022-12-04T00:00:00+00:00, run_after=2022-12-04T02:00:00+00:00
[2022-12-04T01:13:06.063+0000] {processor.py:176} INFO - Processing /opt/airflow/dags/fintechexplained.py took 0.086 seconds
[2022-12-04T01:13:36.226+0000] {processor.py:154} INFO - Started process (PID=1949) to work on /opt/airflow/dags/fintechexplained.py
[2022-12-04T01:13:36.227+0000] {processor.py:756} INFO - Processing file /opt/airflow/dags/fintechexplained.py for tasks to queue
[2022-12-04T01:13:36.228+0000] {logging_mixin.py:120} INFO - [2022-12-04T01:13:36.228+0000] {dagbag.py:537} INFO - Filling up the DagBag from /opt/airflow/dags/fintechexplained.py
[2022-12-04T01:13:36.265+0000] {processor.py:766} INFO - DAG(s) dict_keys(['fintechexplained']) retrieved from /opt/airflow/dags/fintechexplained.py
[2022-12-04T01:13:36.318+0000] {logging_mixin.py:120} INFO - [2022-12-04T01:13:36.318+0000] {dag.py:2585} INFO - Sync 1 DAGs
[2022-12-04T01:13:36.342+0000] {logging_mixin.py:120} INFO - [2022-12-04T01:13:36.342+0000] {dag.py:3340} INFO - Setting next_dagrun for fintechexplained to 2022-12-04T00:00:00+00:00, run_after=2022-12-04T02:00:00+00:00
[2022-12-04T01:13:36.362+0000] {processor.py:176} INFO - Processing /opt/airflow/dags/fintechexplained.py took 0.139 seconds
[2022-12-04T01:14:06.685+0000] {processor.py:154} INFO - Started process (PID=1968) to work on /opt/airflow/dags/fintechexplained.py
[2022-12-04T01:14:06.688+0000] {processor.py:756} INFO - Processing file /opt/airflow/dags/fintechexplained.py for tasks to queue
[2022-12-04T01:14:06.689+0000] {logging_mixin.py:120} INFO - [2022-12-04T01:14:06.689+0000] {dagbag.py:537} INFO - Filling up the DagBag from /opt/airflow/dags/fintechexplained.py
[2022-12-04T01:14:06.719+0000] {processor.py:766} INFO - DAG(s) dict_keys(['fintechexplained']) retrieved from /opt/airflow/dags/fintechexplained.py
[2022-12-04T01:14:06.751+0000] {logging_mixin.py:120} INFO - [2022-12-04T01:14:06.751+0000] {dag.py:2585} INFO - Sync 1 DAGs
[2022-12-04T01:14:06.771+0000] {logging_mixin.py:120} INFO - [2022-12-04T01:14:06.771+0000] {dag.py:3340} INFO - Setting next_dagrun for fintechexplained to 2022-12-04T00:00:00+00:00, run_after=2022-12-04T02:00:00+00:00
[2022-12-04T01:14:06.784+0000] {processor.py:176} INFO - Processing /opt/airflow/dags/fintechexplained.py took 0.106 seconds
[2022-12-04T01:14:37.197+0000] {processor.py:154} INFO - Started process (PID=1998) to work on /opt/airflow/dags/fintechexplained.py
[2022-12-04T01:14:37.200+0000] {processor.py:756} INFO - Processing file /opt/airflow/dags/fintechexplained.py for tasks to queue
[2022-12-04T01:14:37.202+0000] {logging_mixin.py:120} INFO - [2022-12-04T01:14:37.202+0000] {dagbag.py:537} INFO - Filling up the DagBag from /opt/airflow/dags/fintechexplained.py
[2022-12-04T01:14:37.254+0000] {processor.py:766} INFO - DAG(s) dict_keys(['fintechexplained']) retrieved from /opt/airflow/dags/fintechexplained.py
[2022-12-04T01:14:37.297+0000] {logging_mixin.py:120} INFO - [2022-12-04T01:14:37.297+0000] {dag.py:2585} INFO - Sync 1 DAGs
[2022-12-04T01:14:37.316+0000] {logging_mixin.py:120} INFO - [2022-12-04T01:14:37.316+0000] {dag.py:3340} INFO - Setting next_dagrun for fintechexplained to 2022-12-04T00:00:00+00:00, run_after=2022-12-04T02:00:00+00:00
[2022-12-04T01:14:37.327+0000] {processor.py:176} INFO - Processing /opt/airflow/dags/fintechexplained.py took 0.136 seconds
[2022-12-04T01:15:07.591+0000] {processor.py:154} INFO - Started process (PID=2027) to work on /opt/airflow/dags/fintechexplained.py
[2022-12-04T01:15:07.594+0000] {processor.py:756} INFO - Processing file /opt/airflow/dags/fintechexplained.py for tasks to queue
[2022-12-04T01:15:07.595+0000] {logging_mixin.py:120} INFO - [2022-12-04T01:15:07.594+0000] {dagbag.py:537} INFO - Filling up the DagBag from /opt/airflow/dags/fintechexplained.py
[2022-12-04T01:15:07.634+0000] {processor.py:766} INFO - DAG(s) dict_keys(['fintechexplained']) retrieved from /opt/airflow/dags/fintechexplained.py
[2022-12-04T01:15:07.668+0000] {logging_mixin.py:120} INFO - [2022-12-04T01:15:07.668+0000] {dag.py:2585} INFO - Sync 1 DAGs
[2022-12-04T01:15:07.684+0000] {logging_mixin.py:120} INFO - [2022-12-04T01:15:07.684+0000] {dag.py:3340} INFO - Setting next_dagrun for fintechexplained to 2022-12-04T00:00:00+00:00, run_after=2022-12-04T02:00:00+00:00
[2022-12-04T01:15:07.694+0000] {processor.py:176} INFO - Processing /opt/airflow/dags/fintechexplained.py took 0.106 seconds
[2022-12-04T01:15:37.757+0000] {processor.py:154} INFO - Started process (PID=2059) to work on /opt/airflow/dags/fintechexplained.py
[2022-12-04T01:15:37.760+0000] {processor.py:756} INFO - Processing file /opt/airflow/dags/fintechexplained.py for tasks to queue
[2022-12-04T01:15:37.762+0000] {logging_mixin.py:120} INFO - [2022-12-04T01:15:37.762+0000] {dagbag.py:537} INFO - Filling up the DagBag from /opt/airflow/dags/fintechexplained.py
[2022-12-04T01:15:37.811+0000] {processor.py:766} INFO - DAG(s) dict_keys(['fintechexplained']) retrieved from /opt/airflow/dags/fintechexplained.py
[2022-12-04T01:15:37.869+0000] {logging_mixin.py:120} INFO - [2022-12-04T01:15:37.869+0000] {dag.py:2585} INFO - Sync 1 DAGs
[2022-12-04T01:15:37.888+0000] {logging_mixin.py:120} INFO - [2022-12-04T01:15:37.888+0000] {dag.py:3340} INFO - Setting next_dagrun for fintechexplained to 2022-12-04T00:00:00+00:00, run_after=2022-12-04T02:00:00+00:00
[2022-12-04T01:15:37.900+0000] {processor.py:176} INFO - Processing /opt/airflow/dags/fintechexplained.py took 0.150 seconds
[2022-12-04T01:16:08.206+0000] {processor.py:154} INFO - Started process (PID=2089) to work on /opt/airflow/dags/fintechexplained.py
[2022-12-04T01:16:08.207+0000] {processor.py:756} INFO - Processing file /opt/airflow/dags/fintechexplained.py for tasks to queue
[2022-12-04T01:16:08.208+0000] {logging_mixin.py:120} INFO - [2022-12-04T01:16:08.208+0000] {dagbag.py:537} INFO - Filling up the DagBag from /opt/airflow/dags/fintechexplained.py
[2022-12-04T01:16:08.231+0000] {processor.py:766} INFO - DAG(s) dict_keys(['fintechexplained']) retrieved from /opt/airflow/dags/fintechexplained.py
[2022-12-04T01:16:08.278+0000] {logging_mixin.py:120} INFO - [2022-12-04T01:16:08.278+0000] {dag.py:2585} INFO - Sync 1 DAGs
[2022-12-04T01:16:08.296+0000] {logging_mixin.py:120} INFO - [2022-12-04T01:16:08.296+0000] {dag.py:3340} INFO - Setting next_dagrun for fintechexplained to 2022-12-04T00:00:00+00:00, run_after=2022-12-04T02:00:00+00:00
[2022-12-04T01:16:08.306+0000] {processor.py:176} INFO - Processing /opt/airflow/dags/fintechexplained.py took 0.103 seconds
[2022-12-04T01:16:38.574+0000] {processor.py:154} INFO - Started process (PID=2110) to work on /opt/airflow/dags/fintechexplained.py
[2022-12-04T01:16:38.576+0000] {processor.py:756} INFO - Processing file /opt/airflow/dags/fintechexplained.py for tasks to queue
[2022-12-04T01:16:38.577+0000] {logging_mixin.py:120} INFO - [2022-12-04T01:16:38.577+0000] {dagbag.py:537} INFO - Filling up the DagBag from /opt/airflow/dags/fintechexplained.py
[2022-12-04T01:16:38.598+0000] {processor.py:766} INFO - DAG(s) dict_keys(['fintechexplained']) retrieved from /opt/airflow/dags/fintechexplained.py
[2022-12-04T01:16:38.625+0000] {logging_mixin.py:120} INFO - [2022-12-04T01:16:38.624+0000] {dag.py:2585} INFO - Sync 1 DAGs
[2022-12-04T01:16:38.640+0000] {logging_mixin.py:120} INFO - [2022-12-04T01:16:38.640+0000] {dag.py:3340} INFO - Setting next_dagrun for fintechexplained to 2022-12-04T00:00:00+00:00, run_after=2022-12-04T02:00:00+00:00
[2022-12-04T01:16:38.649+0000] {processor.py:176} INFO - Processing /opt/airflow/dags/fintechexplained.py took 0.079 seconds
[2022-12-04T01:17:08.926+0000] {processor.py:154} INFO - Started process (PID=2138) to work on /opt/airflow/dags/fintechexplained.py
[2022-12-04T01:17:08.928+0000] {processor.py:756} INFO - Processing file /opt/airflow/dags/fintechexplained.py for tasks to queue
[2022-12-04T01:17:08.929+0000] {logging_mixin.py:120} INFO - [2022-12-04T01:17:08.929+0000] {dagbag.py:537} INFO - Filling up the DagBag from /opt/airflow/dags/fintechexplained.py
[2022-12-04T01:17:08.959+0000] {processor.py:766} INFO - DAG(s) dict_keys(['fintechexplained']) retrieved from /opt/airflow/dags/fintechexplained.py
[2022-12-04T01:17:08.996+0000] {logging_mixin.py:120} INFO - [2022-12-04T01:17:08.996+0000] {dag.py:2585} INFO - Sync 1 DAGs
[2022-12-04T01:17:09.014+0000] {logging_mixin.py:120} INFO - [2022-12-04T01:17:09.014+0000] {dag.py:3340} INFO - Setting next_dagrun for fintechexplained to 2022-12-04T00:00:00+00:00, run_after=2022-12-04T02:00:00+00:00
[2022-12-04T01:17:09.032+0000] {processor.py:176} INFO - Processing /opt/airflow/dags/fintechexplained.py took 0.117 seconds
[2022-12-04T01:17:39.351+0000] {processor.py:154} INFO - Started process (PID=2168) to work on /opt/airflow/dags/fintechexplained.py
[2022-12-04T01:17:39.365+0000] {processor.py:756} INFO - Processing file /opt/airflow/dags/fintechexplained.py for tasks to queue
[2022-12-04T01:17:39.374+0000] {logging_mixin.py:120} INFO - [2022-12-04T01:17:39.374+0000] {dagbag.py:537} INFO - Filling up the DagBag from /opt/airflow/dags/fintechexplained.py
[2022-12-04T01:17:39.414+0000] {processor.py:766} INFO - DAG(s) dict_keys(['fintechexplained']) retrieved from /opt/airflow/dags/fintechexplained.py
[2022-12-04T01:17:39.458+0000] {logging_mixin.py:120} INFO - [2022-12-04T01:17:39.458+0000] {dag.py:2585} INFO - Sync 1 DAGs
[2022-12-04T01:17:39.489+0000] {logging_mixin.py:120} INFO - [2022-12-04T01:17:39.489+0000] {dag.py:3340} INFO - Setting next_dagrun for fintechexplained to 2022-12-04T00:00:00+00:00, run_after=2022-12-04T02:00:00+00:00
[2022-12-04T01:17:39.501+0000] {processor.py:176} INFO - Processing /opt/airflow/dags/fintechexplained.py took 0.159 seconds
[2022-12-04T01:18:09.851+0000] {processor.py:154} INFO - Started process (PID=2197) to work on /opt/airflow/dags/fintechexplained.py
[2022-12-04T01:18:09.856+0000] {processor.py:756} INFO - Processing file /opt/airflow/dags/fintechexplained.py for tasks to queue
[2022-12-04T01:18:09.859+0000] {logging_mixin.py:120} INFO - [2022-12-04T01:18:09.858+0000] {dagbag.py:537} INFO - Filling up the DagBag from /opt/airflow/dags/fintechexplained.py
[2022-12-04T01:18:09.902+0000] {processor.py:766} INFO - DAG(s) dict_keys(['fintechexplained']) retrieved from /opt/airflow/dags/fintechexplained.py
[2022-12-04T01:18:09.962+0000] {logging_mixin.py:120} INFO - [2022-12-04T01:18:09.962+0000] {dag.py:2585} INFO - Sync 1 DAGs
[2022-12-04T01:18:09.984+0000] {logging_mixin.py:120} INFO - [2022-12-04T01:18:09.984+0000] {dag.py:3340} INFO - Setting next_dagrun for fintechexplained to 2022-12-04T00:00:00+00:00, run_after=2022-12-04T02:00:00+00:00
[2022-12-04T01:18:09.997+0000] {processor.py:176} INFO - Processing /opt/airflow/dags/fintechexplained.py took 0.158 seconds
[2022-12-04T01:18:40.265+0000] {processor.py:154} INFO - Started process (PID=2228) to work on /opt/airflow/dags/fintechexplained.py
[2022-12-04T01:18:40.268+0000] {processor.py:756} INFO - Processing file /opt/airflow/dags/fintechexplained.py for tasks to queue
[2022-12-04T01:18:40.269+0000] {logging_mixin.py:120} INFO - [2022-12-04T01:18:40.269+0000] {dagbag.py:537} INFO - Filling up the DagBag from /opt/airflow/dags/fintechexplained.py
[2022-12-04T01:18:40.295+0000] {processor.py:766} INFO - DAG(s) dict_keys(['fintechexplained']) retrieved from /opt/airflow/dags/fintechexplained.py
[2022-12-04T01:18:40.327+0000] {logging_mixin.py:120} INFO - [2022-12-04T01:18:40.327+0000] {dag.py:2585} INFO - Sync 1 DAGs
[2022-12-04T01:18:40.344+0000] {logging_mixin.py:120} INFO - [2022-12-04T01:18:40.344+0000] {dag.py:3340} INFO - Setting next_dagrun for fintechexplained to 2022-12-04T00:00:00+00:00, run_after=2022-12-04T02:00:00+00:00
[2022-12-04T01:18:40.354+0000] {processor.py:176} INFO - Processing /opt/airflow/dags/fintechexplained.py took 0.097 seconds
[2022-12-04T01:19:10.574+0000] {processor.py:154} INFO - Started process (PID=2259) to work on /opt/airflow/dags/fintechexplained.py
[2022-12-04T01:19:10.575+0000] {processor.py:756} INFO - Processing file /opt/airflow/dags/fintechexplained.py for tasks to queue
[2022-12-04T01:19:10.575+0000] {logging_mixin.py:120} INFO - [2022-12-04T01:19:10.575+0000] {dagbag.py:537} INFO - Filling up the DagBag from /opt/airflow/dags/fintechexplained.py
[2022-12-04T01:19:10.596+0000] {processor.py:766} INFO - DAG(s) dict_keys(['fintechexplained']) retrieved from /opt/airflow/dags/fintechexplained.py
[2022-12-04T01:19:10.624+0000] {logging_mixin.py:120} INFO - [2022-12-04T01:19:10.624+0000] {dag.py:2585} INFO - Sync 1 DAGs
[2022-12-04T01:19:10.640+0000] {logging_mixin.py:120} INFO - [2022-12-04T01:19:10.640+0000] {dag.py:3340} INFO - Setting next_dagrun for fintechexplained to 2022-12-04T00:00:00+00:00, run_after=2022-12-04T02:00:00+00:00
[2022-12-04T01:19:10.649+0000] {processor.py:176} INFO - Processing /opt/airflow/dags/fintechexplained.py took 0.079 seconds
[2022-12-04T01:19:40.882+0000] {processor.py:154} INFO - Started process (PID=2280) to work on /opt/airflow/dags/fintechexplained.py
[2022-12-04T01:19:40.883+0000] {processor.py:756} INFO - Processing file /opt/airflow/dags/fintechexplained.py for tasks to queue
[2022-12-04T01:19:40.884+0000] {logging_mixin.py:120} INFO - [2022-12-04T01:19:40.884+0000] {dagbag.py:537} INFO - Filling up the DagBag from /opt/airflow/dags/fintechexplained.py
[2022-12-04T01:19:40.904+0000] {processor.py:766} INFO - DAG(s) dict_keys(['fintechexplained']) retrieved from /opt/airflow/dags/fintechexplained.py
[2022-12-04T01:19:40.930+0000] {logging_mixin.py:120} INFO - [2022-12-04T01:19:40.930+0000] {dag.py:2585} INFO - Sync 1 DAGs
[2022-12-04T01:19:40.945+0000] {logging_mixin.py:120} INFO - [2022-12-04T01:19:40.945+0000] {dag.py:3340} INFO - Setting next_dagrun for fintechexplained to 2022-12-04T00:00:00+00:00, run_after=2022-12-04T02:00:00+00:00
[2022-12-04T01:19:40.954+0000] {processor.py:176} INFO - Processing /opt/airflow/dags/fintechexplained.py took 0.075 seconds
[2022-12-04T01:20:11.244+0000] {processor.py:154} INFO - Started process (PID=2312) to work on /opt/airflow/dags/fintechexplained.py
[2022-12-04T01:20:11.247+0000] {processor.py:756} INFO - Processing file /opt/airflow/dags/fintechexplained.py for tasks to queue
[2022-12-04T01:20:11.247+0000] {logging_mixin.py:120} INFO - [2022-12-04T01:20:11.247+0000] {dagbag.py:537} INFO - Filling up the DagBag from /opt/airflow/dags/fintechexplained.py
[2022-12-04T01:20:11.294+0000] {processor.py:766} INFO - DAG(s) dict_keys(['fintechexplained']) retrieved from /opt/airflow/dags/fintechexplained.py
[2022-12-04T01:20:11.342+0000] {logging_mixin.py:120} INFO - [2022-12-04T01:20:11.342+0000] {dag.py:2585} INFO - Sync 1 DAGs
[2022-12-04T01:20:11.369+0000] {logging_mixin.py:120} INFO - [2022-12-04T01:20:11.369+0000] {dag.py:3340} INFO - Setting next_dagrun for fintechexplained to 2022-12-04T00:00:00+00:00, run_after=2022-12-04T02:00:00+00:00
[2022-12-04T01:20:11.380+0000] {processor.py:176} INFO - Processing /opt/airflow/dags/fintechexplained.py took 0.141 seconds
[2022-12-04T01:20:41.626+0000] {processor.py:154} INFO - Started process (PID=2341) to work on /opt/airflow/dags/fintechexplained.py
[2022-12-04T01:20:41.633+0000] {processor.py:756} INFO - Processing file /opt/airflow/dags/fintechexplained.py for tasks to queue
[2022-12-04T01:20:41.637+0000] {logging_mixin.py:120} INFO - [2022-12-04T01:20:41.637+0000] {dagbag.py:537} INFO - Filling up the DagBag from /opt/airflow/dags/fintechexplained.py
[2022-12-04T01:20:41.687+0000] {processor.py:766} INFO - DAG(s) dict_keys(['fintechexplained']) retrieved from /opt/airflow/dags/fintechexplained.py
[2022-12-04T01:20:41.751+0000] {logging_mixin.py:120} INFO - [2022-12-04T01:20:41.751+0000] {dag.py:2585} INFO - Sync 1 DAGs
[2022-12-04T01:20:41.771+0000] {logging_mixin.py:120} INFO - [2022-12-04T01:20:41.771+0000] {dag.py:3340} INFO - Setting next_dagrun for fintechexplained to 2022-12-04T00:00:00+00:00, run_after=2022-12-04T02:00:00+00:00
[2022-12-04T01:20:41.782+0000] {processor.py:176} INFO - Processing /opt/airflow/dags/fintechexplained.py took 0.164 seconds
[2022-12-04T01:21:12.048+0000] {processor.py:154} INFO - Started process (PID=2371) to work on /opt/airflow/dags/fintechexplained.py
[2022-12-04T01:21:12.050+0000] {processor.py:756} INFO - Processing file /opt/airflow/dags/fintechexplained.py for tasks to queue
[2022-12-04T01:21:12.052+0000] {logging_mixin.py:120} INFO - [2022-12-04T01:21:12.051+0000] {dagbag.py:537} INFO - Filling up the DagBag from /opt/airflow/dags/fintechexplained.py
[2022-12-04T01:21:12.082+0000] {processor.py:766} INFO - DAG(s) dict_keys(['fintechexplained']) retrieved from /opt/airflow/dags/fintechexplained.py
[2022-12-04T01:21:12.115+0000] {logging_mixin.py:120} INFO - [2022-12-04T01:21:12.115+0000] {dag.py:2585} INFO - Sync 1 DAGs
[2022-12-04T01:21:12.132+0000] {logging_mixin.py:120} INFO - [2022-12-04T01:21:12.132+0000] {dag.py:3340} INFO - Setting next_dagrun for fintechexplained to 2022-12-04T00:00:00+00:00, run_after=2022-12-04T02:00:00+00:00
[2022-12-04T01:21:12.142+0000] {processor.py:176} INFO - Processing /opt/airflow/dags/fintechexplained.py took 0.100 seconds
[2022-12-04T01:21:42.425+0000] {processor.py:154} INFO - Started process (PID=2401) to work on /opt/airflow/dags/fintechexplained.py
[2022-12-04T01:21:42.427+0000] {processor.py:756} INFO - Processing file /opt/airflow/dags/fintechexplained.py for tasks to queue
[2022-12-04T01:21:42.428+0000] {logging_mixin.py:120} INFO - [2022-12-04T01:21:42.428+0000] {dagbag.py:537} INFO - Filling up the DagBag from /opt/airflow/dags/fintechexplained.py
[2022-12-04T01:21:42.458+0000] {processor.py:766} INFO - DAG(s) dict_keys(['fintechexplained']) retrieved from /opt/airflow/dags/fintechexplained.py
[2022-12-04T01:21:42.490+0000] {logging_mixin.py:120} INFO - [2022-12-04T01:21:42.490+0000] {dag.py:2585} INFO - Sync 1 DAGs
[2022-12-04T01:21:42.510+0000] {logging_mixin.py:120} INFO - [2022-12-04T01:21:42.509+0000] {dag.py:3340} INFO - Setting next_dagrun for fintechexplained to 2022-12-04T00:00:00+00:00, run_after=2022-12-04T02:00:00+00:00
[2022-12-04T01:21:42.520+0000] {processor.py:176} INFO - Processing /opt/airflow/dags/fintechexplained.py took 0.100 seconds
[2022-12-04T01:22:12.762+0000] {processor.py:154} INFO - Started process (PID=2430) to work on /opt/airflow/dags/fintechexplained.py
[2022-12-04T01:22:12.765+0000] {processor.py:756} INFO - Processing file /opt/airflow/dags/fintechexplained.py for tasks to queue
[2022-12-04T01:22:12.768+0000] {logging_mixin.py:120} INFO - [2022-12-04T01:22:12.767+0000] {dagbag.py:537} INFO - Filling up the DagBag from /opt/airflow/dags/fintechexplained.py
[2022-12-04T01:22:12.835+0000] {processor.py:766} INFO - DAG(s) dict_keys(['fintechexplained']) retrieved from /opt/airflow/dags/fintechexplained.py
[2022-12-04T01:22:12.890+0000] {logging_mixin.py:120} INFO - [2022-12-04T01:22:12.890+0000] {dag.py:2585} INFO - Sync 1 DAGs
[2022-12-04T01:22:12.913+0000] {logging_mixin.py:120} INFO - [2022-12-04T01:22:12.913+0000] {dag.py:3340} INFO - Setting next_dagrun for fintechexplained to 2022-12-04T00:00:00+00:00, run_after=2022-12-04T02:00:00+00:00
[2022-12-04T01:22:12.930+0000] {processor.py:176} INFO - Processing /opt/airflow/dags/fintechexplained.py took 0.178 seconds
[2022-12-04T01:22:43.301+0000] {processor.py:154} INFO - Started process (PID=2451) to work on /opt/airflow/dags/fintechexplained.py
[2022-12-04T01:22:43.304+0000] {processor.py:756} INFO - Processing file /opt/airflow/dags/fintechexplained.py for tasks to queue
[2022-12-04T01:22:43.306+0000] {logging_mixin.py:120} INFO - [2022-12-04T01:22:43.306+0000] {dagbag.py:537} INFO - Filling up the DagBag from /opt/airflow/dags/fintechexplained.py
[2022-12-04T01:22:43.330+0000] {processor.py:766} INFO - DAG(s) dict_keys(['fintechexplained']) retrieved from /opt/airflow/dags/fintechexplained.py
[2022-12-04T01:22:43.363+0000] {logging_mixin.py:120} INFO - [2022-12-04T01:22:43.363+0000] {dag.py:2585} INFO - Sync 1 DAGs
[2022-12-04T01:22:43.379+0000] {logging_mixin.py:120} INFO - [2022-12-04T01:22:43.379+0000] {dag.py:3340} INFO - Setting next_dagrun for fintechexplained to 2022-12-04T00:00:00+00:00, run_after=2022-12-04T02:00:00+00:00
[2022-12-04T01:22:43.388+0000] {processor.py:176} INFO - Processing /opt/airflow/dags/fintechexplained.py took 0.094 seconds
[2022-12-04T01:23:13.663+0000] {processor.py:154} INFO - Started process (PID=2482) to work on /opt/airflow/dags/fintechexplained.py
[2022-12-04T01:23:13.665+0000] {processor.py:756} INFO - Processing file /opt/airflow/dags/fintechexplained.py for tasks to queue
[2022-12-04T01:23:13.667+0000] {logging_mixin.py:120} INFO - [2022-12-04T01:23:13.666+0000] {dagbag.py:537} INFO - Filling up the DagBag from /opt/airflow/dags/fintechexplained.py
[2022-12-04T01:23:13.693+0000] {processor.py:766} INFO - DAG(s) dict_keys(['fintechexplained']) retrieved from /opt/airflow/dags/fintechexplained.py
[2022-12-04T01:23:13.722+0000] {logging_mixin.py:120} INFO - [2022-12-04T01:23:13.722+0000] {dag.py:2585} INFO - Sync 1 DAGs
[2022-12-04T01:23:13.738+0000] {logging_mixin.py:120} INFO - [2022-12-04T01:23:13.738+0000] {dag.py:3340} INFO - Setting next_dagrun for fintechexplained to 2022-12-04T00:00:00+00:00, run_after=2022-12-04T02:00:00+00:00
[2022-12-04T01:23:13.747+0000] {processor.py:176} INFO - Processing /opt/airflow/dags/fintechexplained.py took 0.090 seconds
[2022-12-04T01:23:44.145+0000] {processor.py:154} INFO - Started process (PID=2512) to work on /opt/airflow/dags/fintechexplained.py
[2022-12-04T01:23:44.147+0000] {processor.py:756} INFO - Processing file /opt/airflow/dags/fintechexplained.py for tasks to queue
[2022-12-04T01:23:44.148+0000] {logging_mixin.py:120} INFO - [2022-12-04T01:23:44.148+0000] {dagbag.py:537} INFO - Filling up the DagBag from /opt/airflow/dags/fintechexplained.py
[2022-12-04T01:23:44.195+0000] {processor.py:766} INFO - DAG(s) dict_keys(['fintechexplained']) retrieved from /opt/airflow/dags/fintechexplained.py
[2022-12-04T01:23:44.237+0000] {logging_mixin.py:120} INFO - [2022-12-04T01:23:44.236+0000] {dag.py:2585} INFO - Sync 1 DAGs
[2022-12-04T01:23:44.263+0000] {logging_mixin.py:120} INFO - [2022-12-04T01:23:44.263+0000] {dag.py:3340} INFO - Setting next_dagrun for fintechexplained to 2022-12-04T00:00:00+00:00, run_after=2022-12-04T02:00:00+00:00
[2022-12-04T01:23:44.276+0000] {processor.py:176} INFO - Processing /opt/airflow/dags/fintechexplained.py took 0.136 seconds
[2022-12-04T01:24:14.746+0000] {processor.py:154} INFO - Started process (PID=2542) to work on /opt/airflow/dags/fintechexplained.py
[2022-12-04T01:24:14.748+0000] {processor.py:756} INFO - Processing file /opt/airflow/dags/fintechexplained.py for tasks to queue
[2022-12-04T01:24:14.750+0000] {logging_mixin.py:120} INFO - [2022-12-04T01:24:14.749+0000] {dagbag.py:537} INFO - Filling up the DagBag from /opt/airflow/dags/fintechexplained.py
[2022-12-04T01:24:14.784+0000] {processor.py:766} INFO - DAG(s) dict_keys(['fintechexplained']) retrieved from /opt/airflow/dags/fintechexplained.py
[2022-12-04T01:24:14.830+0000] {logging_mixin.py:120} INFO - [2022-12-04T01:24:14.830+0000] {dag.py:2585} INFO - Sync 1 DAGs
[2022-12-04T01:24:14.851+0000] {logging_mixin.py:120} INFO - [2022-12-04T01:24:14.851+0000] {dag.py:3340} INFO - Setting next_dagrun for fintechexplained to 2022-12-04T00:00:00+00:00, run_after=2022-12-04T02:00:00+00:00
[2022-12-04T01:24:14.862+0000] {processor.py:176} INFO - Processing /opt/airflow/dags/fintechexplained.py took 0.122 seconds
[2022-12-04T01:24:45.240+0000] {processor.py:154} INFO - Started process (PID=2572) to work on /opt/airflow/dags/fintechexplained.py
[2022-12-04T01:24:45.241+0000] {processor.py:756} INFO - Processing file /opt/airflow/dags/fintechexplained.py for tasks to queue
[2022-12-04T01:24:45.242+0000] {logging_mixin.py:120} INFO - [2022-12-04T01:24:45.242+0000] {dagbag.py:537} INFO - Filling up the DagBag from /opt/airflow/dags/fintechexplained.py
[2022-12-04T01:24:45.264+0000] {processor.py:766} INFO - DAG(s) dict_keys(['fintechexplained']) retrieved from /opt/airflow/dags/fintechexplained.py
[2022-12-04T01:24:45.295+0000] {logging_mixin.py:120} INFO - [2022-12-04T01:24:45.294+0000] {dag.py:2585} INFO - Sync 1 DAGs
[2022-12-04T01:24:45.322+0000] {logging_mixin.py:120} INFO - [2022-12-04T01:24:45.322+0000] {dag.py:3340} INFO - Setting next_dagrun for fintechexplained to 2022-12-04T00:00:00+00:00, run_after=2022-12-04T02:00:00+00:00
[2022-12-04T01:24:45.333+0000] {processor.py:176} INFO - Processing /opt/airflow/dags/fintechexplained.py took 0.095 seconds
[2022-12-04T01:25:15.597+0000] {processor.py:154} INFO - Started process (PID=2592) to work on /opt/airflow/dags/fintechexplained.py
[2022-12-04T01:25:15.600+0000] {processor.py:756} INFO - Processing file /opt/airflow/dags/fintechexplained.py for tasks to queue
[2022-12-04T01:25:15.601+0000] {logging_mixin.py:120} INFO - [2022-12-04T01:25:15.601+0000] {dagbag.py:537} INFO - Filling up the DagBag from /opt/airflow/dags/fintechexplained.py
[2022-12-04T01:25:15.637+0000] {processor.py:766} INFO - DAG(s) dict_keys(['fintechexplained']) retrieved from /opt/airflow/dags/fintechexplained.py
[2022-12-04T01:25:15.693+0000] {logging_mixin.py:120} INFO - [2022-12-04T01:25:15.693+0000] {dag.py:2585} INFO - Sync 1 DAGs
[2022-12-04T01:25:15.711+0000] {logging_mixin.py:120} INFO - [2022-12-04T01:25:15.711+0000] {dag.py:3340} INFO - Setting next_dagrun for fintechexplained to 2022-12-04T00:00:00+00:00, run_after=2022-12-04T02:00:00+00:00
[2022-12-04T01:25:15.723+0000] {processor.py:176} INFO - Processing /opt/airflow/dags/fintechexplained.py took 0.133 seconds
